

================================================================
== Vitis HLS Report for 'crazyFunction'
================================================================
* Date:           Tue Nov 29 16:24:45 2022

* Version:        2022.2 (Build 3670227 on Oct 13 2022)
* Project:        lab_06_hls
* Solution:       solution1 (Vivado IP Flow Target)
* Product family: zynq
* Target device:  xc7z020-clg400-1


================================================================
== Performance Estimates
================================================================
+ Timing: 
    * Summary: 
    +--------+----------+----------+------------+
    |  Clock |  Target  | Estimated| Uncertainty|
    +--------+----------+----------+------------+
    |ap_clk  |  10.00 ns|  7.256 ns|     2.70 ns|
    +--------+----------+----------+------------+

+ Latency: 
    * Summary: 
    +---------+---------+----------+----------+-----+-----+---------+
    |  Latency (cycles) |  Latency (absolute) |  Interval | Pipeline|
    |   min   |   max   |    min   |    max   | min | max |   Type  |
    +---------+---------+----------+----------+-----+-----+---------+
    |      158|      158|  1.580 us|  1.580 us|  159|  159|       no|
    +---------+---------+----------+----------+-----+-----+---------+

    + Detail: 
        * Instance: 
        N/A

        * Loop: 
        +------------------+---------+---------+----------+-----------+-----------+------+----------+
        |                  |  Latency (cycles) | Iteration|  Initiation Interval  | Trip |          |
        |     Loop Name    |   min   |   max   |  Latency |  achieved |   target  | Count| Pipelined|
        +------------------+---------+---------+----------+-----------+-----------+------+----------+
        |- VITIS_LOOP_8_1  |      130|      130|        32|          1|          1|   100|       yes|
        +------------------+---------+---------+----------+-----------+-----------+------+----------+

============================================================
+ Verbose Summary: Synthesis Manager
============================================================
InlineROM: 1
ExposeGlobal: 0
============================================================
+ Verbose Summary: CDFG Model
============================================================
IsTopModel: 1
ResetActiveHigh: 1
IsCombinational: 0
IsDatapathOnly: 0
HasWiredReturn: 1
HasMFsm: 2
HasVarLatency: 1
IsPipeline: 0
IsRtlPipelined: 0
IsInstanceOverlapped: 0
IsDontTouch: 0
HasImplIP: 0
IsGatedGlobalClock: 0

+ Individual pipeline summary: 
  * Pipeline-0: initiation interval (II) = 1, depth = 32


============================================================
+ Verbose Summary: Schedule
============================================================
* Number of FSM states : 60
* Pipeline : 1
  Pipeline-0 : II = 1, D = 32, States = { 28 29 30 31 32 33 34 35 36 37 38 39 40 41 42 43 44 45 46 47 48 49 50 51 52 53 54 55 56 57 58 59 }
* Dataflow Pipeline: 0

* FSM state transitions: 
1 --> 2 
2 --> 3 
3 --> 4 
4 --> 5 
5 --> 6 
6 --> 7 
7 --> 8 
8 --> 9 
9 --> 10 
10 --> 11 
11 --> 12 
12 --> 13 
13 --> 14 
14 --> 15 
15 --> 16 
16 --> 17 
17 --> 18 
18 --> 19 
19 --> 20 
20 --> 21 
21 --> 22 
22 --> 23 
23 --> 24 
24 --> 25 
25 --> 26 
26 --> 27 
27 --> 28 
28 --> 60 29 
29 --> 30 
30 --> 31 
31 --> 32 
32 --> 33 
33 --> 34 
34 --> 35 
35 --> 36 
36 --> 37 
37 --> 38 
38 --> 39 
39 --> 40 
40 --> 41 
41 --> 42 
42 --> 43 
43 --> 44 
44 --> 45 
45 --> 46 
46 --> 47 
47 --> 48 
48 --> 49 
49 --> 50 
50 --> 51 
51 --> 52 
52 --> 53 
53 --> 54 
54 --> 55 
55 --> 56 
56 --> 57 
57 --> 58 
58 --> 59 
59 --> 28 
60 --> 

* FSM state operations: 

State 1 <SV = 0> <Delay = 1.58>
ST_1 : Operation 61 [1/1] (0.00ns)   --->   "%i = alloca i32 1"   --->   Operation 61 'alloca' 'i' <Predicate = true> <Delay = 0.00>
ST_1 : Operation 62 [1/1] (1.00ns)   --->   "%y_read = read i32 @_ssdm_op_Read.s_axilite.float, i32 %y" [crazy_function_core.cpp:3]   --->   Operation 62 'read' 'y_read' <Predicate = true> <Delay = 1.00> <CoreInst = "s_axilite">   --->   Core 114 's_axilite' <Latency = 0> <II = 1> <Delay = 1.00> <Adapter> <Opcode : 'read' 'write'>
ST_1 : Operation 63 [1/1] (1.58ns)   --->   "%store_ln8 = store i7 0, i7 %i" [crazy_function_core.cpp:8]   --->   Operation 63 'store' 'store_ln8' <Predicate = true> <Delay = 1.58>

State 2 <SV = 1> <Delay = 7.14>
ST_2 : Operation 64 [10/10] (7.14ns)   --->   "%x_assign_1 = fexp i32 @llvm.exp.f32, i32 %y_read" [/wrk/ci/prod/2022.2/hls_product/continuous/608/2022.2/src/shared/hls/clib/hlsmath/src/common/hls_exp_float.cpp:17]   --->   Operation 64 'fexp' 'x_assign_1' <Predicate = true> <Delay = 7.14> <CoreInst = "FExp_fulldsp">   --->   Core 23 'FExp_fulldsp' <Latency = 9> <II = 1> <Delay = 7.14> <FuncUnit> <Opcode : 'fexp'> <InPorts = 1> <OutPorts = 1>

State 3 <SV = 2> <Delay = 7.14>
ST_3 : Operation 65 [9/10] (7.14ns)   --->   "%x_assign_1 = fexp i32 @llvm.exp.f32, i32 %y_read" [/wrk/ci/prod/2022.2/hls_product/continuous/608/2022.2/src/shared/hls/clib/hlsmath/src/common/hls_exp_float.cpp:17]   --->   Operation 65 'fexp' 'x_assign_1' <Predicate = true> <Delay = 7.14> <CoreInst = "FExp_fulldsp">   --->   Core 23 'FExp_fulldsp' <Latency = 9> <II = 1> <Delay = 7.14> <FuncUnit> <Opcode : 'fexp'> <InPorts = 1> <OutPorts = 1>

State 4 <SV = 3> <Delay = 7.14>
ST_4 : Operation 66 [8/10] (7.14ns)   --->   "%x_assign_1 = fexp i32 @llvm.exp.f32, i32 %y_read" [/wrk/ci/prod/2022.2/hls_product/continuous/608/2022.2/src/shared/hls/clib/hlsmath/src/common/hls_exp_float.cpp:17]   --->   Operation 66 'fexp' 'x_assign_1' <Predicate = true> <Delay = 7.14> <CoreInst = "FExp_fulldsp">   --->   Core 23 'FExp_fulldsp' <Latency = 9> <II = 1> <Delay = 7.14> <FuncUnit> <Opcode : 'fexp'> <InPorts = 1> <OutPorts = 1>

State 5 <SV = 4> <Delay = 7.14>
ST_5 : Operation 67 [7/10] (7.14ns)   --->   "%x_assign_1 = fexp i32 @llvm.exp.f32, i32 %y_read" [/wrk/ci/prod/2022.2/hls_product/continuous/608/2022.2/src/shared/hls/clib/hlsmath/src/common/hls_exp_float.cpp:17]   --->   Operation 67 'fexp' 'x_assign_1' <Predicate = true> <Delay = 7.14> <CoreInst = "FExp_fulldsp">   --->   Core 23 'FExp_fulldsp' <Latency = 9> <II = 1> <Delay = 7.14> <FuncUnit> <Opcode : 'fexp'> <InPorts = 1> <OutPorts = 1>

State 6 <SV = 5> <Delay = 7.14>
ST_6 : Operation 68 [6/10] (7.14ns)   --->   "%x_assign_1 = fexp i32 @llvm.exp.f32, i32 %y_read" [/wrk/ci/prod/2022.2/hls_product/continuous/608/2022.2/src/shared/hls/clib/hlsmath/src/common/hls_exp_float.cpp:17]   --->   Operation 68 'fexp' 'x_assign_1' <Predicate = true> <Delay = 7.14> <CoreInst = "FExp_fulldsp">   --->   Core 23 'FExp_fulldsp' <Latency = 9> <II = 1> <Delay = 7.14> <FuncUnit> <Opcode : 'fexp'> <InPorts = 1> <OutPorts = 1>

State 7 <SV = 6> <Delay = 7.14>
ST_7 : Operation 69 [5/10] (7.14ns)   --->   "%x_assign_1 = fexp i32 @llvm.exp.f32, i32 %y_read" [/wrk/ci/prod/2022.2/hls_product/continuous/608/2022.2/src/shared/hls/clib/hlsmath/src/common/hls_exp_float.cpp:17]   --->   Operation 69 'fexp' 'x_assign_1' <Predicate = true> <Delay = 7.14> <CoreInst = "FExp_fulldsp">   --->   Core 23 'FExp_fulldsp' <Latency = 9> <II = 1> <Delay = 7.14> <FuncUnit> <Opcode : 'fexp'> <InPorts = 1> <OutPorts = 1>

State 8 <SV = 7> <Delay = 7.14>
ST_8 : Operation 70 [4/10] (7.14ns)   --->   "%x_assign_1 = fexp i32 @llvm.exp.f32, i32 %y_read" [/wrk/ci/prod/2022.2/hls_product/continuous/608/2022.2/src/shared/hls/clib/hlsmath/src/common/hls_exp_float.cpp:17]   --->   Operation 70 'fexp' 'x_assign_1' <Predicate = true> <Delay = 7.14> <CoreInst = "FExp_fulldsp">   --->   Core 23 'FExp_fulldsp' <Latency = 9> <II = 1> <Delay = 7.14> <FuncUnit> <Opcode : 'fexp'> <InPorts = 1> <OutPorts = 1>

State 9 <SV = 8> <Delay = 7.14>
ST_9 : Operation 71 [3/10] (7.14ns)   --->   "%x_assign_1 = fexp i32 @llvm.exp.f32, i32 %y_read" [/wrk/ci/prod/2022.2/hls_product/continuous/608/2022.2/src/shared/hls/clib/hlsmath/src/common/hls_exp_float.cpp:17]   --->   Operation 71 'fexp' 'x_assign_1' <Predicate = true> <Delay = 7.14> <CoreInst = "FExp_fulldsp">   --->   Core 23 'FExp_fulldsp' <Latency = 9> <II = 1> <Delay = 7.14> <FuncUnit> <Opcode : 'fexp'> <InPorts = 1> <OutPorts = 1>

State 10 <SV = 9> <Delay = 7.14>
ST_10 : Operation 72 [2/10] (7.14ns)   --->   "%x_assign_1 = fexp i32 @llvm.exp.f32, i32 %y_read" [/wrk/ci/prod/2022.2/hls_product/continuous/608/2022.2/src/shared/hls/clib/hlsmath/src/common/hls_exp_float.cpp:17]   --->   Operation 72 'fexp' 'x_assign_1' <Predicate = true> <Delay = 7.14> <CoreInst = "FExp_fulldsp">   --->   Core 23 'FExp_fulldsp' <Latency = 9> <II = 1> <Delay = 7.14> <FuncUnit> <Opcode : 'fexp'> <InPorts = 1> <OutPorts = 1>

State 11 <SV = 10> <Delay = 7.14>
ST_11 : Operation 73 [1/10] (7.14ns)   --->   "%x_assign_1 = fexp i32 @llvm.exp.f32, i32 %y_read" [/wrk/ci/prod/2022.2/hls_product/continuous/608/2022.2/src/shared/hls/clib/hlsmath/src/common/hls_exp_float.cpp:17]   --->   Operation 73 'fexp' 'x_assign_1' <Predicate = true> <Delay = 7.14> <CoreInst = "FExp_fulldsp">   --->   Core 23 'FExp_fulldsp' <Latency = 9> <II = 1> <Delay = 7.14> <FuncUnit> <Opcode : 'fexp'> <InPorts = 1> <OutPorts = 1>

State 12 <SV = 11> <Delay = 6.23>
ST_12 : Operation 74 [16/16] (6.23ns)   --->   "%tmp_s = fsqrt i32 @llvm.sqrt.f32, i32 %x_assign_1" [/wrk/ci/prod/2022.2/hls_product/continuous/608/2022.2/src/shared/hls/clib/hlsmath/src/c++/sqrtfloat.cpp:8]   --->   Operation 74 'fsqrt' 'tmp_s' <Predicate = true> <Delay = 6.23> <CoreInst = "FSqrt">   --->   Core 35 'FSqrt' <Latency = 15> <II = 1> <Delay = 6.23> <FuncUnit> <Opcode : 'fsqrt'> <InPorts = 1> <OutPorts = 1>

State 13 <SV = 12> <Delay = 6.23>
ST_13 : Operation 75 [15/16] (6.23ns)   --->   "%tmp_s = fsqrt i32 @llvm.sqrt.f32, i32 %x_assign_1" [/wrk/ci/prod/2022.2/hls_product/continuous/608/2022.2/src/shared/hls/clib/hlsmath/src/c++/sqrtfloat.cpp:8]   --->   Operation 75 'fsqrt' 'tmp_s' <Predicate = true> <Delay = 6.23> <CoreInst = "FSqrt">   --->   Core 35 'FSqrt' <Latency = 15> <II = 1> <Delay = 6.23> <FuncUnit> <Opcode : 'fsqrt'> <InPorts = 1> <OutPorts = 1>

State 14 <SV = 13> <Delay = 6.23>
ST_14 : Operation 76 [14/16] (6.23ns)   --->   "%tmp_s = fsqrt i32 @llvm.sqrt.f32, i32 %x_assign_1" [/wrk/ci/prod/2022.2/hls_product/continuous/608/2022.2/src/shared/hls/clib/hlsmath/src/c++/sqrtfloat.cpp:8]   --->   Operation 76 'fsqrt' 'tmp_s' <Predicate = true> <Delay = 6.23> <CoreInst = "FSqrt">   --->   Core 35 'FSqrt' <Latency = 15> <II = 1> <Delay = 6.23> <FuncUnit> <Opcode : 'fsqrt'> <InPorts = 1> <OutPorts = 1>

State 15 <SV = 14> <Delay = 6.23>
ST_15 : Operation 77 [13/16] (6.23ns)   --->   "%tmp_s = fsqrt i32 @llvm.sqrt.f32, i32 %x_assign_1" [/wrk/ci/prod/2022.2/hls_product/continuous/608/2022.2/src/shared/hls/clib/hlsmath/src/c++/sqrtfloat.cpp:8]   --->   Operation 77 'fsqrt' 'tmp_s' <Predicate = true> <Delay = 6.23> <CoreInst = "FSqrt">   --->   Core 35 'FSqrt' <Latency = 15> <II = 1> <Delay = 6.23> <FuncUnit> <Opcode : 'fsqrt'> <InPorts = 1> <OutPorts = 1>

State 16 <SV = 15> <Delay = 6.23>
ST_16 : Operation 78 [12/16] (6.23ns)   --->   "%tmp_s = fsqrt i32 @llvm.sqrt.f32, i32 %x_assign_1" [/wrk/ci/prod/2022.2/hls_product/continuous/608/2022.2/src/shared/hls/clib/hlsmath/src/c++/sqrtfloat.cpp:8]   --->   Operation 78 'fsqrt' 'tmp_s' <Predicate = true> <Delay = 6.23> <CoreInst = "FSqrt">   --->   Core 35 'FSqrt' <Latency = 15> <II = 1> <Delay = 6.23> <FuncUnit> <Opcode : 'fsqrt'> <InPorts = 1> <OutPorts = 1>

State 17 <SV = 16> <Delay = 6.23>
ST_17 : Operation 79 [11/16] (6.23ns)   --->   "%tmp_s = fsqrt i32 @llvm.sqrt.f32, i32 %x_assign_1" [/wrk/ci/prod/2022.2/hls_product/continuous/608/2022.2/src/shared/hls/clib/hlsmath/src/c++/sqrtfloat.cpp:8]   --->   Operation 79 'fsqrt' 'tmp_s' <Predicate = true> <Delay = 6.23> <CoreInst = "FSqrt">   --->   Core 35 'FSqrt' <Latency = 15> <II = 1> <Delay = 6.23> <FuncUnit> <Opcode : 'fsqrt'> <InPorts = 1> <OutPorts = 1>

State 18 <SV = 17> <Delay = 6.23>
ST_18 : Operation 80 [10/16] (6.23ns)   --->   "%tmp_s = fsqrt i32 @llvm.sqrt.f32, i32 %x_assign_1" [/wrk/ci/prod/2022.2/hls_product/continuous/608/2022.2/src/shared/hls/clib/hlsmath/src/c++/sqrtfloat.cpp:8]   --->   Operation 80 'fsqrt' 'tmp_s' <Predicate = true> <Delay = 6.23> <CoreInst = "FSqrt">   --->   Core 35 'FSqrt' <Latency = 15> <II = 1> <Delay = 6.23> <FuncUnit> <Opcode : 'fsqrt'> <InPorts = 1> <OutPorts = 1>

State 19 <SV = 18> <Delay = 6.23>
ST_19 : Operation 81 [9/16] (6.23ns)   --->   "%tmp_s = fsqrt i32 @llvm.sqrt.f32, i32 %x_assign_1" [/wrk/ci/prod/2022.2/hls_product/continuous/608/2022.2/src/shared/hls/clib/hlsmath/src/c++/sqrtfloat.cpp:8]   --->   Operation 81 'fsqrt' 'tmp_s' <Predicate = true> <Delay = 6.23> <CoreInst = "FSqrt">   --->   Core 35 'FSqrt' <Latency = 15> <II = 1> <Delay = 6.23> <FuncUnit> <Opcode : 'fsqrt'> <InPorts = 1> <OutPorts = 1>

State 20 <SV = 19> <Delay = 6.23>
ST_20 : Operation 82 [8/16] (6.23ns)   --->   "%tmp_s = fsqrt i32 @llvm.sqrt.f32, i32 %x_assign_1" [/wrk/ci/prod/2022.2/hls_product/continuous/608/2022.2/src/shared/hls/clib/hlsmath/src/c++/sqrtfloat.cpp:8]   --->   Operation 82 'fsqrt' 'tmp_s' <Predicate = true> <Delay = 6.23> <CoreInst = "FSqrt">   --->   Core 35 'FSqrt' <Latency = 15> <II = 1> <Delay = 6.23> <FuncUnit> <Opcode : 'fsqrt'> <InPorts = 1> <OutPorts = 1>

State 21 <SV = 20> <Delay = 6.23>
ST_21 : Operation 83 [7/16] (6.23ns)   --->   "%tmp_s = fsqrt i32 @llvm.sqrt.f32, i32 %x_assign_1" [/wrk/ci/prod/2022.2/hls_product/continuous/608/2022.2/src/shared/hls/clib/hlsmath/src/c++/sqrtfloat.cpp:8]   --->   Operation 83 'fsqrt' 'tmp_s' <Predicate = true> <Delay = 6.23> <CoreInst = "FSqrt">   --->   Core 35 'FSqrt' <Latency = 15> <II = 1> <Delay = 6.23> <FuncUnit> <Opcode : 'fsqrt'> <InPorts = 1> <OutPorts = 1>

State 22 <SV = 21> <Delay = 6.23>
ST_22 : Operation 84 [6/16] (6.23ns)   --->   "%tmp_s = fsqrt i32 @llvm.sqrt.f32, i32 %x_assign_1" [/wrk/ci/prod/2022.2/hls_product/continuous/608/2022.2/src/shared/hls/clib/hlsmath/src/c++/sqrtfloat.cpp:8]   --->   Operation 84 'fsqrt' 'tmp_s' <Predicate = true> <Delay = 6.23> <CoreInst = "FSqrt">   --->   Core 35 'FSqrt' <Latency = 15> <II = 1> <Delay = 6.23> <FuncUnit> <Opcode : 'fsqrt'> <InPorts = 1> <OutPorts = 1>

State 23 <SV = 22> <Delay = 6.23>
ST_23 : Operation 85 [5/16] (6.23ns)   --->   "%tmp_s = fsqrt i32 @llvm.sqrt.f32, i32 %x_assign_1" [/wrk/ci/prod/2022.2/hls_product/continuous/608/2022.2/src/shared/hls/clib/hlsmath/src/c++/sqrtfloat.cpp:8]   --->   Operation 85 'fsqrt' 'tmp_s' <Predicate = true> <Delay = 6.23> <CoreInst = "FSqrt">   --->   Core 35 'FSqrt' <Latency = 15> <II = 1> <Delay = 6.23> <FuncUnit> <Opcode : 'fsqrt'> <InPorts = 1> <OutPorts = 1>

State 24 <SV = 23> <Delay = 6.23>
ST_24 : Operation 86 [4/16] (6.23ns)   --->   "%tmp_s = fsqrt i32 @llvm.sqrt.f32, i32 %x_assign_1" [/wrk/ci/prod/2022.2/hls_product/continuous/608/2022.2/src/shared/hls/clib/hlsmath/src/c++/sqrtfloat.cpp:8]   --->   Operation 86 'fsqrt' 'tmp_s' <Predicate = true> <Delay = 6.23> <CoreInst = "FSqrt">   --->   Core 35 'FSqrt' <Latency = 15> <II = 1> <Delay = 6.23> <FuncUnit> <Opcode : 'fsqrt'> <InPorts = 1> <OutPorts = 1>

State 25 <SV = 24> <Delay = 6.23>
ST_25 : Operation 87 [3/16] (6.23ns)   --->   "%tmp_s = fsqrt i32 @llvm.sqrt.f32, i32 %x_assign_1" [/wrk/ci/prod/2022.2/hls_product/continuous/608/2022.2/src/shared/hls/clib/hlsmath/src/c++/sqrtfloat.cpp:8]   --->   Operation 87 'fsqrt' 'tmp_s' <Predicate = true> <Delay = 6.23> <CoreInst = "FSqrt">   --->   Core 35 'FSqrt' <Latency = 15> <II = 1> <Delay = 6.23> <FuncUnit> <Opcode : 'fsqrt'> <InPorts = 1> <OutPorts = 1>

State 26 <SV = 25> <Delay = 6.23>
ST_26 : Operation 88 [2/16] (6.23ns)   --->   "%tmp_s = fsqrt i32 @llvm.sqrt.f32, i32 %x_assign_1" [/wrk/ci/prod/2022.2/hls_product/continuous/608/2022.2/src/shared/hls/clib/hlsmath/src/c++/sqrtfloat.cpp:8]   --->   Operation 88 'fsqrt' 'tmp_s' <Predicate = true> <Delay = 6.23> <CoreInst = "FSqrt">   --->   Core 35 'FSqrt' <Latency = 15> <II = 1> <Delay = 6.23> <FuncUnit> <Opcode : 'fsqrt'> <InPorts = 1> <OutPorts = 1>

State 27 <SV = 26> <Delay = 6.23>
ST_27 : Operation 89 [1/1] (0.00ns)   --->   "%spectopmodule_ln3 = spectopmodule void @_ssdm_op_SpecTopModule, void @empty_5" [crazy_function_core.cpp:3]   --->   Operation 89 'spectopmodule' 'spectopmodule_ln3' <Predicate = true> <Delay = 0.00>
ST_27 : Operation 90 [1/1] (0.00ns)   --->   "%specinterface_ln0 = specinterface void @_ssdm_op_SpecInterface, i32 %x, void @empty_2, i32 0, i32 0, void @empty_1, i32 4294967295, i32 0, void @empty_1, void @empty_1, void @empty_1, i32 0, i32 0, i32 0, i32 0, void @empty_1, void @empty_1, i32 4294967295, i32 0"   --->   Operation 90 'specinterface' 'specinterface_ln0' <Predicate = true> <Delay = 0.00>
ST_27 : Operation 91 [1/1] (0.00ns)   --->   "%specbitsmap_ln0 = specbitsmap void @_ssdm_op_SpecBitsMap, i32 %x"   --->   Operation 91 'specbitsmap' 'specbitsmap_ln0' <Predicate = true> <Delay = 0.00>
ST_27 : Operation 92 [1/1] (0.00ns)   --->   "%specbitsmap_ln0 = specbitsmap void @_ssdm_op_SpecBitsMap, i32 %y"   --->   Operation 92 'specbitsmap' 'specbitsmap_ln0' <Predicate = true> <Delay = 0.00>
ST_27 : Operation 93 [1/1] (0.00ns)   --->   "%specinterface_ln0 = specinterface void @_ssdm_op_SpecInterface, i32 %y, void @empty_0, i32 0, i32 0, void @empty_1, i32 0, i32 0, void @empty, void @empty_3, void @empty_1, i32 0, i32 0, i32 0, i32 0, void @empty_1, void @empty_1, i32 4294967295, i32 0"   --->   Operation 93 'specinterface' 'specinterface_ln0' <Predicate = true> <Delay = 0.00>
ST_27 : Operation 94 [1/1] (0.00ns)   --->   "%specinterface_ln0 = specinterface void @_ssdm_op_SpecInterface, i32 %y, void @empty_4, i32 0, i32 0, void @empty_1, i32 0, i32 0, void @empty_1, void @empty_1, void @empty_1, i32 0, i32 0, i32 0, i32 0, void @empty_1, void @empty_1, i32 4294967295, i32 0"   --->   Operation 94 'specinterface' 'specinterface_ln0' <Predicate = true> <Delay = 0.00>
ST_27 : Operation 95 [1/1] (0.00ns)   --->   "%specinterface_ln0 = specinterface void @_ssdm_op_SpecInterface, i32 %res, void @empty_2, i32 0, i32 0, void @empty_1, i32 4294967295, i32 0, void @empty_1, void @empty_1, void @empty_1, i32 0, i32 0, i32 0, i32 0, void @empty_1, void @empty_1, i32 4294967295, i32 0"   --->   Operation 95 'specinterface' 'specinterface_ln0' <Predicate = true> <Delay = 0.00>
ST_27 : Operation 96 [1/1] (0.00ns)   --->   "%specbitsmap_ln0 = specbitsmap void @_ssdm_op_SpecBitsMap, i32 %res"   --->   Operation 96 'specbitsmap' 'specbitsmap_ln0' <Predicate = true> <Delay = 0.00>
ST_27 : Operation 97 [1/1] (0.00ns)   --->   "%specinterface_ln0 = specinterface void @_ssdm_op_SpecInterface, i32 0, void @empty_0, i32 0, i32 0, void @empty_1, i32 0, i32 0, void @empty, void @empty_1, void @empty_1, i32 0, i32 0, i32 0, i32 0, void @empty_1, void @empty_1, i32 4294967295, i32 0"   --->   Operation 97 'specinterface' 'specinterface_ln0' <Predicate = true> <Delay = 0.00>
ST_27 : Operation 98 [1/16] (6.23ns)   --->   "%tmp_s = fsqrt i32 @llvm.sqrt.f32, i32 %x_assign_1" [/wrk/ci/prod/2022.2/hls_product/continuous/608/2022.2/src/shared/hls/clib/hlsmath/src/c++/sqrtfloat.cpp:8]   --->   Operation 98 'fsqrt' 'tmp_s' <Predicate = true> <Delay = 6.23> <CoreInst = "FSqrt">   --->   Core 35 'FSqrt' <Latency = 15> <II = 1> <Delay = 6.23> <FuncUnit> <Opcode : 'fsqrt'> <InPorts = 1> <OutPorts = 1>
ST_27 : Operation 99 [1/1] (0.00ns)   --->   "%br_ln8 = br void %for.inc" [crazy_function_core.cpp:8]   --->   Operation 99 'br' 'br_ln8' <Predicate = true> <Delay = 0.00>

State 28 <SV = 27> <Delay = 3.45>
ST_28 : Operation 100 [1/1] (0.00ns)   --->   "%i_1 = load i7 %i" [crazy_function_core.cpp:8]   --->   Operation 100 'load' 'i_1' <Predicate = true> <Delay = 0.00>
ST_28 : Operation 101 [1/1] (0.00ns)   --->   "%specpipeline_ln0 = specpipeline void @_ssdm_op_SpecPipeline, i32 4294967295, i32 0, i32 1, i32 0, void @p_str"   --->   Operation 101 'specpipeline' 'specpipeline_ln0' <Predicate = true> <Delay = 0.00>
ST_28 : Operation 102 [1/1] (1.48ns)   --->   "%icmp_ln8 = icmp_eq  i7 %i_1, i7 100" [crazy_function_core.cpp:8]   --->   Operation 102 'icmp' 'icmp_ln8' <Predicate = true> <Delay = 1.48> <CoreInst = "Cmp">   --->   Core 9 'Cmp' <Latency = 0> <II = 1> <Delay = 1.48> <FuncUnit> <Opcode : 'icmp'> <InPorts = 2> <OutPorts = 1>
ST_28 : Operation 103 [1/1] (0.00ns)   --->   "%empty = speclooptripcount i32 @_ssdm_op_SpecLoopTripCount, i64 100, i64 100, i64 100"   --->   Operation 103 'speclooptripcount' 'empty' <Predicate = true> <Delay = 0.00>
ST_28 : Operation 104 [1/1] (1.87ns)   --->   "%add_ln8 = add i7 %i_1, i7 1" [crazy_function_core.cpp:8]   --->   Operation 104 'add' 'add_ln8' <Predicate = true> <Delay = 1.87> <CoreInst = "Adder">   --->   Core 1 'Adder' <Latency = 0> <II = 1> <Delay = 1.87> <FuncUnit> <Opcode : 'add' 'sub'> <InPorts = 2> <OutPorts = 1>
ST_28 : Operation 105 [1/1] (0.00ns)   --->   "%br_ln8 = br i1 %icmp_ln8, void %for.inc.split, void %for.end" [crazy_function_core.cpp:8]   --->   Operation 105 'br' 'br_ln8' <Predicate = true> <Delay = 0.00>
ST_28 : Operation 106 [1/1] (0.00ns)   --->   "%i_cast = zext i7 %i_1" [crazy_function_core.cpp:8]   --->   Operation 106 'zext' 'i_cast' <Predicate = (!icmp_ln8)> <Delay = 0.00>
ST_28 : Operation 107 [1/1] (0.00ns)   --->   "%x_addr = getelementptr i32 %x, i64 0, i64 %i_cast" [crazy_function_core.cpp:9]   --->   Operation 107 'getelementptr' 'x_addr' <Predicate = (!icmp_ln8)> <Delay = 0.00>
ST_28 : Operation 108 [2/2] (3.25ns)   --->   "%x_load = load i7 %x_addr" [crazy_function_core.cpp:9]   --->   Operation 108 'load' 'x_load' <Predicate = (!icmp_ln8)> <Delay = 3.25> <CoreInst = "RAM">   --->   Core 82 'RAM' <Latency = 1> <II = 1> <Delay = 3.25> <Storage> <Opcode : 'load' 'store'> <Ports = 2> <Width = 32> <Depth = 100> <RAM>
ST_28 : Operation 109 [1/1] (1.58ns)   --->   "%store_ln8 = store i7 %add_ln8, i7 %i" [crazy_function_core.cpp:8]   --->   Operation 109 'store' 'store_ln8' <Predicate = (!icmp_ln8)> <Delay = 1.58>

State 29 <SV = 28> <Delay = 3.25>
ST_29 : Operation 110 [1/2] (3.25ns)   --->   "%x_load = load i7 %x_addr" [crazy_function_core.cpp:9]   --->   Operation 110 'load' 'x_load' <Predicate = true> <Delay = 3.25> <CoreInst = "RAM">   --->   Core 82 'RAM' <Latency = 1> <II = 1> <Delay = 3.25> <Storage> <Opcode : 'load' 'store'> <Ports = 2> <Width = 32> <Depth = 100> <RAM>

State 30 <SV = 29> <Delay = 5.46>
ST_30 : Operation 111 [1/1] (0.00ns)   --->   "%bitcast_ln9_1 = bitcast i32 %x_load" [crazy_function_core.cpp:9]   --->   Operation 111 'bitcast' 'bitcast_ln9_1' <Predicate = true> <Delay = 0.00>
ST_30 : Operation 112 [20/20] (5.46ns)   --->   "%tmp_7 = call i32 @sin_or_cos<float>, i32 %bitcast_ln9_1, i100 %ref_4oPi_table_100_V, i30 %second_order_float_sin_cos_K0_V, i23 %second_order_float_sin_cos_K1_V, i15 %second_order_float_sin_cos_K2_V" [/wrk/ci/prod/2022.2/hls_product/continuous/608/2022.2/src/shared/hls/clib/hlsmath/src/common/hls_hotbm_float.cpp:123]   --->   Operation 112 'call' 'tmp_7' <Predicate = true> <Delay = 5.46> <CoreType = "Generic">   --->   Core 0 '' <Latency = 0> <II = 1> <Delay = 1.00> <Generic> <Opcode : >

State 31 <SV = 30> <Delay = 7.07>
ST_31 : Operation 113 [19/20] (7.07ns)   --->   "%tmp_7 = call i32 @sin_or_cos<float>, i32 %bitcast_ln9_1, i100 %ref_4oPi_table_100_V, i30 %second_order_float_sin_cos_K0_V, i23 %second_order_float_sin_cos_K1_V, i15 %second_order_float_sin_cos_K2_V" [/wrk/ci/prod/2022.2/hls_product/continuous/608/2022.2/src/shared/hls/clib/hlsmath/src/common/hls_hotbm_float.cpp:123]   --->   Operation 113 'call' 'tmp_7' <Predicate = true> <Delay = 7.07> <CoreType = "Generic">   --->   Core 0 '' <Latency = 0> <II = 1> <Delay = 1.00> <Generic> <Opcode : >

State 32 <SV = 31> <Delay = 7.07>
ST_32 : Operation 114 [18/20] (7.07ns)   --->   "%tmp_7 = call i32 @sin_or_cos<float>, i32 %bitcast_ln9_1, i100 %ref_4oPi_table_100_V, i30 %second_order_float_sin_cos_K0_V, i23 %second_order_float_sin_cos_K1_V, i15 %second_order_float_sin_cos_K2_V" [/wrk/ci/prod/2022.2/hls_product/continuous/608/2022.2/src/shared/hls/clib/hlsmath/src/common/hls_hotbm_float.cpp:123]   --->   Operation 114 'call' 'tmp_7' <Predicate = true> <Delay = 7.07> <CoreType = "Generic">   --->   Core 0 '' <Latency = 0> <II = 1> <Delay = 1.00> <Generic> <Opcode : >

State 33 <SV = 32> <Delay = 7.07>
ST_33 : Operation 115 [17/20] (7.07ns)   --->   "%tmp_7 = call i32 @sin_or_cos<float>, i32 %bitcast_ln9_1, i100 %ref_4oPi_table_100_V, i30 %second_order_float_sin_cos_K0_V, i23 %second_order_float_sin_cos_K1_V, i15 %second_order_float_sin_cos_K2_V" [/wrk/ci/prod/2022.2/hls_product/continuous/608/2022.2/src/shared/hls/clib/hlsmath/src/common/hls_hotbm_float.cpp:123]   --->   Operation 115 'call' 'tmp_7' <Predicate = true> <Delay = 7.07> <CoreType = "Generic">   --->   Core 0 '' <Latency = 0> <II = 1> <Delay = 1.00> <Generic> <Opcode : >

State 34 <SV = 33> <Delay = 7.07>
ST_34 : Operation 116 [16/20] (7.07ns)   --->   "%tmp_7 = call i32 @sin_or_cos<float>, i32 %bitcast_ln9_1, i100 %ref_4oPi_table_100_V, i30 %second_order_float_sin_cos_K0_V, i23 %second_order_float_sin_cos_K1_V, i15 %second_order_float_sin_cos_K2_V" [/wrk/ci/prod/2022.2/hls_product/continuous/608/2022.2/src/shared/hls/clib/hlsmath/src/common/hls_hotbm_float.cpp:123]   --->   Operation 116 'call' 'tmp_7' <Predicate = true> <Delay = 7.07> <CoreType = "Generic">   --->   Core 0 '' <Latency = 0> <II = 1> <Delay = 1.00> <Generic> <Opcode : >

State 35 <SV = 34> <Delay = 7.07>
ST_35 : Operation 117 [15/20] (7.07ns)   --->   "%tmp_7 = call i32 @sin_or_cos<float>, i32 %bitcast_ln9_1, i100 %ref_4oPi_table_100_V, i30 %second_order_float_sin_cos_K0_V, i23 %second_order_float_sin_cos_K1_V, i15 %second_order_float_sin_cos_K2_V" [/wrk/ci/prod/2022.2/hls_product/continuous/608/2022.2/src/shared/hls/clib/hlsmath/src/common/hls_hotbm_float.cpp:123]   --->   Operation 117 'call' 'tmp_7' <Predicate = true> <Delay = 7.07> <CoreType = "Generic">   --->   Core 0 '' <Latency = 0> <II = 1> <Delay = 1.00> <Generic> <Opcode : >

State 36 <SV = 35> <Delay = 7.07>
ST_36 : Operation 118 [14/20] (7.07ns)   --->   "%tmp_7 = call i32 @sin_or_cos<float>, i32 %bitcast_ln9_1, i100 %ref_4oPi_table_100_V, i30 %second_order_float_sin_cos_K0_V, i23 %second_order_float_sin_cos_K1_V, i15 %second_order_float_sin_cos_K2_V" [/wrk/ci/prod/2022.2/hls_product/continuous/608/2022.2/src/shared/hls/clib/hlsmath/src/common/hls_hotbm_float.cpp:123]   --->   Operation 118 'call' 'tmp_7' <Predicate = true> <Delay = 7.07> <CoreType = "Generic">   --->   Core 0 '' <Latency = 0> <II = 1> <Delay = 1.00> <Generic> <Opcode : >

State 37 <SV = 36> <Delay = 7.07>
ST_37 : Operation 119 [13/20] (7.07ns)   --->   "%tmp_7 = call i32 @sin_or_cos<float>, i32 %bitcast_ln9_1, i100 %ref_4oPi_table_100_V, i30 %second_order_float_sin_cos_K0_V, i23 %second_order_float_sin_cos_K1_V, i15 %second_order_float_sin_cos_K2_V" [/wrk/ci/prod/2022.2/hls_product/continuous/608/2022.2/src/shared/hls/clib/hlsmath/src/common/hls_hotbm_float.cpp:123]   --->   Operation 119 'call' 'tmp_7' <Predicate = true> <Delay = 7.07> <CoreType = "Generic">   --->   Core 0 '' <Latency = 0> <II = 1> <Delay = 1.00> <Generic> <Opcode : >

State 38 <SV = 37> <Delay = 7.07>
ST_38 : Operation 120 [12/20] (7.07ns)   --->   "%tmp_7 = call i32 @sin_or_cos<float>, i32 %bitcast_ln9_1, i100 %ref_4oPi_table_100_V, i30 %second_order_float_sin_cos_K0_V, i23 %second_order_float_sin_cos_K1_V, i15 %second_order_float_sin_cos_K2_V" [/wrk/ci/prod/2022.2/hls_product/continuous/608/2022.2/src/shared/hls/clib/hlsmath/src/common/hls_hotbm_float.cpp:123]   --->   Operation 120 'call' 'tmp_7' <Predicate = true> <Delay = 7.07> <CoreType = "Generic">   --->   Core 0 '' <Latency = 0> <II = 1> <Delay = 1.00> <Generic> <Opcode : >

State 39 <SV = 38> <Delay = 7.07>
ST_39 : Operation 121 [11/20] (7.07ns)   --->   "%tmp_7 = call i32 @sin_or_cos<float>, i32 %bitcast_ln9_1, i100 %ref_4oPi_table_100_V, i30 %second_order_float_sin_cos_K0_V, i23 %second_order_float_sin_cos_K1_V, i15 %second_order_float_sin_cos_K2_V" [/wrk/ci/prod/2022.2/hls_product/continuous/608/2022.2/src/shared/hls/clib/hlsmath/src/common/hls_hotbm_float.cpp:123]   --->   Operation 121 'call' 'tmp_7' <Predicate = true> <Delay = 7.07> <CoreType = "Generic">   --->   Core 0 '' <Latency = 0> <II = 1> <Delay = 1.00> <Generic> <Opcode : >

State 40 <SV = 39> <Delay = 7.07>
ST_40 : Operation 122 [10/20] (7.07ns)   --->   "%tmp_7 = call i32 @sin_or_cos<float>, i32 %bitcast_ln9_1, i100 %ref_4oPi_table_100_V, i30 %second_order_float_sin_cos_K0_V, i23 %second_order_float_sin_cos_K1_V, i15 %second_order_float_sin_cos_K2_V" [/wrk/ci/prod/2022.2/hls_product/continuous/608/2022.2/src/shared/hls/clib/hlsmath/src/common/hls_hotbm_float.cpp:123]   --->   Operation 122 'call' 'tmp_7' <Predicate = true> <Delay = 7.07> <CoreType = "Generic">   --->   Core 0 '' <Latency = 0> <II = 1> <Delay = 1.00> <Generic> <Opcode : >

State 41 <SV = 40> <Delay = 7.07>
ST_41 : Operation 123 [9/20] (7.07ns)   --->   "%tmp_7 = call i32 @sin_or_cos<float>, i32 %bitcast_ln9_1, i100 %ref_4oPi_table_100_V, i30 %second_order_float_sin_cos_K0_V, i23 %second_order_float_sin_cos_K1_V, i15 %second_order_float_sin_cos_K2_V" [/wrk/ci/prod/2022.2/hls_product/continuous/608/2022.2/src/shared/hls/clib/hlsmath/src/common/hls_hotbm_float.cpp:123]   --->   Operation 123 'call' 'tmp_7' <Predicate = true> <Delay = 7.07> <CoreType = "Generic">   --->   Core 0 '' <Latency = 0> <II = 1> <Delay = 1.00> <Generic> <Opcode : >

State 42 <SV = 41> <Delay = 7.07>
ST_42 : Operation 124 [8/20] (7.07ns)   --->   "%tmp_7 = call i32 @sin_or_cos<float>, i32 %bitcast_ln9_1, i100 %ref_4oPi_table_100_V, i30 %second_order_float_sin_cos_K0_V, i23 %second_order_float_sin_cos_K1_V, i15 %second_order_float_sin_cos_K2_V" [/wrk/ci/prod/2022.2/hls_product/continuous/608/2022.2/src/shared/hls/clib/hlsmath/src/common/hls_hotbm_float.cpp:123]   --->   Operation 124 'call' 'tmp_7' <Predicate = true> <Delay = 7.07> <CoreType = "Generic">   --->   Core 0 '' <Latency = 0> <II = 1> <Delay = 1.00> <Generic> <Opcode : >

State 43 <SV = 42> <Delay = 7.07>
ST_43 : Operation 125 [7/20] (7.07ns)   --->   "%tmp_7 = call i32 @sin_or_cos<float>, i32 %bitcast_ln9_1, i100 %ref_4oPi_table_100_V, i30 %second_order_float_sin_cos_K0_V, i23 %second_order_float_sin_cos_K1_V, i15 %second_order_float_sin_cos_K2_V" [/wrk/ci/prod/2022.2/hls_product/continuous/608/2022.2/src/shared/hls/clib/hlsmath/src/common/hls_hotbm_float.cpp:123]   --->   Operation 125 'call' 'tmp_7' <Predicate = true> <Delay = 7.07> <CoreType = "Generic">   --->   Core 0 '' <Latency = 0> <II = 1> <Delay = 1.00> <Generic> <Opcode : >

State 44 <SV = 43> <Delay = 7.07>
ST_44 : Operation 126 [6/20] (7.07ns)   --->   "%tmp_7 = call i32 @sin_or_cos<float>, i32 %bitcast_ln9_1, i100 %ref_4oPi_table_100_V, i30 %second_order_float_sin_cos_K0_V, i23 %second_order_float_sin_cos_K1_V, i15 %second_order_float_sin_cos_K2_V" [/wrk/ci/prod/2022.2/hls_product/continuous/608/2022.2/src/shared/hls/clib/hlsmath/src/common/hls_hotbm_float.cpp:123]   --->   Operation 126 'call' 'tmp_7' <Predicate = true> <Delay = 7.07> <CoreType = "Generic">   --->   Core 0 '' <Latency = 0> <II = 1> <Delay = 1.00> <Generic> <Opcode : >

State 45 <SV = 44> <Delay = 7.07>
ST_45 : Operation 127 [5/20] (7.07ns)   --->   "%tmp_7 = call i32 @sin_or_cos<float>, i32 %bitcast_ln9_1, i100 %ref_4oPi_table_100_V, i30 %second_order_float_sin_cos_K0_V, i23 %second_order_float_sin_cos_K1_V, i15 %second_order_float_sin_cos_K2_V" [/wrk/ci/prod/2022.2/hls_product/continuous/608/2022.2/src/shared/hls/clib/hlsmath/src/common/hls_hotbm_float.cpp:123]   --->   Operation 127 'call' 'tmp_7' <Predicate = true> <Delay = 7.07> <CoreType = "Generic">   --->   Core 0 '' <Latency = 0> <II = 1> <Delay = 1.00> <Generic> <Opcode : >

State 46 <SV = 45> <Delay = 7.07>
ST_46 : Operation 128 [4/20] (7.07ns)   --->   "%tmp_7 = call i32 @sin_or_cos<float>, i32 %bitcast_ln9_1, i100 %ref_4oPi_table_100_V, i30 %second_order_float_sin_cos_K0_V, i23 %second_order_float_sin_cos_K1_V, i15 %second_order_float_sin_cos_K2_V" [/wrk/ci/prod/2022.2/hls_product/continuous/608/2022.2/src/shared/hls/clib/hlsmath/src/common/hls_hotbm_float.cpp:123]   --->   Operation 128 'call' 'tmp_7' <Predicate = true> <Delay = 7.07> <CoreType = "Generic">   --->   Core 0 '' <Latency = 0> <II = 1> <Delay = 1.00> <Generic> <Opcode : >

State 47 <SV = 46> <Delay = 7.07>
ST_47 : Operation 129 [3/20] (7.07ns)   --->   "%tmp_7 = call i32 @sin_or_cos<float>, i32 %bitcast_ln9_1, i100 %ref_4oPi_table_100_V, i30 %second_order_float_sin_cos_K0_V, i23 %second_order_float_sin_cos_K1_V, i15 %second_order_float_sin_cos_K2_V" [/wrk/ci/prod/2022.2/hls_product/continuous/608/2022.2/src/shared/hls/clib/hlsmath/src/common/hls_hotbm_float.cpp:123]   --->   Operation 129 'call' 'tmp_7' <Predicate = true> <Delay = 7.07> <CoreType = "Generic">   --->   Core 0 '' <Latency = 0> <II = 1> <Delay = 1.00> <Generic> <Opcode : >

State 48 <SV = 47> <Delay = 7.07>
ST_48 : Operation 130 [2/20] (7.07ns)   --->   "%tmp_7 = call i32 @sin_or_cos<float>, i32 %bitcast_ln9_1, i100 %ref_4oPi_table_100_V, i30 %second_order_float_sin_cos_K0_V, i23 %second_order_float_sin_cos_K1_V, i15 %second_order_float_sin_cos_K2_V" [/wrk/ci/prod/2022.2/hls_product/continuous/608/2022.2/src/shared/hls/clib/hlsmath/src/common/hls_hotbm_float.cpp:123]   --->   Operation 130 'call' 'tmp_7' <Predicate = true> <Delay = 7.07> <CoreType = "Generic">   --->   Core 0 '' <Latency = 0> <II = 1> <Delay = 1.00> <Generic> <Opcode : >

State 49 <SV = 48> <Delay = 5.41>
ST_49 : Operation 131 [1/20] (5.41ns)   --->   "%tmp_7 = call i32 @sin_or_cos<float>, i32 %bitcast_ln9_1, i100 %ref_4oPi_table_100_V, i30 %second_order_float_sin_cos_K0_V, i23 %second_order_float_sin_cos_K1_V, i15 %second_order_float_sin_cos_K2_V" [/wrk/ci/prod/2022.2/hls_product/continuous/608/2022.2/src/shared/hls/clib/hlsmath/src/common/hls_hotbm_float.cpp:123]   --->   Operation 131 'call' 'tmp_7' <Predicate = true> <Delay = 5.41> <CoreType = "Generic">   --->   Core 0 '' <Latency = 0> <II = 1> <Delay = 1.00> <Generic> <Opcode : >

State 50 <SV = 49> <Delay = 7.25>
ST_50 : Operation 132 [5/5] (7.25ns)   --->   "%add = fadd i32 %tmp_7, i32 %tmp_s" [crazy_function_core.cpp:9]   --->   Operation 132 'fadd' 'add' <Predicate = true> <Delay = 7.25> <CoreInst = "FAddSub_fulldsp">   --->   Core 18 'FAddSub_fulldsp' <Latency = 4> <II = 1> <Delay = 7.25> <FuncUnit> <Opcode : 'fadd' 'fsub'> <InPorts = 2> <OutPorts = 1>

State 51 <SV = 50> <Delay = 7.25>
ST_51 : Operation 133 [4/5] (7.25ns)   --->   "%add = fadd i32 %tmp_7, i32 %tmp_s" [crazy_function_core.cpp:9]   --->   Operation 133 'fadd' 'add' <Predicate = true> <Delay = 7.25> <CoreInst = "FAddSub_fulldsp">   --->   Core 18 'FAddSub_fulldsp' <Latency = 4> <II = 1> <Delay = 7.25> <FuncUnit> <Opcode : 'fadd' 'fsub'> <InPorts = 2> <OutPorts = 1>

State 52 <SV = 51> <Delay = 7.25>
ST_52 : Operation 134 [3/5] (7.25ns)   --->   "%add = fadd i32 %tmp_7, i32 %tmp_s" [crazy_function_core.cpp:9]   --->   Operation 134 'fadd' 'add' <Predicate = true> <Delay = 7.25> <CoreInst = "FAddSub_fulldsp">   --->   Core 18 'FAddSub_fulldsp' <Latency = 4> <II = 1> <Delay = 7.25> <FuncUnit> <Opcode : 'fadd' 'fsub'> <InPorts = 2> <OutPorts = 1>

State 53 <SV = 52> <Delay = 7.25>
ST_53 : Operation 135 [2/5] (7.25ns)   --->   "%add = fadd i32 %tmp_7, i32 %tmp_s" [crazy_function_core.cpp:9]   --->   Operation 135 'fadd' 'add' <Predicate = true> <Delay = 7.25> <CoreInst = "FAddSub_fulldsp">   --->   Core 18 'FAddSub_fulldsp' <Latency = 4> <II = 1> <Delay = 7.25> <FuncUnit> <Opcode : 'fadd' 'fsub'> <InPorts = 2> <OutPorts = 1>

State 54 <SV = 53> <Delay = 7.25>
ST_54 : Operation 136 [1/5] (7.25ns)   --->   "%add = fadd i32 %tmp_7, i32 %tmp_s" [crazy_function_core.cpp:9]   --->   Operation 136 'fadd' 'add' <Predicate = true> <Delay = 7.25> <CoreInst = "FAddSub_fulldsp">   --->   Core 18 'FAddSub_fulldsp' <Latency = 4> <II = 1> <Delay = 7.25> <FuncUnit> <Opcode : 'fadd' 'fsub'> <InPorts = 2> <OutPorts = 1>

State 55 <SV = 54> <Delay = 5.70>
ST_55 : Operation 137 [4/4] (5.70ns)   --->   "%div = fmul i32 %add, i32 0.5" [crazy_function_core.cpp:9]   --->   Operation 137 'fmul' 'div' <Predicate = true> <Delay = 5.70> <CoreInst = "FMul_maxdsp">   --->   Core 30 'FMul_maxdsp' <Latency = 3> <II = 1> <Delay = 5.70> <FuncUnit> <Opcode : 'fmul'> <InPorts = 2> <OutPorts = 1>

State 56 <SV = 55> <Delay = 5.70>
ST_56 : Operation 138 [3/4] (5.70ns)   --->   "%div = fmul i32 %add, i32 0.5" [crazy_function_core.cpp:9]   --->   Operation 138 'fmul' 'div' <Predicate = true> <Delay = 5.70> <CoreInst = "FMul_maxdsp">   --->   Core 30 'FMul_maxdsp' <Latency = 3> <II = 1> <Delay = 5.70> <FuncUnit> <Opcode : 'fmul'> <InPorts = 2> <OutPorts = 1>

State 57 <SV = 56> <Delay = 5.70>
ST_57 : Operation 139 [2/4] (5.70ns)   --->   "%div = fmul i32 %add, i32 0.5" [crazy_function_core.cpp:9]   --->   Operation 139 'fmul' 'div' <Predicate = true> <Delay = 5.70> <CoreInst = "FMul_maxdsp">   --->   Core 30 'FMul_maxdsp' <Latency = 3> <II = 1> <Delay = 5.70> <FuncUnit> <Opcode : 'fmul'> <InPorts = 2> <OutPorts = 1>

State 58 <SV = 57> <Delay = 5.70>
ST_58 : Operation 140 [1/4] (5.70ns)   --->   "%div = fmul i32 %add, i32 0.5" [crazy_function_core.cpp:9]   --->   Operation 140 'fmul' 'div' <Predicate = true> <Delay = 5.70> <CoreInst = "FMul_maxdsp">   --->   Core 30 'FMul_maxdsp' <Latency = 3> <II = 1> <Delay = 5.70> <FuncUnit> <Opcode : 'fmul'> <InPorts = 2> <OutPorts = 1>

State 59 <SV = 58> <Delay = 3.25>
ST_59 : Operation 141 [1/1] (0.00ns)   --->   "%specloopname_ln8 = specloopname void @_ssdm_op_SpecLoopName, void @empty_6" [crazy_function_core.cpp:8]   --->   Operation 141 'specloopname' 'specloopname_ln8' <Predicate = true> <Delay = 0.00>
ST_59 : Operation 142 [1/1] (0.00ns)   --->   "%bitcast_ln9 = bitcast i32 %div" [crazy_function_core.cpp:9]   --->   Operation 142 'bitcast' 'bitcast_ln9' <Predicate = true> <Delay = 0.00>
ST_59 : Operation 143 [1/1] (0.00ns)   --->   "%res_addr = getelementptr i32 %res, i64 0, i64 %i_cast" [crazy_function_core.cpp:9]   --->   Operation 143 'getelementptr' 'res_addr' <Predicate = true> <Delay = 0.00>
ST_59 : Operation 144 [1/1] (3.25ns)   --->   "%store_ln9 = store i32 %bitcast_ln9, i7 %res_addr" [crazy_function_core.cpp:9]   --->   Operation 144 'store' 'store_ln9' <Predicate = true> <Delay = 3.25> <CoreInst = "RAM">   --->   Core 82 'RAM' <Latency = 1> <II = 1> <Delay = 3.25> <Storage> <Opcode : 'load' 'store'> <Ports = 2> <Width = 32> <Depth = 100> <RAM>
ST_59 : Operation 145 [1/1] (0.00ns)   --->   "%br_ln8 = br void %for.inc" [crazy_function_core.cpp:8]   --->   Operation 145 'br' 'br_ln8' <Predicate = true> <Delay = 0.00>

State 60 <SV = 28> <Delay = 0.00>
ST_60 : Operation 146 [1/1] (0.00ns)   --->   "%ret_ln11 = ret" [crazy_function_core.cpp:11]   --->   Operation 146 'ret' 'ret_ln11' <Predicate = true> <Delay = 0.00>


============================================================
+ Verbose Summary: Timing violations
============================================================
Target clock period: 10ns, clock uncertainty: 2.7ns.

 <State 1>: 1.59ns
The critical path consists of the following:
	'alloca' operation ('i') [8]  (0 ns)
	'store' operation ('store_ln8', crazy_function_core.cpp:8) of constant 0 on local variable 'i' [21]  (1.59 ns)

 <State 2>: 7.14ns
The critical path consists of the following:
	'fexp' operation ('x', /wrk/ci/prod/2022.2/hls_product/continuous/608/2022.2/src/shared/hls/clib/hlsmath/src/common/hls_exp_float.cpp:17) [19]  (7.14 ns)

 <State 3>: 7.14ns
The critical path consists of the following:
	'fexp' operation ('x', /wrk/ci/prod/2022.2/hls_product/continuous/608/2022.2/src/shared/hls/clib/hlsmath/src/common/hls_exp_float.cpp:17) [19]  (7.14 ns)

 <State 4>: 7.14ns
The critical path consists of the following:
	'fexp' operation ('x', /wrk/ci/prod/2022.2/hls_product/continuous/608/2022.2/src/shared/hls/clib/hlsmath/src/common/hls_exp_float.cpp:17) [19]  (7.14 ns)

 <State 5>: 7.14ns
The critical path consists of the following:
	'fexp' operation ('x', /wrk/ci/prod/2022.2/hls_product/continuous/608/2022.2/src/shared/hls/clib/hlsmath/src/common/hls_exp_float.cpp:17) [19]  (7.14 ns)

 <State 6>: 7.14ns
The critical path consists of the following:
	'fexp' operation ('x', /wrk/ci/prod/2022.2/hls_product/continuous/608/2022.2/src/shared/hls/clib/hlsmath/src/common/hls_exp_float.cpp:17) [19]  (7.14 ns)

 <State 7>: 7.14ns
The critical path consists of the following:
	'fexp' operation ('x', /wrk/ci/prod/2022.2/hls_product/continuous/608/2022.2/src/shared/hls/clib/hlsmath/src/common/hls_exp_float.cpp:17) [19]  (7.14 ns)

 <State 8>: 7.14ns
The critical path consists of the following:
	'fexp' operation ('x', /wrk/ci/prod/2022.2/hls_product/continuous/608/2022.2/src/shared/hls/clib/hlsmath/src/common/hls_exp_float.cpp:17) [19]  (7.14 ns)

 <State 9>: 7.14ns
The critical path consists of the following:
	'fexp' operation ('x', /wrk/ci/prod/2022.2/hls_product/continuous/608/2022.2/src/shared/hls/clib/hlsmath/src/common/hls_exp_float.cpp:17) [19]  (7.14 ns)

 <State 10>: 7.14ns
The critical path consists of the following:
	'fexp' operation ('x', /wrk/ci/prod/2022.2/hls_product/continuous/608/2022.2/src/shared/hls/clib/hlsmath/src/common/hls_exp_float.cpp:17) [19]  (7.14 ns)

 <State 11>: 7.14ns
The critical path consists of the following:
	'fexp' operation ('x', /wrk/ci/prod/2022.2/hls_product/continuous/608/2022.2/src/shared/hls/clib/hlsmath/src/common/hls_exp_float.cpp:17) [19]  (7.14 ns)

 <State 12>: 6.24ns
The critical path consists of the following:
	'fsqrt' operation ('tmp_s', /wrk/ci/prod/2022.2/hls_product/continuous/608/2022.2/src/shared/hls/clib/hlsmath/src/c++/sqrtfloat.cpp:8) [20]  (6.24 ns)

 <State 13>: 6.24ns
The critical path consists of the following:
	'fsqrt' operation ('tmp_s', /wrk/ci/prod/2022.2/hls_product/continuous/608/2022.2/src/shared/hls/clib/hlsmath/src/c++/sqrtfloat.cpp:8) [20]  (6.24 ns)

 <State 14>: 6.24ns
The critical path consists of the following:
	'fsqrt' operation ('tmp_s', /wrk/ci/prod/2022.2/hls_product/continuous/608/2022.2/src/shared/hls/clib/hlsmath/src/c++/sqrtfloat.cpp:8) [20]  (6.24 ns)

 <State 15>: 6.24ns
The critical path consists of the following:
	'fsqrt' operation ('tmp_s', /wrk/ci/prod/2022.2/hls_product/continuous/608/2022.2/src/shared/hls/clib/hlsmath/src/c++/sqrtfloat.cpp:8) [20]  (6.24 ns)

 <State 16>: 6.24ns
The critical path consists of the following:
	'fsqrt' operation ('tmp_s', /wrk/ci/prod/2022.2/hls_product/continuous/608/2022.2/src/shared/hls/clib/hlsmath/src/c++/sqrtfloat.cpp:8) [20]  (6.24 ns)

 <State 17>: 6.24ns
The critical path consists of the following:
	'fsqrt' operation ('tmp_s', /wrk/ci/prod/2022.2/hls_product/continuous/608/2022.2/src/shared/hls/clib/hlsmath/src/c++/sqrtfloat.cpp:8) [20]  (6.24 ns)

 <State 18>: 6.24ns
The critical path consists of the following:
	'fsqrt' operation ('tmp_s', /wrk/ci/prod/2022.2/hls_product/continuous/608/2022.2/src/shared/hls/clib/hlsmath/src/c++/sqrtfloat.cpp:8) [20]  (6.24 ns)

 <State 19>: 6.24ns
The critical path consists of the following:
	'fsqrt' operation ('tmp_s', /wrk/ci/prod/2022.2/hls_product/continuous/608/2022.2/src/shared/hls/clib/hlsmath/src/c++/sqrtfloat.cpp:8) [20]  (6.24 ns)

 <State 20>: 6.24ns
The critical path consists of the following:
	'fsqrt' operation ('tmp_s', /wrk/ci/prod/2022.2/hls_product/continuous/608/2022.2/src/shared/hls/clib/hlsmath/src/c++/sqrtfloat.cpp:8) [20]  (6.24 ns)

 <State 21>: 6.24ns
The critical path consists of the following:
	'fsqrt' operation ('tmp_s', /wrk/ci/prod/2022.2/hls_product/continuous/608/2022.2/src/shared/hls/clib/hlsmath/src/c++/sqrtfloat.cpp:8) [20]  (6.24 ns)

 <State 22>: 6.24ns
The critical path consists of the following:
	'fsqrt' operation ('tmp_s', /wrk/ci/prod/2022.2/hls_product/continuous/608/2022.2/src/shared/hls/clib/hlsmath/src/c++/sqrtfloat.cpp:8) [20]  (6.24 ns)

 <State 23>: 6.24ns
The critical path consists of the following:
	'fsqrt' operation ('tmp_s', /wrk/ci/prod/2022.2/hls_product/continuous/608/2022.2/src/shared/hls/clib/hlsmath/src/c++/sqrtfloat.cpp:8) [20]  (6.24 ns)

 <State 24>: 6.24ns
The critical path consists of the following:
	'fsqrt' operation ('tmp_s', /wrk/ci/prod/2022.2/hls_product/continuous/608/2022.2/src/shared/hls/clib/hlsmath/src/c++/sqrtfloat.cpp:8) [20]  (6.24 ns)

 <State 25>: 6.24ns
The critical path consists of the following:
	'fsqrt' operation ('tmp_s', /wrk/ci/prod/2022.2/hls_product/continuous/608/2022.2/src/shared/hls/clib/hlsmath/src/c++/sqrtfloat.cpp:8) [20]  (6.24 ns)

 <State 26>: 6.24ns
The critical path consists of the following:
	'fsqrt' operation ('tmp_s', /wrk/ci/prod/2022.2/hls_product/continuous/608/2022.2/src/shared/hls/clib/hlsmath/src/c++/sqrtfloat.cpp:8) [20]  (6.24 ns)

 <State 27>: 6.24ns
The critical path consists of the following:
	'fsqrt' operation ('tmp_s', /wrk/ci/prod/2022.2/hls_product/continuous/608/2022.2/src/shared/hls/clib/hlsmath/src/c++/sqrtfloat.cpp:8) [20]  (6.24 ns)

 <State 28>: 3.46ns
The critical path consists of the following:
	'load' operation ('i', crazy_function_core.cpp:8) on local variable 'i' [24]  (0 ns)
	'add' operation ('add_ln8', crazy_function_core.cpp:8) [28]  (1.87 ns)
	'store' operation ('store_ln8', crazy_function_core.cpp:8) of variable 'add_ln8', crazy_function_core.cpp:8 on local variable 'i' [42]  (1.59 ns)

 <State 29>: 3.25ns
The critical path consists of the following:
	'load' operation ('x_load', crazy_function_core.cpp:9) on array 'x' [34]  (3.25 ns)

 <State 30>: 5.47ns
The critical path consists of the following:
	'call' operation ('tmp_7', /wrk/ci/prod/2022.2/hls_product/continuous/608/2022.2/src/shared/hls/clib/hlsmath/src/common/hls_hotbm_float.cpp:123) to 'sin_or_cos<float>' [36]  (5.47 ns)

 <State 31>: 7.07ns
The critical path consists of the following:
	'call' operation ('tmp_7', /wrk/ci/prod/2022.2/hls_product/continuous/608/2022.2/src/shared/hls/clib/hlsmath/src/common/hls_hotbm_float.cpp:123) to 'sin_or_cos<float>' [36]  (7.07 ns)

 <State 32>: 7.07ns
The critical path consists of the following:
	'call' operation ('tmp_7', /wrk/ci/prod/2022.2/hls_product/continuous/608/2022.2/src/shared/hls/clib/hlsmath/src/common/hls_hotbm_float.cpp:123) to 'sin_or_cos<float>' [36]  (7.07 ns)

 <State 33>: 7.07ns
The critical path consists of the following:
	'call' operation ('tmp_7', /wrk/ci/prod/2022.2/hls_product/continuous/608/2022.2/src/shared/hls/clib/hlsmath/src/common/hls_hotbm_float.cpp:123) to 'sin_or_cos<float>' [36]  (7.07 ns)

 <State 34>: 7.07ns
The critical path consists of the following:
	'call' operation ('tmp_7', /wrk/ci/prod/2022.2/hls_product/continuous/608/2022.2/src/shared/hls/clib/hlsmath/src/common/hls_hotbm_float.cpp:123) to 'sin_or_cos<float>' [36]  (7.07 ns)

 <State 35>: 7.07ns
The critical path consists of the following:
	'call' operation ('tmp_7', /wrk/ci/prod/2022.2/hls_product/continuous/608/2022.2/src/shared/hls/clib/hlsmath/src/common/hls_hotbm_float.cpp:123) to 'sin_or_cos<float>' [36]  (7.07 ns)

 <State 36>: 7.07ns
The critical path consists of the following:
	'call' operation ('tmp_7', /wrk/ci/prod/2022.2/hls_product/continuous/608/2022.2/src/shared/hls/clib/hlsmath/src/common/hls_hotbm_float.cpp:123) to 'sin_or_cos<float>' [36]  (7.07 ns)

 <State 37>: 7.07ns
The critical path consists of the following:
	'call' operation ('tmp_7', /wrk/ci/prod/2022.2/hls_product/continuous/608/2022.2/src/shared/hls/clib/hlsmath/src/common/hls_hotbm_float.cpp:123) to 'sin_or_cos<float>' [36]  (7.07 ns)

 <State 38>: 7.07ns
The critical path consists of the following:
	'call' operation ('tmp_7', /wrk/ci/prod/2022.2/hls_product/continuous/608/2022.2/src/shared/hls/clib/hlsmath/src/common/hls_hotbm_float.cpp:123) to 'sin_or_cos<float>' [36]  (7.07 ns)

 <State 39>: 7.07ns
The critical path consists of the following:
	'call' operation ('tmp_7', /wrk/ci/prod/2022.2/hls_product/continuous/608/2022.2/src/shared/hls/clib/hlsmath/src/common/hls_hotbm_float.cpp:123) to 'sin_or_cos<float>' [36]  (7.07 ns)

 <State 40>: 7.07ns
The critical path consists of the following:
	'call' operation ('tmp_7', /wrk/ci/prod/2022.2/hls_product/continuous/608/2022.2/src/shared/hls/clib/hlsmath/src/common/hls_hotbm_float.cpp:123) to 'sin_or_cos<float>' [36]  (7.07 ns)

 <State 41>: 7.07ns
The critical path consists of the following:
	'call' operation ('tmp_7', /wrk/ci/prod/2022.2/hls_product/continuous/608/2022.2/src/shared/hls/clib/hlsmath/src/common/hls_hotbm_float.cpp:123) to 'sin_or_cos<float>' [36]  (7.07 ns)

 <State 42>: 7.07ns
The critical path consists of the following:
	'call' operation ('tmp_7', /wrk/ci/prod/2022.2/hls_product/continuous/608/2022.2/src/shared/hls/clib/hlsmath/src/common/hls_hotbm_float.cpp:123) to 'sin_or_cos<float>' [36]  (7.07 ns)

 <State 43>: 7.07ns
The critical path consists of the following:
	'call' operation ('tmp_7', /wrk/ci/prod/2022.2/hls_product/continuous/608/2022.2/src/shared/hls/clib/hlsmath/src/common/hls_hotbm_float.cpp:123) to 'sin_or_cos<float>' [36]  (7.07 ns)

 <State 44>: 7.07ns
The critical path consists of the following:
	'call' operation ('tmp_7', /wrk/ci/prod/2022.2/hls_product/continuous/608/2022.2/src/shared/hls/clib/hlsmath/src/common/hls_hotbm_float.cpp:123) to 'sin_or_cos<float>' [36]  (7.07 ns)

 <State 45>: 7.07ns
The critical path consists of the following:
	'call' operation ('tmp_7', /wrk/ci/prod/2022.2/hls_product/continuous/608/2022.2/src/shared/hls/clib/hlsmath/src/common/hls_hotbm_float.cpp:123) to 'sin_or_cos<float>' [36]  (7.07 ns)

 <State 46>: 7.07ns
The critical path consists of the following:
	'call' operation ('tmp_7', /wrk/ci/prod/2022.2/hls_product/continuous/608/2022.2/src/shared/hls/clib/hlsmath/src/common/hls_hotbm_float.cpp:123) to 'sin_or_cos<float>' [36]  (7.07 ns)

 <State 47>: 7.07ns
The critical path consists of the following:
	'call' operation ('tmp_7', /wrk/ci/prod/2022.2/hls_product/continuous/608/2022.2/src/shared/hls/clib/hlsmath/src/common/hls_hotbm_float.cpp:123) to 'sin_or_cos<float>' [36]  (7.07 ns)

 <State 48>: 7.07ns
The critical path consists of the following:
	'call' operation ('tmp_7', /wrk/ci/prod/2022.2/hls_product/continuous/608/2022.2/src/shared/hls/clib/hlsmath/src/common/hls_hotbm_float.cpp:123) to 'sin_or_cos<float>' [36]  (7.07 ns)

 <State 49>: 5.41ns
The critical path consists of the following:
	'call' operation ('tmp_7', /wrk/ci/prod/2022.2/hls_product/continuous/608/2022.2/src/shared/hls/clib/hlsmath/src/common/hls_hotbm_float.cpp:123) to 'sin_or_cos<float>' [36]  (5.41 ns)

 <State 50>: 7.26ns
The critical path consists of the following:
	'fadd' operation ('add', crazy_function_core.cpp:9) [37]  (7.26 ns)

 <State 51>: 7.26ns
The critical path consists of the following:
	'fadd' operation ('add', crazy_function_core.cpp:9) [37]  (7.26 ns)

 <State 52>: 7.26ns
The critical path consists of the following:
	'fadd' operation ('add', crazy_function_core.cpp:9) [37]  (7.26 ns)

 <State 53>: 7.26ns
The critical path consists of the following:
	'fadd' operation ('add', crazy_function_core.cpp:9) [37]  (7.26 ns)

 <State 54>: 7.26ns
The critical path consists of the following:
	'fadd' operation ('add', crazy_function_core.cpp:9) [37]  (7.26 ns)

 <State 55>: 5.7ns
The critical path consists of the following:
	'fmul' operation ('div', crazy_function_core.cpp:9) [38]  (5.7 ns)

 <State 56>: 5.7ns
The critical path consists of the following:
	'fmul' operation ('div', crazy_function_core.cpp:9) [38]  (5.7 ns)

 <State 57>: 5.7ns
The critical path consists of the following:
	'fmul' operation ('div', crazy_function_core.cpp:9) [38]  (5.7 ns)

 <State 58>: 5.7ns
The critical path consists of the following:
	'fmul' operation ('div', crazy_function_core.cpp:9) [38]  (5.7 ns)

 <State 59>: 3.25ns
The critical path consists of the following:
	'store' operation ('store_ln9', crazy_function_core.cpp:9) of variable 'bitcast_ln9', crazy_function_core.cpp:9 on array 'res' [41]  (3.25 ns)

 <State 60>: 0ns
The critical path consists of the following:


============================================================
+ Verbose Summary: Binding
============================================================
N/A
* FSMD analyzer results:
  - Output states:
 - Input state : 
  - Chain level:
	State 1
	State 2
	State 3
	State 4
	State 5
	State 6
	State 7
	State 8
	State 9
	State 10
	State 11
	State 12
	State 13
	State 14
	State 15
	State 16
	State 17
	State 18
	State 19
	State 20
	State 21
	State 22
	State 23
	State 24
	State 25
	State 26
	State 27
	State 28
	State 29
	State 30
	State 31
	State 32
	State 33
	State 34
	State 35
	State 36
	State 37
	State 38
	State 39
	State 40
	State 41
	State 42
	State 43
	State 44
	State 45
	State 46
	State 47
	State 48
	State 49
	State 50
	State 51
	State 52
	State 53
	State 54
	State 55
	State 56
	State 57
	State 58
	State 59
	State 60


============================================================
+ Verbose Summary: Datapath Resource usage 
============================================================
N/A
