Mon Jun  5 12:23:06 2023: Running xcd server. This server was built by gradle.
Mon Jun  5 12:23:06 2023: Server was asked to start on port: '41673'
Mon Jun  5 12:23:06 2023: Server is using token UUID: 'a5cbeef5-d401-46cd-a3f3-eb866acaca97'
Mon Jun  5 12:23:06 2023: SESSION_MGR: creating session with session uuid: '6d04a3e9-ade5-4ab9-8d63-1f78fcd2ec76' and name 'default'
Mon Jun  5 12:23:06 2023: Attempting to start server on port '41673'
Mon Jun  5 12:23:06 2023: XCD main fifo: created main fifo '/tmp/xcdmaina5cbeef5-d401-46cd-a3f3-eb866acaca97', fd read = 13
Mon Jun  5 12:23:06 2023: Running Dispatch Server
Mon Jun  5 12:23:06 2023: Version 2.2.0
Mon Jun  5 12:23:12 2023: Dispatch Server: Accepted socket connection from client
Mon Jun  5 12:23:12 2023: Starting Socket connection
Mon Jun  5 12:23:12 2023: EXCHANGE_TOKEN received, server token: a5cbeef5-d401-46cd-a3f3-eb866acaca97, passed token: a5cbeef5-d401-46cd-a3f3-eb866acaca97
Mon Jun  5 12:23:12 2023: SESSION_MGR: creating session with session uuid: 'b2f35a55-4104-4b6b-bda2-4c386c8bc683' and name 'vitis_hls'
Mon Jun  5 12:23:12 2023: KERNEL_SVC: creating session with uuid: 'b2f35a55-4104-4b6b-bda2-4c386c8bc683' and name 'vitis_hls'
Mon Jun  5 12:23:12 2023: GUIDANCE_SMGR: creating guidance session with uuid: 'b2f35a55-4104-4b6b-bda2-4c386c8bc683' and name 'vitis_hls'
Mon Jun  5 12:23:13 2023: STOP_SERVER received, server token: a5cbeef5-d401-46cd-a3f3-eb866acaca97, passed token: a5cbeef5-d401-46cd-a3f3-eb866acaca97
Mon Jun  5 12:23:13 2023: Socket received request to stop server.
Mon Jun  5 12:23:13 2023: Dispatch Server: do_await_stop
Mon Jun  5 12:23:13 2023: Dispatch Server: stopping mainFifo_
Mon Jun  5 12:23:13 2023: XCD main fifo: Stopping
Mon Jun  5 12:23:13 2023: XCD main fifo: do_read error code: Operation canceled
Mon Jun  5 12:23:13 2023: XCD main fifo: bytes_transferred: 0
Mon Jun  5 12:23:13 2023: SERVER: destructor for server bound to port 41673
Mon Jun  5 12:23:13 2023: XCD main fifo: Good unlink of /tmp/xcdmaina5cbeef5-d401-46cd-a3f3-eb866acaca97
Mon Jun  5 12:23:13 2023: Server exiting with status 0.
Mon Jun  5 12:23:13 2023: Closing log file.
Mon Jun  5 12:25:21 2023: Running xcd server. This server was built by gradle.
Mon Jun  5 12:25:21 2023: Server was asked to start on port: '35123'
Mon Jun  5 12:25:21 2023: Server is using token UUID: '112940aa-bae6-4bcc-aec5-a0eebc099467'
Mon Jun  5 12:25:21 2023: SESSION_MGR: creating session with session uuid: '6d04a3e9-ade5-4ab9-8d63-1f78fcd2ec76' and name 'default'
Mon Jun  5 12:25:21 2023: Attempting to start server on port '35123'
Mon Jun  5 12:25:21 2023: XCD main fifo: created main fifo '/tmp/xcdmain112940aa-bae6-4bcc-aec5-a0eebc099467', fd read = 13
Mon Jun  5 12:25:21 2023: Running Dispatch Server
Mon Jun  5 12:25:21 2023: Version 2.2.0
Mon Jun  5 12:25:25 2023: Dispatch Server: Accepted socket connection from client
Mon Jun  5 12:25:25 2023: Starting Socket connection
Mon Jun  5 12:25:25 2023: EXCHANGE_TOKEN received, server token: 112940aa-bae6-4bcc-aec5-a0eebc099467, passed token: 112940aa-bae6-4bcc-aec5-a0eebc099467
Mon Jun  5 12:25:25 2023: SESSION_MGR: creating session with session uuid: 'a6f812b6-ac76-4313-9458-cd1b29a9750f' and name 'vitis_hls'
Mon Jun  5 12:25:25 2023: KERNEL_SVC: creating session with uuid: 'a6f812b6-ac76-4313-9458-cd1b29a9750f' and name 'vitis_hls'
Mon Jun  5 12:25:25 2023: GUIDANCE_SMGR: creating guidance session with uuid: 'a6f812b6-ac76-4313-9458-cd1b29a9750f' and name 'vitis_hls'
Mon Jun  5 12:25:26 2023: STOP_SERVER received, server token: 112940aa-bae6-4bcc-aec5-a0eebc099467, passed token: 112940aa-bae6-4bcc-aec5-a0eebc099467
Mon Jun  5 12:25:26 2023: Socket received request to stop server.
Mon Jun  5 12:25:26 2023: Dispatch Server: do_await_stop
Mon Jun  5 12:25:26 2023: Dispatch Server: stopping mainFifo_
Mon Jun  5 12:25:26 2023: XCD main fifo: Stopping
Mon Jun  5 12:25:26 2023: XCD main fifo: do_read error code: Operation canceled
Mon Jun  5 12:25:26 2023: XCD main fifo: bytes_transferred: 0
Mon Jun  5 12:25:26 2023: SERVER: destructor for server bound to port 35123
Mon Jun  5 12:25:26 2023: XCD main fifo: Good unlink of /tmp/xcdmain112940aa-bae6-4bcc-aec5-a0eebc099467
Mon Jun  5 12:25:26 2023: Server exiting with status 0.
Mon Jun  5 12:25:26 2023: Closing log file.
Mon Jun  5 12:29:15 2023: Running xcd server. This server was built by gradle.
Mon Jun  5 12:29:15 2023: Server was asked to start on port: '40145'
Mon Jun  5 12:29:15 2023: Server is using token UUID: '72cfc830-53c6-4181-82a6-d3774cc70f7d'
Mon Jun  5 12:29:15 2023: SESSION_MGR: creating session with session uuid: '6d04a3e9-ade5-4ab9-8d63-1f78fcd2ec76' and name 'default'
Mon Jun  5 12:29:15 2023: Attempting to start server on port '40145'
Mon Jun  5 12:29:15 2023: XCD main fifo: created main fifo '/tmp/xcdmain72cfc830-53c6-4181-82a6-d3774cc70f7d', fd read = 13
Mon Jun  5 12:29:15 2023: Running Dispatch Server
Mon Jun  5 12:29:15 2023: Version 2.2.0
Mon Jun  5 12:29:22 2023: Dispatch Server: Accepted socket connection from client
Mon Jun  5 12:29:22 2023: Starting Socket connection
Mon Jun  5 12:29:22 2023: EXCHANGE_TOKEN received, server token: 72cfc830-53c6-4181-82a6-d3774cc70f7d, passed token: 72cfc830-53c6-4181-82a6-d3774cc70f7d
Mon Jun  5 12:29:22 2023: SESSION_MGR: creating session with session uuid: 'd87cd2e6-79af-40cc-84ef-663c69f1bc59' and name 'vitis_hls'
Mon Jun  5 12:29:22 2023: KERNEL_SVC: creating session with uuid: 'd87cd2e6-79af-40cc-84ef-663c69f1bc59' and name 'vitis_hls'
Mon Jun  5 12:29:22 2023: GUIDANCE_SMGR: creating guidance session with uuid: 'd87cd2e6-79af-40cc-84ef-663c69f1bc59' and name 'vitis_hls'
Mon Jun  5 12:29:22 2023: STOP_SERVER received, server token: 72cfc830-53c6-4181-82a6-d3774cc70f7d, passed token: 72cfc830-53c6-4181-82a6-d3774cc70f7d
Mon Jun  5 12:29:22 2023: Socket received request to stop server.
Mon Jun  5 12:29:22 2023: Dispatch Server: do_await_stop
Mon Jun  5 12:29:22 2023: Dispatch Server: stopping mainFifo_
Mon Jun  5 12:29:22 2023: XCD main fifo: Stopping
Mon Jun  5 12:29:22 2023: XCD main fifo: do_read error code: Operation canceled
Mon Jun  5 12:29:22 2023: XCD main fifo: bytes_transferred: 0
Mon Jun  5 12:29:22 2023: SERVER: destructor for server bound to port 40145
Mon Jun  5 12:29:22 2023: XCD main fifo: Good unlink of /tmp/xcdmain72cfc830-53c6-4181-82a6-d3774cc70f7d
Mon Jun  5 12:29:22 2023: Server exiting with status 0.
Mon Jun  5 12:29:22 2023: Closing log file.
Mon Jun  5 12:30:33 2023: Running xcd server. This server was built by gradle.
Mon Jun  5 12:30:33 2023: Server was asked to start on port: '42685'
Mon Jun  5 12:30:33 2023: Server is using token UUID: 'e8555dc0-4750-44dc-8663-612b64b0562d'
Mon Jun  5 12:30:33 2023: SESSION_MGR: creating session with session uuid: '6d04a3e9-ade5-4ab9-8d63-1f78fcd2ec76' and name 'default'
Mon Jun  5 12:30:33 2023: Attempting to start server on port '42685'
Mon Jun  5 12:30:33 2023: XCD main fifo: created main fifo '/tmp/xcdmaine8555dc0-4750-44dc-8663-612b64b0562d', fd read = 13
Mon Jun  5 12:30:33 2023: Running Dispatch Server
Mon Jun  5 12:30:33 2023: Version 2.2.0
Mon Jun  5 12:30:34 2023: Dispatch Server: Accepted socket connection from client
Mon Jun  5 12:30:34 2023: Starting Socket connection
Mon Jun  5 12:30:34 2023: EXCHANGE_TOKEN received, server token: e8555dc0-4750-44dc-8663-612b64b0562d, passed token: e8555dc0-4750-44dc-8663-612b64b0562d
Mon Jun  5 12:30:34 2023: SESSION_MGR: creating session with session uuid: '8f9d476f-42e0-40a0-95ea-7d89640ed2aa' and name 'vitis_hls'
Mon Jun  5 12:30:34 2023: KERNEL_SVC: creating session with uuid: '8f9d476f-42e0-40a0-95ea-7d89640ed2aa' and name 'vitis_hls'
Mon Jun  5 12:30:34 2023: GUIDANCE_SMGR: creating guidance session with uuid: '8f9d476f-42e0-40a0-95ea-7d89640ed2aa' and name 'vitis_hls'
Mon Jun  5 12:30:35 2023: STOP_SERVER received, server token: e8555dc0-4750-44dc-8663-612b64b0562d, passed token: e8555dc0-4750-44dc-8663-612b64b0562d
Mon Jun  5 12:30:35 2023: Socket received request to stop server.
Mon Jun  5 12:30:35 2023: Dispatch Server: do_await_stop
Mon Jun  5 12:30:35 2023: Dispatch Server: stopping mainFifo_
Mon Jun  5 12:30:35 2023: XCD main fifo: Stopping
Mon Jun  5 12:30:35 2023: XCD main fifo: do_read error code: Operation canceled
Mon Jun  5 12:30:35 2023: XCD main fifo: bytes_transferred: 0
Mon Jun  5 12:30:35 2023: SERVER: destructor for server bound to port 42685
Mon Jun  5 12:30:35 2023: XCD main fifo: Good unlink of /tmp/xcdmaine8555dc0-4750-44dc-8663-612b64b0562d
Mon Jun  5 12:30:35 2023: Server exiting with status 0.
Mon Jun  5 12:30:35 2023: Closing log file.
Mon Jun  5 12:32:05 2023: Running xcd server. This server was built by gradle.
Mon Jun  5 12:32:05 2023: Server was asked to start on port: '36253'
Mon Jun  5 12:32:05 2023: Server is using token UUID: 'da41567d-d65e-4072-839d-b8ae1db473d3'
Mon Jun  5 12:32:05 2023: SESSION_MGR: creating session with session uuid: '6d04a3e9-ade5-4ab9-8d63-1f78fcd2ec76' and name 'default'
Mon Jun  5 12:32:05 2023: Attempting to start server on port '36253'
Mon Jun  5 12:32:05 2023: XCD main fifo: created main fifo '/tmp/xcdmainda41567d-d65e-4072-839d-b8ae1db473d3', fd read = 13
Mon Jun  5 12:32:05 2023: Running Dispatch Server
Mon Jun  5 12:32:05 2023: Version 2.2.0
Mon Jun  5 12:32:07 2023: Dispatch Server: Accepted socket connection from client
Mon Jun  5 12:32:07 2023: Starting Socket connection
Mon Jun  5 12:32:07 2023: EXCHANGE_TOKEN received, server token: da41567d-d65e-4072-839d-b8ae1db473d3, passed token: da41567d-d65e-4072-839d-b8ae1db473d3
Mon Jun  5 12:32:07 2023: SESSION_MGR: creating session with session uuid: 'a477ae33-7c68-4858-89d7-c03267530812' and name 'vitis_hls'
Mon Jun  5 12:32:07 2023: KERNEL_SVC: creating session with uuid: 'a477ae33-7c68-4858-89d7-c03267530812' and name 'vitis_hls'
Mon Jun  5 12:32:07 2023: GUIDANCE_SMGR: creating guidance session with uuid: 'a477ae33-7c68-4858-89d7-c03267530812' and name 'vitis_hls'
Mon Jun  5 12:32:18 2023: STOP_SERVER received, server token: da41567d-d65e-4072-839d-b8ae1db473d3, passed token: da41567d-d65e-4072-839d-b8ae1db473d3
Mon Jun  5 12:32:18 2023: Socket received request to stop server.
Mon Jun  5 12:32:18 2023: Dispatch Server: do_await_stop
Mon Jun  5 12:32:18 2023: Dispatch Server: stopping mainFifo_
Mon Jun  5 12:32:18 2023: XCD main fifo: Stopping
Mon Jun  5 12:32:18 2023: XCD main fifo: do_read error code: Operation canceled
Mon Jun  5 12:32:18 2023: XCD main fifo: bytes_transferred: 0
Mon Jun  5 12:32:18 2023: SERVER: destructor for server bound to port 36253
Mon Jun  5 12:32:18 2023: XCD main fifo: Good unlink of /tmp/xcdmainda41567d-d65e-4072-839d-b8ae1db473d3
Mon Jun  5 12:32:18 2023: Server exiting with status 0.
Mon Jun  5 12:32:18 2023: Closing log file.
Mon Jun  5 12:33:54 2023: Running xcd server. This server was built by gradle.
Mon Jun  5 12:33:54 2023: Server was asked to start on port: '45817'
Mon Jun  5 12:33:54 2023: Server is using token UUID: 'a5060089-3073-4613-98d1-113cfefbb49d'
Mon Jun  5 12:33:54 2023: SESSION_MGR: creating session with session uuid: '6d04a3e9-ade5-4ab9-8d63-1f78fcd2ec76' and name 'default'
Mon Jun  5 12:33:54 2023: Attempting to start server on port '45817'
Mon Jun  5 12:33:54 2023: XCD main fifo: created main fifo '/tmp/xcdmaina5060089-3073-4613-98d1-113cfefbb49d', fd read = 13
Mon Jun  5 12:33:54 2023: Running Dispatch Server
Mon Jun  5 12:33:54 2023: Version 2.2.0
Mon Jun  5 12:34:00 2023: Dispatch Server: Accepted socket connection from client
Mon Jun  5 12:34:00 2023: Starting Socket connection
Mon Jun  5 12:34:00 2023: EXCHANGE_TOKEN received, server token: a5060089-3073-4613-98d1-113cfefbb49d, passed token: a5060089-3073-4613-98d1-113cfefbb49d
Mon Jun  5 12:34:00 2023: SESSION_MGR: creating session with session uuid: '9c429548-9c0b-4685-bf55-d81cb9a22899' and name 'vitis_hls'
Mon Jun  5 12:34:00 2023: KERNEL_SVC: creating session with uuid: '9c429548-9c0b-4685-bf55-d81cb9a22899' and name 'vitis_hls'
Mon Jun  5 12:34:00 2023: GUIDANCE_SMGR: creating guidance session with uuid: '9c429548-9c0b-4685-bf55-d81cb9a22899' and name 'vitis_hls'
Mon Jun  5 12:34:05 2023: STOP_SERVER received, server token: a5060089-3073-4613-98d1-113cfefbb49d, passed token: a5060089-3073-4613-98d1-113cfefbb49d
Mon Jun  5 12:34:05 2023: Socket received request to stop server.
Mon Jun  5 12:34:05 2023: Dispatch Server: do_await_stop
Mon Jun  5 12:34:05 2023: Dispatch Server: stopping mainFifo_
Mon Jun  5 12:34:05 2023: XCD main fifo: Stopping
Mon Jun  5 12:34:05 2023: XCD main fifo: do_read error code: Operation canceled
Mon Jun  5 12:34:05 2023: XCD main fifo: bytes_transferred: 0
Mon Jun  5 12:34:05 2023: SERVER: destructor for server bound to port 45817
Mon Jun  5 12:34:05 2023: XCD main fifo: Good unlink of /tmp/xcdmaina5060089-3073-4613-98d1-113cfefbb49d
Mon Jun  5 12:34:05 2023: Server exiting with status 0.
Mon Jun  5 12:34:05 2023: Closing log file.
Mon Jun  5 12:36:59 2023: Running xcd server. This server was built by gradle.
Mon Jun  5 12:36:59 2023: Server was asked to start on port: '37319'
Mon Jun  5 12:36:59 2023: Server is using token UUID: 'f03ff7c0-b956-4746-a6c9-1c15d5b18b88'
Mon Jun  5 12:36:59 2023: SESSION_MGR: creating session with session uuid: '6d04a3e9-ade5-4ab9-8d63-1f78fcd2ec76' and name 'default'
Mon Jun  5 12:36:59 2023: Attempting to start server on port '37319'
Mon Jun  5 12:36:59 2023: XCD main fifo: created main fifo '/tmp/xcdmainf03ff7c0-b956-4746-a6c9-1c15d5b18b88', fd read = 13
Mon Jun  5 12:36:59 2023: Running Dispatch Server
Mon Jun  5 12:36:59 2023: Version 2.2.0
Mon Jun  5 12:37:05 2023: Dispatch Server: Accepted socket connection from client
Mon Jun  5 12:37:05 2023: Starting Socket connection
Mon Jun  5 12:37:05 2023: EXCHANGE_TOKEN received, server token: f03ff7c0-b956-4746-a6c9-1c15d5b18b88, passed token: f03ff7c0-b956-4746-a6c9-1c15d5b18b88
Mon Jun  5 12:37:05 2023: SESSION_MGR: creating session with session uuid: '03065b41-a4cb-4ab6-8119-a495ea743a08' and name 'vitis_hls'
Mon Jun  5 12:37:05 2023: KERNEL_SVC: creating session with uuid: '03065b41-a4cb-4ab6-8119-a495ea743a08' and name 'vitis_hls'
Mon Jun  5 12:37:05 2023: GUIDANCE_SMGR: creating guidance session with uuid: '03065b41-a4cb-4ab6-8119-a495ea743a08' and name 'vitis_hls'
Mon Jun  5 12:37:11 2023: STOP_SERVER received, server token: f03ff7c0-b956-4746-a6c9-1c15d5b18b88, passed token: f03ff7c0-b956-4746-a6c9-1c15d5b18b88
Mon Jun  5 12:37:11 2023: Socket received request to stop server.
Mon Jun  5 12:37:11 2023: Dispatch Server: do_await_stop
Mon Jun  5 12:37:11 2023: Dispatch Server: stopping mainFifo_
Mon Jun  5 12:37:11 2023: XCD main fifo: Stopping
Mon Jun  5 12:37:11 2023: XCD main fifo: do_read error code: Operation canceled
Mon Jun  5 12:37:11 2023: XCD main fifo: bytes_transferred: 0
Mon Jun  5 12:37:11 2023: SERVER: destructor for server bound to port 37319
Mon Jun  5 12:37:11 2023: XCD main fifo: Good unlink of /tmp/xcdmainf03ff7c0-b956-4746-a6c9-1c15d5b18b88
Mon Jun  5 12:37:11 2023: Server exiting with status 0.
Mon Jun  5 12:37:11 2023: Closing log file.
Mon Jun  5 12:38:26 2023: Running xcd server. This server was built by gradle.
Mon Jun  5 12:38:26 2023: Server was asked to start on port: '38989'
Mon Jun  5 12:38:26 2023: Server is using token UUID: '164ac3d2-b749-44e5-839f-6df8ea88e998'
Mon Jun  5 12:38:26 2023: SESSION_MGR: creating session with session uuid: '6d04a3e9-ade5-4ab9-8d63-1f78fcd2ec76' and name 'default'
Mon Jun  5 12:38:26 2023: Attempting to start server on port '38989'
Mon Jun  5 12:38:26 2023: XCD main fifo: created main fifo '/tmp/xcdmain164ac3d2-b749-44e5-839f-6df8ea88e998', fd read = 13
Mon Jun  5 12:38:26 2023: Running Dispatch Server
Mon Jun  5 12:38:26 2023: Version 2.2.0
Mon Jun  5 12:38:29 2023: Dispatch Server: Accepted socket connection from client
Mon Jun  5 12:38:29 2023: Starting Socket connection
Mon Jun  5 12:38:29 2023: EXCHANGE_TOKEN received, server token: 164ac3d2-b749-44e5-839f-6df8ea88e998, passed token: 164ac3d2-b749-44e5-839f-6df8ea88e998
Mon Jun  5 12:38:29 2023: SESSION_MGR: creating session with session uuid: 'd8630f23-59be-47b2-9426-de2880029365' and name 'vitis_hls'
Mon Jun  5 12:38:29 2023: KERNEL_SVC: creating session with uuid: 'd8630f23-59be-47b2-9426-de2880029365' and name 'vitis_hls'
Mon Jun  5 12:38:29 2023: GUIDANCE_SMGR: creating guidance session with uuid: 'd8630f23-59be-47b2-9426-de2880029365' and name 'vitis_hls'
Mon Jun  5 12:38:44 2023: STOP_SERVER received, server token: 164ac3d2-b749-44e5-839f-6df8ea88e998, passed token: 164ac3d2-b749-44e5-839f-6df8ea88e998
Mon Jun  5 12:38:44 2023: Socket received request to stop server.
Mon Jun  5 12:38:44 2023: Dispatch Server: do_await_stop
Mon Jun  5 12:38:44 2023: Dispatch Server: stopping mainFifo_
Mon Jun  5 12:38:44 2023: XCD main fifo: Stopping
Mon Jun  5 12:38:44 2023: XCD main fifo: do_read error code: Operation canceled
Mon Jun  5 12:38:44 2023: XCD main fifo: bytes_transferred: 0
Mon Jun  5 12:38:44 2023: SERVER: destructor for server bound to port 38989
Mon Jun  5 12:38:44 2023: XCD main fifo: Good unlink of /tmp/xcdmain164ac3d2-b749-44e5-839f-6df8ea88e998
Mon Jun  5 12:38:44 2023: Server exiting with status 0.
Mon Jun  5 12:38:44 2023: Closing log file.
Mon Jun  5 12:40:30 2023: Running xcd server. This server was built by gradle.
Mon Jun  5 12:40:30 2023: Server was asked to start on port: '43777'
Mon Jun  5 12:40:30 2023: Server is using token UUID: '9af45dad-8e6f-45b8-a874-5751af93b30e'
Mon Jun  5 12:40:30 2023: SESSION_MGR: creating session with session uuid: '6d04a3e9-ade5-4ab9-8d63-1f78fcd2ec76' and name 'default'
Mon Jun  5 12:40:30 2023: Attempting to start server on port '43777'
Mon Jun  5 12:40:30 2023: XCD main fifo: created main fifo '/tmp/xcdmain9af45dad-8e6f-45b8-a874-5751af93b30e', fd read = 13
Mon Jun  5 12:40:30 2023: Running Dispatch Server
Mon Jun  5 12:40:30 2023: Version 2.2.0
Mon Jun  5 12:40:32 2023: Dispatch Server: Accepted socket connection from client
Mon Jun  5 12:40:32 2023: Starting Socket connection
Mon Jun  5 12:40:32 2023: EXCHANGE_TOKEN received, server token: 9af45dad-8e6f-45b8-a874-5751af93b30e, passed token: 9af45dad-8e6f-45b8-a874-5751af93b30e
Mon Jun  5 12:40:32 2023: SESSION_MGR: creating session with session uuid: '987e7e8a-78ab-42bd-8b60-95389929d2ea' and name 'vitis_hls'
Mon Jun  5 12:40:32 2023: KERNEL_SVC: creating session with uuid: '987e7e8a-78ab-42bd-8b60-95389929d2ea' and name 'vitis_hls'
Mon Jun  5 12:40:32 2023: GUIDANCE_SMGR: creating guidance session with uuid: '987e7e8a-78ab-42bd-8b60-95389929d2ea' and name 'vitis_hls'
Mon Jun  5 12:40:42 2023: STOP_SERVER received, server token: 9af45dad-8e6f-45b8-a874-5751af93b30e, passed token: 9af45dad-8e6f-45b8-a874-5751af93b30e
Mon Jun  5 12:40:42 2023: Socket received request to stop server.
Mon Jun  5 12:40:42 2023: Dispatch Server: do_await_stop
Mon Jun  5 12:40:42 2023: Dispatch Server: stopping mainFifo_
Mon Jun  5 12:40:42 2023: XCD main fifo: Stopping
Mon Jun  5 12:40:42 2023: XCD main fifo: do_read error code: Operation canceled
Mon Jun  5 12:40:42 2023: XCD main fifo: bytes_transferred: 0
Mon Jun  5 12:40:42 2023: SERVER: destructor for server bound to port 43777
Mon Jun  5 12:40:42 2023: XCD main fifo: Good unlink of /tmp/xcdmain9af45dad-8e6f-45b8-a874-5751af93b30e
Mon Jun  5 12:40:42 2023: Server exiting with status 0.
Mon Jun  5 12:40:42 2023: Closing log file.
Mon Jun  5 12:44:13 2023: Running xcd server. This server was built by gradle.
Mon Jun  5 12:44:13 2023: Server was asked to start on port: '46065'
Mon Jun  5 12:44:13 2023: Server is using token UUID: '4368139f-f7e8-402d-ae17-fc9296648091'
Mon Jun  5 12:44:13 2023: SESSION_MGR: creating session with session uuid: '6d04a3e9-ade5-4ab9-8d63-1f78fcd2ec76' and name 'default'
Mon Jun  5 12:44:13 2023: Attempting to start server on port '46065'
Mon Jun  5 12:44:13 2023: XCD main fifo: created main fifo '/tmp/xcdmain4368139f-f7e8-402d-ae17-fc9296648091', fd read = 13
Mon Jun  5 12:44:13 2023: Running Dispatch Server
Mon Jun  5 12:44:13 2023: Version 2.2.0
Mon Jun  5 12:44:19 2023: Dispatch Server: Accepted socket connection from client
Mon Jun  5 12:44:19 2023: Starting Socket connection
Mon Jun  5 12:44:19 2023: EXCHANGE_TOKEN received, server token: 4368139f-f7e8-402d-ae17-fc9296648091, passed token: 4368139f-f7e8-402d-ae17-fc9296648091
Mon Jun  5 12:44:19 2023: SESSION_MGR: creating session with session uuid: '30fa545b-fdf6-4a63-8cfc-839e1801668e' and name 'vitis_hls'
Mon Jun  5 12:44:19 2023: KERNEL_SVC: creating session with uuid: '30fa545b-fdf6-4a63-8cfc-839e1801668e' and name 'vitis_hls'
Mon Jun  5 12:44:19 2023: GUIDANCE_SMGR: creating guidance session with uuid: '30fa545b-fdf6-4a63-8cfc-839e1801668e' and name 'vitis_hls'
Mon Jun  5 12:44:31 2023: STOP_SERVER received, server token: 4368139f-f7e8-402d-ae17-fc9296648091, passed token: 4368139f-f7e8-402d-ae17-fc9296648091
Mon Jun  5 12:44:31 2023: Socket received request to stop server.
Mon Jun  5 12:44:31 2023: Dispatch Server: do_await_stop
Mon Jun  5 12:44:31 2023: Dispatch Server: stopping mainFifo_
Mon Jun  5 12:44:31 2023: XCD main fifo: Stopping
Mon Jun  5 12:44:31 2023: XCD main fifo: do_read error code: Operation canceled
Mon Jun  5 12:44:31 2023: XCD main fifo: bytes_transferred: 0
Mon Jun  5 12:44:31 2023: SERVER: destructor for server bound to port 46065
Mon Jun  5 12:44:31 2023: XCD main fifo: Good unlink of /tmp/xcdmain4368139f-f7e8-402d-ae17-fc9296648091
Mon Jun  5 12:44:31 2023: Server exiting with status 0.
Mon Jun  5 12:44:31 2023: Closing log file.
