#-----------------------------------------------------------
# xsim v2022.2 (64-bit)
# SW Build 3671981 on Fri Oct 14 05:00:03 MDT 2022
# IP Build 3669848 on Fri Oct 14 08:30:02 MDT 2022
# Start of session at: Wed Nov 23 11:10:57 2022
# Process ID: 12052
# Current directory: C:/Users/pcost/Documents/github/Dissertation/training/leonardo_tutorials_hls/lab_01_hls/solution1/sim/verilog
# Command line: xsim.exe -mode tcl -source {xsim.dir/divide/xsim_script.tcl}
# Log file: C:/Users/pcost/Documents/github/Dissertation/training/leonardo_tutorials_hls/lab_01_hls/solution1/sim/verilog/xsim.log
# Journal file: C:/Users/pcost/Documents/github/Dissertation/training/leonardo_tutorials_hls/lab_01_hls/solution1/sim/verilog\xsim.jou
# Running On: DESKTOP-482L3JE, OS: Windows, CPU Frequency: 3500 MHz, CPU Physical cores: 4, Host memory: 8531 MB
#-----------------------------------------------------------
source xsim.dir/divide/xsim_script.tcl
# xsim {divide} -autoloadwcfg -tclbatch {divide.tcl}
Time resolution is 1 ps
source divide.tcl
## run all
////////////////////////////////////////////////////////////////////////////////////
// Inter-Transaction Progress: Completed Transaction / Total Transaction
// Intra-Transaction Progress: Measured Latency / Latency Estimation * 100%
//
// RTL Simulation : "Inter-Transaction Progress" ["Intra-Transaction Progress"] @ "Simulation Time"
////////////////////////////////////////////////////////////////////////////////////
// RTL Simulation : 0 / 2 [n/a] @ "125000"
// RTL Simulation : 1 / 2 [n/a] @ "165000"
// RTL Simulation : 2 / 2 [n/a] @ "195000"
////////////////////////////////////////////////////////////////////////////////////
$finish called at time : 255 ns : File "C:/Users/pcost/Documents/github/Dissertation/training/leonardo_tutorials_hls/lab_01_hls/solution1/sim/verilog/divide.autotb.v" Line 402
## quit
INFO: [Common 17-206] Exiting xsim at Wed Nov 23 11:11:03 2022...
