INFO-FLOW: Workspace /home/pedro/Documents/github/Dissertation-Training/leonardo_tutorials_hls/lab_07_hls/solution1 opened at Sun Jan 01 12:03:41 WET 2023
Execute     ap_set_clock -name default -period 10 -default=false 
INFO: [SYN 201-201] Setting up clock 'default' with a period of 10ns.
Execute     set_part xc7z020-clg400-1 
Execute       create_platform xc7z020-clg400-1 -board  
DBG:HLSDevice: Trying to load device library: /tools/Xilinx/Vitis_HLS/2022.2/lib/lnx64.o/libxv_hlsvwrap.so
DBG:HLSDevice: first parts/arch.xml in RDI_DATADIR: /tools/Xilinx/Vivado/2022.2/data/parts/arch.xml
DBG:HLSDevice: init success
INFO: [HLS 200-1611] Setting target device to 'xc7z020-clg400-1'
Command       create_platform done; 1.49 sec.
Execute       source /tools/Xilinx/Vitis_HLS/2022.2/common/technology/xilinx/common/xilinx.gen 
Execute         source /tools/Xilinx/Vitis_HLS/2022.2/common/technology/xilinx/interface/plb46.gen 
Execute         source /tools/Xilinx/Vitis_HLS/2022.2/common/technology/xilinx/interface/axi4.gen 
Execute         source /tools/Xilinx/Vitis_HLS/2022.2/common/technology/xilinx/interface/nativeAXI4.gen 
Execute           source /tools/Xilinx/Vitis_HLS/2022.2/common/technology/xilinx/interface/saxilite.gen 
Execute         source /tools/Xilinx/Vitis_HLS/2022.2/common/technology/xilinx/scripts/xilinxcoregen.gen 
Execute         source /tools/Xilinx/Vitis_HLS/2022.2/common/technology/xilinx/interface/XilEDKCoreGen.gen 
Execute         source /tools/Xilinx/Vitis_HLS/2022.2/common/technology/xilinx/ip/xfir.gen 
Execute         source /tools/Xilinx/Vitis_HLS/2022.2/common/technology/xilinx/ip/util.gen 
Execute         source /tools/Xilinx/Vitis_HLS/2022.2/common/technology/xilinx/ip/dds_compiler.gen 
Execute         source /tools/Xilinx/Vitis_HLS/2022.2/common/technology/xilinx/ip/xfft.gen 
Command         ap_source done; 0.14 sec.
Execute         source /tools/Xilinx/Vitis_HLS/2022.2/common/technology/xilinx/DSP48/dsp48.gen 
Command       ap_source done; 0.18 sec.
Execute       ap_part_info -name xc7z020-clg400-1 -data info 
Execute       config_compile -quiet -complex-mul-dsp=0 
Command     set_part done; 1.73 sec.
Execute     send_msg_by_id INFO @200-1505@%s%s  vivado 
INFO: [HLS 200-1505] Using flow_target 'vivado'
Command   open_solution done; 1.91 sec.
Execute   set_part xc7z020-clg400-1 
INFO: [HLS 200-1510] Running: set_part xc7z020-clg400-1 
Execute     create_platform xc7z020-clg400-1 -board  
Execute     source /tools/Xilinx/Vitis_HLS/2022.2/common/technology/xilinx/common/xilinx.gen 
Execute       source /tools/Xilinx/Vitis_HLS/2022.2/common/technology/xilinx/interface/plb46.gen 
Execute       source /tools/Xilinx/Vitis_HLS/2022.2/common/technology/xilinx/interface/axi4.gen 
Execute       source /tools/Xilinx/Vitis_HLS/2022.2/common/technology/xilinx/interface/nativeAXI4.gen 
Execute         source /tools/Xilinx/Vitis_HLS/2022.2/common/technology/xilinx/interface/saxilite.gen 
Execute       source /tools/Xilinx/Vitis_HLS/2022.2/common/technology/xilinx/scripts/xilinxcoregen.gen 
Execute       source /tools/Xilinx/Vitis_HLS/2022.2/common/technology/xilinx/interface/XilEDKCoreGen.gen 
Execute       source /tools/Xilinx/Vitis_HLS/2022.2/common/technology/xilinx/ip/xfir.gen 
Execute       source /tools/Xilinx/Vitis_HLS/2022.2/common/technology/xilinx/ip/util.gen 
Execute       source /tools/Xilinx/Vitis_HLS/2022.2/common/technology/xilinx/ip/dds_compiler.gen 
Execute       source /tools/Xilinx/Vitis_HLS/2022.2/common/technology/xilinx/ip/xfft.gen 
Command       ap_source done; 0.11 sec.
Execute       source /tools/Xilinx/Vitis_HLS/2022.2/common/technology/xilinx/DSP48/dsp48.gen 
Command     ap_source done; 0.15 sec.
Execute     ap_part_info -name xc7z020-clg400-1 -data info 
Execute     config_compile -quiet -complex-mul-dsp=0 
Command   set_part done; 0.27 sec.
Execute   create_clock -period 10 -name default 
INFO: [HLS 200-1510] Running: create_clock -period 10 -name default 
Execute   csynth_design 
INFO: [HLS 200-1510] Running: csynth_design 
Execute     elaborate -effort=medium -skip_syncheck=0 -keep_printf=0 -skip_cdt=0 -skip_transform=0 -ng=0 -g=0 -opt_fp=0 -from_csynth_design=1 
INFO: [HLS 200-111] Finished File checks and directory preparation: CPU user time: 0.02 seconds. CPU system time: 0.02 seconds. Elapsed time: 10.03 seconds; current allocated memory: 233.082 MB.
INFO: [HLS 200-10] Analyzing design file 'lab_07_hls/dogain_core.cpp' ... 
INFO-FLOW: Compiling one TU...
INFO-FLOW: Handling lab_07_hls/dogain_core.cpp as C++
Execute       ap_part_info -name xc7z020-clg400-1 -data info 
INFO-FLOW: Running: GCC PP 39
INFO-FLOW: Source preprocessing
Execute       ap_eval exec -ignorestderr /tools/Xilinx/Vitis_HLS/2022.2/lnx64/tools/clang-3.9-csynth/bin/clang lab_07_hls/dogain_core.cpp -foptimization-record-file=/home/pedro/Documents/github/Dissertation-Training/leonardo_tutorials_hls/lab_07_hls/solution1/.autopilot/db/dogain_core.cpp.clang.diag.yml -mllvm -pass-remarks-missed=reflow|pasta|unroll -mllvm -pass-remarks=reflow|pasta|unroll|inline -fno-limit-debug-info -gcc-toolchain /tools/Xilinx/Vitis_HLS/2022.2/tps/lnx64/gcc-8.3.0 -fhls -fno-exceptions -E -fno-math-errno -c -emit-llvm -mllvm -disable-llvm-optzns -Werror=implicit-function-declaration -Werror=implicit-hls-streams -Werror=return-type -Wpragmas -Wunused-parameter -Wdump-hls-pragmas -Wno-error=dump-hls-pragmas -fno-threadsafe-statics -fno-use-cxa-atexit -std=gnu++14 -target fpga64-xilinx-linux-gnu -fno-threadsafe-statics -fno-use-cxa-atexit -D__VITIS_HLS__ -DAESL_SYN -D__SYNTHESIS__ -D__HLS_SYN__ -I /tools/Xilinx/Vitis_HLS/2022.2/common/technology/autopilot -I /tools/Xilinx/Vitis_HLS/2022.2/common/technology/autopilot/ap_sysc -include etc/autopilot_ssdm_op.h -D__DSP48E1__ -I /usr/include/x86_64-linux-gnu -o /home/pedro/Documents/github/Dissertation-Training/leonardo_tutorials_hls/lab_07_hls/solution1/.autopilot/db/dogain_core.pp.0.cpp -hls-platform-db-name=/tools/Xilinx/Vitis_HLS/2022.2/common/technology/xilinx/common/platform.db -hls-platform-name=zynq_slow -device-resource-info=BRAM_280.000000_DSP_220.000000_FF_106400.000000_LUT_53200.000000_SLICE_13300.000000_URAM_0.000000 -device-name-info=xc7z020clg400-1 > /home/pedro/Documents/github/Dissertation-Training/leonardo_tutorials_hls/lab_07_hls/solution1/.autopilot/db/dogain_core.cpp.clang.out.log 2> /home/pedro/Documents/github/Dissertation-Training/leonardo_tutorials_hls/lab_07_hls/solution1/.autopilot/db/dogain_core.cpp.clang.err.log 
Command       ap_eval done; 0.56 sec.
INFO-FLOW: Done: GCC PP 39 time: 0.6 seconds per iteration
Execute       set_directive_top doGain -name=doGain 
Execute       source /tools/Xilinx/Vitis_HLS/2022.2/tps/tcl/tcllib1.11.1/yaml/huddle.tcl 
Execute       source /tools/Xilinx/Vitis_HLS/2022.2/tps/tcl/tcllib1.11.1/yaml/json2huddle.tcl 
INFO-FLOW: Source syntax check for synthesis
Execute       ap_eval exec -ignorestderr /tools/Xilinx/Vitis_HLS/2022.2/lnx64/tools/clang-3.9-csynth/bin/clang -foptimization-record-file=/home/pedro/Documents/github/Dissertation-Training/leonardo_tutorials_hls/lab_07_hls/solution1/.autopilot/db/clang.diag.yml -mllvm -pass-remarks-missed=reflow|pasta|unroll -mllvm -pass-remarks=reflow|pasta|unroll|inline -fsyntax-only -fhls -target fpga64-xilinx-linux-gnu /home/pedro/Documents/github/Dissertation-Training/leonardo_tutorials_hls/lab_07_hls/solution1/.autopilot/db/dogain_core.pp.0.cpp -hls-platform-db-name=/tools/Xilinx/Vitis_HLS/2022.2/common/technology/xilinx/common/platform.db -hls-platform-name=zynq_slow -device-resource-info=BRAM_280.000000_DSP_220.000000_FF_106400.000000_LUT_53200.000000_SLICE_13300.000000_URAM_0.000000 -device-name-info=xc7z020clg400-1 > /home/pedro/Documents/github/Dissertation-Training/leonardo_tutorials_hls/lab_07_hls/solution1/.autopilot/db/clang.out.log 2> /home/pedro/Documents/github/Dissertation-Training/leonardo_tutorials_hls/lab_07_hls/solution1/.autopilot/db/clang.err.log 
Command       ap_eval done; 1.29 sec.
Execute       clang_tidy xilinx-systemc-detector -desc systemc-detector /home/pedro/Documents/github/Dissertation-Training/leonardo_tutorials_hls/lab_07_hls/solution1/.autopilot/db/dogain_core.pp.0.cpp std=gnu++14 -target fpga  -directive=/home/pedro/Documents/github/Dissertation-Training/leonardo_tutorials_hls/lab_07_hls/solution1/.autopilot/db/.systemc_flag 
INFO-FLOW: exec /tools/Xilinx/Vitis_HLS/2022.2/lnx64/tools/clang-3.9-csynth/bin/clang-tidy -header-filter=.* --checks=-*,xilinx-systemc-detector -import-directive=/home/pedro/Documents/github/Dissertation-Training/leonardo_tutorials_hls/lab_07_hls/solution1/.autopilot/db/.systemc_flag -fix-errors /home/pedro/Documents/github/Dissertation-Training/leonardo_tutorials_hls/lab_07_hls/solution1/.autopilot/db/dogain_core.pp.0.cpp -- -std=gnu++14 -target fpga -fhls -ferror-limit=0
Command       clang_tidy done; 1.09 sec.
INFO-FLOW: Running: clang-tidy CDT preprocess 39
Execute       clang_tidy xilinx-directive2pragma -desc directive2pragma /home/pedro/Documents/github/Dissertation-Training/leonardo_tutorials_hls/lab_07_hls/solution1/.autopilot/db/dogain_core.pp.0.cpp std=gnu++14 -target fpga  -directive=/home/pedro/Documents/github/Dissertation-Training/leonardo_tutorials_hls/lab_07_hls/solution1/.autopilot/db/all.directive.json 
INFO-FLOW: exec /tools/Xilinx/Vitis_HLS/2022.2/lnx64/tools/clang-3.9-csynth/bin/clang-tidy -header-filter=.* --checks=-*,xilinx-directive2pragma -import-directive=/home/pedro/Documents/github/Dissertation-Training/leonardo_tutorials_hls/lab_07_hls/solution1/.autopilot/db/all.directive.json -fix-errors /home/pedro/Documents/github/Dissertation-Training/leonardo_tutorials_hls/lab_07_hls/solution1/.autopilot/db/dogain_core.pp.0.cpp -- -std=gnu++14 -target fpga -fhls -ferror-limit=0
Command       clang_tidy done; 1.27 sec.
Execute       clang_tidy xilinx-remove-assert -desc remove-assert /home/pedro/Documents/github/Dissertation-Training/leonardo_tutorials_hls/lab_07_hls/solution1/.autopilot/db/dogain_core.pp.0.cpp std=gnu++14 -target fpga  
INFO-FLOW: exec /tools/Xilinx/Vitis_HLS/2022.2/lnx64/tools/clang-3.9-csynth/bin/clang-tidy -header-filter=.* --checks=-*,xilinx-remove-assert -fix-errors /home/pedro/Documents/github/Dissertation-Training/leonardo_tutorials_hls/lab_07_hls/solution1/.autopilot/db/dogain_core.pp.0.cpp -- -std=gnu++14 -target fpga -fhls -ferror-limit=0
Command       clang_tidy done; 1.16 sec.
INFO-FLOW: Done: clang-tidy CDT preprocess 39 time: 2.4 seconds per iteration
INFO-FLOW: Calling xilinx-label-all-loops ... 
INFO-FLOW: Calling xilinx-aggregate-on-hls-vector ... 
Execute       clang_tidy -errorcheck -desc loop-label xilinx-label-all-loops,xilinx-aggregate-on-hls-vector,,xilinx-warn-mayneed-no-ctor-attribute /home/pedro/Documents/github/Dissertation-Training/leonardo_tutorials_hls/lab_07_hls/solution1/.autopilot/db/dogain_core.pp.0.cpp std=gnu++14 -target fpga  
Execute         ap_eval exec -ignorestderr /tools/Xilinx/Vitis_HLS/2022.2/lnx64/tools/clang-3.9-csynth/bin/clang-tidy -export-fixes=/home/pedro/Documents/github/Dissertation-Training/leonardo_tutorials_hls/lab_07_hls/solution1/.autopilot/db/dogain_core.pp.0.cpp.clang-tidy.loop-label.diag.yml -header-filter=.* --checks=-*,xilinx-label-all-loops,xilinx-aggregate-on-hls-vector,,xilinx-warn-mayneed-no-ctor-attribute -fix-errors /home/pedro/Documents/github/Dissertation-Training/leonardo_tutorials_hls/lab_07_hls/solution1/.autopilot/db/dogain_core.pp.0.cpp -- -std=gnu++14 -target fpga -fhls -ferror-limit=0 > /home/pedro/Documents/github/Dissertation-Training/leonardo_tutorials_hls/lab_07_hls/solution1/.autopilot/db/dogain_core.pp.0.cpp.clang-tidy.loop-label.out.log 2> /home/pedro/Documents/github/Dissertation-Training/leonardo_tutorials_hls/lab_07_hls/solution1/.autopilot/db/dogain_core.pp.0.cpp.clang-tidy.loop-label.err.log 
Command         ap_eval done; 1.62 sec.
Execute         source /tools/Xilinx/Vitis_HLS/2022.2/tps/tcl/tcllib1.11.1/yaml/yaml.tcl 
Command       clang_tidy done; 1.7 sec.
Execute       ap_eval exec -ignorestderr /tools/Xilinx/Vitis_HLS/2022.2/lnx64/tools/clang-3.9-csynth/bin/xilinx-dataflow-lawyer -export-fixes=/home/pedro/Documents/github/Dissertation-Training/leonardo_tutorials_hls/lab_07_hls/solution1/.autopilot/db/dogain_core.pp.0.cpp.xilinx-dataflow-lawyer.diag.yml /home/pedro/Documents/github/Dissertation-Training/leonardo_tutorials_hls/lab_07_hls/solution1/.autopilot/db/dogain_core.pp.0.cpp -- -std=gnu++14 -target fpga -fhls -ferror-limit=0 -fstrict-dataflow > /home/pedro/Documents/github/Dissertation-Training/leonardo_tutorials_hls/lab_07_hls/solution1/.autopilot/db/dogain_core.pp.0.cpp.xilinx-dataflow-lawyer.out.log 2> /home/pedro/Documents/github/Dissertation-Training/leonardo_tutorials_hls/lab_07_hls/solution1/.autopilot/db/dogain_core.pp.0.cpp.xilinx-dataflow-lawyer.err.log 
Command       ap_eval done; 1.04 sec.
Execute       ap_part_info -name xc7z020-clg400-1 -data info 
INFO-FLOW: compiling source code to llvm bc
Execute       ap_eval exec -ignorestderr /tools/Xilinx/Vitis_HLS/2022.2/lnx64/tools/clang-3.9-csynth/bin/clang -foptimization-record-file=/home/pedro/Documents/github/Dissertation-Training/leonardo_tutorials_hls/lab_07_hls/solution1/.autopilot/db/dogain_core.pp.0.cpp.clang.diag.yml -mllvm -pass-remarks-missed=reflow|pasta|unroll -mllvm -pass-remarks=reflow|pasta|unroll|inline -fno-limit-debug-info -fhls -flto -fno-exceptions -Wno-error=c++11-narrowing /home/pedro/Documents/github/Dissertation-Training/leonardo_tutorials_hls/lab_07_hls/solution1/.autopilot/db/dogain_core.pp.0.cpp -fno-math-errno -c -emit-llvm -mllvm -disable-llvm-optzns -Werror=implicit-function-declaration -Werror=implicit-hls-streams -Werror=return-type -Wpragmas -Wunused-parameter -Wdump-hls-pragmas -Wno-error=dump-hls-pragmas -fno-threadsafe-statics -fno-use-cxa-atexit -std=gnu++14 -target fpga64-xilinx-linux-gnu -D__VITIS_HLS__ -DAESL_SYN -D__SYNTHESIS__ -D__HLS_SYN__ -I /tools/Xilinx/Vitis_HLS/2022.2/common/technology/autopilot -I /tools/Xilinx/Vitis_HLS/2022.2/common/technology/autopilot/ap_sysc -include etc/autopilot_ssdm_op.h -D__DSP48E1__ -g -o /home/pedro/Documents/github/Dissertation-Training/leonardo_tutorials_hls/lab_07_hls/solution1/.autopilot/db/dogain_core.bc -hls-platform-db-name=/tools/Xilinx/Vitis_HLS/2022.2/common/technology/xilinx/common/platform.db -hls-platform-name=zynq_slow -device-resource-info=BRAM_280.000000_DSP_220.000000_FF_106400.000000_LUT_53200.000000_SLICE_13300.000000_URAM_0.000000 -device-name-info=xc7z020clg400-1 > /home/pedro/Documents/github/Dissertation-Training/leonardo_tutorials_hls/lab_07_hls/solution1/.autopilot/db/dogain_core.pp.0.cpp.clang.out.log 2> /home/pedro/Documents/github/Dissertation-Training/leonardo_tutorials_hls/lab_07_hls/solution1/.autopilot/db/dogain_core.pp.0.cpp.clang.err.log 
Command       ap_eval done; 1.41 sec.
INFO: [HLS 200-111] Finished Source Code Analysis and Preprocessing: CPU user time: 8.49 seconds. CPU system time: 0.77 seconds. Elapsed time: 9.84 seconds; current allocated memory: 233.488 MB.
INFO-FLOW: Linking Debug ...
INFO-FLOW: Linking dut bc code.
Execute       run_link_or_opt -out /home/pedro/Documents/github/Dissertation-Training/leonardo_tutorials_hls/lab_07_hls/solution1/.autopilot/db/a.g.ld.0.bc -args  "/home/pedro/Documents/github/Dissertation-Training/leonardo_tutorials_hls/lab_07_hls/solution1/.autopilot/db/dogain_core.g.bc"  
Execute         ap_eval exec -ignorestderr /tools/Xilinx/Vitis_HLS/2022.2/lnx64/tools/clang-3.9-csynth/bin/llvm-link /home/pedro/Documents/github/Dissertation-Training/leonardo_tutorials_hls/lab_07_hls/solution1/.autopilot/db/dogain_core.g.bc -o /home/pedro/Documents/github/Dissertation-Training/leonardo_tutorials_hls/lab_07_hls/solution1/.autopilot/db/a.g.ld.0.bc > /home/pedro/Documents/github/Dissertation-Training/leonardo_tutorials_hls/lab_07_hls/solution1/.autopilot/db/a.g.ld.0.bc.llvm-link.out.log 2> /home/pedro/Documents/github/Dissertation-Training/leonardo_tutorials_hls/lab_07_hls/solution1/.autopilot/db/a.g.ld.0.bc.llvm-link.err.log 
INFO-FLOW: 
Execute       run_link_or_opt -opt -out /home/pedro/Documents/github/Dissertation-Training/leonardo_tutorials_hls/lab_07_hls/solution1/.autopilot/db/a.g.ld.1.lower.bc -args /home/pedro/Documents/github/Dissertation-Training/leonardo_tutorials_hls/lab_07_hls/solution1/.autopilot/db/a.g.ld.0.bc -reflow-lower-math-intrinsics 
Execute         ap_eval exec -ignorestderr /tools/Xilinx/Vitis_HLS/2022.2/lnx64/tools/clang-3.9-csynth/bin/opt -pass-remarks-missed=reflow|pasta|unroll -pass-remarks=reflow|pasta|unroll|inline -pass-remarks-output=/home/pedro/Documents/github/Dissertation-Training/leonardo_tutorials_hls/lab_07_hls/solution1/.autopilot/db/a.g.ld.1.lower.bc.opt.diag.yml /home/pedro/Documents/github/Dissertation-Training/leonardo_tutorials_hls/lab_07_hls/solution1/.autopilot/db/a.g.ld.0.bc -reflow-lower-math-intrinsics -o /home/pedro/Documents/github/Dissertation-Training/leonardo_tutorials_hls/lab_07_hls/solution1/.autopilot/db/a.g.ld.1.lower.bc > /home/pedro/Documents/github/Dissertation-Training/leonardo_tutorials_hls/lab_07_hls/solution1/.autopilot/db/a.g.ld.1.lower.bc.opt.out.log 2> /home/pedro/Documents/github/Dissertation-Training/leonardo_tutorials_hls/lab_07_hls/solution1/.autopilot/db/a.g.ld.1.lower.bc.opt.err.log 
Command         ap_eval done; 0.25 sec.
INFO-FLOW: 
Command       run_link_or_opt done; 0.25 sec.
INFO-FLOW: Linking math bc lib
Execute       run_link_or_opt -out /home/pedro/Documents/github/Dissertation-Training/leonardo_tutorials_hls/lab_07_hls/solution1/.autopilot/db/a.g.ld.2.m1.bc -args /home/pedro/Documents/github/Dissertation-Training/leonardo_tutorials_hls/lab_07_hls/solution1/.autopilot/db/a.g.ld.1.lower.bc -only-needed /tools/Xilinx/Vitis_HLS/2022.2/lnx64/lib/libhlsm_39.bc /tools/Xilinx/Vitis_HLS/2022.2/lnx64/lib/libhlsmc++_39.bc 
Execute         ap_eval exec -ignorestderr /tools/Xilinx/Vitis_HLS/2022.2/lnx64/tools/clang-3.9-csynth/bin/llvm-link /home/pedro/Documents/github/Dissertation-Training/leonardo_tutorials_hls/lab_07_hls/solution1/.autopilot/db/a.g.ld.1.lower.bc -only-needed /tools/Xilinx/Vitis_HLS/2022.2/lnx64/lib/libhlsm_39.bc /tools/Xilinx/Vitis_HLS/2022.2/lnx64/lib/libhlsmc++_39.bc -o /home/pedro/Documents/github/Dissertation-Training/leonardo_tutorials_hls/lab_07_hls/solution1/.autopilot/db/a.g.ld.2.m1.bc > /home/pedro/Documents/github/Dissertation-Training/leonardo_tutorials_hls/lab_07_hls/solution1/.autopilot/db/a.g.ld.2.m1.bc.llvm-link.out.log 2> /home/pedro/Documents/github/Dissertation-Training/leonardo_tutorials_hls/lab_07_hls/solution1/.autopilot/db/a.g.ld.2.m1.bc.llvm-link.err.log 
Command         ap_eval done; 5.58 sec.
INFO-FLOW: 
Command       run_link_or_opt done; 5.59 sec.
Execute       run_link_or_opt -opt -out /home/pedro/Documents/github/Dissertation-Training/leonardo_tutorials_hls/lab_07_hls/solution1/.autopilot/db/a.g.ld.3.fpc.bc -args /home/pedro/Documents/github/Dissertation-Training/leonardo_tutorials_hls/lab_07_hls/solution1/.autopilot/db/a.g.ld.2.m1.bc -reflow-globaldce -hls-top-function-name=doGain -reflow-float-conversion 
Execute         ap_eval exec -ignorestderr /tools/Xilinx/Vitis_HLS/2022.2/lnx64/tools/clang-3.9-csynth/bin/opt -pass-remarks-missed=reflow|pasta|unroll -pass-remarks=reflow|pasta|unroll|inline -pass-remarks-output=/home/pedro/Documents/github/Dissertation-Training/leonardo_tutorials_hls/lab_07_hls/solution1/.autopilot/db/a.g.ld.3.fpc.bc.opt.diag.yml /home/pedro/Documents/github/Dissertation-Training/leonardo_tutorials_hls/lab_07_hls/solution1/.autopilot/db/a.g.ld.2.m1.bc -reflow-globaldce -hls-top-function-name=doGain -reflow-float-conversion -o /home/pedro/Documents/github/Dissertation-Training/leonardo_tutorials_hls/lab_07_hls/solution1/.autopilot/db/a.g.ld.3.fpc.bc > /home/pedro/Documents/github/Dissertation-Training/leonardo_tutorials_hls/lab_07_hls/solution1/.autopilot/db/a.g.ld.3.fpc.bc.opt.out.log 2> /home/pedro/Documents/github/Dissertation-Training/leonardo_tutorials_hls/lab_07_hls/solution1/.autopilot/db/a.g.ld.3.fpc.bc.opt.err.log 
Command         ap_eval done; 1.9 sec.
INFO-FLOW: 
Command       run_link_or_opt done; 1.9 sec.
Execute       run_link_or_opt -out /home/pedro/Documents/github/Dissertation-Training/leonardo_tutorials_hls/lab_07_hls/solution1/.autopilot/db/a.g.ld.4.m2.bc -args /home/pedro/Documents/github/Dissertation-Training/leonardo_tutorials_hls/lab_07_hls/solution1/.autopilot/db/a.g.ld.3.fpc.bc -only-needed /tools/Xilinx/Vitis_HLS/2022.2/lnx64/lib/libfloatconversion_39.bc 
Execute         ap_eval exec -ignorestderr /tools/Xilinx/Vitis_HLS/2022.2/lnx64/tools/clang-3.9-csynth/bin/llvm-link /home/pedro/Documents/github/Dissertation-Training/leonardo_tutorials_hls/lab_07_hls/solution1/.autopilot/db/a.g.ld.3.fpc.bc -only-needed /tools/Xilinx/Vitis_HLS/2022.2/lnx64/lib/libfloatconversion_39.bc -o /home/pedro/Documents/github/Dissertation-Training/leonardo_tutorials_hls/lab_07_hls/solution1/.autopilot/db/a.g.ld.4.m2.bc > /home/pedro/Documents/github/Dissertation-Training/leonardo_tutorials_hls/lab_07_hls/solution1/.autopilot/db/a.g.ld.4.m2.bc.llvm-link.out.log 2> /home/pedro/Documents/github/Dissertation-Training/leonardo_tutorials_hls/lab_07_hls/solution1/.autopilot/db/a.g.ld.4.m2.bc.llvm-link.err.log 
Command         ap_eval done; 0.15 sec.
INFO-FLOW: 
Command       run_link_or_opt done; 0.15 sec.
Execute       run_link_or_opt -opt -out /home/pedro/Documents/github/Dissertation-Training/leonardo_tutorials_hls/lab_07_hls/solution1/.autopilot/db/a.g.ld.5.gdce.bc -args /home/pedro/Documents/github/Dissertation-Training/leonardo_tutorials_hls/lab_07_hls/solution1/.autopilot/db/a.g.ld.4.m2.bc -reflow-globaldce -hls-top-function-name=doGain 
Execute         ap_eval exec -ignorestderr /tools/Xilinx/Vitis_HLS/2022.2/lnx64/tools/clang-3.9-csynth/bin/opt -pass-remarks-missed=reflow|pasta|unroll -pass-remarks=reflow|pasta|unroll|inline -pass-remarks-output=/home/pedro/Documents/github/Dissertation-Training/leonardo_tutorials_hls/lab_07_hls/solution1/.autopilot/db/a.g.ld.5.gdce.bc.opt.diag.yml /home/pedro/Documents/github/Dissertation-Training/leonardo_tutorials_hls/lab_07_hls/solution1/.autopilot/db/a.g.ld.4.m2.bc -reflow-globaldce -hls-top-function-name=doGain -o /home/pedro/Documents/github/Dissertation-Training/leonardo_tutorials_hls/lab_07_hls/solution1/.autopilot/db/a.g.ld.5.gdce.bc > /home/pedro/Documents/github/Dissertation-Training/leonardo_tutorials_hls/lab_07_hls/solution1/.autopilot/db/a.g.ld.5.gdce.bc.opt.out.log 2> /home/pedro/Documents/github/Dissertation-Training/leonardo_tutorials_hls/lab_07_hls/solution1/.autopilot/db/a.g.ld.5.gdce.bc.opt.err.log 
INFO-FLOW: 
Execute       send_msg_by_id INFO @200-777@%s Vivado 
INFO: [HLS 200-777] Using interface defaults for 'Vivado' flow target.
Execute       is_m_axi_addr64 
INFO-FLOW: Doing LTO.
Execute       ap_eval exec -ignorestderr /tools/Xilinx/Vitis_HLS/2022.2/lnx64/tools/clang-3.9-csynth/bin/clang -foptimization-record-file=/home/pedro/Documents/github/Dissertation-Training/leonardo_tutorials_hls/lab_07_hls/solution1/.autopilot/db/a.g.ld.0.bc.clang.diag.yml -mllvm -pass-remarks-missed=reflow|pasta|unroll -mllvm -pass-remarks=reflow|pasta|unroll|inline -fhls -mllvm -hls-top-function-name=doGain -mllvm -hls-db-dir -mllvm /home/pedro/Documents/github/Dissertation-Training/leonardo_tutorials_hls/lab_07_hls/solution1/.autopilot/db -emit-llvm -c -target fpga64-xilinx-none -mllvm -xcl-xmlinfo=/home/pedro/Documents/github/Dissertation-Training/leonardo_tutorials_hls/lab_07_hls/solution1/.autopilot/db/kernel.internal.xml -mllvm -top-io-mapping-info=/home/pedro/Documents/github/Dissertation-Training/leonardo_tutorials_hls/lab_07_hls/solution1/.autopilot/db/top-io-fe.xml -mllvm -hls-bitcode-version=3.1 -mllvm -reflow-enable-slave-interface-default-setting=true -mllvm -gen-kernel-xml=false -mllvm -default-maxi-offset=slave -mllvm -maxi-latency=0 -mllvm -hls-maxi-data-size-in-bits=8 -mllvm -hls-maxi-max-data-size-in-bits=1024 -mllvm -hls-max-widen-size-in-bits=0 -mllvm -xcl-kernel-max-mem-ports=0 -mllvm -maxi-read-trans=16 -mllvm -maxi-write-trans=16 -mllvm -maxi-read-burst-len=16 -mllvm -maxi-write-burst-len=16 -mllvm -reflow-enable-saxi-64bits=0 -mllvm -reflow-basic-block-instr-threshold=200000 -mllvm -reflow-auto-pipeline-threshold=64 -mllvm -reflow-enable-maxi-auto-id-channel=0 -mllvm -assume-maxi-align=1 -mllvm -reflow-pipeline-style-llvm-setting=2 -mllvm -reflow-enable-dataflow-strict-mode-checking=1 -mllvm -reflow-auto-array-partition-mode=default -mllvm -reflow-enable-auto-array-partition=true -mllvm -reflow-enable-auto-parallel-performance-driven=true -mllvm -reflow-enable-partition-for-automation=true -mllvm -reflow-aggregate-bitwidth-threshold=4096 -mllvm -reflow-assume-no-address-wrap=true -mllvm -hls -mllvm -disable-inlined-alloca-merging=true -mllvm -default-clock-period=10 -x ir /home/pedro/Documents/github/Dissertation-Training/leonardo_tutorials_hls/lab_07_hls/solution1/.autopilot/db/a.g.ld.5.gdce.bc -o /home/pedro/Documents/github/Dissertation-Training/leonardo_tutorials_hls/lab_07_hls/solution1/.autopilot/db/a.g.lto.bc -hls-platform-db-name=/tools/Xilinx/Vitis_HLS/2022.2/common/technology/xilinx/common/platform.db -hls-platform-name=zynq_slow -device-resource-info=BRAM_280.000000_DSP_220.000000_FF_106400.000000_LUT_53200.000000_SLICE_13300.000000_URAM_0.000000 -device-name-info=xc7z020clg400-1 > /home/pedro/Documents/github/Dissertation-Training/leonardo_tutorials_hls/lab_07_hls/solution1/.autopilot/db/a.g.ld.0.bc.clang.out.log 2> /home/pedro/Documents/github/Dissertation-Training/leonardo_tutorials_hls/lab_07_hls/solution1/.autopilot/db/a.g.ld.0.bc.clang.err.log 
Command       ap_eval done; 0.56 sec.
INFO-FLOW: DBG:PUTS: copy_raw_kernel_xml ap_link_39: kernel.xml not generated: /home/pedro/Documents/github/Dissertation-Training/leonardo_tutorials_hls/lab_07_hls/solution1/.autopilot/db/kernel.internal.xml
INFO: [HLS 200-111] Finished Compiling Optimization and Transform: CPU user time: 7.61 seconds. CPU system time: 0.57 seconds. Elapsed time: 8.64 seconds; current allocated memory: 234.270 MB.
INFO: [HLS 200-111] Finished Checking Pragmas: CPU user time: 0 seconds. CPU system time: 0 seconds. Elapsed time: 0 seconds; current allocated memory: 234.270 MB.
Execute       opt_and_import_c a -opt_level=2 -skip_syncheck=0 -ng=0 -keep_printf=0 
Execute         cleanup_all_models 
INFO: [HLS 200-10] Starting code transformations ...
INFO-FLOW: Running Standard Transforms...
Execute         transform -hls -share-std-xform -demangle-name -inline-byval-memcpy -always-inline -promote-dbg-pointer -interface-preproc -mem2reg -scalarrepl -mem2reg -keep-read-access -instcombine -dce -promote-dbg-pointer -bitop-raise -loop-simplify -indvarspre -indvars -loop-simplify -xunroll -constprop -instcombine -simplifycfg -indvars -simplifycfg -dce -globaldce -basicaa -simplifycfg -mem2reg -globalopt -global-constprop -deadargelim -instcombine -simplifycfg -scalarrepl -instcombine -reassociate -licm -simplifycfg -loop-simplify -indvars -instcombine -simplifycfg -mem2reg -loop-simplify -indvars -instcombine -gvn -gvn -instcombine -adce -break-crit-edges -simplifycfg -loop-delete -global-array-opt -dce -dse -adce -find-syn-modules -top doGain -deadargelim -mem2reg -instcombine -dce -presyn-prepare -auto-rom-infer -interface-preproc -syn-check -check-rec-only -find-region -simplifycfg -func-extr -function-inline -globaldce -mem2reg -instcombine -dce -gvn -globaldce -adce -adse -constprop -instcombine -bit-constprop -instcombine -dce -simplifycfg -bitop-raise -simplifycfg -dce -loop-delete -reassociate -globalopt -global-privatize -mem2reg -dce -global-constprop -pointer-simplify -constprop -dce -auto-shift-reg-idiom -promote-dbg-pointer -norm-name /home/pedro/Documents/github/Dissertation-Training/leonardo_tutorials_hls/lab_07_hls/solution1/.autopilot/db/a.g.0.bc -o /home/pedro/Documents/github/Dissertation-Training/leonardo_tutorials_hls/lab_07_hls/solution1/.autopilot/db/a.g.1.bc -f -phase std-opt 
Command         transform done; 0.15 sec.
INFO: [HLS 200-111] Finished Standard Transforms: CPU user time: 0.09 seconds. CPU system time: 0.02 seconds. Elapsed time: 0.15 seconds; current allocated memory: 242.172 MB.
INFO: [HLS 200-10] Checking synthesizability ...
INFO-FLOW: Checking Synthesizability 1/2..
Execute         transform -hls -syn-check -check-rec-only -scalarrepl -norm-name -dce -mem2reg -instcombine -directive-preproc -mem2reg -dse -dce -auto-rom-infer -dce -pag -array-normalize -instcombine -dce -array-seg-normalize -instcombine -dce -data-pack -instcombine -dce -inst-simplify -array-flatten -instcombine -dce -array-burst -dce -deadargelim -promote-global-argument -simplifycfg -mem2reg -globaldce -dce -deadargelim -dce -instcombine -function-inline -globaldce -dce -doublePtrSimplify -doublePtrElim -dce -doublePtrSimplify -promote-dbg-pointer -dce -scalarrepl -dse -adse -instcombine -ptrLegalization -simplifycfg -dce -instcombine -pointer-simplify -ptrArgReplace -dce -instcombine -resolve-double-ptr -scalarrepl -norm-name -dce -mem2reg -instcombine -ptrLegalization -simplifycfg -deadargelim -instcombine -dce -inst-simplify -directive-preproc -mem2reg -dse -dce -globaldce /home/pedro/Documents/github/Dissertation-Training/leonardo_tutorials_hls/lab_07_hls/solution1/.autopilot/db/a.g.1.bc -o /home/pedro/Documents/github/Dissertation-Training/leonardo_tutorials_hls/lab_07_hls/solution1/.autopilot/db/a.g.2.prechk.bc -f 
Command         transform done; 0.11 sec.
INFO-FLOW: Checking Synthesizability 2/2..
Execute         transform -syn-check /home/pedro/Documents/github/Dissertation-Training/leonardo_tutorials_hls/lab_07_hls/solution1/.autopilot/db/a.g.2.prechk.bc -o /home/pedro/Documents/github/Dissertation-Training/leonardo_tutorials_hls/lab_07_hls/solution1/.autopilot/db/a.g.2.bc -f -phase syn-check 
INFO: [HLS 200-111] Finished Checking Synthesizability: CPU user time: 0.17 seconds. CPU system time: 0.02 seconds. Elapsed time: 0.21 seconds; current allocated memory: 252.500 MB.
INFO-FLOW: Compiler optimizing ...
INFO-FLOW: Share syncheck's 1.bc for syn flow: copy /home/pedro/Documents/github/Dissertation-Training/leonardo_tutorials_hls/lab_07_hls/solution1/.autopilot/db/a.g.1.bc to /home/pedro/Documents/github/Dissertation-Training/leonardo_tutorials_hls/lab_07_hls/solution1/.autopilot/db/a.o.1.bc
INFO-FLOW: Presyn 1...
Execute         transform -hls -tmp /home/pedro/Documents/github/Dissertation-Training/leonardo_tutorials_hls/lab_07_hls/solution1/.autopilot/db -interface-port-rename -directive-preproc -mem2reg -dse -dce -scalarrepl -norm-name -deadargelim -mem2reg -instcombine -dce -simplifycfg -auto-rom-infer -dce -resource-proc -clib-intrinsic-prepare -dce -func-buffer -dce -pag -array-normalize -func-legal -instcombine -gvn -constprop -dce -simplifycfg -mem2reg -globaldce -resolve-double-ptr -dce -deadargelim -dce -instcombine -ptrArgReplace -mem2reg -dce -array-seg-normalize -deadargelim -instcombine -dce -directive-preproc -mem2reg -dse -dce -pointer-simplify -dce -port-alignment -dce -interface-preproc -data-pack -instcombine -dce -basicaa -aggr-aa -aggrmodref-aa -aggr-aa -gvn -gvn -basicaa -aggr-aa -aggrmodref-aa -aggr-aa -dse -adse -adce -loop-simplify -indvars -instcombine -gvn -loop-simplify -mem2reg -dce -find-region -instcombine -auto-loop-pipeline -inst-simplify -interface-preproc -cfgopt -instcombine -indvars -auto-loop-unroll -loop-simplify -loop-bound -xunroll -constprop -instcombine -simplifycfg -indvars -simplifycfg -dce -globaldce -clean-region -attach-range -gvn -inst-simplify -constprop -simplifycfg -dce -pointer-simplify -dce -globalopt -constprop -dce -array-promote -scalar-auto-dep-elim -constprop -dce -ptrArgReplace -mem2reg -simplifycfg -dce -instcombine -dce -array-transform-check -array-reshape -instcombine -simplifycfg -dce -ptrArgReplace -deadargelim -mem2reg -instcombine -simplifycfg -dce -indvars -loop-simplify -loop-bound -xunroll -constprop -instcombine -simplifycfg -indvars -simplifycfg -dce -globaldce -basicaa -aggr-aa -aggrmodref-aa -aggr-aa -dse -duplicate-dataflow-processes -globaldce -instcombine -array-partition -prepare-dynamic-array-partition -instcombine -simplifycfg -dce -ptrArgReplace -global-constprop -deadargelim -mem2reg -func-legal -dce -global-constprop -deadargelim -mem2reg -simplifycfg -dce -merge-param -deadargelim -globalopt -constprop -dce -array-promote -scalar-auto-dep-elim -constprop -dce -ptrArgReplace -mem2reg -simplifycfg -dce -mem-intrinsic-preproc -dce -global-internalize -global-privatize -mem2reg -globaldce -promote-global-argument -ptrArgReplace -mem2reg -dce -globalopt -mergereturn -simplify-global-access -mem2reg -dce -pointer-simplify -dce -functionattrs -basicaa -aggr-aa -aggrmodref-aa -aggr-aa -gvn -gvn -basicaa -aggr-aa -aggrmodref-aa -aggr-aa -dse -adse -adce -dce -norm-name -basicaa -aggr-aa -aggrmodref-aa -aggr-aa -accesses-merge -function-inline -complex-op-raise -inst-simplify -globaldce -func-legal -dce -loop-bound -arraycheck -bitwidthmin2 -bitwidthmin2 -on-by-dataflow -loop-delete -instcombine -simplifycfg -globaldce -dce -gvn -deadargelim -dce -loop-simplify -clean-region -simplifycfg -propagate-stable-arguments -loop-stream -instcombine -simplifycfg -dce -globaldce -duplicate-dataflow-processes -stream-intrinsic-preproc -dce -check-ap-stream -loop-simplify -eliminate-keepreads -extract-dataflow-in-loop -loop-simplify -dce -gvn -deadargelim -dse -duplicate-dataflow-processes -check-dataflow-syntax -legalize-stream-variable -globaldce -legalize-global -extract-subproc -dce -dead-channel-elimination -canonicalize-gep -globaldce -dce -gvn -hls-dead-arg-elim -deadargelim -directive-preproc -canonicalize-dataflow -dce -globaldce -scalar-preprocessing -scalar-propagation2 -deadargelim -globaldce -mem2reg -check-dataflow-channels -function-stream -dce -globaldce -prop-fifo-spec -internal-stream-gen -canonicalize-gep -globaldce -dce -gvn -deadargelim -mergereturn -indvars -loop-simplify -instcombine -array-stream -array-seg-normalize -array-partition -func-legal -instcombine -simplifycfg -dce -bundle-memfifo-ops -deadargelim -directive-preproc -mem2reg -dse -dce -group-axi-access -licm -simplifycfg -dce -loop-delete -hls-display -norm-name /home/pedro/Documents/github/Dissertation-Training/leonardo_tutorials_hls/lab_07_hls/solution1/.autopilot/db/a.o.1.bc -o /home/pedro/Documents/github/Dissertation-Training/leonardo_tutorials_hls/lab_07_hls/solution1/.autopilot/db/a.o.1.tmp.bc -f 
Command         transform done; 0.13 sec.
INFO-FLOW: Presyn 2...
Execute         transform -hls -keep-callgraph -scalarrepl -mem2reg -port-alignment -attach-range -dce -pipe-mux-gen -indvars -loop-bound -inst-simplify -instcombine -dce -merge-array-access -mem2reg -dce -clean-region -mergereturn -if-conv -instcombine -dce -constprop -basicaa -aggr-aa -aggrmodref-aa -aggr-aa -gvn -gvn -basicaa -aggr-aa -aggrmodref-aa -aggr-aa -dse -adse -adce -scalarrepl -mem2reg -global-constprop -deadargelim -deadargelim -instcombine -dce -simplifycfg -ptrArgReplace -mem2reg -function-inline -globaldce -mem2reg -instcombine -dce -expr-balance -instcombine -dce -bitwidthmin2 -bitwidthmin2 -interface-preproc -directive-preproc -inst-rectify -instcombine -dce -functionattrs -constprop -instcombine -bit-constprop -simplify-global-access -globalopt -globaldce -inst-simplify -instcombine -elimdeaddata -dce -loop-delete -simplifycfg -loop-simplify -barrier -norm-name /home/pedro/Documents/github/Dissertation-Training/leonardo_tutorials_hls/lab_07_hls/solution1/.autopilot/db/a.o.1.tmp.bc -o /home/pedro/Documents/github/Dissertation-Training/leonardo_tutorials_hls/lab_07_hls/solution1/.autopilot/db/a.o.2.bc -f -phase presyn 
Command         transform done; 0.11 sec.
INFO: [HLS 200-111] Finished Loop, function and other optimizations: CPU user time: 0.21 seconds. CPU system time: 0.03 seconds. Elapsed time: 0.24 seconds; current allocated memory: 279.129 MB.
INFO-FLOW: Building ssdm...
Execute         transform -hls -auto-function-inline -globaldce -ptrArgReplace -mem2reg -dce -reset-lda -loop-simplify -indvars -aggr-aa -licm -loop-dep -loop-bound -licm -loop-simplify -loop-sink-hoist -flattenloopnest -array-flatten -gvn -instcombine -dce -array-map -dce -func-legal -gvn -adce -instcombine -cfgopt -simplifycfg -loop-simplify -array-burst -promote-global-argument -dce -array-seg-normalize -basicaa -aggrmodref-aa -globalsmodref-aa -aggr-aa -gvn -gvn -basicaa -aggrmodref-aa -globalsmodref-aa -aggr-aa -dse -adse -adce -licm -inst-simplify -dce -globaldce -instcombine -array-stream -eliminate-keepreads -instcombine -dce -deadargelim -doublePtrSimplify -doublePtrElim -dce -doublePtrSimplify -promote-dbg-pointer -dce -scalarrepl -mem2reg -norm-name -mem2reg -instcombine -dse -adse -adce -ptrLegalization -dce -auto-rom-infer -array-flatten -dce -instcombine -check-doubleptr -loop-rot -constprop -cfgopt -simplifycfg -loop-simplify -indvars -pointer-simplify -dce -loop-bound -loop-simplify -loop-preproc -constprop -global-constprop -gvn -mem2reg -instcombine -dce -loop-bound -loop-merge -dce -deadargelim -dce -canonicalize-dataflow -dce -deadargelim -globaldce -mem2reg -bram-byte-enable -load-elim -read-loop-dep -loop-simplify -loop-extract-inner -directive-preproc -bitwidthmin2 -bitwidthmin2 -read-loop-dep -interface-preproc -directive-preproc -interface-gen -bram-byte-enable-spec-prop -deadargelim -inst-simplify -dce -gvn -mem2reg -instcombine -dce -adse -loop-bound -instcombine -cfgopt -simplifycfg -loop-simplify -clean-region -io-protocol -find-region -mem2reg -bitop-raise -complex-op-raise -inst-simplify -inst-rectify -instcombine -adce -deadargelim -float-op-raise -loop-simplify -phi-opt -bitop-raise -cfgopt -simplifycfg -strip-dead-prototypes -interface-lower -bitop-lower -intrinsic-lower -auto-function-inline -basicaa -aggrmodref-aa -globalsmodref-aa -aggr-aa -inst-simplify -simplifycfg -loop-simplify -mergereturn -inst-simplify -inst-rectify -dce -load-elim -bitop-lower -float-op-raise -fma-raise -loop-rewind -pointer-simplify -dce -cfgopt -dce -loop-bound -loop-dep -read-loop-dep -dce -dyn-mem-reuse -dce -recurrence-min -dce -share-scalar-alloca -deadargelim -dce -check-stream -norm-name -legalize -validate-dataflow -inst-clarity -bitwidth -dump-loop-dep-to-ir -check-all-ssdm -cdfg-build /home/pedro/Documents/github/Dissertation-Training/leonardo_tutorials_hls/lab_07_hls/solution1/.autopilot/db/a.o.2.bc -o /home/pedro/Documents/github/Dissertation-Training/leonardo_tutorials_hls/lab_07_hls/solution1/.autopilot/db/a.o.3.bc -f -phase build-ssdm 
Command         transform done; 0.12 sec.
INFO: [HLS 200-111] Finished Architecture Synthesis: CPU user time: 0.12 seconds. CPU system time: 0.01 seconds. Elapsed time: 0.13 seconds; current allocated memory: 281.262 MB.
INFO-FLOW: Finish building internal data model.
Command       opt_and_import_c done; 0.73 sec.
Command     elaborate done; 19.21 sec.
Execute     ap_eval exec zip -j /home/pedro/Documents/github/Dissertation-Training/leonardo_tutorials_hls/lab_07_hls/solution1/.autopilot/db/dut.hcp $dbDir/a.o.3.bc $dbDir/${topname}.rtl_wrap.cfg.tcl $dbDir/apatb_${topname}.cpp $dbDir/apatb_${topname}_util.cpp $dbDir/apatb_${topname}_ir.ll $dbDir/mapper_${topname}.cpp $dbDir/top-io-fe.xml $dbDir/kernel.internal.xml $workdir/../hls.app 
Execute     autosyn -from_csynth_design=1 
INFO: [HLS 200-10] Starting hardware synthesis ...
INFO-FLOW: Synthesizing C/C++ design ...
INFO: [HLS 200-10] Synthesizing 'doGain' ...
Execute       ap_set_top_model doGain 
Execute       get_model_list doGain -filter all-wo-channel -topdown 
Execute       preproc_iomode -model doGain 
Execute       get_model_list doGain -filter all-wo-channel 
INFO-FLOW: Model list for configure: doGain
INFO-FLOW: Configuring Module : doGain ...
Execute       set_default_model doGain 
Execute       apply_spec_resource_limit doGain 
INFO-FLOW: Model list for preprocess: doGain
INFO-FLOW: Preprocessing Module: doGain ...
Execute       set_default_model doGain 
Execute       cdfg_preprocess -model doGain 
Execute       rtl_gen_preprocess doGain 
INFO-FLOW: Model list for synthesis: doGain
INFO: [HLS 200-10] ----------------------------------------------------------------
INFO: [HLS 200-42] -- Implementing module 'doGain' 
INFO: [HLS 200-10] ----------------------------------------------------------------
Execute       set_default_model doGain 
Execute       schedule -model doGain 
INFO: [SCHED 204-11] Starting scheduling ...
INFO: [SCHED 204-61] Pipelining loop 'VITIS_LOOP_13_1'.
INFO: [HLS 200-1470] Pipelining result : Target II = NA, Final II = 1, Depth = 4, loop 'VITIS_LOOP_13_1'
INFO: [SCHED 204-11] Finished scheduling.
INFO: [HLS 200-111] Finished Scheduling: CPU user time: 0.1 seconds. CPU system time: 0.02 seconds. Elapsed time: 0.15 seconds; current allocated memory: 281.922 MB.
Execute       syn_report -verbosereport -o /home/pedro/Documents/github/Dissertation-Training/leonardo_tutorials_hls/lab_07_hls/solution1/.autopilot/db/doGain.verbose.sched.rpt 
Execute         AP::get_flow_target_display_name
Execute       db_write -o /home/pedro/Documents/github/Dissertation-Training/leonardo_tutorials_hls/lab_07_hls/solution1/.autopilot/db/doGain.sched.adb -f 
INFO-FLOW: Finish scheduling doGain.
Execute       set_default_model doGain 
Execute       bind -model doGain 
INFO: [BIND 205-100] Starting micro-architecture generation ...
INFO: [BIND 205-101] Performing variable lifetime analysis.
INFO: [BIND 205-101] Exploring resource sharing.
INFO: [BIND 205-101] Binding ...
INFO: [BIND 205-100] Finished micro-architecture generation.
INFO: [HLS 200-111] Finished Binding: CPU user time: 0.07 seconds. CPU system time: 0 seconds. Elapsed time: 0.08 seconds; current allocated memory: 281.922 MB.
Execute       syn_report -verbosereport -o /home/pedro/Documents/github/Dissertation-Training/leonardo_tutorials_hls/lab_07_hls/solution1/.autopilot/db/doGain.verbose.bind.rpt 
Execute         AP::get_flow_target_display_name
Execute       db_write -o /home/pedro/Documents/github/Dissertation-Training/leonardo_tutorials_hls/lab_07_hls/solution1/.autopilot/db/doGain.bind.adb -f 
INFO-FLOW: Finish binding doGain.
Execute       get_model_list doGain -filter all-wo-channel 
INFO-FLOW: Preprocessing for RTLGen ...
Execute       rtl_gen_preprocess doGain 
INFO-FLOW: Model list for RTL generation: doGain
INFO: [HLS 200-10] ----------------------------------------------------------------
INFO: [HLS 200-10] -- Generating RTL for module 'doGain' 
INFO: [HLS 200-10] ----------------------------------------------------------------
Execute       create_rtl_model doGain -top_prefix  -sub_prefix doGain_ -mg_file /home/pedro/Documents/github/Dissertation-Training/leonardo_tutorials_hls/lab_07_hls/solution1/.autopilot/db/doGain.compgen.tcl 
WARNING: [RTGEN 206-101] Design contains AXI ports. Reset is fixed to synchronous and active low.
INFO: [RTGEN 206-500] Setting interface mode on port 'doGain/inStream_V_data_V' to 'axis' (register, both mode).
INFO: [RTGEN 206-500] Setting interface mode on port 'doGain/inStream_V_keep_V' to 'axis' (register, both mode).
INFO: [RTGEN 206-500] Setting interface mode on port 'doGain/inStream_V_strb_V' to 'axis' (register, both mode).
INFO: [RTGEN 206-500] Setting interface mode on port 'doGain/inStream_V_user_V' to 'axis' (register, both mode).
INFO: [RTGEN 206-500] Setting interface mode on port 'doGain/inStream_V_last_V' to 'axis' (register, both mode).
INFO: [RTGEN 206-500] Setting interface mode on port 'doGain/inStream_V_id_V' to 'axis' (register, both mode).
INFO: [RTGEN 206-500] Setting interface mode on port 'doGain/inStream_V_dest_V' to 'axis' (register, both mode).
INFO: [RTGEN 206-500] Setting interface mode on port 'doGain/outStream_V_data_V' to 'axis' (register, both mode).
INFO: [RTGEN 206-500] Setting interface mode on port 'doGain/outStream_V_keep_V' to 'axis' (register, both mode).
INFO: [RTGEN 206-500] Setting interface mode on port 'doGain/outStream_V_strb_V' to 'axis' (register, both mode).
INFO: [RTGEN 206-500] Setting interface mode on port 'doGain/outStream_V_user_V' to 'axis' (register, both mode).
INFO: [RTGEN 206-500] Setting interface mode on port 'doGain/outStream_V_last_V' to 'axis' (register, both mode).
INFO: [RTGEN 206-500] Setting interface mode on port 'doGain/outStream_V_id_V' to 'axis' (register, both mode).
INFO: [RTGEN 206-500] Setting interface mode on port 'doGain/outStream_V_dest_V' to 'axis' (register, both mode).
INFO: [RTGEN 206-500] Setting interface mode on port 'doGain/gain' to 's_axilite & ap_none'.
INFO: [RTGEN 206-500] Setting interface mode on function 'doGain' to 's_axilite & ap_ctrl_hs'.
INFO: [RTGEN 206-100] Bundling port 'gain' and 'return' to AXI-Lite port CRTL_BUS.
INFO: [RTGEN 206-100] Generating core module 'mul_32s_32s_32_2_1': 1 instance(s).
INFO: [RTGEN 206-100] Finished creating RTL model for 'doGain'.
INFO: [HLS 200-111] Finished Creating RTL model: CPU user time: 0.09 seconds. CPU system time: 0.02 seconds. Elapsed time: 0.14 seconds; current allocated memory: 281.961 MB.
Execute       source /home/pedro/Documents/github/Dissertation-Training/leonardo_tutorials_hls/lab_07_hls/solution1/.autopilot/db/doGain.rtl_wrap.cfg.tcl 
Execute       gen_rtl doGain -istop -style xilinx -f -lang vhdl -o /home/pedro/Documents/github/Dissertation-Training/leonardo_tutorials_hls/lab_07_hls/solution1/syn/vhdl/doGain 
Command       gen_rtl done; 0.16 sec.
Execute       gen_rtl doGain -istop -style xilinx -f -lang vlog -o /home/pedro/Documents/github/Dissertation-Training/leonardo_tutorials_hls/lab_07_hls/solution1/syn/verilog/doGain 
Execute       syn_report -csynth -model doGain -o /home/pedro/Documents/github/Dissertation-Training/leonardo_tutorials_hls/lab_07_hls/solution1/syn/report/doGain_csynth.rpt 
Execute         AP::get_flow_target_display_name
Execute       syn_report -rtlxml -model doGain -o /home/pedro/Documents/github/Dissertation-Training/leonardo_tutorials_hls/lab_07_hls/solution1/syn/report/doGain_csynth.xml 
Execute       syn_report -verbosereport -model doGain -o /home/pedro/Documents/github/Dissertation-Training/leonardo_tutorials_hls/lab_07_hls/solution1/.autopilot/db/doGain.verbose.rpt 
Execute         AP::get_flow_target_display_name
Execute       db_write -model doGain -f -o /home/pedro/Documents/github/Dissertation-Training/leonardo_tutorials_hls/lab_07_hls/solution1/.autopilot/db/doGain.adb 
Execute       db_write -model doGain -bindview -o /home/pedro/Documents/github/Dissertation-Training/leonardo_tutorials_hls/lab_07_hls/solution1/.autopilot/db/design.bindinfo.xml 
Execute       gen_tb_info doGain -p /home/pedro/Documents/github/Dissertation-Training/leonardo_tutorials_hls/lab_07_hls/solution1/.autopilot/db -o /home/pedro/Documents/github/Dissertation-Training/leonardo_tutorials_hls/lab_07_hls/solution1/.autopilot/db/doGain 
Execute       export_constraint_db -f -tool general -o /home/pedro/Documents/github/Dissertation-Training/leonardo_tutorials_hls/lab_07_hls/solution1/.autopilot/db/doGain.constraint.tcl 
Execute       syn_report -designview -model doGain -o /home/pedro/Documents/github/Dissertation-Training/leonardo_tutorials_hls/lab_07_hls/solution1/.autopilot/db/doGain.design.xml 
Execute       syn_report -csynthDesign -model doGain -o /home/pedro/Documents/github/Dissertation-Training/leonardo_tutorials_hls/lab_07_hls/solution1/syn/report/csynth.rpt 
Execute         AP::get_flow_target_display_name
Execute       syn_report -wcfg -model doGain -o /home/pedro/Documents/github/Dissertation-Training/leonardo_tutorials_hls/lab_07_hls/solution1/.autopilot/db/doGain_dataflow_ana.wcfg 
Execute       syn_report -protoinst -model doGain -o /home/pedro/Documents/github/Dissertation-Training/leonardo_tutorials_hls/lab_07_hls/solution1/.autopilot/db/doGain.protoinst 
Execute       sc_get_clocks doGain 
Execute       sc_get_portdomain doGain 
INFO-FLOW: Model list for RTL component generation: doGain
INFO-FLOW: Handling components in module [doGain] ... 
Execute       source /home/pedro/Documents/github/Dissertation-Training/leonardo_tutorials_hls/lab_07_hls/solution1/.autopilot/db/doGain.compgen.tcl 
INFO-FLOW: Found component doGain_mul_32s_32s_32_2_1.
INFO-FLOW: Append model doGain_mul_32s_32s_32_2_1
INFO-FLOW: Found component doGain_CRTL_BUS_s_axi.
INFO-FLOW: Append model doGain_CRTL_BUS_s_axi
INFO-FLOW: Found component doGain_regslice_both.
INFO-FLOW: Append model doGain_regslice_both
INFO-FLOW: Found component doGain_regslice_both.
INFO-FLOW: Append model doGain_regslice_both
INFO-FLOW: Found component doGain_regslice_both.
INFO-FLOW: Append model doGain_regslice_both
INFO-FLOW: Found component doGain_regslice_both.
INFO-FLOW: Append model doGain_regslice_both
INFO-FLOW: Found component doGain_regslice_both.
INFO-FLOW: Append model doGain_regslice_both
INFO-FLOW: Found component doGain_regslice_both.
INFO-FLOW: Append model doGain_regslice_both
INFO-FLOW: Found component doGain_regslice_both.
INFO-FLOW: Append model doGain_regslice_both
INFO-FLOW: Found component doGain_regslice_both.
INFO-FLOW: Append model doGain_regslice_both
INFO-FLOW: Found component doGain_regslice_both.
INFO-FLOW: Append model doGain_regslice_both
INFO-FLOW: Found component doGain_regslice_both.
INFO-FLOW: Append model doGain_regslice_both
INFO-FLOW: Found component doGain_regslice_both.
INFO-FLOW: Append model doGain_regslice_both
INFO-FLOW: Found component doGain_regslice_both.
INFO-FLOW: Append model doGain_regslice_both
INFO-FLOW: Found component doGain_regslice_both.
INFO-FLOW: Append model doGain_regslice_both
INFO-FLOW: Found component doGain_regslice_both.
INFO-FLOW: Append model doGain_regslice_both
INFO-FLOW: Append model doGain
INFO-FLOW: Generating RTL model list ...
INFO-FLOW: All models in this session: doGain_mul_32s_32s_32_2_1 doGain_CRTL_BUS_s_axi doGain_regslice_both doGain_regslice_both doGain_regslice_both doGain_regslice_both doGain_regslice_both doGain_regslice_both doGain_regslice_both doGain_regslice_both doGain_regslice_both doGain_regslice_both doGain_regslice_both doGain_regslice_both doGain_regslice_both doGain_regslice_both doGain
INFO-FLOW: Generating /home/pedro/Documents/github/Dissertation-Training/leonardo_tutorials_hls/lab_07_hls/solution1/.autopilot/db/autopilot.rtl.models.txt file...
INFO-FLOW: To file: write model doGain_mul_32s_32s_32_2_1
INFO-FLOW: To file: write model doGain_CRTL_BUS_s_axi
INFO-FLOW: To file: write model doGain_regslice_both
INFO-FLOW: To file: write model doGain_regslice_both
INFO-FLOW: To file: write model doGain_regslice_both
INFO-FLOW: To file: write model doGain_regslice_both
INFO-FLOW: To file: write model doGain_regslice_both
INFO-FLOW: To file: write model doGain_regslice_both
INFO-FLOW: To file: write model doGain_regslice_both
INFO-FLOW: To file: write model doGain_regslice_both
INFO-FLOW: To file: write model doGain_regslice_both
INFO-FLOW: To file: write model doGain_regslice_both
INFO-FLOW: To file: write model doGain_regslice_both
INFO-FLOW: To file: write model doGain_regslice_both
INFO-FLOW: To file: write model doGain_regslice_both
INFO-FLOW: To file: write model doGain_regslice_both
INFO-FLOW: To file: write model doGain
INFO-FLOW: Generating /home/pedro/Documents/github/Dissertation-Training/leonardo_tutorials_hls/lab_07_hls/solution1/.autopilot/db/autopilot.rtl.models.tcl file...
INFO-FLOW: Finished generating RTL model list.


INFO-FLOW: RTL Generation done.
INFO-FLOW: CAS Generation done.
INFO-FLOW: CBC Generation done.
INFO-FLOW: DBG:PROC: ::AESL_AUTOMG::auto_generate_csynth_design
INFO-FLOW: DBG:PUTS: read_platform_lib /home/pedro/Documents/github/Dissertation-Training/leonardo_tutorials_hls/lab_07_hls/solution1/.autopilot/db/global.setting.tcl
Execute       source /tools/Xilinx/Vitis_HLS/2022.2/common/technology/generic/autopilot/common.gen 
Execute         source /tools/Xilinx/Vitis_HLS/2022.2/common/technology/generic/autopilot/APCoreGen.gen 
Execute       source /tools/Xilinx/Vitis_HLS/2022.2/common/technology/generic/autopilot/op.gen 
Execute       source /tools/Xilinx/Vitis_HLS/2022.2/common/technology/generic/autopilot/op_simcore.gen 
Execute       source /tools/Xilinx/Vitis_HLS/2022.2/common/technology/generic/autopilot/interface.gen 
Execute       source /home/pedro/Documents/github/Dissertation-Training/leonardo_tutorials_hls/lab_07_hls/solution1/.autopilot/db/global.setting.tcl 
Execute       source /tools/Xilinx/Vitis_HLS/2022.2/common/technology/xilinx/common/xilinx.gen 
Execute         source /tools/Xilinx/Vitis_HLS/2022.2/common/technology/xilinx/interface/plb46.gen 
Execute         source /tools/Xilinx/Vitis_HLS/2022.2/common/technology/xilinx/interface/axi4.gen 
Execute         source /tools/Xilinx/Vitis_HLS/2022.2/common/technology/xilinx/interface/nativeAXI4.gen 
Execute           source /tools/Xilinx/Vitis_HLS/2022.2/common/technology/xilinx/interface/saxilite.gen 
Execute         source /tools/Xilinx/Vitis_HLS/2022.2/common/technology/xilinx/scripts/xilinxcoregen.gen 
Execute         source /tools/Xilinx/Vitis_HLS/2022.2/common/technology/xilinx/interface/XilEDKCoreGen.gen 
Execute         source /tools/Xilinx/Vitis_HLS/2022.2/common/technology/xilinx/ip/xfir.gen 
Execute         source /tools/Xilinx/Vitis_HLS/2022.2/common/technology/xilinx/ip/util.gen 
Execute         source /tools/Xilinx/Vitis_HLS/2022.2/common/technology/xilinx/ip/dds_compiler.gen 
Execute         source /tools/Xilinx/Vitis_HLS/2022.2/common/technology/xilinx/ip/xfft.gen 
Command         ap_source done; 0.13 sec.
Execute         source /tools/Xilinx/Vitis_HLS/2022.2/common/technology/xilinx/DSP48/dsp48.gen 
Command       ap_source done; 0.19 sec.
INFO-FLOW: DBG:PUTS:   using AESL_AUTOCG::g_clock_period=10.000 (was NA)
INFO-FLOW: DBG:PROC: ::AESL_AUTOMG::generate_ip_cores gen_sim_model='1' gen_fp_models='0' gen_for_export='0' dstSCDir='' dstVhdlDir='/home/pedro/Documents/github/Dissertation-Training/leonardo_tutorials_hls/lab_07_hls/solution1/.autopilot/db/vhdl' dstVlogDir='/home/pedro/Documents/github/Dissertation-Training/leonardo_tutorials_hls/lab_07_hls/solution1/.autopilot/db/vlog' tclDir='/home/pedro/Documents/github/Dissertation-Training/leonardo_tutorials_hls/lab_07_hls/solution1/.autopilot/db' modelList='doGain_mul_32s_32s_32_2_1
doGain_CRTL_BUS_s_axi
doGain_regslice_both
doGain_regslice_both
doGain_regslice_both
doGain_regslice_both
doGain_regslice_both
doGain_regslice_both
doGain_regslice_both
doGain_regslice_both
doGain_regslice_both
doGain_regslice_both
doGain_regslice_both
doGain_regslice_both
doGain_regslice_both
doGain_regslice_both
doGain
' expOnly='0'
Execute       source /home/pedro/Documents/github/Dissertation-Training/leonardo_tutorials_hls/lab_07_hls/solution1/.autopilot/db/global.setting.tcl 
Execute       ap_part_info -name xc7z020-clg400-1 -data names -quiet 
Execute       ap_part_info -name xc7z020-clg400-1 -data info -quiet 
Execute       source /home/pedro/Documents/github/Dissertation-Training/leonardo_tutorials_hls/lab_07_hls/solution1/.autopilot/db/global.setting.tcl 
Execute       source /home/pedro/Documents/github/Dissertation-Training/leonardo_tutorials_hls/lab_07_hls/solution1/.autopilot/db/global.setting.tcl 
Execute       source /home/pedro/Documents/github/Dissertation-Training/leonardo_tutorials_hls/lab_07_hls/solution1/.autopilot/db/doGain.compgen.tcl 
Execute         source ./CRTL_BUS.slave.tcl 
INFO: [HLS 200-111] Finished Generating all RTL models: CPU user time: 0.79 seconds. CPU system time: 0.03 seconds. Elapsed time: 0.93 seconds; current allocated memory: 286.086 MB.
INFO-FLOW: DBG:PROC: ::HLSREPORTS::create_csynth_xml bind_info_var='bind_info' RtlSubPrefix='doGain_' outfile=''
INFO-FLOW: Running: create_csynth_xml read xml data
INFO-FLOW: Done: create_csynth_xml read xml data time: 0 seconds per iteration
INFO-FLOW: Running: create_csynth_xml bind info
INFO-FLOW: Done: create_csynth_xml bind info time: 0 seconds per iteration
INFO-FLOW: Running: create_csynth_xml config info
INFO-FLOW: Done: create_csynth_xml config info time: 0.1 seconds per iteration
INFO-FLOW: Running: create_csynth_xml write xml
INFO-FLOW: Done: create_csynth_xml write xml time: 0 seconds per iteration
INFO-FLOW: DBG:PUTS:      create_csynth_xml wrote csynth_xml=/home/pedro/Documents/github/Dissertation-Training/leonardo_tutorials_hls/lab_07_hls/solution1/syn/report/csynth.xml
INFO-FLOW: DBG:PROC: ::AP::DESIGN_DATA::generate_json generate_bd_files='0' generate_xo_files='0' modelList='doGain_mul_32s_32s_32_2_1
doGain_CRTL_BUS_s_axi
doGain_regslice_both
doGain_regslice_both
doGain_regslice_both
doGain_regslice_both
doGain_regslice_both
doGain_regslice_both
doGain_regslice_both
doGain_regslice_both
doGain_regslice_both
doGain_regslice_both
doGain_regslice_both
doGain_regslice_both
doGain_regslice_both
doGain_regslice_both
doGain
' rtl_lang='both' bootstrap_tcl='false' outdir='' outfilename=''
Execute       source /home/pedro/Documents/github/Dissertation-Training/leonardo_tutorials_hls/lab_07_hls/solution1/.autopilot/db/global.setting.tcl 
Execute       source /home/pedro/Documents/github/Dissertation-Training/leonardo_tutorials_hls/lab_07_hls/solution1/.autopilot/db/global.setting.tcl 
Execute       source /home/pedro/Documents/github/Dissertation-Training/leonardo_tutorials_hls/lab_07_hls/solution1/.autopilot/db/top-io-be.tcl 
Execute       source /home/pedro/Documents/github/Dissertation-Training/leonardo_tutorials_hls/lab_07_hls/solution1/.autopilot/db/doGain.tbgen.tcl 
Execute       source /home/pedro/Documents/github/Dissertation-Training/leonardo_tutorials_hls/lab_07_hls/solution1/.autopilot/db/doGain.compgen.dataonly.tcl 
Execute       source /home/pedro/Documents/github/Dissertation-Training/leonardo_tutorials_hls/lab_07_hls/solution1/.autopilot/db/doGain.compgen.dataonly.tcl 
Execute       source /home/pedro/Documents/github/Dissertation-Training/leonardo_tutorials_hls/lab_07_hls/solution1/.autopilot/db/doGain.rtl_wrap.cfg.tcl 
Execute       source /home/pedro/Documents/github/Dissertation-Training/leonardo_tutorials_hls/lab_07_hls/solution1/.autopilot/db/doGain.compgen.dataonly.tcl 
Execute       source /home/pedro/Documents/github/Dissertation-Training/leonardo_tutorials_hls/lab_07_hls/solution1/.autopilot/db/doGain.tbgen.tcl 
Execute       source /home/pedro/Documents/github/Dissertation-Training/leonardo_tutorials_hls/lab_07_hls/solution1/.autopilot/db/global.setting.tcl 
Execute       ap_part_info -name xc7z020-clg400-1 -data names -quiet 
Execute       ap_part_info -name xc7z020-clg400-1 -data info -quiet 
Execute       source /home/pedro/Documents/github/Dissertation-Training/leonardo_tutorials_hls/lab_07_hls/solution1/.autopilot/db/doGain.constraint.tcl 
Execute       sc_get_clocks doGain 
Execute       source /home/pedro/Documents/github/Dissertation-Training/leonardo_tutorials_hls/lab_07_hls/solution1/.autopilot/db/global.setting.tcl 
INFO-FLOW: DBG:PROC: ::HLSREPORTS::add_csynth_report_sections bind_info_dict='adapter_nodes {{BINDTYPE adapter DISPLAY {bind_adapter axilite} ID {} IMPL {} LATENCY {} OPTYPE {} PRAGMA yes RTLNAME CRTL_BUS_s_axi_U SOURCE {} VARIABLE {} MODULE doGain LOOP {} BUNDLEDNAME CRTL_BUS DSP 0 BRAM 0 URAM 0}} report_dict {TOPINST doGain MODULE2INSTS {doGain doGain} INST2MODULE {doGain doGain} INSTDATA {doGain {DEPTH 1 CHILDREN {}}} MODULEDATA {doGain {BINDINFO {{BINDTYPE op ID {} IMPL fabric LATENCY 0 OPTYPE add PRAGMA {} RTLNAME i_2_fu_153_p2 SOURCE lab_07_hls/dogain_core.cpp:13 VARIABLE i_2 LOOP VITIS_LOOP_13_1 BUNDLEDNAME {} DSP 0 BRAM 0 URAM 0 DISPNAME {bind_op add}} {BINDTYPE op ID {} IMPL auto LATENCY 1 OPTYPE mul PRAGMA {} RTLNAME mul_32s_32s_32_2_1_U1 SOURCE lab_07_hls/dogain_core.cpp:19 VARIABLE valOut_data_V LOOP VITIS_LOOP_13_1 BUNDLEDNAME {} DSP 3 BRAM 0 URAM 0 DISPNAME {bind_op mul}}} AREA {DSP 3 BRAM 0 URAM 0}}}}'
INFO-FLOW: DBG:PUTS:      update_csynth_reports json2rpt_hw_sw_interfaces
INFO-FLOW: Running: gen_csynth_sec_pragma
INFO-FLOW: Done: gen_csynth_sec_pragma time: 0 seconds per iteration
INFO-FLOW: DBG:PUTS:      update_csynth_reports wrote xml
INFO-FLOW: DBG:PUTS:      update_csynth_reports appended to csynth rpt file
INFO: [HLS 200-111] Finished Updating report files: CPU user time: 0.73 seconds. CPU system time: 0.05 seconds. Elapsed time: 0.8 seconds; current allocated memory: 294.074 MB.
INFO: [VHDL 208-304] Generating VHDL RTL for doGain.
INFO: [VLOG 209-307] Generating Verilog RTL for doGain.
Execute       syn_report -model doGain -printsummary 
INFO: [HLS 200-790] **** Loop Constraint Status: All loop constraints were satisfied.
INFO: [HLS 200-789] **** Estimated Fmax: 144.68 MHz
Command     autosyn done; 2.11 sec.
Command   csynth_design done; 21.38 sec.
INFO: [HLS 200-111] Finished Command csynth_design CPU user time: 18.51 seconds. CPU system time: 1.55 seconds. Elapsed time: 21.38 seconds; current allocated memory: 61.102 MB.
Command ap_source done; 33.62 sec.
Execute cleanup_all 
INFO-FLOW: Workspace /home/pedro/Documents/github/Dissertation-Training/leonardo_tutorials_hls/lab_07_hls/solution1 opened at Sun Jan 01 12:05:47 WET 2023
Execute     ap_set_clock -name default -period 10 -default=false 
INFO: [SYN 201-201] Setting up clock 'default' with a period of 10ns.
Execute     set_part xc7z020-clg400-1 
Execute       create_platform xc7z020-clg400-1 -board  
DBG:HLSDevice: Trying to load device library: /tools/Xilinx/Vitis_HLS/2022.2/lib/lnx64.o/libxv_hlsvwrap.so
DBG:HLSDevice: first parts/arch.xml in RDI_DATADIR: /tools/Xilinx/Vivado/2022.2/data/parts/arch.xml
DBG:HLSDevice: init success
INFO: [HLS 200-1611] Setting target device to 'xc7z020-clg400-1'
Command       create_platform done; 1.68 sec.
Execute       source /tools/Xilinx/Vitis_HLS/2022.2/common/technology/xilinx/common/xilinx.gen 
Execute         source /tools/Xilinx/Vitis_HLS/2022.2/common/technology/xilinx/interface/plb46.gen 
Execute         source /tools/Xilinx/Vitis_HLS/2022.2/common/technology/xilinx/interface/axi4.gen 
Execute         source /tools/Xilinx/Vitis_HLS/2022.2/common/technology/xilinx/interface/nativeAXI4.gen 
Execute           source /tools/Xilinx/Vitis_HLS/2022.2/common/technology/xilinx/interface/saxilite.gen 
Execute         source /tools/Xilinx/Vitis_HLS/2022.2/common/technology/xilinx/scripts/xilinxcoregen.gen 
Execute         source /tools/Xilinx/Vitis_HLS/2022.2/common/technology/xilinx/interface/XilEDKCoreGen.gen 
Execute         source /tools/Xilinx/Vitis_HLS/2022.2/common/technology/xilinx/ip/xfir.gen 
Execute         source /tools/Xilinx/Vitis_HLS/2022.2/common/technology/xilinx/ip/util.gen 
Execute         source /tools/Xilinx/Vitis_HLS/2022.2/common/technology/xilinx/ip/dds_compiler.gen 
Execute         source /tools/Xilinx/Vitis_HLS/2022.2/common/technology/xilinx/ip/xfft.gen 
Command         ap_source done; 0.14 sec.
Execute         source /tools/Xilinx/Vitis_HLS/2022.2/common/technology/xilinx/DSP48/dsp48.gen 
Command       ap_source done; 0.19 sec.
Execute       ap_part_info -name xc7z020-clg400-1 -data info 
Execute       config_compile -quiet -complex-mul-dsp=0 
Command     set_part done; 1.95 sec.
Execute     send_msg_by_id INFO @200-1505@%s%s  vivado 
INFO: [HLS 200-1505] Using flow_target 'vivado'
Command   open_solution done; 2.19 sec.
Execute   set_part xc7z020-clg400-1 
INFO: [HLS 200-1510] Running: set_part xc7z020-clg400-1 
Execute     create_platform xc7z020-clg400-1 -board  
Execute     source /tools/Xilinx/Vitis_HLS/2022.2/common/technology/xilinx/common/xilinx.gen 
Execute       source /tools/Xilinx/Vitis_HLS/2022.2/common/technology/xilinx/interface/plb46.gen 
Execute       source /tools/Xilinx/Vitis_HLS/2022.2/common/technology/xilinx/interface/axi4.gen 
Execute       source /tools/Xilinx/Vitis_HLS/2022.2/common/technology/xilinx/interface/nativeAXI4.gen 
Execute         source /tools/Xilinx/Vitis_HLS/2022.2/common/technology/xilinx/interface/saxilite.gen 
Execute       source /tools/Xilinx/Vitis_HLS/2022.2/common/technology/xilinx/scripts/xilinxcoregen.gen 
Execute       source /tools/Xilinx/Vitis_HLS/2022.2/common/technology/xilinx/interface/XilEDKCoreGen.gen 
Execute       source /tools/Xilinx/Vitis_HLS/2022.2/common/technology/xilinx/ip/xfir.gen 
Execute       source /tools/Xilinx/Vitis_HLS/2022.2/common/technology/xilinx/ip/util.gen 
Execute       source /tools/Xilinx/Vitis_HLS/2022.2/common/technology/xilinx/ip/dds_compiler.gen 
Execute       source /tools/Xilinx/Vitis_HLS/2022.2/common/technology/xilinx/ip/xfft.gen 
Command       ap_source done; 0.2 sec.
Execute       source /tools/Xilinx/Vitis_HLS/2022.2/common/technology/xilinx/DSP48/dsp48.gen 
Command     ap_source done; 0.26 sec.
Execute     ap_part_info -name xc7z020-clg400-1 -data info 
Execute     config_compile -quiet -complex-mul-dsp=0 
Command   set_part done; 0.42 sec.
Execute   create_clock -period 10 -name default 
INFO: [HLS 200-1510] Running: create_clock -period 10 -name default 
Execute   cosim_design 
INFO: [HLS 200-1510] Running: cosim_design 
Execute     source /home/pedro/Documents/github/Dissertation-Training/leonardo_tutorials_hls/lab_07_hls/solution1/.autopilot/db/global.setting.tcl 
Execute     source /home/pedro/Documents/github/Dissertation-Training/leonardo_tutorials_hls/lab_07_hls/solution1/.autopilot/db/global.setting.tcl 
Execute     source /home/pedro/Documents/github/Dissertation-Training/leonardo_tutorials_hls/lab_07_hls/solution1/.autopilot/db/global.setting.tcl 
INFO-FLOW: DBG:PUTS: read_platform_lib /home/pedro/Documents/github/Dissertation-Training/leonardo_tutorials_hls/lab_07_hls/solution1/.autopilot/db/global.setting.tcl
Execute     source /tools/Xilinx/Vitis_HLS/2022.2/common/technology/generic/autopilot/common.gen 
Execute       source /tools/Xilinx/Vitis_HLS/2022.2/common/technology/generic/autopilot/APCoreGen.gen 
Execute     source /tools/Xilinx/Vitis_HLS/2022.2/common/technology/generic/autopilot/op.gen 
Execute     source /tools/Xilinx/Vitis_HLS/2022.2/common/technology/generic/autopilot/op_simcore.gen 
Execute     source /tools/Xilinx/Vitis_HLS/2022.2/common/technology/generic/autopilot/interface.gen 
Execute     source /home/pedro/Documents/github/Dissertation-Training/leonardo_tutorials_hls/lab_07_hls/solution1/.autopilot/db/global.setting.tcl 
Execute     source /tools/Xilinx/Vitis_HLS/2022.2/common/technology/xilinx/common/xilinx.gen 
Execute       source /tools/Xilinx/Vitis_HLS/2022.2/common/technology/xilinx/interface/plb46.gen 
Execute       source /tools/Xilinx/Vitis_HLS/2022.2/common/technology/xilinx/interface/axi4.gen 
Execute       source /tools/Xilinx/Vitis_HLS/2022.2/common/technology/xilinx/interface/nativeAXI4.gen 
Execute         source /tools/Xilinx/Vitis_HLS/2022.2/common/technology/xilinx/interface/saxilite.gen 
Execute       source /tools/Xilinx/Vitis_HLS/2022.2/common/technology/xilinx/scripts/xilinxcoregen.gen 
Execute       source /tools/Xilinx/Vitis_HLS/2022.2/common/technology/xilinx/interface/XilEDKCoreGen.gen 
Execute       source /tools/Xilinx/Vitis_HLS/2022.2/common/technology/xilinx/ip/xfir.gen 
Execute       source /tools/Xilinx/Vitis_HLS/2022.2/common/technology/xilinx/ip/util.gen 
Execute       source /tools/Xilinx/Vitis_HLS/2022.2/common/technology/xilinx/ip/dds_compiler.gen 
Execute       source /tools/Xilinx/Vitis_HLS/2022.2/common/technology/xilinx/ip/xfft.gen 
Command       ap_source done; 0.12 sec.
Execute       source /tools/Xilinx/Vitis_HLS/2022.2/common/technology/xilinx/DSP48/dsp48.gen 
Command     ap_source done; 0.17 sec.
INFO-FLOW: DBG:PUTS:   using AESL_AUTOCG::g_clock_period=10.000 (was NA)
Execute     ap_part_info -name xc7z020-clg400-1 -data names -quiet 
Execute     ap_part_info -name xc7z020-clg400-1 -data info -quiet 
Execute     source /home/pedro/Documents/github/Dissertation-Training/leonardo_tutorials_hls/lab_07_hls/solution1/.autopilot/db/global.setting.tcl 
Execute     source /home/pedro/Documents/github/Dissertation-Training/leonardo_tutorials_hls/lab_07_hls/solution1/.autopilot/db/doGain.rtl_wrap.cfg.tcl 
Execute     source /home/pedro/Documents/github/Dissertation-Training/leonardo_tutorials_hls/lab_07_hls/solution1/.autopilot/db/doGain.tbgen.tcl 
Execute     source /home/pedro/Documents/github/Dissertation-Training/leonardo_tutorials_hls/lab_07_hls/solution1/.autopilot/db/doGain.tbgen.tcl 
Execute     source /home/pedro/Documents/github/Dissertation-Training/leonardo_tutorials_hls/lab_07_hls/solution1/.autopilot/db/doGain.tbgen.tcl 
Execute     source /home/pedro/Documents/github/Dissertation-Training/leonardo_tutorials_hls/lab_07_hls/solution1/.autopilot/db/doGain.tbgen.tcl 
INFO: [COSIM 212-47] Using XSIM for RTL simulation.
INFO: [COSIM 212-14] Instrumenting C test bench ...
Execute     ap_part_info -name xc7z020-clg400-1 -data info 
INFO-FLOW: TB processing: /home/pedro/Documents/github/Dissertation-Training/leonardo_tutorials_hls/lab_07_hls/dogain_core_test.cpp /home/pedro/Documents/github/Dissertation-Training/leonardo_tutorials_hls/lab_07_hls/solution1/./sim/autowrap/testbench/dogain_core_test.cpp_pre.cpp
Execute     clang_tidy xilinx-tb-process -desc tb-process /home/pedro/Documents/github/Dissertation-Training/leonardo_tutorials_hls/lab_07_hls/solution1/./sim/autowrap/testbench/dogain_core_test.cpp_pre.cpp.tb.cpp std=c++14 
INFO-FLOW: exec /tools/Xilinx/Vitis_HLS/2022.2/lnx64/tools/clang-3.9-csynth/bin/clang-tidy -header-filter=.* --checks=-*,xilinx-tb-process -fix-errors /home/pedro/Documents/github/Dissertation-Training/leonardo_tutorials_hls/lab_07_hls/solution1/./sim/autowrap/testbench/dogain_core_test.cpp_pre.cpp.tb.cpp -- -std=c++14 -fhls -ferror-limit=0
Command     clang_tidy done; 4.2 sec.
Execute     ap_part_info -name xc7z020-clg400-1 -data info 
INFO-FLOW: TB processing: /home/pedro/Documents/github/Dissertation-Training/leonardo_tutorials_hls/lab_07_hls/dogain_core.cpp /home/pedro/Documents/github/Dissertation-Training/leonardo_tutorials_hls/lab_07_hls/solution1/./sim/autowrap/testbench/dogain_core.cpp_pre.cpp
Execute     clang_tidy xilinx-tb-process -desc tb-process /home/pedro/Documents/github/Dissertation-Training/leonardo_tutorials_hls/lab_07_hls/solution1/./sim/autowrap/testbench/dogain_core.cpp_pre.cpp.tb.cpp std=c++14 
INFO-FLOW: exec /tools/Xilinx/Vitis_HLS/2022.2/lnx64/tools/clang-3.9-csynth/bin/clang-tidy -header-filter=.* --checks=-*,xilinx-tb-process -fix-errors /home/pedro/Documents/github/Dissertation-Training/leonardo_tutorials_hls/lab_07_hls/solution1/./sim/autowrap/testbench/dogain_core.cpp_pre.cpp.tb.cpp -- -std=c++14 -fhls -ferror-limit=0
Command     clang_tidy done; 3.9 sec.
Execute     source /home/pedro/Documents/github/Dissertation-Training/leonardo_tutorials_hls/lab_07_hls/solution1/./sim/autowrap/testbench/tb.status.tcl 
Execute     source /home/pedro/Documents/github/Dissertation-Training/leonardo_tutorials_hls/lab_07_hls/solution1/.autopilot/db/global.setting.tcl 
Execute     source /home/pedro/Documents/github/Dissertation-Training/leonardo_tutorials_hls/lab_07_hls/solution1/.autopilot/db/doGain.rtl_wrap.cfg.tcl 
Execute     source /home/pedro/Documents/github/Dissertation-Training/leonardo_tutorials_hls/lab_07_hls/solution1/.autopilot/db/doGain.rtl_wrap.cfg.tcl 
Execute     source /home/pedro/Documents/github/Dissertation-Training/leonardo_tutorials_hls/lab_07_hls/solution1/.autopilot/db/doGain.rtl_wrap.cfg.tcl 
Execute     source /home/pedro/Documents/github/Dissertation-Training/leonardo_tutorials_hls/lab_07_hls/solution1/.autopilot/db/doGain.tbgen.tcl 
Execute     source /home/pedro/Documents/github/Dissertation-Training/leonardo_tutorials_hls/lab_07_hls/solution1/.autopilot/db/doGain.tbgen.tcl 
Execute     ap_part_info -name xc7z020-clg400-1 -data info 
Execute     source .run_sim.tcl 
INFO: [COSIM 212-302] Starting C TB testing ... 
Command     ap_source done; 0.12 sec.
INFO: [COSIM 212-333] Generating C post check test bench ...
INFO: [COSIM 212-12] Generating RTL test bench ...
Execute     source ../tv/cdatafile/ref.tcl 
Execute     source /home/pedro/Documents/github/Dissertation-Training/leonardo_tutorials_hls/lab_07_hls/solution1/.autopilot/db/doGain.tbgen.tcl 
Execute     source /home/pedro/Documents/github/Dissertation-Training/leonardo_tutorials_hls/lab_07_hls/solution1/.autopilot/db/doGain.tbgen.tcl 
Execute     source /home/pedro/Documents/github/Dissertation-Training/leonardo_tutorials_hls/lab_07_hls/solution1/.autopilot/db/doGain.tbgen.tcl 
Execute     source /home/pedro/Documents/github/Dissertation-Training/leonardo_tutorials_hls/lab_07_hls/solution1/.autopilot/db/doGain.tbgen.tcl 
Execute     source ../tv/cdatafile/ref.tcl 
Execute     source /home/pedro/Documents/github/Dissertation-Training/leonardo_tutorials_hls/lab_07_hls/solution1/.autopilot/db/doGain.tbgen.tcl 
Execute     source /home/pedro/Documents/github/Dissertation-Training/leonardo_tutorials_hls/lab_07_hls/solution1/.autopilot/db/doGain.tbgen.tcl 
Execute     source /home/pedro/Documents/github/Dissertation-Training/leonardo_tutorials_hls/lab_07_hls/solution1/.autopilot/db/doGain.tbgen.tcl 
Execute     source /home/pedro/Documents/github/Dissertation-Training/leonardo_tutorials_hls/lab_07_hls/solution1/.autopilot/db/doGain.tbgen.tcl 
Execute     source /home/pedro/Documents/github/Dissertation-Training/leonardo_tutorials_hls/lab_07_hls/solution1/.autopilot/db/doGain.tbgen.tcl 
Execute     source /home/pedro/Documents/github/Dissertation-Training/leonardo_tutorials_hls/lab_07_hls/solution1/.autopilot/db/doGain.tbgen.tcl 
Execute     source /home/pedro/Documents/github/Dissertation-Training/leonardo_tutorials_hls/lab_07_hls/solution1/.autopilot/db/doGain.tbgen.tcl 
Execute     source /home/pedro/Documents/github/Dissertation-Training/leonardo_tutorials_hls/lab_07_hls/solution1/.autopilot/db/doGain.tbgen.tcl 
Execute     source /home/pedro/Documents/github/Dissertation-Training/leonardo_tutorials_hls/lab_07_hls/solution1/.autopilot/db/doGain.tbgen.tcl 
Execute     source /home/pedro/Documents/github/Dissertation-Training/leonardo_tutorials_hls/lab_07_hls/solution1/.autopilot/db/doGain.tbgen.tcl 
Execute     source /home/pedro/Documents/github/Dissertation-Training/leonardo_tutorials_hls/lab_07_hls/solution1/.autopilot/db/doGain.tbgen.tcl 
Execute     source /home/pedro/Documents/github/Dissertation-Training/leonardo_tutorials_hls/lab_07_hls/solution1/.autopilot/db/doGain.tbgen.tcl 
INFO: [COSIM 212-1] *** C/RTL co-simulation file generation completed. ***
Execute     source .run_sim.tcl 
Execute       source check_sim.tcl 
Execute       source dataflow_monitor_API.tcl 
Execute       source .sim.status.tcl 
INFO: [COSIM 212-323] Starting verilog simulation. 
INFO: [COSIM 212-15] Starting XSIM ...
INFO: [COSIM 212-316] Starting C post checking ...
Command     ap_source done; 22.99 sec.
INFO: [COSIM 212-1000] *** C/RTL co-simulation finished: PASS ***
INFO: [COSIM 212-211] II is measurable only when transaction number is greater than 1 in RTL simulation. Otherwise, they will be marked as all NA. If user wants to calculate them, please make sure there are at least 2 transactions in RTL simulation.
Command   cosim_design done; 52.65 sec.
INFO: [HLS 200-111] Finished Command cosim_design CPU user time: 54.19 seconds. CPU system time: 3.35 seconds. Elapsed time: 52.65 seconds; current allocated memory: 17.766 MB.
Command ap_source done; 65.3 sec.
Execute cleanup_all 
INFO-FLOW: Workspace /home/pedro/Documents/github/Dissertation-Training/leonardo_tutorials_hls/lab_07_hls/solution1 opened at Sun Jan 01 12:09:56 WET 2023
Execute     ap_set_clock -name default -period 10 -default=false 
INFO: [SYN 201-201] Setting up clock 'default' with a period of 10ns.
Execute     set_part xc7z020-clg400-1 
Execute       create_platform xc7z020-clg400-1 -board  
DBG:HLSDevice: Trying to load device library: /tools/Xilinx/Vitis_HLS/2022.2/lib/lnx64.o/libxv_hlsvwrap.so
DBG:HLSDevice: first parts/arch.xml in RDI_DATADIR: /tools/Xilinx/Vivado/2022.2/data/parts/arch.xml
DBG:HLSDevice: init success
INFO: [HLS 200-1611] Setting target device to 'xc7z020-clg400-1'
Command       create_platform done; 1.47 sec.
Execute       source /tools/Xilinx/Vitis_HLS/2022.2/common/technology/xilinx/common/xilinx.gen 
Execute         source /tools/Xilinx/Vitis_HLS/2022.2/common/technology/xilinx/interface/plb46.gen 
Execute         source /tools/Xilinx/Vitis_HLS/2022.2/common/technology/xilinx/interface/axi4.gen 
Execute         source /tools/Xilinx/Vitis_HLS/2022.2/common/technology/xilinx/interface/nativeAXI4.gen 
Execute           source /tools/Xilinx/Vitis_HLS/2022.2/common/technology/xilinx/interface/saxilite.gen 
Execute         source /tools/Xilinx/Vitis_HLS/2022.2/common/technology/xilinx/scripts/xilinxcoregen.gen 
Execute         source /tools/Xilinx/Vitis_HLS/2022.2/common/technology/xilinx/interface/XilEDKCoreGen.gen 
Execute         source /tools/Xilinx/Vitis_HLS/2022.2/common/technology/xilinx/ip/xfir.gen 
Execute         source /tools/Xilinx/Vitis_HLS/2022.2/common/technology/xilinx/ip/util.gen 
Execute         source /tools/Xilinx/Vitis_HLS/2022.2/common/technology/xilinx/ip/dds_compiler.gen 
Execute         source /tools/Xilinx/Vitis_HLS/2022.2/common/technology/xilinx/ip/xfft.gen 
Command         ap_source done; 0.13 sec.
Execute         source /tools/Xilinx/Vitis_HLS/2022.2/common/technology/xilinx/DSP48/dsp48.gen 
Command       ap_source done; 0.17 sec.
Execute       ap_part_info -name xc7z020-clg400-1 -data info 
Execute       config_compile -quiet -complex-mul-dsp=0 
Command     set_part done; 1.71 sec.
Execute     send_msg_by_id INFO @200-1505@%s%s  vivado 
INFO: [HLS 200-1505] Using flow_target 'vivado'
Command   open_solution done; 1.87 sec.
Execute   set_part xc7z020-clg400-1 
INFO: [HLS 200-1510] Running: set_part xc7z020-clg400-1 
Execute     create_platform xc7z020-clg400-1 -board  
Execute     source /tools/Xilinx/Vitis_HLS/2022.2/common/technology/xilinx/common/xilinx.gen 
Execute       source /tools/Xilinx/Vitis_HLS/2022.2/common/technology/xilinx/interface/plb46.gen 
Execute       source /tools/Xilinx/Vitis_HLS/2022.2/common/technology/xilinx/interface/axi4.gen 
Execute       source /tools/Xilinx/Vitis_HLS/2022.2/common/technology/xilinx/interface/nativeAXI4.gen 
Execute         source /tools/Xilinx/Vitis_HLS/2022.2/common/technology/xilinx/interface/saxilite.gen 
Execute       source /tools/Xilinx/Vitis_HLS/2022.2/common/technology/xilinx/scripts/xilinxcoregen.gen 
Execute       source /tools/Xilinx/Vitis_HLS/2022.2/common/technology/xilinx/interface/XilEDKCoreGen.gen 
Execute       source /tools/Xilinx/Vitis_HLS/2022.2/common/technology/xilinx/ip/xfir.gen 
Execute       source /tools/Xilinx/Vitis_HLS/2022.2/common/technology/xilinx/ip/util.gen 
Execute       source /tools/Xilinx/Vitis_HLS/2022.2/common/technology/xilinx/ip/dds_compiler.gen 
Execute       source /tools/Xilinx/Vitis_HLS/2022.2/common/technology/xilinx/ip/xfft.gen 
Command       ap_source done; 0.13 sec.
Execute       source /tools/Xilinx/Vitis_HLS/2022.2/common/technology/xilinx/DSP48/dsp48.gen 
Command     ap_source done; 0.17 sec.
Execute     ap_part_info -name xc7z020-clg400-1 -data info 
Execute     config_compile -quiet -complex-mul-dsp=0 
Command   set_part done; 0.3 sec.
Execute   create_clock -period 10 -name default 
INFO: [HLS 200-1510] Running: create_clock -period 10 -name default 
Execute   export_design -rtl verilog -format ip_catalog 
INFO: [HLS 200-1510] Running: export_design -rtl verilog -format ip_catalog 
Execute     config_export -format=ip_catalog -rtl=verilog 
INFO-FLOW: DBG:PUTS: export_design_wrap: -format ip_catalog -rtl verilog
Execute     source /home/pedro/Documents/github/Dissertation-Training/leonardo_tutorials_hls/lab_07_hls/solution1/.autopilot/db/global.setting.tcl 
INFO-FLOW: DBG:PUTS:   auto_impl: pack: -export -rtl verilog
INFO-FLOW: DBG:PROC: ::AESL_AUTOIMPL::auto_impl args='-export -rtl verilog'
Execute     source /home/pedro/Documents/github/Dissertation-Training/leonardo_tutorials_hls/lab_07_hls/solution1/.autopilot/db/global.setting.tcl 
INFO: [IMPL 213-8] Exporting RTL as a Vivado IP.
Execute     source /home/pedro/Documents/github/Dissertation-Training/leonardo_tutorials_hls/lab_07_hls/solution1/.autopilot/db/global.setting.tcl 
INFO-FLOW: DBG:PUTS: automg_wrap -export -pcore_version 1.00.a -rtl vlog -tool Vivado -impltomg_flag
INFO-FLOW: DBG:PROC: ::AESL_AUTOMG::auto_generate args='-export -pcore_version 1.00.a -rtl vlog -tool Vivado -impltomg_flag'
INFO-FLOW: DBG:PUTS:     auto_generate -export -pcore_version 1.00.a -rtl vlog -tool Vivado -impltomg_flag
Execute     source /home/pedro/Documents/github/Dissertation-Training/leonardo_tutorials_hls/lab_07_hls/solution1/.autopilot/db/global.setting.tcl 
INFO-FLOW: DBG:PUTS: read_platform_lib /home/pedro/Documents/github/Dissertation-Training/leonardo_tutorials_hls/lab_07_hls/solution1/.autopilot/db/global.setting.tcl
Execute     source /tools/Xilinx/Vitis_HLS/2022.2/common/technology/generic/autopilot/common.gen 
Execute       source /tools/Xilinx/Vitis_HLS/2022.2/common/technology/generic/autopilot/APCoreGen.gen 
Execute     source /tools/Xilinx/Vitis_HLS/2022.2/common/technology/generic/autopilot/op.gen 
Execute     source /tools/Xilinx/Vitis_HLS/2022.2/common/technology/generic/autopilot/op_simcore.gen 
Execute     source /tools/Xilinx/Vitis_HLS/2022.2/common/technology/generic/autopilot/interface.gen 
Execute     source /home/pedro/Documents/github/Dissertation-Training/leonardo_tutorials_hls/lab_07_hls/solution1/.autopilot/db/global.setting.tcl 
Execute     source /tools/Xilinx/Vitis_HLS/2022.2/common/technology/xilinx/common/xilinx.gen 
Execute       source /tools/Xilinx/Vitis_HLS/2022.2/common/technology/xilinx/interface/plb46.gen 
Execute       source /tools/Xilinx/Vitis_HLS/2022.2/common/technology/xilinx/interface/axi4.gen 
Execute       source /tools/Xilinx/Vitis_HLS/2022.2/common/technology/xilinx/interface/nativeAXI4.gen 
Execute         source /tools/Xilinx/Vitis_HLS/2022.2/common/technology/xilinx/interface/saxilite.gen 
Execute       source /tools/Xilinx/Vitis_HLS/2022.2/common/technology/xilinx/scripts/xilinxcoregen.gen 
Execute       source /tools/Xilinx/Vitis_HLS/2022.2/common/technology/xilinx/interface/XilEDKCoreGen.gen 
Execute       source /tools/Xilinx/Vitis_HLS/2022.2/common/technology/xilinx/ip/xfir.gen 
Execute       source /tools/Xilinx/Vitis_HLS/2022.2/common/technology/xilinx/ip/util.gen 
Execute       source /tools/Xilinx/Vitis_HLS/2022.2/common/technology/xilinx/ip/dds_compiler.gen 
Execute       source /tools/Xilinx/Vitis_HLS/2022.2/common/technology/xilinx/ip/xfft.gen 
Command       ap_source done; 0.13 sec.
Execute       source /tools/Xilinx/Vitis_HLS/2022.2/common/technology/xilinx/DSP48/dsp48.gen 
Command     ap_source done; 0.17 sec.
INFO-FLOW: DBG:PUTS:   using AESL_AUTOCG::g_clock_period=10.000 (was NA)
INFO-FLOW: DBG:PUTS:       initCTypeInfo top_module=doGain xml_exists=0
Execute     source /home/pedro/Documents/github/Dissertation-Training/leonardo_tutorials_hls/lab_07_hls/solution1/.autopilot/db/doGain.rtl_wrap.cfg.tcl 
Execute     source /home/pedro/Documents/github/Dissertation-Training/leonardo_tutorials_hls/lab_07_hls/solution1/.autopilot/db/doGain.rtl_wrap.cfg.tcl 
Execute     source /home/pedro/Documents/github/Dissertation-Training/leonardo_tutorials_hls/lab_07_hls/solution1/.autopilot/db/doGain.rtl_wrap.cfg.tcl 
Execute     source /home/pedro/Documents/github/Dissertation-Training/leonardo_tutorials_hls/lab_07_hls/solution1/.autopilot/db/doGain.tbgen.tcl 
Execute     source /home/pedro/Documents/github/Dissertation-Training/leonardo_tutorials_hls/lab_07_hls/solution1/.autopilot/db/doGain.tbgen.tcl 
Execute     source /home/pedro/Documents/github/Dissertation-Training/leonardo_tutorials_hls/lab_07_hls/solution1/.autopilot/db/global.setting.tcl 
Execute     source /home/pedro/Documents/github/Dissertation-Training/leonardo_tutorials_hls/lab_07_hls/solution1/.autopilot/db/doGain.tbgen.tcl 
INFO-FLOW: DBG:PUTS:       cosim_export_main adding deadlock detection to doGain
INFO-FLOW: DBG:PUTS: Skipping loadAnalyze_DB, #g_database=15
INFO-FLOW: DBG:PUTS:       generate_json generate_bd_files=0 generate_xo_files=false #modelList=17 #gSsdmPorts=0
INFO-FLOW: DBG:PROC: ::AP::DESIGN_DATA::generate_json generate_bd_files='0' generate_xo_files='false' modelList='doGain_mul_32s_32s_32_2_1
doGain_CRTL_BUS_s_axi
doGain_regslice_both
doGain_regslice_both
doGain_regslice_both
doGain_regslice_both
doGain_regslice_both
doGain_regslice_both
doGain_regslice_both
doGain_regslice_both
doGain_regslice_both
doGain_regslice_both
doGain_regslice_both
doGain_regslice_both
doGain_regslice_both
doGain_regslice_both
doGain
' rtl_lang='vlog' bootstrap_tcl='false' outdir='' outfilename=''
Execute     source /tools/Xilinx/Vitis_HLS/2022.2/tps/tcl/tcllib1.11.1/yaml/huddle.tcl 
Execute     source /tools/Xilinx/Vitis_HLS/2022.2/tps/tcl/tcllib1.11.1/yaml/json2huddle.tcl 
Execute     source /home/pedro/Documents/github/Dissertation-Training/leonardo_tutorials_hls/lab_07_hls/solution1/.autopilot/db/global.setting.tcl 
Execute     source /home/pedro/Documents/github/Dissertation-Training/leonardo_tutorials_hls/lab_07_hls/solution1/.autopilot/db/global.setting.tcl 
Execute     source /home/pedro/Documents/github/Dissertation-Training/leonardo_tutorials_hls/lab_07_hls/solution1/.autopilot/db/top-io-be.tcl 
Execute     source /home/pedro/Documents/github/Dissertation-Training/leonardo_tutorials_hls/lab_07_hls/solution1/.autopilot/db/doGain.tbgen.tcl 
Execute     source /home/pedro/Documents/github/Dissertation-Training/leonardo_tutorials_hls/lab_07_hls/solution1/.autopilot/db/doGain.compgen.dataonly.tcl 
Execute     source /home/pedro/Documents/github/Dissertation-Training/leonardo_tutorials_hls/lab_07_hls/solution1/.autopilot/db/doGain.compgen.dataonly.tcl 
Execute     source /home/pedro/Documents/github/Dissertation-Training/leonardo_tutorials_hls/lab_07_hls/solution1/.autopilot/db/doGain.rtl_wrap.cfg.tcl 
Execute     source /home/pedro/Documents/github/Dissertation-Training/leonardo_tutorials_hls/lab_07_hls/solution1/.autopilot/db/doGain.compgen.dataonly.tcl 
Execute     source /home/pedro/Documents/github/Dissertation-Training/leonardo_tutorials_hls/lab_07_hls/solution1/.autopilot/db/doGain.tbgen.tcl 
Execute     source /home/pedro/Documents/github/Dissertation-Training/leonardo_tutorials_hls/lab_07_hls/solution1/.autopilot/db/global.setting.tcl 
Execute     ap_part_info -name xc7z020-clg400-1 -data names -quiet 
Execute     ap_part_info -name xc7z020-clg400-1 -data info -quiet 
Execute     source /home/pedro/Documents/github/Dissertation-Training/leonardo_tutorials_hls/lab_07_hls/solution1/.autopilot/db/doGain.constraint.tcl 
Execute     sc_get_clocks doGain 
Execute     source /home/pedro/Documents/github/Dissertation-Training/leonardo_tutorials_hls/lab_07_hls/solution1/.autopilot/db/global.setting.tcl 
Execute     source /home/pedro/Documents/github/Dissertation-Training/leonardo_tutorials_hls/lab_07_hls/solution1/.autopilot/db/global.setting.tcl 
Execute     source /home/pedro/Documents/github/Dissertation-Training/leonardo_tutorials_hls/lab_07_hls/solution1/.autopilot/db/doGain.tbgen.tcl 
INFO-FLOW: DBG:PUTS:       cosim_export_main adding deadlock detection to doGain
INFO-FLOW: DBG:PUTS:       copy ip_driver_dir 1_0 /home/pedro/Documents/github/Dissertation-Training/leonardo_tutorials_hls/lab_07_hls/solution1/.autopilot/db/driver
INFO-FLOW: DBG:PUTS:       generate_ip_script #gSsdmPorts=0 g_lang=vlog is_sdaccel=false is_sdsoc=true xo_file=
Execute     ap_part_info -name xc7z020-clg400-1 -data names -quiet 
Execute     ap_part_info -name xc7z020-clg400-1 -data info -quiet 
Execute     ap_part_info -name xc7z020-clg400-1 -data names -quiet 
Execute     ap_part_info -name xc7z020-clg400-1 -data info -quiet 
Execute     source /home/pedro/Documents/github/Dissertation-Training/leonardo_tutorials_hls/lab_07_hls/solution1/.autopilot/db/doGain.tbgen.tcl 
Execute     source /home/pedro/Documents/github/Dissertation-Training/leonardo_tutorials_hls/lab_07_hls/solution1/.autopilot/db/doGain.compgen.dataonly.tcl 
Execute     source /home/pedro/Documents/github/Dissertation-Training/leonardo_tutorials_hls/lab_07_hls/solution1/.autopilot/db/doGain.compgen.dataonly.tcl 
Execute     source /home/pedro/Documents/github/Dissertation-Training/leonardo_tutorials_hls/lab_07_hls/solution1/.autopilot/db/doGain.tbgen.tcl 
Execute     source /home/pedro/Documents/github/Dissertation-Training/leonardo_tutorials_hls/lab_07_hls/solution1/.autopilot/db/doGain.tbgen.tcl 
Execute     source /home/pedro/Documents/github/Dissertation-Training/leonardo_tutorials_hls/lab_07_hls/solution1/.autopilot/db/doGain.tbgen.tcl 
Execute     source /home/pedro/Documents/github/Dissertation-Training/leonardo_tutorials_hls/lab_07_hls/solution1/.autopilot/db/doGain.tbgen.tcl 
Execute     source /home/pedro/Documents/github/Dissertation-Training/leonardo_tutorials_hls/lab_07_hls/solution1/.autopilot/db/doGain.tbgen.tcl 
Execute     source /home/pedro/Documents/github/Dissertation-Training/leonardo_tutorials_hls/lab_07_hls/solution1/.autopilot/db/doGain.tbgen.tcl 
Execute     source /home/pedro/Documents/github/Dissertation-Training/leonardo_tutorials_hls/lab_07_hls/solution1/.autopilot/db/doGain.tbgen.tcl 
Execute     source /home/pedro/Documents/github/Dissertation-Training/leonardo_tutorials_hls/lab_07_hls/solution1/.autopilot/db/global.setting.tcl 
INFO-FLOW: DBG:PUTS:       generate_top_info
INFO-FLOW: DBG:PUTS:       prepArgInfo -> loadAnalyze_DB top_module=doGain
Execute     source /home/pedro/Documents/github/Dissertation-Training/leonardo_tutorials_hls/lab_07_hls/solution1/.autopilot/db/doGain.rtl_wrap.cfg.tcl 
Execute     source /home/pedro/Documents/github/Dissertation-Training/leonardo_tutorials_hls/lab_07_hls/solution1/.autopilot/db/doGain.rtl_wrap.cfg.tcl 
Execute     source /home/pedro/Documents/github/Dissertation-Training/leonardo_tutorials_hls/lab_07_hls/solution1/.autopilot/db/doGain.rtl_wrap.cfg.tcl 
Execute     source /home/pedro/Documents/github/Dissertation-Training/leonardo_tutorials_hls/lab_07_hls/solution1/.autopilot/db/doGain.tbgen.tcl 
Execute     source /home/pedro/Documents/github/Dissertation-Training/leonardo_tutorials_hls/lab_07_hls/solution1/.autopilot/db/doGain.tbgen.tcl 
Execute     ap_part_info -name xc7z020-clg400-1 -data names -quiet 
Execute     ap_part_info -name xc7z020-clg400-1 -data info -quiet 
Execute     source /home/pedro/Documents/github/Dissertation-Training/leonardo_tutorials_hls/lab_07_hls/solution1/.autopilot/db/global.setting.tcl 
Execute     ap_part_info -name xc7z020-clg400-1 -data names -quiet 
Execute     ap_part_info -name xc7z020-clg400-1 -data info -quiet 
Execute     ap_part_info -name xc7z020-clg400-1 -data names -quiet 
Execute     ap_part_info -name xc7z020-clg400-1 -data info -quiet 
Execute     source /home/pedro/Documents/github/Dissertation-Training/leonardo_tutorials_hls/lab_07_hls/solution1/.autopilot/db/doGain.tbgen.tcl 
Execute     source /home/pedro/Documents/github/Dissertation-Training/leonardo_tutorials_hls/lab_07_hls/solution1/.autopilot/db/global.setting.tcl 
Execute     source /home/pedro/Documents/github/Dissertation-Training/leonardo_tutorials_hls/lab_07_hls/solution1/.autopilot/db/doGain.constraint.tcl 
INFO-FLOW: DBG:PUTS:       generate_ipi_example_script
Execute     ap_part_info -name xc7z020-clg400-1 -data names -quiet 
Execute     ap_part_info -name xc7z020-clg400-1 -data info -quiet 
Execute     ap_part_info -name xc7z020-clg400-1 -data names -quiet 
Execute     ap_part_info -name xc7z020-clg400-1 -data info -quiet 
INFO-FLOW: DBG:PUTS:       generate_syn_sh
Execute     ap_part_info -name xc7z020-clg400-1 -data names -quiet 
Execute     ap_part_info -name xc7z020-clg400-1 -data info -quiet 
Execute     source /home/pedro/Documents/github/Dissertation-Training/leonardo_tutorials_hls/lab_07_hls/solution1/.autopilot/db/global.setting.tcl 
INFO-FLOW: DBG:PUTS:       generate_imp_constraints
Execute     ap_part_info -name xc7z020-clg400-1 -data names -quiet 
Execute     ap_part_info -name xc7z020-clg400-1 -data info -quiet 
Execute     source /home/pedro/Documents/github/Dissertation-Training/leonardo_tutorials_hls/lab_07_hls/solution1/.autopilot/db/doGain.constraint.tcl 
Execute     source /home/pedro/Documents/github/Dissertation-Training/leonardo_tutorials_hls/lab_07_hls/solution1/.autopilot/db/doGain.tbgen.tcl 
INFO-FLOW: DBG:PUTS:       delete-temp-dirs (skipped for debug)
Execute     ap_part_info -name xc7z020-clg400-1 -data names -quiet 
Execute     ap_part_info -name xc7z020-clg400-1 -data info -quiet 
INFO-FLOW: DBG:PUTS: read_platform_lib /home/pedro/Documents/github/Dissertation-Training/leonardo_tutorials_hls/lab_07_hls/solution1/.autopilot/db/global.setting.tcl
Execute     source /tools/Xilinx/Vitis_HLS/2022.2/common/technology/generic/autopilot/common.gen 
Execute       source /tools/Xilinx/Vitis_HLS/2022.2/common/technology/generic/autopilot/APCoreGen.gen 
Execute     source /tools/Xilinx/Vitis_HLS/2022.2/common/technology/generic/autopilot/op.gen 
Execute     source /tools/Xilinx/Vitis_HLS/2022.2/common/technology/generic/autopilot/op_simcore.gen 
Execute     source /tools/Xilinx/Vitis_HLS/2022.2/common/technology/generic/autopilot/interface.gen 
Execute     source /home/pedro/Documents/github/Dissertation-Training/leonardo_tutorials_hls/lab_07_hls/solution1/.autopilot/db/global.setting.tcl 
Execute     source /tools/Xilinx/Vitis_HLS/2022.2/common/technology/xilinx/common/xilinx.gen 
Execute       source /tools/Xilinx/Vitis_HLS/2022.2/common/technology/xilinx/interface/plb46.gen 
Execute       source /tools/Xilinx/Vitis_HLS/2022.2/common/technology/xilinx/interface/axi4.gen 
Execute       source /tools/Xilinx/Vitis_HLS/2022.2/common/technology/xilinx/interface/nativeAXI4.gen 
Execute         source /tools/Xilinx/Vitis_HLS/2022.2/common/technology/xilinx/interface/saxilite.gen 
Execute       source /tools/Xilinx/Vitis_HLS/2022.2/common/technology/xilinx/scripts/xilinxcoregen.gen 
Execute       source /tools/Xilinx/Vitis_HLS/2022.2/common/technology/xilinx/interface/XilEDKCoreGen.gen 
Execute       source /tools/Xilinx/Vitis_HLS/2022.2/common/technology/xilinx/ip/xfir.gen 
Execute       source /tools/Xilinx/Vitis_HLS/2022.2/common/technology/xilinx/ip/util.gen 
Execute       source /tools/Xilinx/Vitis_HLS/2022.2/common/technology/xilinx/ip/dds_compiler.gen 
Execute       source /tools/Xilinx/Vitis_HLS/2022.2/common/technology/xilinx/ip/xfft.gen 
Command       ap_source done; 0.11 sec.
Execute       source /tools/Xilinx/Vitis_HLS/2022.2/common/technology/xilinx/DSP48/dsp48.gen 
Command     ap_source done; 0.16 sec.
INFO-FLOW: DBG:PUTS:     IP package: exec /home/pedro/Documents/github/Dissertation-Training/leonardo_tutorials_hls/lab_07_hls/solution1/impl/ip/pack.sh
INFO-FLOW: DBG:PUTS:     IP package: success /home/pedro/Documents/github/Dissertation-Training/leonardo_tutorials_hls/lab_07_hls/solution1/impl/ip/pack.sh
Execute     send_msg_by_id INFO @200-802@%s lab_07_hls/solution1/impl/export.zip 
INFO: [HLS 200-802] Generated output file lab_07_hls/solution1/impl/export.zip
Command   export_design done; 26.86 sec.
INFO: [HLS 200-111] Finished Command export_design CPU user time: 23.92 seconds. CPU system time: 1.16 seconds. Elapsed time: 26.86 seconds; current allocated memory: 7.645 MB.
Command ap_source done; 39.07 sec.
Execute cleanup_all 
