/home/pedro/Documents/github/Dissertation-Training/leonardo_tutorials_hls/lab_07_hls/solution1/.autopilot/db/dogain_core.pp.0.cpp:1539:7: warning: Added loop label VITIS_LOOP_1211_1:   [xilinx-label-all-loops]
      for (i = 0; i < __N - 1; ++i) {
      ^~~
      VITIS_LOOP_1211_1: 
/home/pedro/Documents/github/Dissertation-Training/leonardo_tutorials_hls/lab_07_hls/solution1/.autopilot/db/dogain_core.pp.0.cpp:1539:7: note: FIX-IT applied suggested code changes
/home/pedro/Documents/github/Dissertation-Training/leonardo_tutorials_hls/lab_07_hls/solution1/.autopilot/db/dogain_core.pp.0.cpp:2513:5: warning: Added loop label VITIS_LOOP_676_1:   [xilinx-label-all-loops]
    for (unsigned i = low; i != high; ++i) {
    ^~~
    VITIS_LOOP_676_1: 
/home/pedro/Documents/github/Dissertation-Training/leonardo_tutorials_hls/lab_07_hls/solution1/.autopilot/db/dogain_core.pp.0.cpp:2513:5: note: FIX-IT applied suggested code changes
/home/pedro/Documents/github/Dissertation-Training/leonardo_tutorials_hls/lab_07_hls/solution1/.autopilot/db/dogain_core.pp.0.cpp:2527:5: warning: Added loop label VITIS_LOOP_690_1:   [xilinx-label-all-loops]
    for (unsigned i = low; i != high; ++i) {
    ^~~
    VITIS_LOOP_690_1: 
/home/pedro/Documents/github/Dissertation-Training/leonardo_tutorials_hls/lab_07_hls/solution1/.autopilot/db/dogain_core.pp.0.cpp:2527:5: note: FIX-IT applied suggested code changes
/home/pedro/Documents/github/Dissertation-Training/leonardo_tutorials_hls/lab_07_hls/solution1/.autopilot/db/dogain_core.pp.0.cpp:2541:5: warning: Added loop label VITIS_LOOP_704_1:   [xilinx-label-all-loops]
    for (unsigned i = low; i != high; ++i) {
    ^~~
    VITIS_LOOP_704_1: 
/home/pedro/Documents/github/Dissertation-Training/leonardo_tutorials_hls/lab_07_hls/solution1/.autopilot/db/dogain_core.pp.0.cpp:2541:5: note: FIX-IT applied suggested code changes
/home/pedro/Documents/github/Dissertation-Training/leonardo_tutorials_hls/lab_07_hls/solution1/.autopilot/db/dogain_core.pp.0.cpp:4152:7: warning: Added loop label VITIS_LOOP_1245_1:   [xilinx-label-all-loops]
      for (i = 0; i < __N - 1; ++i) {
      ^~~
      VITIS_LOOP_1245_1: 
/home/pedro/Documents/github/Dissertation-Training/leonardo_tutorials_hls/lab_07_hls/solution1/.autopilot/db/dogain_core.pp.0.cpp:4152:7: note: FIX-IT applied suggested code changes
/home/pedro/Documents/github/Dissertation-Training/leonardo_tutorials_hls/lab_07_hls/solution1/.autopilot/db/dogain_core.pp.0.cpp:6292:2: warning: Added loop label VITIS_LOOP_13_1:   [xilinx-label-all-loops]
 for (int i = 0; i < 1000; i++) {
 ^~~
 VITIS_LOOP_13_1: 
/home/pedro/Documents/github/Dissertation-Training/leonardo_tutorials_hls/lab_07_hls/solution1/.autopilot/db/dogain_core.pp.0.cpp:6292:2: note: FIX-IT applied suggested code changes
