23:02:02 DEBUG : Logs will be stored at 'C:/Users/pcost/Documents/github/Dissertation/training/leonardo_tutorials_workspaces/lab_06_ws/IDE.log'.
23:02:05 INFO  : Launching XSCT server: xsct.bat -n  -interactive C:\Users\pcost\Documents\github\Dissertation\training\leonardo_tutorials_workspaces\lab_06_ws\temp_xsdb_launch_script.tcl
23:02:05 INFO  : Registering command handlers for Vitis TCF services
23:02:07 INFO  : Platform repository initialization has completed.
23:02:09 INFO  : XSCT server has started successfully.
23:02:13 INFO  : Successfully done setting XSCT server connection channel  
23:02:13 INFO  : plnx-install-location is set to ''
23:02:13 INFO  : Successfully done query RDI_DATADIR 
23:02:13 INFO  : Successfully done setting workspace for the tool. 
23:03:25 INFO  : Result from executing command 'getProjects': lab_06_platform
23:03:25 INFO  : Result from executing command 'getPlatforms': xilinx_vck190_base_202220_1|E:/Pedro/Programs/Xilinx/Vitis/2022.2/base_platforms/xilinx_vck190_base_202220_1/xilinx_vck190_base_202220_1.xpfm;xilinx_vck190_base_dfx_202220_1|E:/Pedro/Programs/Xilinx/Vitis/2022.2/base_platforms/xilinx_vck190_base_dfx_202220_1/xilinx_vck190_base_dfx_202220_1.xpfm;xilinx_vmk180_base_202220_1|E:/Pedro/Programs/Xilinx/Vitis/2022.2/base_platforms/xilinx_vmk180_base_202220_1/xilinx_vmk180_base_202220_1.xpfm;xilinx_zcu102_base_202220_1|E:/Pedro/Programs/Xilinx/Vitis/2022.2/base_platforms/xilinx_zcu102_base_202220_1/xilinx_zcu102_base_202220_1.xpfm;xilinx_zcu102_base_dfx_202220_1|E:/Pedro/Programs/Xilinx/Vitis/2022.2/base_platforms/xilinx_zcu102_base_dfx_202220_1/xilinx_zcu102_base_dfx_202220_1.xpfm;xilinx_zcu104_base_202220_1|E:/Pedro/Programs/Xilinx/Vitis/2022.2/base_platforms/xilinx_zcu104_base_202220_1/xilinx_zcu104_base_202220_1.xpfm
23:04:08 INFO  : Result from executing command 'getProjects': lab_06_platform
23:04:08 INFO  : Result from executing command 'getPlatforms': lab_06_platform|C:/Users/pcost/Documents/github/Dissertation/training/leonardo_tutorials_workspaces/lab_06_ws/lab_06_platform/export/lab_06_platform/lab_06_platform.xpfm;xilinx_vck190_base_202220_1|E:/Pedro/Programs/Xilinx/Vitis/2022.2/base_platforms/xilinx_vck190_base_202220_1/xilinx_vck190_base_202220_1.xpfm;xilinx_vck190_base_dfx_202220_1|E:/Pedro/Programs/Xilinx/Vitis/2022.2/base_platforms/xilinx_vck190_base_dfx_202220_1/xilinx_vck190_base_dfx_202220_1.xpfm;xilinx_vmk180_base_202220_1|E:/Pedro/Programs/Xilinx/Vitis/2022.2/base_platforms/xilinx_vmk180_base_202220_1/xilinx_vmk180_base_202220_1.xpfm;xilinx_zcu102_base_202220_1|E:/Pedro/Programs/Xilinx/Vitis/2022.2/base_platforms/xilinx_zcu102_base_202220_1/xilinx_zcu102_base_202220_1.xpfm;xilinx_zcu102_base_dfx_202220_1|E:/Pedro/Programs/Xilinx/Vitis/2022.2/base_platforms/xilinx_zcu102_base_dfx_202220_1/xilinx_zcu102_base_dfx_202220_1.xpfm;xilinx_zcu104_base_202220_1|E:/Pedro/Programs/Xilinx/Vitis/2022.2/base_platforms/xilinx_zcu104_base_202220_1/xilinx_zcu104_base_202220_1.xpfm
23:18:06 DEBUG : Logs will be stored at 'C:/Users/pcost/Documents/github/Dissertation/training/leonardo_tutorials_workspaces/lab_06_ws/IDE.log'.
23:18:07 INFO  : Launching XSCT server: xsct.bat -n  -interactive C:\Users\pcost\Documents\github\Dissertation\training\leonardo_tutorials_workspaces\lab_06_ws\temp_xsdb_launch_script.tcl
23:18:10 INFO  : XSCT server has started successfully.
23:18:10 INFO  : Successfully done setting XSCT server connection channel  
23:18:10 INFO  : plnx-install-location is set to ''
23:18:10 INFO  : Successfully done setting workspace for the tool. 
23:18:11 INFO  : Successfully done query RDI_DATADIR 
23:18:11 INFO  : Registering command handlers for Vitis TCF services
23:18:12 INFO  : Platform repository initialization has completed.
23:44:44 INFO  : Checking for BSP changes to sync application flags for project 'lab_06_application'...
23:44:52 ERROR : (XSDB Server)ERROR: [Hsi 55-1571] The design file C:/Users/pcost/Documents/github/Dissertation/training/leonardo_tutorials_workspaces/lab_06_ws/lab_06_platform/export/lab_06_platform/hw/design_1_wrapper.xsa is already opened

23:47:15 INFO  : Connected to target on host '127.0.0.1' and port '3121'.
23:47:33 INFO  : ----------------XSDB Script----------------
connect -url tcp:127.0.0.1:3121
----------------End of Script----------------

23:47:33 ERROR : Could not find ARM device on the board for connection 'Local'.
Check if the target is in:
1. Split JTAG - No operations are possible with ARM DAP.
2. Non JTAG bootmode - Bootrom may need time to enable DAP.
Please try again.


Troubleshooting hints:
1. Check whether board is connected to system properly.
2. In case of zynq board, check whether Digilent/Xilinx cable switch settings are correct.
3. If you are using Xilinx Platform Cable USB, ensure that status LED is green.
23:48:57 ERROR : (XRT Server)E:/Pedro/Programs/Xilinx/Vitis/2022.2/bin/u
23:48:57 ERROR : (XRT Server)nwrapped/win64.o/xrt_server.exe: error: illegal option '-'
Usage: agent [OPTION]...
Start Target Communication Framework agent.
  -d               run in daemon mode (output is sent to system logger)
  -i               run in interactive mode
  -L<file>         enable logging, use -L- to send log to stderr
  -l<level>        set log level, the level is comma separated list of:
      alloc        memory allocation and deallocation (0x1)
      eventcore    main event queue (0x2)
      waitpid      waitpid() events (0x4)
      events       low-level debugger events (0x8)
      protocol     communication protocol (0x20)
      context      debug context actions (0x40)
      children     debug context children (0x10)
      discovery    discovery (0x80)
      asyncreq     async I/O (0x100)
      proxy        proxy state (0x200)
      tcflog       proxy traffic (0x400)
      elf          ELF reader (0x800)
      stack        stack trace service (0x2000)
      plugin       plugins (0x4000)
      shutdown     shutdown of subsystems (0x8000)
      disasm       disassembly service (0x10000)
  -s<url>          set agent listening port and protocol, default is tcp::0
  -S               print server properties in Json format to stdout
  -g<port>         start GDB Remote Serial Protocol server at the specified TCP port
  -I<idle-seconds> exit if there are no connections for the specified time

23:49:56 ERROR : Timed out. 60 seconds have elapsed while waiting for the XRT server to launch.
23:49:56 INFO  : Connected to target on host '127.0.0.1' and port '3121'.
23:50:14 INFO  : ----------------XSDB Script----------------
connect -url tcp:127.0.0.1:3121
----------------End of Script----------------

23:50:14 ERROR : Could not find ARM device on the board for connection 'Local'.
Check if the target is in:
1. Split JTAG - No operations are possible with ARM DAP.
2. Non JTAG bootmode - Bootrom may need time to enable DAP.
Please try again.


Troubleshooting hints:
1. Check whether board is connected to system properly.
2. In case of zynq board, check whether Digilent/Xilinx cable switch settings are correct.
3. If you are using Xilinx Platform Cable USB, ensure that status LED is green.
23:50:29 ERROR : (XSDB Server)ERROR: [Hsi 55-1571] The design file C:/Users/pcost/Documents/github/Dissertation/training/leonardo_tutorials_workspaces/lab_06_ws/lab_06_platform/export/lab_06_platform/hw/design_1_wrapper.xsa is already opened

23:50:29 INFO  : Generated template bif file for lab_06_application_system
23:50:43 INFO  : Invoking Bootgen: bootgen -image lab_06_application_system.bif -arch zynq -o C:/Users/pcost/Documents/github/Dissertation/training/leonardo_tutorials_workspaces/lab_06_ws/lab_06_application_system/_ide/bootimage/BOOT.bin
23:50:45 INFO  : Bootgen command execution is done.
23:52:12 INFO  : Invoking Bootgen: bootgen -image boot_lab6.bif -arch zynq -o C:/Users/pcost/Documents/github/Dissertation/training/leonardo_bootfiles/BOOT.bin
23:52:14 INFO  : Bootgen command execution is done.
00:00:43 INFO  : Checking for BSP changes to sync application flags for project 'lab_06_application'...
00:00:46 ERROR : (XSDB Server)ERROR: [Hsi 55-1571] The design file C:/Users/pcost/Documents/github/Dissertation/training/leonardo_tutorials_workspaces/lab_06_ws/lab_06_platform/export/lab_06_platform/hw/design_1_wrapper.xsa is already opened

00:01:38 INFO  : Invoking Bootgen: bootgen -image boot_lab6.bif -arch zynq -o C:/Users/pcost/Documents/github/Dissertation/training/leonardo_bootfiles/BOOT.bin -w on
00:01:40 INFO  : Bootgen command execution is done.
14:24:07 DEBUG : Logs will be stored at 'C:/Users/pcost/Documents/github/Dissertation/training/leonardo_tutorials_workspaces/lab_06_ws/IDE.log'.
14:24:09 INFO  : Launching XSCT server: xsct.bat -n  -interactive C:\Users\pcost\Documents\github\Dissertation\training\leonardo_tutorials_workspaces\lab_06_ws\temp_xsdb_launch_script.tcl
14:24:13 INFO  : Registering command handlers for Vitis TCF services
14:24:14 INFO  : XSCT server has started successfully.
14:24:14 INFO  : plnx-install-location is set to ''
14:24:15 INFO  : Platform repository initialization has completed.
14:24:18 INFO  : Successfully done setting XSCT server connection channel  
14:24:18 INFO  : Successfully done query RDI_DATADIR 
14:24:18 INFO  : Successfully done setting workspace for the tool. 
