#-----------------------------------------------------------
# xsim v2022.2 (64-bit)
# SW Build 3671981 on Fri Oct 14 05:00:03 MDT 2022
# IP Build 3669848 on Fri Oct 14 08:30:02 MDT 2022
# Start of session at: Sun Nov 27 19:15:21 2022
# Process ID: 17504
# Current directory: C:/Users/pcost/Documents/github/Dissertation/training/leonardo_tutorials_hls/lab_05_hls/solution1/sim/verilog
# Command line: xsim.exe -mode tcl -source {xsim.dir/gravity/xsim_script.tcl}
# Log file: C:/Users/pcost/Documents/github/Dissertation/training/leonardo_tutorials_hls/lab_05_hls/solution1/sim/verilog/xsim.log
# Journal file: C:/Users/pcost/Documents/github/Dissertation/training/leonardo_tutorials_hls/lab_05_hls/solution1/sim/verilog\xsim.jou
# Running On: DESKTOP-482L3JE, OS: Windows, CPU Frequency: 3500 MHz, CPU Physical cores: 4, Host memory: 8531 MB
#-----------------------------------------------------------
source xsim.dir/gravity/xsim_script.tcl
# xsim {gravity} -autoloadwcfg -tclbatch {gravity.tcl}
Time resolution is 1 ps
source gravity.tcl
## run all
////////////////////////////////////////////////////////////////////////////////////
// Inter-Transaction Progress: Completed Transaction / Total Transaction
// Intra-Transaction Progress: Measured Latency / Latency Estimation * 100%
//
// RTL Simulation : "Inter-Transaction Progress" ["Intra-Transaction Progress"] @ "Simulation Time"
////////////////////////////////////////////////////////////////////////////////////
// RTL Simulation : 0 / 10 [0.00%] @ "125000"
// RTL Simulation : 1 / 10 [39.13%] @ "885000"
// RTL Simulation : 2 / 10 [39.13%] @ "1555000"
// RTL Simulation : 3 / 10 [39.13%] @ "2225000"
// RTL Simulation : 4 / 10 [39.13%] @ "2895000"
// RTL Simulation : 5 / 10 [39.13%] @ "3565000"
// RTL Simulation : 6 / 10 [39.13%] @ "4235000"
// RTL Simulation : 7 / 10 [39.13%] @ "4905000"
// RTL Simulation : 8 / 10 [39.13%] @ "5575000"
// RTL Simulation : 9 / 10 [39.13%] @ "6245000"
// RTL Simulation : 10 / 10 [100.00%] @ "6915000"
////////////////////////////////////////////////////////////////////////////////////
$finish called at time : 6975 ns : File "C:/Users/pcost/Documents/github/Dissertation/training/leonardo_tutorials_hls/lab_05_hls/solution1/sim/verilog/gravity.autotb.v" Line 313
## quit
INFO: [Common 17-206] Exiting xsim at Sun Nov 27 19:15:23 2022...
