INFO: [COSIM-47] Using XSIM for RTL simulation.
INFO: [COSIM-14] Instrumenting C test bench ...
   Build using "E:/Pedro/Programs/Xilinx/Vitis_HLS/2022.2/tps/win64/msys64/mingw64/bin/g++"
   Compiling dist_points_core.cpp_pre.cpp.tb.cpp
   Compiling dist_points_core_test.cpp_pre.cpp.tb.cpp
   Compiling apatb_distPoints_float.cpp
   Compiling apatb_distPoints_float_ir.ll
   Generating cosim.tv.exe
INFO: [COSIM-302] Starting C TB testing ... 
INFO: [COSIM-333] Generating C post check test bench ...
INFO: [COSIM-12] Generating RTL test bench ...
INFO: [COSIM-1] *** C/RTL co-simulation file generation completed. ***
INFO: [COSIM-323] Starting verilog simulation. 
INFO: [COSIM-15] Starting XSIM ...
INFO: [COSIM-316] Starting C post checking ...
d_double(A, B) = 2.061553
d_float(A, B) = 2.061553
d_fixed(A, B) = 2.061523

C:\Users\pcost\Documents\github\Dissertation\training\leonardo_tutorials_hls\lab_04_hls\solution1\sim\verilog>set PATH= 

C:\Users\pcost\Documents\github\Dissertation\training\leonardo_tutorials_hls\lab_04_hls\solution1\sim\verilog>call E:/Pedro/Programs/Xilinx/Vivado/2022.2/bin/xelab xil_defaultlib.apatb_distPoints_float_top glbl -Oenable_linking_all_libraries  -prj distPoints_float.prj -L smartconnect_v1_0 -L axi_protocol_checker_v1_1_12 -L axi_protocol_checker_v1_1_13 -L axis_protocol_checker_v1_1_11 -L axis_protocol_checker_v1_1_12 -L xil_defaultlib -L unisims_ver -L xpm  -L floating_point_v7_0_20 -L floating_point_v7_1_15 --lib "ieee_proposed=./ieee_proposed" -s distPoints_float  
Vivado Simulator v2022.2
Copyright 1986-1999, 2001-2022 Xilinx, Inc. All Rights Reserved.
Running: E:/Pedro/Programs/Xilinx/Vivado/2022.2/bin/unwrapped/win64.o/xelab.exe xil_defaultlib.apatb_distPoints_float_top glbl -Oenable_linking_all_libraries -prj distPoints_float.prj -L smartconnect_v1_0 -L axi_protocol_checker_v1_1_12 -L axi_protocol_checker_v1_1_13 -L axis_protocol_checker_v1_1_11 -L axis_protocol_checker_v1_1_12 -L xil_defaultlib -L unisims_ver -L xpm -L floating_point_v7_0_20 -L floating_point_v7_1_15 --lib ieee_proposed=./ieee_proposed -s distPoints_float 
Multi-threading is on. Using 6 slave threads.
INFO: [VRFC 10-2263] Analyzing SystemVerilog file "C:/Users/pcost/Documents/github/Dissertation/training/leonardo_tutorials_hls/lab_04_hls/solution1/sim/verilog/ip/xil_defaultlib/distPoints_float_dadd_64ns_64ns_64_7_full_dsp_1_ip.v" into library xil_defaultlib
INFO: [VRFC 10-311] analyzing module distPoints_float_dadd_64ns_64ns_64_7_full_dsp_1_ip
INFO: [VRFC 10-2263] Analyzing SystemVerilog file "C:/Users/pcost/Documents/github/Dissertation/training/leonardo_tutorials_hls/lab_04_hls/solution1/sim/verilog/ip/xil_defaultlib/distPoints_float_fpext_32ns_64_2_no_dsp_1_ip.v" into library xil_defaultlib
INFO: [VRFC 10-311] analyzing module distPoints_float_fpext_32ns_64_2_no_dsp_1_ip
INFO: [VRFC 10-2263] Analyzing SystemVerilog file "C:/Users/pcost/Documents/github/Dissertation/training/leonardo_tutorials_hls/lab_04_hls/solution1/sim/verilog/ip/xil_defaultlib/distPoints_float_fptrunc_64ns_32_2_no_dsp_1_ip.v" into library xil_defaultlib
INFO: [VRFC 10-311] analyzing module distPoints_float_fptrunc_64ns_32_2_no_dsp_1_ip
INFO: [VRFC 10-2263] Analyzing SystemVerilog file "C:/Users/pcost/Documents/github/Dissertation/training/leonardo_tutorials_hls/lab_04_hls/solution1/sim/verilog/ip/xil_defaultlib/distPoints_float_fsqrt_32ns_32ns_32_16_no_dsp_1_ip.v" into library xil_defaultlib
INFO: [VRFC 10-311] analyzing module distPoints_float_fsqrt_32ns_32ns_32_16_no_dsp_1_ip
INFO: [VRFC 10-2263] Analyzing SystemVerilog file "C:/Users/pcost/Documents/github/Dissertation/training/leonardo_tutorials_hls/lab_04_hls/solution1/sim/verilog/ip/xil_defaultlib/distPoints_float_fsub_32ns_32ns_32_5_full_dsp_1_ip.v" into library xil_defaultlib
INFO: [VRFC 10-311] analyzing module distPoints_float_fsub_32ns_32ns_32_5_full_dsp_1_ip
INFO: [VRFC 10-2263] Analyzing SystemVerilog file "C:/Users/pcost/Documents/github/Dissertation/training/leonardo_tutorials_hls/lab_04_hls/solution1/sim/verilog/glbl.v" into library work
INFO: [VRFC 10-311] analyzing module glbl
INFO: [VRFC 10-2263] Analyzing SystemVerilog file "C:/Users/pcost/Documents/github/Dissertation/training/leonardo_tutorials_hls/lab_04_hls/solution1/sim/verilog/distPoints_float.autotb.v" into library xil_defaultlib
INFO: [VRFC 10-311] analyzing module apatb_distPoints_float_top
INFO: [VRFC 10-2263] Analyzing SystemVerilog file "C:/Users/pcost/Documents/github/Dissertation/training/leonardo_tutorials_hls/lab_04_hls/solution1/sim/verilog/distPoints_float.v" into library xil_defaultlib
INFO: [VRFC 10-311] analyzing module distPoints_float
INFO: [VRFC 10-2263] Analyzing SystemVerilog file "C:/Users/pcost/Documents/github/Dissertation/training/leonardo_tutorials_hls/lab_04_hls/solution1/sim/verilog/distPoints_float_dadd_64ns_64ns_64_7_full_dsp_1.v" into library xil_defaultlib
INFO: [VRFC 10-311] analyzing module distPoints_float_dadd_64ns_64ns_64_7_full_dsp_1
INFO: [VRFC 10-2263] Analyzing SystemVerilog file "C:/Users/pcost/Documents/github/Dissertation/training/leonardo_tutorials_hls/lab_04_hls/solution1/sim/verilog/distPoints_float_fpext_32ns_64_2_no_dsp_1.v" into library xil_defaultlib
INFO: [VRFC 10-311] analyzing module distPoints_float_fpext_32ns_64_2_no_dsp_1
INFO: [VRFC 10-2263] Analyzing SystemVerilog file "C:/Users/pcost/Documents/github/Dissertation/training/leonardo_tutorials_hls/lab_04_hls/solution1/sim/verilog/distPoints_float_fptrunc_64ns_32_2_no_dsp_1.v" into library xil_defaultlib
INFO: [VRFC 10-311] analyzing module distPoints_float_fptrunc_64ns_32_2_no_dsp_1
INFO: [VRFC 10-2263] Analyzing SystemVerilog file "C:/Users/pcost/Documents/github/Dissertation/training/leonardo_tutorials_hls/lab_04_hls/solution1/sim/verilog/distPoints_float_fsqrt_32ns_32ns_32_16_no_dsp_1.v" into library xil_defaultlib
INFO: [VRFC 10-311] analyzing module distPoints_float_fsqrt_32ns_32ns_32_16_no_dsp_1
INFO: [VRFC 10-2263] Analyzing SystemVerilog file "C:/Users/pcost/Documents/github/Dissertation/training/leonardo_tutorials_hls/lab_04_hls/solution1/sim/verilog/distPoints_float_fsub_32ns_32ns_32_5_full_dsp_1.v" into library xil_defaultlib
INFO: [VRFC 10-311] analyzing module distPoints_float_fsub_32ns_32ns_32_5_full_dsp_1
INFO: [VRFC 10-2263] Analyzing SystemVerilog file "C:/Users/pcost/Documents/github/Dissertation/training/leonardo_tutorials_hls/lab_04_hls/solution1/sim/verilog/distPoints_float_mac_muladd_16s_15ns_19s_31_4_1.v" into library xil_defaultlib
INFO: [VRFC 10-311] analyzing module distPoints_float_mac_muladd_16s_15ns_19s_31_4_1_DSP48_0
INFO: [VRFC 10-311] analyzing module distPoints_float_mac_muladd_16s_15ns_19s_31_4_1
INFO: [VRFC 10-2263] Analyzing SystemVerilog file "C:/Users/pcost/Documents/github/Dissertation/training/leonardo_tutorials_hls/lab_04_hls/solution1/sim/verilog/distPoints_float_mul_12s_80ns_90_5_1.v" into library xil_defaultlib
INFO: [VRFC 10-311] analyzing module distPoints_float_mul_12s_80ns_90_5_1
INFO: [VRFC 10-2263] Analyzing SystemVerilog file "C:/Users/pcost/Documents/github/Dissertation/training/leonardo_tutorials_hls/lab_04_hls/solution1/sim/verilog/distPoints_float_mul_13s_71s_71_5_1.v" into library xil_defaultlib
INFO: [VRFC 10-311] analyzing module distPoints_float_mul_13s_71s_71_5_1
INFO: [VRFC 10-2263] Analyzing SystemVerilog file "C:/Users/pcost/Documents/github/Dissertation/training/leonardo_tutorials_hls/lab_04_hls/solution1/sim/verilog/distPoints_float_mul_40ns_40ns_80_2_1.v" into library xil_defaultlib
INFO: [VRFC 10-311] analyzing module distPoints_float_mul_40ns_40ns_80_2_1
INFO: [VRFC 10-2263] Analyzing SystemVerilog file "C:/Users/pcost/Documents/github/Dissertation/training/leonardo_tutorials_hls/lab_04_hls/solution1/sim/verilog/distPoints_float_mul_43ns_36ns_79_3_1.v" into library xil_defaultlib
INFO: [VRFC 10-311] analyzing module distPoints_float_mul_43ns_36ns_79_3_1
INFO: [VRFC 10-2263] Analyzing SystemVerilog file "C:/Users/pcost/Documents/github/Dissertation/training/leonardo_tutorials_hls/lab_04_hls/solution1/sim/verilog/distPoints_float_mul_49ns_44ns_93_5_1.v" into library xil_defaultlib
INFO: [VRFC 10-311] analyzing module distPoints_float_mul_49ns_44ns_93_5_1
INFO: [VRFC 10-2263] Analyzing SystemVerilog file "C:/Users/pcost/Documents/github/Dissertation/training/leonardo_tutorials_hls/lab_04_hls/solution1/sim/verilog/distPoints_float_mul_50ns_50ns_100_5_1.v" into library xil_defaultlib
INFO: [VRFC 10-311] analyzing module distPoints_float_mul_50ns_50ns_100_5_1
INFO: [VRFC 10-2263] Analyzing SystemVerilog file "C:/Users/pcost/Documents/github/Dissertation/training/leonardo_tutorials_hls/lab_04_hls/solution1/sim/verilog/distPoints_float_mul_54s_6ns_54_5_1.v" into library xil_defaultlib
INFO: [VRFC 10-311] analyzing module distPoints_float_mul_54s_6ns_54_5_1
INFO: [VRFC 10-2263] Analyzing SystemVerilog file "C:/Users/pcost/Documents/github/Dissertation/training/leonardo_tutorials_hls/lab_04_hls/solution1/sim/verilog/distPoints_float_mul_71ns_4ns_75_5_1.v" into library xil_defaultlib
INFO: [VRFC 10-311] analyzing module distPoints_float_mul_71ns_4ns_75_5_1
INFO: [VRFC 10-2263] Analyzing SystemVerilog file "C:/Users/pcost/Documents/github/Dissertation/training/leonardo_tutorials_hls/lab_04_hls/solution1/sim/verilog/distPoints_float_mul_73ns_6ns_79_5_1.v" into library xil_defaultlib
INFO: [VRFC 10-311] analyzing module distPoints_float_mul_73ns_6ns_79_5_1
INFO: [VRFC 10-2263] Analyzing SystemVerilog file "C:/Users/pcost/Documents/github/Dissertation/training/leonardo_tutorials_hls/lab_04_hls/solution1/sim/verilog/distPoints_float_mul_77ns_6ns_83_5_1.v" into library xil_defaultlib
INFO: [VRFC 10-311] analyzing module distPoints_float_mul_77ns_6ns_83_5_1
INFO: [VRFC 10-2263] Analyzing SystemVerilog file "C:/Users/pcost/Documents/github/Dissertation/training/leonardo_tutorials_hls/lab_04_hls/solution1/sim/verilog/distPoints_float_mul_82ns_6ns_88_5_1.v" into library xil_defaultlib
INFO: [VRFC 10-311] analyzing module distPoints_float_mul_82ns_6ns_88_5_1
INFO: [VRFC 10-2263] Analyzing SystemVerilog file "C:/Users/pcost/Documents/github/Dissertation/training/leonardo_tutorials_hls/lab_04_hls/solution1/sim/verilog/distPoints_float_mul_83ns_6ns_89_5_1.v" into library xil_defaultlib
INFO: [VRFC 10-311] analyzing module distPoints_float_mul_83ns_6ns_89_5_1
INFO: [VRFC 10-2263] Analyzing SystemVerilog file "C:/Users/pcost/Documents/github/Dissertation/training/leonardo_tutorials_hls/lab_04_hls/solution1/sim/verilog/distPoints_float_mul_87ns_6ns_93_5_1.v" into library xil_defaultlib
INFO: [VRFC 10-311] analyzing module distPoints_float_mul_87ns_6ns_93_5_1
INFO: [VRFC 10-2263] Analyzing SystemVerilog file "C:/Users/pcost/Documents/github/Dissertation/training/leonardo_tutorials_hls/lab_04_hls/solution1/sim/verilog/distPoints_float_mul_92ns_6ns_98_5_1.v" into library xil_defaultlib
INFO: [VRFC 10-311] analyzing module distPoints_float_mul_92ns_6ns_98_5_1
INFO: [VRFC 10-2263] Analyzing SystemVerilog file "C:/Users/pcost/Documents/github/Dissertation/training/leonardo_tutorials_hls/lab_04_hls/solution1/sim/verilog/distPoints_float_pow_generic_double_s.v" into library xil_defaultlib
INFO: [VRFC 10-311] analyzing module distPoints_float_pow_generic_double_s
INFO: [VRFC 10-2263] Analyzing SystemVerilog file "C:/Users/pcost/Documents/github/Dissertation/training/leonardo_tutorials_hls/lab_04_hls/solution1/sim/verilog/distPoints_float_pow_generic_double_s_pow_reduce_anonymous_namespace_log0_lut_table_array_V_ROcud.v" into library xil_defaultlib
INFO: [VRFC 10-311] analyzing module distPoints_float_pow_generic_double_s_pow_reduce_anonymous_namespace_log0_lut_table_array_V_ROcud
INFO: [VRFC 10-2263] Analyzing SystemVerilog file "C:/Users/pcost/Documents/github/Dissertation/training/leonardo_tutorials_hls/lab_04_hls/solution1/sim/verilog/distPoints_float_pow_generic_double_s_pow_reduce_anonymous_namespace_log_inverse_lut_table_powbkb.v" into library xil_defaultlib
INFO: [VRFC 10-311] analyzing module distPoints_float_pow_generic_double_s_pow_reduce_anonymous_namespace_log_inverse_lut_table_powbkb
INFO: [VRFC 10-2263] Analyzing SystemVerilog file "C:/Users/pcost/Documents/github/Dissertation/training/leonardo_tutorials_hls/lab_04_hls/solution1/sim/verilog/distPoints_float_pow_generic_double_s_pow_reduce_anonymous_namespace_log_lut_table_ap_fixed_12fYi.v" into library xil_defaultlib
INFO: [VRFC 10-311] analyzing module distPoints_float_pow_generic_double_s_pow_reduce_anonymous_namespace_log_lut_table_ap_fixed_12fYi
INFO: [VRFC 10-2263] Analyzing SystemVerilog file "C:/Users/pcost/Documents/github/Dissertation/training/leonardo_tutorials_hls/lab_04_hls/solution1/sim/verilog/distPoints_float_pow_generic_double_s_pow_reduce_anonymous_namespace_log_lut_table_ap_fixed_17g8j.v" into library xil_defaultlib
INFO: [VRFC 10-311] analyzing module distPoints_float_pow_generic_double_s_pow_reduce_anonymous_namespace_log_lut_table_ap_fixed_17g8j
INFO: [VRFC 10-2263] Analyzing SystemVerilog file "C:/Users/pcost/Documents/github/Dissertation/training/leonardo_tutorials_hls/lab_04_hls/solution1/sim/verilog/distPoints_float_pow_generic_double_s_pow_reduce_anonymous_namespace_log_lut_table_ap_fixed_22hbi.v" into library xil_defaultlib
INFO: [VRFC 10-311] analyzing module distPoints_float_pow_generic_double_s_pow_reduce_anonymous_namespace_log_lut_table_ap_fixed_22hbi
INFO: [VRFC 10-2263] Analyzing SystemVerilog file "C:/Users/pcost/Documents/github/Dissertation/training/leonardo_tutorials_hls/lab_04_hls/solution1/sim/verilog/distPoints_float_pow_generic_double_s_pow_reduce_anonymous_namespace_log_lut_table_ap_fixed_27ibs.v" into library xil_defaultlib
INFO: [VRFC 10-311] analyzing module distPoints_float_pow_generic_double_s_pow_reduce_anonymous_namespace_log_lut_table_ap_fixed_27ibs
INFO: [VRFC 10-2263] Analyzing SystemVerilog file "C:/Users/pcost/Documents/github/Dissertation/training/leonardo_tutorials_hls/lab_04_hls/solution1/sim/verilog/distPoints_float_pow_generic_double_s_pow_reduce_anonymous_namespace_log_lut_table_ap_fixed_32jbC.v" into library xil_defaultlib
INFO: [VRFC 10-311] analyzing module distPoints_float_pow_generic_double_s_pow_reduce_anonymous_namespace_log_lut_table_ap_fixed_32jbC
INFO: [VRFC 10-2263] Analyzing SystemVerilog file "C:/Users/pcost/Documents/github/Dissertation/training/leonardo_tutorials_hls/lab_04_hls/solution1/sim/verilog/distPoints_float_pow_generic_double_s_pow_reduce_anonymous_namespace_log_lut_table_ap_fixed_4_dEe.v" into library xil_defaultlib
INFO: [VRFC 10-311] analyzing module distPoints_float_pow_generic_double_s_pow_reduce_anonymous_namespace_log_lut_table_ap_fixed_4_dEe
INFO: [VRFC 10-2263] Analyzing SystemVerilog file "C:/Users/pcost/Documents/github/Dissertation/training/leonardo_tutorials_hls/lab_04_hls/solution1/sim/verilog/distPoints_float_pow_generic_double_s_pow_reduce_anonymous_namespace_log_lut_table_ap_fixed_7_eOg.v" into library xil_defaultlib
INFO: [VRFC 10-311] analyzing module distPoints_float_pow_generic_double_s_pow_reduce_anonymous_namespace_log_lut_table_ap_fixed_7_eOg
INFO: [VRFC 10-2263] Analyzing SystemVerilog file "C:/Users/pcost/Documents/github/Dissertation/training/leonardo_tutorials_hls/lab_04_hls/solution1/sim/verilog/distPoints_float_pow_generic_double_s_pow_reduce_anonymous_namespace_table_exp_Z1_ap_ufixed_arkbM.v" into library xil_defaultlib
INFO: [VRFC 10-311] analyzing module distPoints_float_pow_generic_double_s_pow_reduce_anonymous_namespace_table_exp_Z1_ap_ufixed_arkbM
INFO: [VRFC 10-2263] Analyzing SystemVerilog file "C:/Users/pcost/Documents/github/Dissertation/training/leonardo_tutorials_hls/lab_04_hls/solution1/sim/verilog/distPoints_float_pow_generic_double_s_pow_reduce_anonymous_namespace_table_f_Z2_ap_ufixed_arramb6.v" into library xil_defaultlib
INFO: [VRFC 10-311] analyzing module distPoints_float_pow_generic_double_s_pow_reduce_anonymous_namespace_table_f_Z2_ap_ufixed_arramb6
INFO: [VRFC 10-2263] Analyzing SystemVerilog file "C:/Users/pcost/Documents/github/Dissertation/training/leonardo_tutorials_hls/lab_04_hls/solution1/sim/verilog/distPoints_float_pow_generic_double_s_pow_reduce_anonymous_namespace_table_f_Z3_ap_ufixed_arralbW.v" into library xil_defaultlib
INFO: [VRFC 10-311] analyzing module distPoints_float_pow_generic_double_s_pow_reduce_anonymous_namespace_table_f_Z3_ap_ufixed_arralbW
INFO: [VRFC 10-2263] Analyzing SystemVerilog file "C:/Users/pcost/Documents/github/Dissertation/training/leonardo_tutorials_hls/lab_04_hls/solution1/sim/verilog/dataflow_monitor.sv" into library xil_defaultlib
INFO: [VRFC 10-311] analyzing module dataflow_monitor
Starting static elaboration
Pass Through NonSizing Optimizer
Completed static elaboration
Starting simulation data flow analysis
Completed simulation data flow analysis
Time Resolution for simulation is 1ps
Compiling package std.standard
Compiling package std.textio
Compiling package ieee.std_logic_1164
Compiling package floating_point_v7_1_15.floating_point_v7_1_15_viv_comp
Compiling package ieee.numeric_std
Compiling package xbip_utils_v3_0_10.xbip_utils_v3_0_10_pkg
Compiling package axi_utils_v2_0_6.axi_utils_v2_0_6_pkg
Compiling package floating_point_v7_1_15.floating_point_v7_1_15_consts
Compiling package ieee.math_real
Compiling package floating_point_v7_1_15.floating_point_v7_1_15_exp_table...
Compiling package mult_gen_v12_0_18.mult_gen_v12_0_18_pkg
Compiling package ieee.std_logic_arith
Compiling package ieee.std_logic_signed
Compiling package floating_point_v7_1_15.floating_point_v7_1_15_pkg
Compiling package floating_point_v7_1_15.flt_utils
Compiling package xbip_pipe_v3_0_6.xbip_pipe_v3_0_6_viv_comp
Compiling package unisim.vcomponents
Compiling package ieee.vital_timing
Compiling package ieee.vital_primitives
Compiling package unisim.vpkg
Compiling package xil_defaultlib.$unit_dataflow_monitor_sv
Compiling module xil_defaultlib.distPoints_float_pow_generic_dou...
Compiling module xil_defaultlib.distPoints_float_pow_generic_dou...
Compiling module xil_defaultlib.distPoints_float_pow_generic_dou...
Compiling module xil_defaultlib.distPoints_float_pow_generic_dou...
Compiling module xil_defaultlib.distPoints_float_pow_generic_dou...
Compiling module xil_defaultlib.distPoints_float_pow_generic_dou...
Compiling module xil_defaultlib.distPoints_float_pow_generic_dou...
Compiling module xil_defaultlib.distPoints_float_pow_generic_dou...
Compiling module xil_defaultlib.distPoints_float_pow_generic_dou...
Compiling module xil_defaultlib.distPoints_float_pow_generic_dou...
Compiling module xil_defaultlib.distPoints_float_pow_generic_dou...
Compiling module xil_defaultlib.distPoints_float_pow_generic_dou...
Compiling module xil_defaultlib.distPoints_float_mul_54s_6ns_54_...
Compiling module xil_defaultlib.distPoints_float_mul_71ns_4ns_75...
Compiling module xil_defaultlib.distPoints_float_mul_73ns_6ns_79...
Compiling module xil_defaultlib.distPoints_float_mul_83ns_6ns_89...
Compiling module xil_defaultlib.distPoints_float_mul_92ns_6ns_98...
Compiling module xil_defaultlib.distPoints_float_mul_87ns_6ns_93...
Compiling module xil_defaultlib.distPoints_float_mul_82ns_6ns_88...
Compiling module xil_defaultlib.distPoints_float_mul_77ns_6ns_83...
Compiling module xil_defaultlib.distPoints_float_mul_12s_80ns_90...
Compiling module xil_defaultlib.distPoints_float_mul_40ns_40ns_8...
Compiling module xil_defaultlib.distPoints_float_mul_13s_71s_71_...
Compiling module xil_defaultlib.distPoints_float_mul_43ns_36ns_7...
Compiling module xil_defaultlib.distPoints_float_mul_49ns_44ns_9...
Compiling module xil_defaultlib.distPoints_float_mul_50ns_50ns_1...
Compiling module xil_defaultlib.distPoints_float_mac_muladd_16s_...
Compiling module xil_defaultlib.distPoints_float_mac_muladd_16s_...
Compiling module xil_defaultlib.distPoints_float_pow_generic_dou...
Compiling architecture muxcy_v of entity unisim.MUXCY [muxcy_default]
Compiling architecture synth of entity xbip_pipe_v3_0_6.xbip_pipe_v3_0_6_viv [\xbip_pipe_v3_0_6_viv(c_has_ce=1...]
Compiling architecture rtl of entity floating_point_v7_1_15.delay [\delay(width=7,length=0)\]
Compiling architecture struct of entity floating_point_v7_1_15.carry_chain [\carry_chain(c_xdevicefamily="zy...]
Compiling architecture synth of entity floating_point_v7_1_15.compare_eq_im [\compare_eq_im(c_xdevicefamily="...]
Compiling architecture xorcy_v of entity unisim.XORCY [xorcy_default]
Compiling architecture struct of entity floating_point_v7_1_15.carry_chain [\carry_chain(c_xdevicefamily="zy...]
Compiling architecture synth of entity xbip_pipe_v3_0_6.xbip_pipe_v3_0_6_viv [\xbip_pipe_v3_0_6_viv(c_has_ce=1...]
Compiling architecture rtl of entity floating_point_v7_1_15.delay [\delay(length=0)\]
Compiling architecture synth of entity xbip_pipe_v3_0_6.xbip_pipe_v3_0_6_viv [\xbip_pipe_v3_0_6_viv(c_has_ce=1...]
Compiling architecture rtl of entity floating_point_v7_1_15.delay [\delay(width=24,length=0,fast_in...]
Compiling architecture synth of entity xbip_pipe_v3_0_6.xbip_pipe_v3_0_6_viv [\xbip_pipe_v3_0_6_viv(c_has_ce=1...]
Compiling architecture rtl of entity floating_point_v7_1_15.delay [\delay(width=16,length=0)\]
Compiling architecture dsp48e1_v of entity unisim.DSP48E1 [\DSP48E1(acascreg=0,adreg=0,alum...]
Compiling architecture synth of entity xbip_pipe_v3_0_6.xbip_pipe_v3_0_6_viv [\xbip_pipe_v3_0_6_viv(c_has_ce=1...]
Compiling architecture rtl of entity floating_point_v7_1_15.delay [\delay(width=4,length=0)\]
Compiling architecture synth of entity xbip_pipe_v3_0_6.xbip_pipe_v3_0_6_viv [\xbip_pipe_v3_0_6_viv(c_has_ce=1...]
Compiling architecture rtl of entity floating_point_v7_1_15.delay [\delay(width=48,length=0)\]
Compiling architecture synth of entity xbip_pipe_v3_0_6.xbip_pipe_v3_0_6_viv [\xbip_pipe_v3_0_6_viv(c_has_ce=1...]
Compiling architecture rtl of entity floating_point_v7_1_15.delay [\delay(width=24,length=0)\]
Compiling architecture rtl of entity floating_point_v7_1_15.dsp48e1_wrapper [\dsp48e1_wrapper(c_part="xc7z020...]
Compiling architecture synth of entity xbip_pipe_v3_0_6.xbip_pipe_v3_0_6_viv [\xbip_pipe_v3_0_6_viv(c_latency=...]
Compiling architecture rtl of entity floating_point_v7_1_15.delay [delay_default]
Compiling architecture synth of entity xbip_pipe_v3_0_6.xbip_pipe_v3_0_6_viv [\xbip_pipe_v3_0_6_viv(c_has_ce=1...]
Compiling architecture rtl of entity floating_point_v7_1_15.delay [\delay(width=13,length=0)\]
Compiling architecture synth of entity xbip_pipe_v3_0_6.xbip_pipe_v3_0_6_viv [\xbip_pipe_v3_0_6_viv(c_has_ce=1...]
Compiling architecture rtl of entity floating_point_v7_1_15.delay [\delay(width=27,length=0)\]
Compiling architecture synth of entity floating_point_v7_1_15.align_add_dsp48e1_sgl [\align_add_dsp48e1_sgl(c_xdevice...]
Compiling architecture lut5_v of entity unisim.LUT5 [\LUT5(init="00000000000000001111...]
Compiling architecture lut5_v of entity unisim.LUT5 [\LUT5(init="00000000000000000000...]
Compiling architecture synth of entity xbip_pipe_v3_0_6.xbip_pipe_v3_0_6_viv [\xbip_pipe_v3_0_6_viv(c_has_ce=1...]
Compiling architecture rtl of entity floating_point_v7_1_15.delay [\delay(width=5,length=0)\]
Compiling architecture rtl of entity floating_point_v7_1_15.lead_zero_encode_shift [\lead_zero_encode_shift(ab_fw=24...]
Compiling architecture synth of entity xbip_pipe_v3_0_6.xbip_pipe_v3_0_6_viv [\xbip_pipe_v3_0_6_viv(c_has_ce=1...]
Compiling architecture rtl of entity floating_point_v7_1_15.delay [\delay(width=3,length=0)\]
Compiling architecture lut6_v of entity unisim.LUT6 [\LUT6(init="11111110010101001011...]
Compiling architecture lut5_v of entity unisim.LUT5 [\LUT5(init="00010001010111110000...]
Compiling architecture lut5_v of entity unisim.LUT5 [\LUT5(init="11101110101000001111...]
Compiling architecture synth of entity xbip_pipe_v3_0_6.xbip_pipe_v3_0_6_viv [\xbip_pipe_v3_0_6_viv(c_latency=...]
Compiling architecture rtl of entity floating_point_v7_1_15.delay [\delay(width=2)\]
Compiling architecture dsp48e1_v of entity unisim.DSP48E1 [\DSP48E1(adreg=0,alumodereg=0,ca...]
Compiling architecture synth of entity xbip_pipe_v3_0_6.xbip_pipe_v3_0_6_viv [\xbip_pipe_v3_0_6_viv(c_has_ce=1...]
Compiling architecture rtl of entity floating_point_v7_1_15.delay [\delay(width=25,length=0)\]
Compiling architecture rtl of entity floating_point_v7_1_15.dsp48e1_wrapper [\dsp48e1_wrapper(a_width=24,c_wi...]
Compiling architecture rtl of entity floating_point_v7_1_15.norm_and_round_dsp48e1_sgl [\norm_and_round_dsp48e1_sgl(c_mu...]
Compiling architecture lut5_v of entity unisim.LUT5 [\LUT5(init="10011001100110011001...]
Compiling architecture lut5_v of entity unisim.LUT5 [\LUT5(init="11111111000000001111...]
Compiling architecture synth of entity xbip_pipe_v3_0_6.xbip_pipe_v3_0_6_viv [\xbip_pipe_v3_0_6_viv(c_has_ce=1...]
Compiling architecture rtl of entity floating_point_v7_1_15.delay [\delay(width=9,length=0)\]
Compiling architecture struct of entity floating_point_v7_1_15.carry_chain [\carry_chain(c_xdevicefamily="zy...]
Compiling architecture synth of entity xbip_pipe_v3_0_6.xbip_pipe_v3_0_6_viv [\xbip_pipe_v3_0_6_viv(c_has_ce=1...]
Compiling architecture rtl of entity floating_point_v7_1_15.delay [\delay(width=8,length=0)\]
Compiling architecture synth of entity xbip_pipe_v3_0_6.xbip_pipe_v3_0_6_viv [\xbip_pipe_v3_0_6_viv(c_latency=...]
Compiling architecture rtl of entity floating_point_v7_1_15.delay [\delay(width=10)\]
Compiling architecture synth of entity xbip_pipe_v3_0_6.xbip_pipe_v3_0_6_viv [\xbip_pipe_v3_0_6_viv(c_has_ce=1...]
Compiling architecture rtl of entity floating_point_v7_1_15.delay [\delay(width=4,length=0,fast_inp...]
Compiling architecture fdre_v of entity unisim.FDRE [fdre_default]
Compiling architecture fde_v of entity unisim.FDE [fde_default]
Compiling architecture struct of entity floating_point_v7_1_15.carry_chain [\carry_chain(c_xdevicefamily="zy...]
Compiling architecture synth of entity floating_point_v7_1_15.compare_eq_im [\compare_eq_im(c_xdevicefamily="...]
Compiling architecture synth of entity xbip_pipe_v3_0_6.xbip_pipe_v3_0_6_viv [\xbip_pipe_v3_0_6_viv(c_latency=...]
Compiling architecture rtl of entity floating_point_v7_1_15.delay [\delay(fast_input=true)\]
Compiling architecture rtl of entity floating_point_v7_1_15.special_detect [\special_detect(c_xdevicefamily=...]
Compiling architecture struct of entity floating_point_v7_1_15.carry_chain [\carry_chain(c_xdevicefamily="zy...]
Compiling architecture synth of entity floating_point_v7_1_15.compare_gt [\compare_gt(c_xdevicefamily="zyn...]
Compiling architecture synth of entity floating_point_v7_1_15.compare [\compare(c_xdevicefamily="zynq",...]
Compiling architecture synth of entity xbip_pipe_v3_0_6.xbip_pipe_v3_0_6_viv [\xbip_pipe_v3_0_6_viv(c_latency=...]
Compiling architecture rtl of entity floating_point_v7_1_15.delay [\delay(width=8)\]
Compiling architecture synth of entity xbip_pipe_v3_0_6.xbip_pipe_v3_0_6_viv [\xbip_pipe_v3_0_6_viv(c_latency=...]
Compiling architecture rtl of entity floating_point_v7_1_15.delay [\delay(width=9)\]
Compiling architecture synth of entity xbip_pipe_v3_0_6.xbip_pipe_v3_0_6_viv [\xbip_pipe_v3_0_6_viv(c_latency=...]
Compiling architecture rtl of entity floating_point_v7_1_15.delay [\delay(width=2,length=2,fast_inp...]
Compiling architecture synth of entity xbip_pipe_v3_0_6.xbip_pipe_v3_0_6_viv [\xbip_pipe_v3_0_6_viv(c_latency=...]
Compiling architecture rtl of entity floating_point_v7_1_15.delay [\delay(length=2,fast_input=true)...]
Compiling architecture synth of entity xbip_pipe_v3_0_6.xbip_pipe_v3_0_6_viv [\xbip_pipe_v3_0_6_viv(c_has_ce=1...]
Compiling architecture rtl of entity floating_point_v7_1_15.delay [\delay(length=0,fast_input=true)...]
Compiling architecture synth of entity xbip_pipe_v3_0_6.xbip_pipe_v3_0_6_viv [\xbip_pipe_v3_0_6_viv(c_has_ce=1...]
Compiling architecture rtl of entity floating_point_v7_1_15.delay [\delay(width=2,length=0,fast_inp...]
Compiling architecture synth of entity xbip_pipe_v3_0_6.xbip_pipe_v3_0_6_viv [\xbip_pipe_v3_0_6_viv(c_has_ce=1...]
Compiling architecture rtl of entity floating_point_v7_1_15.delay [\delay(width=12,length=0)\]
Compiling architecture rtl of entity floating_point_v7_1_15.flt_add_exp_sp [\flt_add_exp_sp(c_xdevicefamily=...]
Compiling architecture synth of entity xbip_pipe_v3_0_6.xbip_pipe_v3_0_6_viv [\xbip_pipe_v3_0_6_viv(c_latency=...]
Compiling architecture rtl of entity floating_point_v7_1_15.delay [\delay(width=23)\]
Compiling architecture synth of entity floating_point_v7_1_15.flt_dec_op [\flt_dec_op(c_xdevicefamily="zyn...]
Compiling architecture rtl of entity floating_point_v7_1_15.flt_add_dsp [\flt_add_dsp(c_xdevicefamily="zy...]
Compiling architecture rtl of entity floating_point_v7_1_15.flt_add [\flt_add(c_xdevicefamily="zynq",...]
Compiling module unisims_ver.x_lut1_mux2
Compiling module unisims_ver.LUT1
Compiling architecture synth of entity xbip_pipe_v3_0_6.xbip_pipe_v3_0_6_viv [\xbip_pipe_v3_0_6_viv(c_latency=...]
Compiling architecture synth of entity xbip_pipe_v3_0_6.xbip_pipe_v3_0_6_viv [\xbip_pipe_v3_0_6_viv(c_has_ce=1...]
Compiling architecture rtl of entity floating_point_v7_1_15.delay [\delay(width=32,length=0)\]
Compiling architecture xilinx of entity floating_point_v7_1_15.floating_point_v7_1_15_viv [\floating_point_v7_1_15_viv(c_xd...]
Compiling architecture xilinx of entity floating_point_v7_1_15.floating_point_v7_1_15 [\floating_point_v7_1_15(c_xdevic...]
Compiling module xil_defaultlib.distPoints_float_fsub_32ns_32ns_...
Compiling module xil_defaultlib.distPoints_float_fsub_32ns_32ns_...
Compiling architecture struct of entity floating_point_v7_1_15.carry_chain [\carry_chain(c_xdevicefamily="zy...]
Compiling architecture synth of entity floating_point_v7_1_15.compare_ne_im [\compare_ne_im(c_xdevicefamily="...]
Compiling architecture synth of entity xbip_pipe_v3_0_6.xbip_pipe_v3_0_6_viv [\xbip_pipe_v3_0_6_viv(c_has_ce=1...]
Compiling architecture rtl of entity floating_point_v7_1_15.delay [\delay(width=12,length=0,fast_in...]
Compiling architecture struct of entity floating_point_v7_1_15.carry_chain [\carry_chain(c_xdevicefamily="zy...]
Compiling architecture struct of entity floating_point_v7_1_15.carry_chain [\carry_chain(c_xdevicefamily="zy...]
Compiling architecture synth of entity xbip_pipe_v3_0_6.xbip_pipe_v3_0_6_viv [\xbip_pipe_v3_0_6_viv(c_has_ce=1...]
Compiling architecture rtl of entity floating_point_v7_1_15.delay [\delay(width=14,length=0)\]
Compiling architecture synth of entity xbip_pipe_v3_0_6.xbip_pipe_v3_0_6_viv [\xbip_pipe_v3_0_6_viv(c_has_ce=1...]
Compiling architecture rtl of entity floating_point_v7_1_15.delay [\delay(width=25,length=0,fast_in...]
Compiling architecture struct of entity floating_point_v7_1_15.carry_chain [\carry_chain(c_xdevicefamily="zy...]
Compiling architecture rtl of entity floating_point_v7_1_15.flt_round_bit [\flt_round_bit(c_xdevicefamily="...]
Compiling architecture rtl of entity floating_point_v7_1_15.renorm_and_round_logic [\renorm_and_round_logic(c_xdevic...]
Compiling architecture struct of entity floating_point_v7_1_15.carry_chain [\carry_chain(c_xdevicefamily="ki...]
Compiling architecture synth of entity floating_point_v7_1_15.compare_eq_im [\compare_eq_im(c_xdevicefamily="...]
Compiling architecture rtl of entity floating_point_v7_1_15.special_detect [\special_detect(a_w=64,a_fw=53,o...]
Compiling architecture synth of entity xbip_pipe_v3_0_6.xbip_pipe_v3_0_6_viv [\xbip_pipe_v3_0_6_viv(c_has_ce=1...]
Compiling architecture rtl of entity floating_point_v7_1_15.delay [\delay(width=2,length=0)\]
Compiling architecture rtl of entity floating_point_v7_1_15.flt_to_flt_conv_exp [\flt_to_flt_conv_exp(a_w=64,a_ew...]
Compiling architecture synth of entity floating_point_v7_1_15.flt_dec_op [\flt_dec_op(c_xdevicefamily="zyn...]
Compiling architecture rtl of entity floating_point_v7_1_15.flt_to_flt_conv [\flt_to_flt_conv(c_xdevicefamily...]
Compiling architecture xilinx of entity floating_point_v7_1_15.floating_point_v7_1_15_viv [\floating_point_v7_1_15_viv(c_xd...]
Compiling architecture xilinx of entity floating_point_v7_1_15.floating_point_v7_1_15 [\floating_point_v7_1_15(c_xdevic...]
Compiling module xil_defaultlib.distPoints_float_fptrunc_64ns_32...
Compiling module xil_defaultlib.distPoints_float_fptrunc_64ns_32...
Compiling architecture synth of entity xbip_pipe_v3_0_6.xbip_pipe_v3_0_6_viv [\xbip_pipe_v3_0_6_viv(c_has_ce=1...]
Compiling architecture rtl of entity floating_point_v7_1_15.delay [\delay(width=23,length=0)\]
Compiling architecture struct of entity floating_point_v7_1_15.carry_chain [\carry_chain(c_xdevicefamily="ki...]
Compiling architecture synth of entity floating_point_v7_1_15.compare_eq_im [\compare_eq_im(c_xdevicefamily="...]
Compiling architecture rtl of entity floating_point_v7_1_15.special_detect [\special_detect(a_fw=24,op_delay...]
Compiling architecture rtl of entity floating_point_v7_1_15.flt_to_flt_conv_exp [\flt_to_flt_conv_exp(r_w=64,r_ew...]
Compiling architecture synth of entity floating_point_v7_1_15.flt_dec_op [\flt_dec_op(c_xdevicefamily="zyn...]
Compiling architecture rtl of entity floating_point_v7_1_15.flt_to_flt_conv [\flt_to_flt_conv(c_xdevicefamily...]
Compiling architecture synth of entity xbip_pipe_v3_0_6.xbip_pipe_v3_0_6_viv [\xbip_pipe_v3_0_6_viv(c_has_ce=1...]
Compiling architecture rtl of entity floating_point_v7_1_15.delay [\delay(width=64,length=0)\]
Compiling architecture xilinx of entity floating_point_v7_1_15.floating_point_v7_1_15_viv [\floating_point_v7_1_15_viv(c_xd...]
Compiling architecture xilinx of entity floating_point_v7_1_15.floating_point_v7_1_15 [\floating_point_v7_1_15(c_xdevic...]
Compiling module xil_defaultlib.distPoints_float_fpext_32ns_64_2...
Compiling module xil_defaultlib.distPoints_float_fpext_32ns_64_2...
Compiling architecture synth of entity xbip_pipe_v3_0_6.xbip_pipe_v3_0_6_viv [\xbip_pipe_v3_0_6_viv(c_has_ce=1...]
Compiling architecture rtl of entity floating_point_v7_1_15.delay [\delay(width=26,length=0)\]
Compiling architecture synth of entity xbip_pipe_v3_0_6.xbip_pipe_v3_0_6_viv [\xbip_pipe_v3_0_6_viv(c_has_ce=1...]
Compiling architecture rtl of entity floating_point_v7_1_15.delay [\delay(width=5,length=0,fast_inp...]
Compiling architecture struct of entity floating_point_v7_1_15.carry_chain [\carry_chain(c_xdevicefamily="zy...]
Compiling architecture synth of entity floating_point_v7_1_15.flt_sqrt_mant_addsub [\flt_sqrt_mant_addsub(c_xdevicef...]
Compiling architecture synth of entity xbip_pipe_v3_0_6.xbip_pipe_v3_0_6_viv [\xbip_pipe_v3_0_6_viv(c_latency=...]
Compiling architecture rtl of entity floating_point_v7_1_15.delay [\delay(width=24)\]
Compiling architecture synth of entity xbip_pipe_v3_0_6.xbip_pipe_v3_0_6_viv [\xbip_pipe_v3_0_6_viv(c_latency=...]
Compiling architecture rtl of entity floating_point_v7_1_15.delay [\delay(width=6,fast_input=true)\]
Compiling architecture struct of entity floating_point_v7_1_15.carry_chain [\carry_chain(c_xdevicefamily="zy...]
Compiling architecture synth of entity floating_point_v7_1_15.flt_sqrt_mant_addsub [\flt_sqrt_mant_addsub(c_xdevicef...]
Compiling architecture synth of entity xbip_pipe_v3_0_6.xbip_pipe_v3_0_6_viv [\xbip_pipe_v3_0_6_viv(c_latency=...]
Compiling architecture rtl of entity floating_point_v7_1_15.delay [\delay(width=3)\]
Compiling architecture synth of entity xbip_pipe_v3_0_6.xbip_pipe_v3_0_6_viv [\xbip_pipe_v3_0_6_viv(c_has_ce=1...]
Compiling architecture rtl of entity floating_point_v7_1_15.delay [\delay(width=22,length=0)\]
Compiling architecture synth of entity xbip_pipe_v3_0_6.xbip_pipe_v3_0_6_viv [\xbip_pipe_v3_0_6_viv(c_has_ce=1...]
Compiling architecture rtl of entity floating_point_v7_1_15.delay [\delay(width=7,length=0,fast_inp...]
Compiling architecture struct of entity floating_point_v7_1_15.carry_chain [\carry_chain(c_xdevicefamily="zy...]
Compiling architecture synth of entity floating_point_v7_1_15.flt_sqrt_mant_addsub [\flt_sqrt_mant_addsub(c_xdevicef...]
Compiling architecture synth of entity xbip_pipe_v3_0_6.xbip_pipe_v3_0_6_viv [\xbip_pipe_v3_0_6_viv(c_latency=...]
Compiling architecture rtl of entity floating_point_v7_1_15.delay [\delay(width=20)\]
Compiling architecture synth of entity xbip_pipe_v3_0_6.xbip_pipe_v3_0_6_viv [\xbip_pipe_v3_0_6_viv(c_latency=...]
Compiling architecture rtl of entity floating_point_v7_1_15.delay [\delay(width=8,fast_input=true)\]
Compiling architecture struct of entity floating_point_v7_1_15.carry_chain [\carry_chain(c_xdevicefamily="zy...]
Compiling architecture synth of entity floating_point_v7_1_15.flt_sqrt_mant_addsub [\flt_sqrt_mant_addsub(c_xdevicef...]
Compiling architecture synth of entity xbip_pipe_v3_0_6.xbip_pipe_v3_0_6_viv [\xbip_pipe_v3_0_6_viv(c_latency=...]
Compiling architecture rtl of entity floating_point_v7_1_15.delay [\delay(width=5)\]
Compiling architecture synth of entity xbip_pipe_v3_0_6.xbip_pipe_v3_0_6_viv [\xbip_pipe_v3_0_6_viv(c_has_ce=1...]
Compiling architecture rtl of entity floating_point_v7_1_15.delay [\delay(width=18,length=0)\]
Compiling architecture synth of entity xbip_pipe_v3_0_6.xbip_pipe_v3_0_6_viv [\xbip_pipe_v3_0_6_viv(c_has_ce=1...]
Compiling architecture rtl of entity floating_point_v7_1_15.delay [\delay(width=9,length=0,fast_inp...]
Compiling architecture struct of entity floating_point_v7_1_15.carry_chain [\carry_chain(c_xdevicefamily="zy...]
Compiling architecture synth of entity floating_point_v7_1_15.flt_sqrt_mant_addsub [\flt_sqrt_mant_addsub(c_xdevicef...]
Compiling architecture synth of entity xbip_pipe_v3_0_6.xbip_pipe_v3_0_6_viv [\xbip_pipe_v3_0_6_viv(c_has_ce=1...]
Compiling architecture rtl of entity floating_point_v7_1_15.delay [\delay(width=6,length=0)\]
Compiling architecture synth of entity xbip_pipe_v3_0_6.xbip_pipe_v3_0_6_viv [\xbip_pipe_v3_0_6_viv(c_latency=...]
Compiling architecture rtl of entity floating_point_v7_1_15.delay [\delay(width=16)\]
Compiling architecture synth of entity xbip_pipe_v3_0_6.xbip_pipe_v3_0_6_viv [\xbip_pipe_v3_0_6_viv(c_latency=...]
Compiling architecture rtl of entity floating_point_v7_1_15.delay [\delay(width=10,fast_input=true)...]
Compiling architecture struct of entity floating_point_v7_1_15.carry_chain [\carry_chain(c_xdevicefamily="zy...]
Compiling architecture synth of entity floating_point_v7_1_15.flt_sqrt_mant_addsub [\flt_sqrt_mant_addsub(c_xdevicef...]
Compiling architecture synth of entity xbip_pipe_v3_0_6.xbip_pipe_v3_0_6_viv [\xbip_pipe_v3_0_6_viv(c_latency=...]
Compiling architecture rtl of entity floating_point_v7_1_15.delay [\delay(width=7)\]
Compiling architecture synth of entity xbip_pipe_v3_0_6.xbip_pipe_v3_0_6_viv [\xbip_pipe_v3_0_6_viv(c_has_ce=1...]
Compiling architecture rtl of entity floating_point_v7_1_15.delay [\delay(width=11,length=0,fast_in...]
Compiling architecture struct of entity floating_point_v7_1_15.carry_chain [\carry_chain(c_xdevicefamily="zy...]
Compiling architecture synth of entity floating_point_v7_1_15.flt_sqrt_mant_addsub [\flt_sqrt_mant_addsub(c_xdevicef...]
Compiling architecture synth of entity xbip_pipe_v3_0_6.xbip_pipe_v3_0_6_viv [\xbip_pipe_v3_0_6_viv(c_latency=...]
Compiling architecture rtl of entity floating_point_v7_1_15.delay [\delay(width=12)\]
Compiling architecture synth of entity xbip_pipe_v3_0_6.xbip_pipe_v3_0_6_viv [\xbip_pipe_v3_0_6_viv(c_has_ce=1...]
Compiling architecture rtl of entity floating_point_v7_1_15.delay [\delay(width=11,length=0)\]
Compiling architecture synth of entity xbip_pipe_v3_0_6.xbip_pipe_v3_0_6_viv [\xbip_pipe_v3_0_6_viv(c_latency=...]
Compiling architecture rtl of entity floating_point_v7_1_15.delay [\delay(width=12,fast_input=true)...]
Compiling architecture struct of entity floating_point_v7_1_15.carry_chain [\carry_chain(c_xdevicefamily="zy...]
Compiling architecture synth of entity floating_point_v7_1_15.flt_sqrt_mant_addsub [\flt_sqrt_mant_addsub(c_xdevicef...]
Compiling architecture synth of entity xbip_pipe_v3_0_6.xbip_pipe_v3_0_6_viv [\xbip_pipe_v3_0_6_viv(c_has_ce=1...]
Compiling architecture rtl of entity floating_point_v7_1_15.delay [\delay(width=10,length=0)\]
Compiling architecture synth of entity xbip_pipe_v3_0_6.xbip_pipe_v3_0_6_viv [\xbip_pipe_v3_0_6_viv(c_has_ce=1...]
Compiling architecture rtl of entity floating_point_v7_1_15.delay [\delay(width=13,length=0,fast_in...]
Compiling architecture struct of entity floating_point_v7_1_15.carry_chain [\carry_chain(c_xdevicefamily="zy...]
Compiling architecture synth of entity floating_point_v7_1_15.flt_sqrt_mant_addsub [\flt_sqrt_mant_addsub(c_xdevicef...]
Compiling architecture synth of entity xbip_pipe_v3_0_6.xbip_pipe_v3_0_6_viv [\xbip_pipe_v3_0_6_viv(c_latency=...]
Compiling architecture rtl of entity floating_point_v7_1_15.delay [\delay(width=14,fast_input=true)...]
Compiling architecture struct of entity floating_point_v7_1_15.carry_chain [\carry_chain(c_xdevicefamily="zy...]
Compiling architecture synth of entity floating_point_v7_1_15.flt_sqrt_mant_addsub [\flt_sqrt_mant_addsub(c_xdevicef...]
Compiling architecture synth of entity xbip_pipe_v3_0_6.xbip_pipe_v3_0_6_viv [\xbip_pipe_v3_0_6_viv(c_latency=...]
Compiling architecture rtl of entity floating_point_v7_1_15.delay [\delay(width=11)\]
Compiling architecture synth of entity xbip_pipe_v3_0_6.xbip_pipe_v3_0_6_viv [\xbip_pipe_v3_0_6_viv(c_has_ce=1...]
Compiling architecture rtl of entity floating_point_v7_1_15.delay [\delay(width=15,length=0,fast_in...]
Compiling architecture struct of entity floating_point_v7_1_15.carry_chain [\carry_chain(c_xdevicefamily="zy...]
Compiling architecture synth of entity floating_point_v7_1_15.flt_sqrt_mant_addsub [\flt_sqrt_mant_addsub(c_xdevicef...]
Compiling architecture synth of entity xbip_pipe_v3_0_6.xbip_pipe_v3_0_6_viv [\xbip_pipe_v3_0_6_viv(c_latency=...]
Compiling architecture rtl of entity floating_point_v7_1_15.delay [\delay(width=4)\]
Compiling architecture synth of entity xbip_pipe_v3_0_6.xbip_pipe_v3_0_6_viv [\xbip_pipe_v3_0_6_viv(c_has_ce=1...]
Compiling architecture rtl of entity floating_point_v7_1_15.delay [\delay(width=15,length=0)\]
Compiling architecture synth of entity xbip_pipe_v3_0_6.xbip_pipe_v3_0_6_viv [\xbip_pipe_v3_0_6_viv(c_latency=...]
Compiling architecture rtl of entity floating_point_v7_1_15.delay [\delay(width=16,fast_input=true)...]
Compiling architecture struct of entity floating_point_v7_1_15.carry_chain [\carry_chain(c_xdevicefamily="zy...]
Compiling architecture synth of entity floating_point_v7_1_15.flt_sqrt_mant_addsub [\flt_sqrt_mant_addsub(c_xdevicef...]
Compiling architecture synth of entity xbip_pipe_v3_0_6.xbip_pipe_v3_0_6_viv [\xbip_pipe_v3_0_6_viv(c_latency=...]
Compiling architecture rtl of entity floating_point_v7_1_15.delay [\delay(width=13)\]
Compiling architecture synth of entity xbip_pipe_v3_0_6.xbip_pipe_v3_0_6_viv [\xbip_pipe_v3_0_6_viv(c_has_ce=1...]
Compiling architecture rtl of entity floating_point_v7_1_15.delay [\delay(width=17,length=0,fast_in...]
Compiling architecture struct of entity floating_point_v7_1_15.carry_chain [\carry_chain(c_xdevicefamily="zy...]
Compiling architecture synth of entity floating_point_v7_1_15.flt_sqrt_mant_addsub [\flt_sqrt_mant_addsub(c_xdevicef...]
Compiling architecture synth of entity xbip_pipe_v3_0_6.xbip_pipe_v3_0_6_viv [\xbip_pipe_v3_0_6_viv(c_has_ce=1...]
Compiling architecture rtl of entity floating_point_v7_1_15.delay [\delay(width=17,length=0)\]
Compiling architecture synth of entity xbip_pipe_v3_0_6.xbip_pipe_v3_0_6_viv [\xbip_pipe_v3_0_6_viv(c_latency=...]
Compiling architecture rtl of entity floating_point_v7_1_15.delay [\delay(width=18,fast_input=true)...]
Compiling architecture struct of entity floating_point_v7_1_15.carry_chain [\carry_chain(c_xdevicefamily="zy...]
Compiling architecture synth of entity floating_point_v7_1_15.flt_sqrt_mant_addsub [\flt_sqrt_mant_addsub(c_xdevicef...]
Compiling architecture synth of entity xbip_pipe_v3_0_6.xbip_pipe_v3_0_6_viv [\xbip_pipe_v3_0_6_viv(c_latency=...]
Compiling architecture rtl of entity floating_point_v7_1_15.delay [\delay(width=15)\]
Compiling architecture synth of entity xbip_pipe_v3_0_6.xbip_pipe_v3_0_6_viv [\xbip_pipe_v3_0_6_viv(c_has_ce=1...]
Compiling architecture rtl of entity floating_point_v7_1_15.delay [\delay(width=19,length=0,fast_in...]
Compiling architecture struct of entity floating_point_v7_1_15.carry_chain [\carry_chain(c_xdevicefamily="zy...]
Compiling architecture synth of entity floating_point_v7_1_15.flt_sqrt_mant_addsub [\flt_sqrt_mant_addsub(c_xdevicef...]
Compiling architecture synth of entity xbip_pipe_v3_0_6.xbip_pipe_v3_0_6_viv [\xbip_pipe_v3_0_6_viv(c_has_ce=1...]
Compiling architecture rtl of entity floating_point_v7_1_15.delay [\delay(width=19,length=0)\]
Compiling architecture synth of entity xbip_pipe_v3_0_6.xbip_pipe_v3_0_6_viv [\xbip_pipe_v3_0_6_viv(c_latency=...]
Compiling architecture rtl of entity floating_point_v7_1_15.delay [\delay(width=20,fast_input=true)...]
Compiling architecture struct of entity floating_point_v7_1_15.carry_chain [\carry_chain(c_xdevicefamily="zy...]
Compiling architecture synth of entity floating_point_v7_1_15.flt_sqrt_mant_addsub [\flt_sqrt_mant_addsub(c_xdevicef...]
Compiling architecture synth of entity xbip_pipe_v3_0_6.xbip_pipe_v3_0_6_viv [\xbip_pipe_v3_0_6_viv(c_latency=...]
Compiling architecture rtl of entity floating_point_v7_1_15.delay [\delay(width=17)\]
Compiling architecture synth of entity xbip_pipe_v3_0_6.xbip_pipe_v3_0_6_viv [\xbip_pipe_v3_0_6_viv(c_has_ce=1...]
Compiling architecture rtl of entity floating_point_v7_1_15.delay [\delay(width=21,length=0,fast_in...]
Compiling architecture struct of entity floating_point_v7_1_15.carry_chain [\carry_chain(c_xdevicefamily="zy...]
Compiling architecture synth of entity floating_point_v7_1_15.flt_sqrt_mant_addsub [\flt_sqrt_mant_addsub(c_xdevicef...]
Compiling architecture synth of entity xbip_pipe_v3_0_6.xbip_pipe_v3_0_6_viv [\xbip_pipe_v3_0_6_viv(c_has_ce=1...]
Compiling architecture rtl of entity floating_point_v7_1_15.delay [\delay(width=21,length=0)\]
Compiling architecture synth of entity xbip_pipe_v3_0_6.xbip_pipe_v3_0_6_viv [\xbip_pipe_v3_0_6_viv(c_latency=...]
Compiling architecture rtl of entity floating_point_v7_1_15.delay [\delay(width=22,fast_input=true)...]
Compiling architecture struct of entity floating_point_v7_1_15.carry_chain [\carry_chain(c_xdevicefamily="zy...]
Compiling architecture synth of entity floating_point_v7_1_15.flt_sqrt_mant_addsub [\flt_sqrt_mant_addsub(c_xdevicef...]
Compiling architecture synth of entity xbip_pipe_v3_0_6.xbip_pipe_v3_0_6_viv [\xbip_pipe_v3_0_6_viv(c_latency=...]
Compiling architecture rtl of entity floating_point_v7_1_15.delay [\delay(width=19)\]
Compiling architecture synth of entity xbip_pipe_v3_0_6.xbip_pipe_v3_0_6_viv [\xbip_pipe_v3_0_6_viv(c_has_ce=1...]
Compiling architecture rtl of entity floating_point_v7_1_15.delay [\delay(width=23,length=0,fast_in...]
Compiling architecture struct of entity floating_point_v7_1_15.carry_chain [\carry_chain(c_xdevicefamily="zy...]
Compiling architecture synth of entity floating_point_v7_1_15.flt_sqrt_mant_addsub [\flt_sqrt_mant_addsub(c_xdevicef...]
Compiling architecture synth of entity xbip_pipe_v3_0_6.xbip_pipe_v3_0_6_viv [\xbip_pipe_v3_0_6_viv(c_has_ce=1...]
Compiling architecture rtl of entity floating_point_v7_1_15.delay [\delay(width=20,length=0)\]
Compiling architecture synth of entity xbip_pipe_v3_0_6.xbip_pipe_v3_0_6_viv [\xbip_pipe_v3_0_6_viv(c_latency=...]
Compiling architecture rtl of entity floating_point_v7_1_15.delay [\delay(width=24,fast_input=true)...]
Compiling architecture struct of entity floating_point_v7_1_15.carry_chain [\carry_chain(c_xdevicefamily="zy...]
Compiling architecture synth of entity floating_point_v7_1_15.flt_sqrt_mant_addsub [\flt_sqrt_mant_addsub(c_xdevicef...]
Compiling architecture synth of entity xbip_pipe_v3_0_6.xbip_pipe_v3_0_6_viv [\xbip_pipe_v3_0_6_viv(c_latency=...]
Compiling architecture rtl of entity floating_point_v7_1_15.delay [\delay(width=21)\]
Compiling architecture struct of entity floating_point_v7_1_15.carry_chain [\carry_chain(c_xdevicefamily="zy...]
Compiling architecture synth of entity floating_point_v7_1_15.flt_sqrt_mant_addsub [\flt_sqrt_mant_addsub(c_xdevicef...]
Compiling architecture synth of entity xbip_pipe_v3_0_6.xbip_pipe_v3_0_6_viv [\xbip_pipe_v3_0_6_viv(c_latency=...]
Compiling architecture rtl of entity floating_point_v7_1_15.delay [\delay(width=26,fast_input=true)...]
Compiling architecture struct of entity floating_point_v7_1_15.carry_chain [\carry_chain(c_xdevicefamily="zy...]
Compiling architecture synth of entity floating_point_v7_1_15.flt_sqrt_mant_addsub [\flt_sqrt_mant_addsub(c_xdevicef...]
Compiling architecture synth of entity xbip_pipe_v3_0_6.xbip_pipe_v3_0_6_viv [\xbip_pipe_v3_0_6_viv(c_has_ce=1...]
Compiling architecture rtl of entity floating_point_v7_1_15.delay [\delay(width=27,length=0,fast_in...]
Compiling architecture struct of entity floating_point_v7_1_15.carry_chain [\carry_chain(c_xdevicefamily="zy...]
Compiling architecture synth of entity floating_point_v7_1_15.flt_sqrt_mant_addsub [\flt_sqrt_mant_addsub(c_xdevicef...]
Compiling architecture synth of entity xbip_pipe_v3_0_6.xbip_pipe_v3_0_6_viv [\xbip_pipe_v3_0_6_viv(c_latency=...]
Compiling architecture rtl of entity floating_point_v7_1_15.delay [\delay(width=28,fast_input=true)...]
Compiling architecture struct of entity floating_point_v7_1_15.carry_chain [\carry_chain(c_xdevicefamily="zy...]
Compiling architecture synth of entity floating_point_v7_1_15.flt_sqrt_mant_addsub [\flt_sqrt_mant_addsub(c_xdevicef...]
Compiling architecture synth of entity xbip_pipe_v3_0_6.xbip_pipe_v3_0_6_viv [\xbip_pipe_v3_0_6_viv(c_latency=...]
Compiling architecture rtl of entity floating_point_v7_1_15.delay [\delay(width=25)\]
Compiling architecture synth of entity xbip_pipe_v3_0_6.xbip_pipe_v3_0_6_viv [\xbip_pipe_v3_0_6_viv(c_has_ce=1...]
Compiling architecture rtl of entity floating_point_v7_1_15.delay [\delay(width=29,length=0,fast_in...]
Compiling architecture struct of entity floating_point_v7_1_15.carry_chain [\carry_chain(c_xdevicefamily="zy...]
Compiling architecture synth of entity floating_point_v7_1_15.flt_sqrt_mant_addsub [\flt_sqrt_mant_addsub(c_xdevicef...]
Compiling architecture synth of entity xbip_pipe_v3_0_6.xbip_pipe_v3_0_6_viv [\xbip_pipe_v3_0_6_viv(c_latency=...]
Compiling architecture rtl of entity floating_point_v7_1_15.delay [\delay(width=26)\]
Compiling architecture synth of entity floating_point_v7_1_15.flt_sqrt_mant [\flt_sqrt_mant(c_xdevicefamily="...]
Compiling architecture synth of entity xbip_pipe_v3_0_6.xbip_pipe_v3_0_6_viv [\xbip_pipe_v3_0_6_viv(c_latency=...]
Compiling architecture rtl of entity floating_point_v7_1_15.delay [\delay(width=8,length=13,fast_in...]
Compiling architecture rtl of entity floating_point_v7_1_15.special_detect [\special_detect(c_xdevicefamily=...]
Compiling architecture synth of entity xbip_pipe_v3_0_6.xbip_pipe_v3_0_6_viv [\xbip_pipe_v3_0_6_viv(c_latency=...]
Compiling architecture rtl of entity floating_point_v7_1_15.delay [\delay(width=2,length=13,fast_in...]
Compiling architecture synth of entity xbip_pipe_v3_0_6.xbip_pipe_v3_0_6_viv [\xbip_pipe_v3_0_6_viv(c_latency=...]
Compiling architecture rtl of entity floating_point_v7_1_15.delay [\delay(length=13,fast_input=true...]
Compiling architecture rtl of entity floating_point_v7_1_15.flt_sqrt_exp [\flt_sqrt_exp(c_xdevicefamily="n...]
Compiling architecture struct of entity floating_point_v7_1_15.carry_chain [\carry_chain(c_xdevicefamily="zy...]
Compiling architecture rtl of entity floating_point_v7_1_15.renorm_and_round_logic [\renorm_and_round_logic(c_xdevic...]
Compiling architecture synth of entity floating_point_v7_1_15.flt_dec_op [\flt_dec_op(c_xdevicefamily="zyn...]
Compiling architecture virtex of entity floating_point_v7_1_15.flt_sqrt [\flt_sqrt(c_xdevicefamily="zynq"...]
Compiling architecture synth of entity xbip_pipe_v3_0_6.xbip_pipe_v3_0_6_viv [\xbip_pipe_v3_0_6_viv(c_latency=...]
Compiling architecture xilinx of entity floating_point_v7_1_15.floating_point_v7_1_15_viv [\floating_point_v7_1_15_viv(c_xd...]
Compiling architecture xilinx of entity floating_point_v7_1_15.floating_point_v7_1_15 [\floating_point_v7_1_15(c_xdevic...]
Compiling module xil_defaultlib.distPoints_float_fsqrt_32ns_32ns...
Compiling module xil_defaultlib.distPoints_float_fsqrt_32ns_32ns...
Compiling architecture synth of entity xbip_pipe_v3_0_6.xbip_pipe_v3_0_6_viv [\xbip_pipe_v3_0_6_viv(c_latency=...]
Compiling architecture rtl of entity floating_point_v7_1_15.delay [\delay(width=52)\]
Compiling architecture synth of entity xbip_pipe_v3_0_6.xbip_pipe_v3_0_6_viv [\xbip_pipe_v3_0_6_viv(c_latency=...]
Compiling architecture rtl of entity floating_point_v7_1_15.delay [\delay(width=3,fast_input=true)\]
Compiling architecture synth of entity xbip_pipe_v3_0_6.xbip_pipe_v3_0_6_viv [\xbip_pipe_v3_0_6_viv(c_has_ce=1...]
Compiling architecture rtl of entity floating_point_v7_1_15.delay [\delay(width=54,length=0)\]
Compiling architecture muxf7_v of entity unisim.MUXF7 [muxf7_default]
Compiling architecture muxf8_v of entity unisim.MUXF8 [muxf8_default]
Compiling architecture struct of entity floating_point_v7_1_15.carry_chain [\carry_chain(c_xdevicefamily="zy...]
Compiling architecture synth of entity floating_point_v7_1_15.compare_eq_im [\compare_eq_im(c_xdevicefamily="...]
Compiling architecture rtl of entity floating_point_v7_1_15.zero_det_sel [\zero_det_sel(c_xdevicefamily="z...]
Compiling architecture synth of entity xbip_pipe_v3_0_6.xbip_pipe_v3_0_6_viv [\xbip_pipe_v3_0_6_viv(c_has_ce=1...]
Compiling architecture rtl of entity floating_point_v7_1_15.delay [\delay(width=55,length=0)\]
Compiling architecture synth of entity xbip_pipe_v3_0_6.xbip_pipe_v3_0_6_viv [\xbip_pipe_v3_0_6_viv(c_latency=...]
Compiling architecture rtl of entity floating_point_v7_1_15.delay [\delay(width=55)\]
Compiling architecture rtl of entity floating_point_v7_1_15.shift_msb_first [\shift_msb_first(a_width=54,regi...]
Compiling architecture rtl of entity floating_point_v7_1_15.alignment [\alignment(c_xdevicefamily="zynq...]
Compiling architecture synth of entity xbip_pipe_v3_0_6.xbip_pipe_v3_0_6_viv [\xbip_pipe_v3_0_6_viv(c_has_ce=1...]
Compiling architecture rtl of entity floating_point_v7_1_15.delay [\delay(width=47,length=0)\]
Compiling architecture dsp48e1_v of entity unisim.DSP48E1 [\DSP48E1(adreg=0,alumodereg=0,ca...]
Compiling architecture synth of entity xbip_pipe_v3_0_6.xbip_pipe_v3_0_6_viv [\xbip_pipe_v3_0_6_viv(c_has_ce=1...]
Compiling architecture rtl of entity floating_point_v7_1_15.delay [\delay(width=30,length=0)\]
Compiling architecture rtl of entity floating_point_v7_1_15.dsp48e1_wrapper [\dsp48e1_wrapper(a_width=30,b_wi...]
Compiling architecture dsp48e1_v of entity unisim.DSP48E1 [\DSP48E1(acascreg=0,adreg=0,alum...]
Compiling architecture rtl of entity floating_point_v7_1_15.dsp48e1_wrapper [\dsp48e1_wrapper(a_width=30,b_wi...]
Compiling architecture synth of entity xbip_pipe_v3_0_6.xbip_pipe_v3_0_6_viv [\xbip_pipe_v3_0_6_viv(c_has_ce=1...]
Compiling architecture rtl of entity floating_point_v7_1_15.delay [\delay(width=56,length=0)\]
Compiling architecture synth of entity floating_point_v7_1_15.addsub_dsp [\addsub_dsp(c_xdevicefamily="zyn...]
Compiling architecture rtl of entity floating_point_v7_1_15.addsub [\addsub(c_xdevicefamily="zynq",c...]
Compiling architecture rtl of entity floating_point_v7_1_15.align_add [\align_add(c_xdevicefamily="zynq...]
Compiling architecture synth of entity xbip_pipe_v3_0_6.xbip_pipe_v3_0_6_viv [\xbip_pipe_v3_0_6_viv(c_has_ce=1...]
Compiling architecture rtl of entity floating_point_v7_1_15.delay [\delay(width=6,length=0,fast_inp...]
Compiling architecture struct of entity floating_point_v7_1_15.carry_chain [\carry_chain(c_xdevicefamily="zy...]
Compiling architecture rtl of entity floating_point_v7_1_15.mux4 [\mux4(c_xdevicefamily="zynq",wid...]
Compiling architecture rtl of entity floating_point_v7_1_15.mux4 [\mux4(c_xdevicefamily="zynq",wid...]
Compiling architecture rtl of entity floating_point_v7_1_15.mux4 [\mux4(c_xdevicefamily="zynq",wid...]
Compiling architecture rtl of entity floating_point_v7_1_15.mux4 [\mux4(c_xdevicefamily="zynq",wid...]
Compiling architecture synth of entity xbip_pipe_v3_0_6.xbip_pipe_v3_0_6_viv [\xbip_pipe_v3_0_6_viv(c_has_ce=1...]
Compiling architecture rtl of entity floating_point_v7_1_15.delay [\delay(width=8,length=0,fast_inp...]
Compiling architecture struct of entity floating_point_v7_1_15.carry_chain [\carry_chain(c_xdevicefamily="zy...]
Compiling architecture rtl of entity floating_point_v7_1_15.lead_zero_encode [\lead_zero_encode(c_xdevicefamil...]
Compiling architecture synth of entity xbip_pipe_v3_0_6.xbip_pipe_v3_0_6_viv [\xbip_pipe_v3_0_6_viv(c_latency=...]
Compiling architecture rtl of entity floating_point_v7_1_15.delay [\delay(width=56)\]
Compiling architecture rtl of entity floating_point_v7_1_15.shift_msb_first [\shift_msb_first(a_width=56,resu...]
Compiling architecture synth of entity xbip_pipe_v3_0_6.xbip_pipe_v3_0_6_viv [\xbip_pipe_v3_0_6_viv(c_latency=...]
Compiling architecture rtl of entity floating_point_v7_1_15.delay [\delay(length=2)\]
Compiling architecture rtl of entity floating_point_v7_1_15.dsp48e1_wrapper [\dsp48e1_wrapper(b_width=18,c_wi...]
Compiling architecture struct of entity floating_point_v7_1_15.carry_chain [\carry_chain(c_xdevicefamily="zy...]
Compiling architecture synth of entity xbip_pipe_v3_0_6.xbip_pipe_v3_0_6_viv [\xbip_pipe_v3_0_6_viv(c_has_ce=1...]
Compiling architecture rtl of entity floating_point_v7_1_15.delay [\delay(width=28,length=0)\]
Compiling architecture synth of entity xbip_pipe_v3_0_6.xbip_pipe_v3_0_6_viv [\xbip_pipe_v3_0_6_viv(c_has_ce=1...]
Compiling architecture rtl of entity floating_point_v7_1_15.delay [\delay(width=29,length=0)\]
Compiling architecture rtl of entity floating_point_v7_1_15.renorm_and_round_logic [\renorm_and_round_logic(c_xdevic...]
Compiling architecture rtl of entity floating_point_v7_1_15.norm_and_round_logic [\norm_and_round_logic(c_xdevicef...]
Compiling architecture synth of entity xbip_pipe_v3_0_6.xbip_pipe_v3_0_6_viv [\xbip_pipe_v3_0_6_viv(c_latency=...]
Compiling architecture rtl of entity floating_point_v7_1_15.delay [\delay(length=3)\]
Compiling architecture struct of entity floating_point_v7_1_15.carry_chain [\carry_chain(c_xdevicefamily="zy...]
Compiling architecture synth of entity xbip_pipe_v3_0_6.xbip_pipe_v3_0_6_viv [\xbip_pipe_v3_0_6_viv(c_latency=...]
Compiling architecture rtl of entity floating_point_v7_1_15.delay [\delay(width=12,length=3)\]
Compiling architecture synth of entity xbip_pipe_v3_0_6.xbip_pipe_v3_0_6_viv [\xbip_pipe_v3_0_6_viv(c_latency=...]
Compiling architecture rtl of entity floating_point_v7_1_15.delay [\delay(width=2,length=2)\]
Compiling architecture struct of entity floating_point_v7_1_15.carry_chain [\carry_chain(c_xdevicefamily="zy...]
Compiling architecture synth of entity floating_point_v7_1_15.compare_eq_im [\compare_eq_im(c_xdevicefamily="...]
Compiling architecture rtl of entity floating_point_v7_1_15.special_detect [\special_detect(c_xdevicefamily=...]
Compiling architecture struct of entity floating_point_v7_1_15.carry_chain [\carry_chain(c_xdevicefamily="zy...]
Compiling architecture synth of entity floating_point_v7_1_15.compare_eq [\compare_eq(c_xdevicefamily="zyn...]
Compiling architecture synth of entity floating_point_v7_1_15.compare [\compare(c_xdevicefamily="zynq",...]
Compiling architecture synth of entity xbip_pipe_v3_0_6.xbip_pipe_v3_0_6_viv [\xbip_pipe_v3_0_6_viv(c_latency=...]
Compiling architecture rtl of entity floating_point_v7_1_15.delay [\delay(width=2,length=3,fast_inp...]
Compiling architecture rtl of entity floating_point_v7_1_15.delay [\delay(length=3,fast_input=true)...]
Compiling architecture rtl of entity floating_point_v7_1_15.flt_add_exp [\flt_add_exp(c_xdevicefamily="zy...]
Compiling architecture synth of entity floating_point_v7_1_15.flt_dec_op [\flt_dec_op(c_xdevicefamily="zyn...]
Compiling architecture rtl of entity floating_point_v7_1_15.flt_add_logic [\flt_add_logic(c_xdevicefamily="...]
Compiling architecture rtl of entity floating_point_v7_1_15.flt_add [\flt_add(c_xdevicefamily="zynq",...]
Compiling architecture synth of entity xbip_pipe_v3_0_6.xbip_pipe_v3_0_6_viv [\xbip_pipe_v3_0_6_viv(c_latency=...]
Compiling architecture xilinx of entity floating_point_v7_1_15.floating_point_v7_1_15_viv [\floating_point_v7_1_15_viv(c_xd...]
Compiling architecture xilinx of entity floating_point_v7_1_15.floating_point_v7_1_15 [\floating_point_v7_1_15(c_xdevic...]
Compiling module xil_defaultlib.distPoints_float_dadd_64ns_64ns_...
Compiling module xil_defaultlib.distPoints_float_dadd_64ns_64ns_...
Compiling module xil_defaultlib.distPoints_float
Compiling module xil_defaultlib.nodf_module_intf
Compiling module xil_defaultlib.dataflow_monitor_1
Compiling module xil_defaultlib.apatb_distPoints_float_top
Compiling module work.glbl
Built simulation snapshot distPoints_float

****** xsim v2022.2 (64-bit)
  **** SW Build 3671981 on Fri Oct 14 05:00:03 MDT 2022
  **** IP Build 3669848 on Fri Oct 14 08:30:02 MDT 2022
    ** Copyright 1986-2022 Xilinx, Inc. All Rights Reserved.

source xsim.dir/distPoints_float/xsim_script.tcl
# xsim {distPoints_float} -autoloadwcfg -tclbatch {distPoints_float.tcl}
Time resolution is 1 ps
source distPoints_float.tcl
## run all
////////////////////////////////////////////////////////////////////////////////////
// Inter-Transaction Progress: Completed Transaction / Total Transaction
// Intra-Transaction Progress: Measured Latency / Latency Estimation * 100%
//
// RTL Simulation : "Inter-Transaction Progress" ["Intra-Transaction Progress"] @ "Simulation Time"
////////////////////////////////////////////////////////////////////////////////////
// RTL Simulation : 0 / 1 [0.00%] @ "125000"
// RTL Simulation : 1 / 1 [100.00%] @ "1265000"
////////////////////////////////////////////////////////////////////////////////////
$finish called at time : 1325 ns : File "C:/Users/pcost/Documents/github/Dissertation/training/leonardo_tutorials_hls/lab_04_hls/solution1/sim/verilog/distPoints_float.autotb.v" Line 440
## quit
INFO: [Common 17-206] Exiting xsim at Sun Nov 27 12:39:33 2022...
d_double(A, B) = 2.061553
d_float(A, B) = 2.061553
d_fixed(A, B) = 2.061523
INFO: [COSIM-1000] *** C/RTL co-simulation finished: PASS ***
INFO: [COSIM-211] II is measurable only when transaction number is greater than 1 in RTL simulation. Otherwise, they will be marked as all NA. If user wants to calculate them, please make sure there are at least 2 transactions in RTL simulation.
