

================================================================
== Vitis HLS Report for 'gravity'
================================================================
* Date:           Sun Nov 27 19:11:12 2022

* Version:        2022.2 (Build 3670227 on Oct 13 2022)
* Project:        lab_05_hls
* Solution:       solution1 (Vivado IP Flow Target)
* Product family: zynq
* Target device:  xc7z020-clg400-1


================================================================
== Performance Estimates
================================================================
+ Timing: 
    * Summary: 
    +--------+----------+----------+------------+
    |  Clock |  Target  | Estimated| Uncertainty|
    +--------+----------+----------+------------+
    |ap_clk  |  10.00 ns|  6.702 ns|     2.70 ns|
    +--------+----------+----------+------------+

+ Latency: 
    * Summary: 
    +---------+---------+----------+----------+-----+-----+---------+
    |  Latency (cycles) |  Latency (absolute) |  Interval | Pipeline|
    |   min   |   max   |    min   |    max   | min | max |   Type  |
    +---------+---------+----------+----------+-----+-----+---------+
    |       23|       23|  0.230 us|  0.230 us|   24|   24|       no|
    +---------+---------+----------+----------+-----+-----+---------+

    + Detail: 
        * Instance: 
        N/A

        * Loop: 
        N/A

============================================================
+ Verbose Summary: Synthesis Manager
============================================================
InlineROM: 1
ExposeGlobal: 0
============================================================
+ Verbose Summary: CDFG Model
============================================================
IsTopModel: 1
ResetActiveHigh: 1
IsCombinational: 0
IsDatapathOnly: 0
HasWiredReturn: 1
HasMFsm: 0
HasVarLatency: 1
IsPipeline: 0
IsRtlPipelined: 0
IsInstanceOverlapped: 0
IsDontTouch: 0
HasImplIP: 0
IsGatedGlobalClock: 0


============================================================
+ Verbose Summary: Schedule
============================================================
* Number of FSM states : 24
* Pipeline : 0
* Dataflow Pipeline: 0

* FSM state transitions: 
1 --> 2 
2 --> 3 
3 --> 4 
4 --> 5 
5 --> 6 
6 --> 7 
7 --> 8 
8 --> 9 
9 --> 10 
10 --> 11 
11 --> 12 
12 --> 13 
13 --> 14 
14 --> 15 
15 --> 16 
16 --> 17 
17 --> 18 
18 --> 19 
19 --> 20 
20 --> 21 
21 --> 22 
22 --> 23 
23 --> 24 
24 --> 

* FSM state operations: 

State 1 <SV = 0> <Delay = 6.70>
ST_1 : Operation 25 [1/1] (1.00ns)   --->   "%d_read = read i32 @_ssdm_op_Read.s_axilite.float, i32 %d" [lab_05_hls/gravity_core.cpp:1]   --->   Operation 25 'read' 'd_read' <Predicate = true> <Delay = 1.00> <CoreInst = "s_axilite">   --->   Core 114 's_axilite' <Latency = 0> <II = 1> <Delay = 1.00> <Adapter> <Opcode : 'read' 'write'>
ST_1 : Operation 26 [1/1] (1.00ns)   --->   "%m2_read = read i32 @_ssdm_op_Read.s_axilite.float, i32 %m2" [lab_05_hls/gravity_core.cpp:1]   --->   Operation 26 'read' 'm2_read' <Predicate = true> <Delay = 1.00> <CoreInst = "s_axilite">   --->   Core 114 's_axilite' <Latency = 0> <II = 1> <Delay = 1.00> <Adapter> <Opcode : 'read' 'write'>
ST_1 : Operation 27 [1/1] (1.00ns)   --->   "%m1_read = read i32 @_ssdm_op_Read.s_axilite.float, i32 %m1" [lab_05_hls/gravity_core.cpp:1]   --->   Operation 27 'read' 'm1_read' <Predicate = true> <Delay = 1.00> <CoreInst = "s_axilite">   --->   Core 114 's_axilite' <Latency = 0> <II = 1> <Delay = 1.00> <Adapter> <Opcode : 'read' 'write'>
ST_1 : Operation 28 [4/4] (5.70ns)   --->   "%mul = fmul i32 %m1_read, i32 %m2_read" [lab_05_hls/gravity_core.cpp:6]   --->   Operation 28 'fmul' 'mul' <Predicate = true> <Delay = 5.70> <CoreInst = "FMul_maxdsp">   --->   Core 30 'FMul_maxdsp' <Latency = 3> <II = 1> <Delay = 5.70> <FuncUnit> <Opcode : 'fmul'> <InPorts = 2> <OutPorts = 1>

State 2 <SV = 1> <Delay = 5.70>
ST_2 : Operation 29 [3/4] (5.70ns)   --->   "%mul = fmul i32 %m1_read, i32 %m2_read" [lab_05_hls/gravity_core.cpp:6]   --->   Operation 29 'fmul' 'mul' <Predicate = true> <Delay = 5.70> <CoreInst = "FMul_maxdsp">   --->   Core 30 'FMul_maxdsp' <Latency = 3> <II = 1> <Delay = 5.70> <FuncUnit> <Opcode : 'fmul'> <InPorts = 2> <OutPorts = 1>

State 3 <SV = 2> <Delay = 5.70>
ST_3 : Operation 30 [2/4] (5.70ns)   --->   "%mul = fmul i32 %m1_read, i32 %m2_read" [lab_05_hls/gravity_core.cpp:6]   --->   Operation 30 'fmul' 'mul' <Predicate = true> <Delay = 5.70> <CoreInst = "FMul_maxdsp">   --->   Core 30 'FMul_maxdsp' <Latency = 3> <II = 1> <Delay = 5.70> <FuncUnit> <Opcode : 'fmul'> <InPorts = 2> <OutPorts = 1>

State 4 <SV = 3> <Delay = 5.70>
ST_4 : Operation 31 [1/4] (5.70ns)   --->   "%mul = fmul i32 %m1_read, i32 %m2_read" [lab_05_hls/gravity_core.cpp:6]   --->   Operation 31 'fmul' 'mul' <Predicate = true> <Delay = 5.70> <CoreInst = "FMul_maxdsp">   --->   Core 30 'FMul_maxdsp' <Latency = 3> <II = 1> <Delay = 5.70> <FuncUnit> <Opcode : 'fmul'> <InPorts = 2> <OutPorts = 1>

State 5 <SV = 4> <Delay = 5.70>
ST_5 : Operation 32 [4/4] (5.70ns)   --->   "%mul1 = fmul i32 %mul, i32 10" [lab_05_hls/gravity_core.cpp:6]   --->   Operation 32 'fmul' 'mul1' <Predicate = true> <Delay = 5.70> <CoreInst = "FMul_maxdsp">   --->   Core 30 'FMul_maxdsp' <Latency = 3> <II = 1> <Delay = 5.70> <FuncUnit> <Opcode : 'fmul'> <InPorts = 2> <OutPorts = 1>
ST_5 : Operation 33 [4/4] (5.70ns)   --->   "%mul2 = fmul i32 %d_read, i32 %d_read" [lab_05_hls/gravity_core.cpp:6]   --->   Operation 33 'fmul' 'mul2' <Predicate = true> <Delay = 5.70> <CoreInst = "FMul_maxdsp">   --->   Core 30 'FMul_maxdsp' <Latency = 3> <II = 1> <Delay = 5.70> <FuncUnit> <Opcode : 'fmul'> <InPorts = 2> <OutPorts = 1>

State 6 <SV = 5> <Delay = 5.70>
ST_6 : Operation 34 [3/4] (5.70ns)   --->   "%mul1 = fmul i32 %mul, i32 10" [lab_05_hls/gravity_core.cpp:6]   --->   Operation 34 'fmul' 'mul1' <Predicate = true> <Delay = 5.70> <CoreInst = "FMul_maxdsp">   --->   Core 30 'FMul_maxdsp' <Latency = 3> <II = 1> <Delay = 5.70> <FuncUnit> <Opcode : 'fmul'> <InPorts = 2> <OutPorts = 1>
ST_6 : Operation 35 [3/4] (5.70ns)   --->   "%mul2 = fmul i32 %d_read, i32 %d_read" [lab_05_hls/gravity_core.cpp:6]   --->   Operation 35 'fmul' 'mul2' <Predicate = true> <Delay = 5.70> <CoreInst = "FMul_maxdsp">   --->   Core 30 'FMul_maxdsp' <Latency = 3> <II = 1> <Delay = 5.70> <FuncUnit> <Opcode : 'fmul'> <InPorts = 2> <OutPorts = 1>

State 7 <SV = 6> <Delay = 5.70>
ST_7 : Operation 36 [2/4] (5.70ns)   --->   "%mul1 = fmul i32 %mul, i32 10" [lab_05_hls/gravity_core.cpp:6]   --->   Operation 36 'fmul' 'mul1' <Predicate = true> <Delay = 5.70> <CoreInst = "FMul_maxdsp">   --->   Core 30 'FMul_maxdsp' <Latency = 3> <II = 1> <Delay = 5.70> <FuncUnit> <Opcode : 'fmul'> <InPorts = 2> <OutPorts = 1>
ST_7 : Operation 37 [2/4] (5.70ns)   --->   "%mul2 = fmul i32 %d_read, i32 %d_read" [lab_05_hls/gravity_core.cpp:6]   --->   Operation 37 'fmul' 'mul2' <Predicate = true> <Delay = 5.70> <CoreInst = "FMul_maxdsp">   --->   Core 30 'FMul_maxdsp' <Latency = 3> <II = 1> <Delay = 5.70> <FuncUnit> <Opcode : 'fmul'> <InPorts = 2> <OutPorts = 1>

State 8 <SV = 7> <Delay = 5.70>
ST_8 : Operation 38 [1/4] (5.70ns)   --->   "%mul1 = fmul i32 %mul, i32 10" [lab_05_hls/gravity_core.cpp:6]   --->   Operation 38 'fmul' 'mul1' <Predicate = true> <Delay = 5.70> <CoreInst = "FMul_maxdsp">   --->   Core 30 'FMul_maxdsp' <Latency = 3> <II = 1> <Delay = 5.70> <FuncUnit> <Opcode : 'fmul'> <InPorts = 2> <OutPorts = 1>
ST_8 : Operation 39 [1/4] (5.70ns)   --->   "%mul2 = fmul i32 %d_read, i32 %d_read" [lab_05_hls/gravity_core.cpp:6]   --->   Operation 39 'fmul' 'mul2' <Predicate = true> <Delay = 5.70> <CoreInst = "FMul_maxdsp">   --->   Core 30 'FMul_maxdsp' <Latency = 3> <II = 1> <Delay = 5.70> <FuncUnit> <Opcode : 'fmul'> <InPorts = 2> <OutPorts = 1>

State 9 <SV = 8> <Delay = 6.07>
ST_9 : Operation 40 [16/16] (6.07ns)   --->   "%div = fdiv i32 %mul1, i32 %mul2" [lab_05_hls/gravity_core.cpp:6]   --->   Operation 40 'fdiv' 'div' <Predicate = true> <Delay = 6.07> <CoreInst = "FDiv">   --->   Core 20 'FDiv' <Latency = 15> <II = 1> <Delay = 6.07> <FuncUnit> <Opcode : 'fdiv' 'frem'> <InPorts = 2> <OutPorts = 1>

State 10 <SV = 9> <Delay = 6.07>
ST_10 : Operation 41 [15/16] (6.07ns)   --->   "%div = fdiv i32 %mul1, i32 %mul2" [lab_05_hls/gravity_core.cpp:6]   --->   Operation 41 'fdiv' 'div' <Predicate = true> <Delay = 6.07> <CoreInst = "FDiv">   --->   Core 20 'FDiv' <Latency = 15> <II = 1> <Delay = 6.07> <FuncUnit> <Opcode : 'fdiv' 'frem'> <InPorts = 2> <OutPorts = 1>

State 11 <SV = 10> <Delay = 6.07>
ST_11 : Operation 42 [14/16] (6.07ns)   --->   "%div = fdiv i32 %mul1, i32 %mul2" [lab_05_hls/gravity_core.cpp:6]   --->   Operation 42 'fdiv' 'div' <Predicate = true> <Delay = 6.07> <CoreInst = "FDiv">   --->   Core 20 'FDiv' <Latency = 15> <II = 1> <Delay = 6.07> <FuncUnit> <Opcode : 'fdiv' 'frem'> <InPorts = 2> <OutPorts = 1>

State 12 <SV = 11> <Delay = 6.07>
ST_12 : Operation 43 [13/16] (6.07ns)   --->   "%div = fdiv i32 %mul1, i32 %mul2" [lab_05_hls/gravity_core.cpp:6]   --->   Operation 43 'fdiv' 'div' <Predicate = true> <Delay = 6.07> <CoreInst = "FDiv">   --->   Core 20 'FDiv' <Latency = 15> <II = 1> <Delay = 6.07> <FuncUnit> <Opcode : 'fdiv' 'frem'> <InPorts = 2> <OutPorts = 1>

State 13 <SV = 12> <Delay = 6.07>
ST_13 : Operation 44 [12/16] (6.07ns)   --->   "%div = fdiv i32 %mul1, i32 %mul2" [lab_05_hls/gravity_core.cpp:6]   --->   Operation 44 'fdiv' 'div' <Predicate = true> <Delay = 6.07> <CoreInst = "FDiv">   --->   Core 20 'FDiv' <Latency = 15> <II = 1> <Delay = 6.07> <FuncUnit> <Opcode : 'fdiv' 'frem'> <InPorts = 2> <OutPorts = 1>

State 14 <SV = 13> <Delay = 6.07>
ST_14 : Operation 45 [11/16] (6.07ns)   --->   "%div = fdiv i32 %mul1, i32 %mul2" [lab_05_hls/gravity_core.cpp:6]   --->   Operation 45 'fdiv' 'div' <Predicate = true> <Delay = 6.07> <CoreInst = "FDiv">   --->   Core 20 'FDiv' <Latency = 15> <II = 1> <Delay = 6.07> <FuncUnit> <Opcode : 'fdiv' 'frem'> <InPorts = 2> <OutPorts = 1>

State 15 <SV = 14> <Delay = 6.07>
ST_15 : Operation 46 [10/16] (6.07ns)   --->   "%div = fdiv i32 %mul1, i32 %mul2" [lab_05_hls/gravity_core.cpp:6]   --->   Operation 46 'fdiv' 'div' <Predicate = true> <Delay = 6.07> <CoreInst = "FDiv">   --->   Core 20 'FDiv' <Latency = 15> <II = 1> <Delay = 6.07> <FuncUnit> <Opcode : 'fdiv' 'frem'> <InPorts = 2> <OutPorts = 1>

State 16 <SV = 15> <Delay = 6.07>
ST_16 : Operation 47 [9/16] (6.07ns)   --->   "%div = fdiv i32 %mul1, i32 %mul2" [lab_05_hls/gravity_core.cpp:6]   --->   Operation 47 'fdiv' 'div' <Predicate = true> <Delay = 6.07> <CoreInst = "FDiv">   --->   Core 20 'FDiv' <Latency = 15> <II = 1> <Delay = 6.07> <FuncUnit> <Opcode : 'fdiv' 'frem'> <InPorts = 2> <OutPorts = 1>

State 17 <SV = 16> <Delay = 6.07>
ST_17 : Operation 48 [8/16] (6.07ns)   --->   "%div = fdiv i32 %mul1, i32 %mul2" [lab_05_hls/gravity_core.cpp:6]   --->   Operation 48 'fdiv' 'div' <Predicate = true> <Delay = 6.07> <CoreInst = "FDiv">   --->   Core 20 'FDiv' <Latency = 15> <II = 1> <Delay = 6.07> <FuncUnit> <Opcode : 'fdiv' 'frem'> <InPorts = 2> <OutPorts = 1>

State 18 <SV = 17> <Delay = 6.07>
ST_18 : Operation 49 [7/16] (6.07ns)   --->   "%div = fdiv i32 %mul1, i32 %mul2" [lab_05_hls/gravity_core.cpp:6]   --->   Operation 49 'fdiv' 'div' <Predicate = true> <Delay = 6.07> <CoreInst = "FDiv">   --->   Core 20 'FDiv' <Latency = 15> <II = 1> <Delay = 6.07> <FuncUnit> <Opcode : 'fdiv' 'frem'> <InPorts = 2> <OutPorts = 1>

State 19 <SV = 18> <Delay = 6.07>
ST_19 : Operation 50 [6/16] (6.07ns)   --->   "%div = fdiv i32 %mul1, i32 %mul2" [lab_05_hls/gravity_core.cpp:6]   --->   Operation 50 'fdiv' 'div' <Predicate = true> <Delay = 6.07> <CoreInst = "FDiv">   --->   Core 20 'FDiv' <Latency = 15> <II = 1> <Delay = 6.07> <FuncUnit> <Opcode : 'fdiv' 'frem'> <InPorts = 2> <OutPorts = 1>

State 20 <SV = 19> <Delay = 6.07>
ST_20 : Operation 51 [5/16] (6.07ns)   --->   "%div = fdiv i32 %mul1, i32 %mul2" [lab_05_hls/gravity_core.cpp:6]   --->   Operation 51 'fdiv' 'div' <Predicate = true> <Delay = 6.07> <CoreInst = "FDiv">   --->   Core 20 'FDiv' <Latency = 15> <II = 1> <Delay = 6.07> <FuncUnit> <Opcode : 'fdiv' 'frem'> <InPorts = 2> <OutPorts = 1>

State 21 <SV = 20> <Delay = 6.07>
ST_21 : Operation 52 [4/16] (6.07ns)   --->   "%div = fdiv i32 %mul1, i32 %mul2" [lab_05_hls/gravity_core.cpp:6]   --->   Operation 52 'fdiv' 'div' <Predicate = true> <Delay = 6.07> <CoreInst = "FDiv">   --->   Core 20 'FDiv' <Latency = 15> <II = 1> <Delay = 6.07> <FuncUnit> <Opcode : 'fdiv' 'frem'> <InPorts = 2> <OutPorts = 1>

State 22 <SV = 21> <Delay = 6.07>
ST_22 : Operation 53 [3/16] (6.07ns)   --->   "%div = fdiv i32 %mul1, i32 %mul2" [lab_05_hls/gravity_core.cpp:6]   --->   Operation 53 'fdiv' 'div' <Predicate = true> <Delay = 6.07> <CoreInst = "FDiv">   --->   Core 20 'FDiv' <Latency = 15> <II = 1> <Delay = 6.07> <FuncUnit> <Opcode : 'fdiv' 'frem'> <InPorts = 2> <OutPorts = 1>

State 23 <SV = 22> <Delay = 6.07>
ST_23 : Operation 54 [2/16] (6.07ns)   --->   "%div = fdiv i32 %mul1, i32 %mul2" [lab_05_hls/gravity_core.cpp:6]   --->   Operation 54 'fdiv' 'div' <Predicate = true> <Delay = 6.07> <CoreInst = "FDiv">   --->   Core 20 'FDiv' <Latency = 15> <II = 1> <Delay = 6.07> <FuncUnit> <Opcode : 'fdiv' 'frem'> <InPorts = 2> <OutPorts = 1>

State 24 <SV = 23> <Delay = 6.07>
ST_24 : Operation 55 [1/1] (0.00ns)   --->   "%specbitsmap_ln0 = specbitsmap void @_ssdm_op_SpecBitsMap, i32 0"   --->   Operation 55 'specbitsmap' 'specbitsmap_ln0' <Predicate = true> <Delay = 0.00>
ST_24 : Operation 56 [1/1] (0.00ns)   --->   "%spectopmodule_ln1 = spectopmodule void @_ssdm_op_SpecTopModule, void @empty_7" [lab_05_hls/gravity_core.cpp:1]   --->   Operation 56 'spectopmodule' 'spectopmodule_ln1' <Predicate = true> <Delay = 0.00>
ST_24 : Operation 57 [1/1] (0.00ns)   --->   "%specbitsmap_ln0 = specbitsmap void @_ssdm_op_SpecBitsMap, i32 %m1"   --->   Operation 57 'specbitsmap' 'specbitsmap_ln0' <Predicate = true> <Delay = 0.00>
ST_24 : Operation 58 [1/1] (0.00ns)   --->   "%specinterface_ln0 = specinterface void @_ssdm_op_SpecInterface, i32 %m1, void @empty, i32 0, i32 0, void @empty_0, i32 0, i32 0, void @empty_1, void @empty_2, void @empty_0, i32 0, i32 0, i32 0, i32 0, void @empty_0, void @empty_0, i32 4294967295, i32 0"   --->   Operation 58 'specinterface' 'specinterface_ln0' <Predicate = true> <Delay = 0.00>
ST_24 : Operation 59 [1/1] (0.00ns)   --->   "%specinterface_ln0 = specinterface void @_ssdm_op_SpecInterface, i32 %m1, void @empty_3, i32 0, i32 0, void @empty_0, i32 0, i32 0, void @empty_0, void @empty_0, void @empty_0, i32 0, i32 0, i32 0, i32 0, void @empty_0, void @empty_0, i32 4294967295, i32 0"   --->   Operation 59 'specinterface' 'specinterface_ln0' <Predicate = true> <Delay = 0.00>
ST_24 : Operation 60 [1/1] (0.00ns)   --->   "%specbitsmap_ln0 = specbitsmap void @_ssdm_op_SpecBitsMap, i32 %m2"   --->   Operation 60 'specbitsmap' 'specbitsmap_ln0' <Predicate = true> <Delay = 0.00>
ST_24 : Operation 61 [1/1] (0.00ns)   --->   "%specinterface_ln0 = specinterface void @_ssdm_op_SpecInterface, i32 %m2, void @empty, i32 0, i32 0, void @empty_0, i32 0, i32 0, void @empty_1, void @empty_4, void @empty_0, i32 0, i32 0, i32 0, i32 0, void @empty_0, void @empty_0, i32 4294967295, i32 0"   --->   Operation 61 'specinterface' 'specinterface_ln0' <Predicate = true> <Delay = 0.00>
ST_24 : Operation 62 [1/1] (0.00ns)   --->   "%specinterface_ln0 = specinterface void @_ssdm_op_SpecInterface, i32 %m2, void @empty_3, i32 0, i32 0, void @empty_0, i32 0, i32 0, void @empty_0, void @empty_0, void @empty_0, i32 0, i32 0, i32 0, i32 0, void @empty_0, void @empty_0, i32 4294967295, i32 0"   --->   Operation 62 'specinterface' 'specinterface_ln0' <Predicate = true> <Delay = 0.00>
ST_24 : Operation 63 [1/1] (0.00ns)   --->   "%specbitsmap_ln0 = specbitsmap void @_ssdm_op_SpecBitsMap, i32 %d"   --->   Operation 63 'specbitsmap' 'specbitsmap_ln0' <Predicate = true> <Delay = 0.00>
ST_24 : Operation 64 [1/1] (0.00ns)   --->   "%specinterface_ln0 = specinterface void @_ssdm_op_SpecInterface, i32 %d, void @empty, i32 0, i32 0, void @empty_0, i32 0, i32 0, void @empty_1, void @empty_5, void @empty_0, i32 0, i32 0, i32 0, i32 0, void @empty_0, void @empty_0, i32 4294967295, i32 0"   --->   Operation 64 'specinterface' 'specinterface_ln0' <Predicate = true> <Delay = 0.00>
ST_24 : Operation 65 [1/1] (0.00ns)   --->   "%specinterface_ln0 = specinterface void @_ssdm_op_SpecInterface, i32 %d, void @empty_3, i32 0, i32 0, void @empty_0, i32 0, i32 0, void @empty_0, void @empty_0, void @empty_0, i32 0, i32 0, i32 0, i32 0, void @empty_0, void @empty_0, i32 4294967295, i32 0"   --->   Operation 65 'specinterface' 'specinterface_ln0' <Predicate = true> <Delay = 0.00>
ST_24 : Operation 66 [1/1] (0.00ns)   --->   "%specinterface_ln0 = specinterface void @_ssdm_op_SpecInterface, i32 0, void @empty, i32 0, i32 0, void @empty_0, i32 0, i32 0, void @empty_1, void @empty_6, void @empty_0, i32 0, i32 0, i32 0, i32 0, void @empty_0, void @empty_0, i32 4294967295, i32 0"   --->   Operation 66 'specinterface' 'specinterface_ln0' <Predicate = true> <Delay = 0.00>
ST_24 : Operation 67 [1/16] (6.07ns)   --->   "%div = fdiv i32 %mul1, i32 %mul2" [lab_05_hls/gravity_core.cpp:6]   --->   Operation 67 'fdiv' 'div' <Predicate = true> <Delay = 6.07> <CoreInst = "FDiv">   --->   Core 20 'FDiv' <Latency = 15> <II = 1> <Delay = 6.07> <FuncUnit> <Opcode : 'fdiv' 'frem'> <InPorts = 2> <OutPorts = 1>
ST_24 : Operation 68 [1/1] (0.00ns)   --->   "%ret_ln6 = ret i32 %div" [lab_05_hls/gravity_core.cpp:6]   --->   Operation 68 'ret' 'ret_ln6' <Predicate = true> <Delay = 0.00>


============================================================
+ Verbose Summary: Timing violations
============================================================
Target clock period: 10ns, clock uncertainty: 2.7ns.

 <State 1>: 6.7ns
The critical path consists of the following:
	s_axi read operation ('m2', lab_05_hls/gravity_core.cpp:1) on port 'm2' (lab_05_hls/gravity_core.cpp:1) [17]  (1 ns)
	'fmul' operation ('mul', lab_05_hls/gravity_core.cpp:6) [19]  (5.7 ns)

 <State 2>: 5.7ns
The critical path consists of the following:
	'fmul' operation ('mul', lab_05_hls/gravity_core.cpp:6) [19]  (5.7 ns)

 <State 3>: 5.7ns
The critical path consists of the following:
	'fmul' operation ('mul', lab_05_hls/gravity_core.cpp:6) [19]  (5.7 ns)

 <State 4>: 5.7ns
The critical path consists of the following:
	'fmul' operation ('mul', lab_05_hls/gravity_core.cpp:6) [19]  (5.7 ns)

 <State 5>: 5.7ns
The critical path consists of the following:
	'fmul' operation ('mul1', lab_05_hls/gravity_core.cpp:6) [20]  (5.7 ns)

 <State 6>: 5.7ns
The critical path consists of the following:
	'fmul' operation ('mul1', lab_05_hls/gravity_core.cpp:6) [20]  (5.7 ns)

 <State 7>: 5.7ns
The critical path consists of the following:
	'fmul' operation ('mul1', lab_05_hls/gravity_core.cpp:6) [20]  (5.7 ns)

 <State 8>: 5.7ns
The critical path consists of the following:
	'fmul' operation ('mul1', lab_05_hls/gravity_core.cpp:6) [20]  (5.7 ns)

 <State 9>: 6.08ns
The critical path consists of the following:
	'fdiv' operation ('div', lab_05_hls/gravity_core.cpp:6) [22]  (6.08 ns)

 <State 10>: 6.08ns
The critical path consists of the following:
	'fdiv' operation ('div', lab_05_hls/gravity_core.cpp:6) [22]  (6.08 ns)

 <State 11>: 6.08ns
The critical path consists of the following:
	'fdiv' operation ('div', lab_05_hls/gravity_core.cpp:6) [22]  (6.08 ns)

 <State 12>: 6.08ns
The critical path consists of the following:
	'fdiv' operation ('div', lab_05_hls/gravity_core.cpp:6) [22]  (6.08 ns)

 <State 13>: 6.08ns
The critical path consists of the following:
	'fdiv' operation ('div', lab_05_hls/gravity_core.cpp:6) [22]  (6.08 ns)

 <State 14>: 6.08ns
The critical path consists of the following:
	'fdiv' operation ('div', lab_05_hls/gravity_core.cpp:6) [22]  (6.08 ns)

 <State 15>: 6.08ns
The critical path consists of the following:
	'fdiv' operation ('div', lab_05_hls/gravity_core.cpp:6) [22]  (6.08 ns)

 <State 16>: 6.08ns
The critical path consists of the following:
	'fdiv' operation ('div', lab_05_hls/gravity_core.cpp:6) [22]  (6.08 ns)

 <State 17>: 6.08ns
The critical path consists of the following:
	'fdiv' operation ('div', lab_05_hls/gravity_core.cpp:6) [22]  (6.08 ns)

 <State 18>: 6.08ns
The critical path consists of the following:
	'fdiv' operation ('div', lab_05_hls/gravity_core.cpp:6) [22]  (6.08 ns)

 <State 19>: 6.08ns
The critical path consists of the following:
	'fdiv' operation ('div', lab_05_hls/gravity_core.cpp:6) [22]  (6.08 ns)

 <State 20>: 6.08ns
The critical path consists of the following:
	'fdiv' operation ('div', lab_05_hls/gravity_core.cpp:6) [22]  (6.08 ns)

 <State 21>: 6.08ns
The critical path consists of the following:
	'fdiv' operation ('div', lab_05_hls/gravity_core.cpp:6) [22]  (6.08 ns)

 <State 22>: 6.08ns
The critical path consists of the following:
	'fdiv' operation ('div', lab_05_hls/gravity_core.cpp:6) [22]  (6.08 ns)

 <State 23>: 6.08ns
The critical path consists of the following:
	'fdiv' operation ('div', lab_05_hls/gravity_core.cpp:6) [22]  (6.08 ns)

 <State 24>: 6.08ns
The critical path consists of the following:
	'fdiv' operation ('div', lab_05_hls/gravity_core.cpp:6) [22]  (6.08 ns)


============================================================
+ Verbose Summary: Binding
============================================================
N/A
* FSMD analyzer results:
  - Output states:
 - Input state : 
  - Chain level:
	State 1
	State 2
	State 3
	State 4
	State 5
	State 6
	State 7
	State 8
	State 9
	State 10
	State 11
	State 12
	State 13
	State 14
	State 15
	State 16
	State 17
	State 18
	State 19
	State 20
	State 21
	State 22
	State 23
	State 24


============================================================
+ Verbose Summary: Datapath Resource usage 
============================================================
N/A
