#-----------------------------------------------------------
# Vivado v2022.2 (64-bit)
# SW Build 3671981 on Fri Oct 14 04:59:54 MDT 2022
# IP Build 3669848 on Fri Oct 14 08:30:02 MDT 2022
# Start of session at: Tue Nov 29 16:29:19 2022
# Process ID: 13502
# Current directory: /home/pedro/Documents/github/Dissertation/training/leonardo_tutorials_hls/lab_06_hls/solution1/.autopilot/db/ip_tmp
# Command line: vivado  -notrace -log vivado.log -mode batch -source run_vivado_gen_ip.tcl
# Log file: /home/pedro/Documents/github/Dissertation/training/leonardo_tutorials_hls/lab_06_hls/solution1/.autopilot/db/ip_tmp/vivado.log
# Journal file: /home/pedro/Documents/github/Dissertation/training/leonardo_tutorials_hls/lab_06_hls/solution1/.autopilot/db/ip_tmp/vivado.jou
# Running On: pedro-ThinkPad-T410s, OS: Linux, CPU Frequency: 1829.099 MHz, CPU Physical cores: 2, Host memory: 8130 MB
#-----------------------------------------------------------
source run_vivado_gen_ip.tcl -notrace
create_project: Time (s): cpu = 00:00:11 ; elapsed = 00:00:11 . Memory (MB): peak = 1253.402 ; gain = 3.023 ; free physical = 119 ; free virtual = 3705
INFO: [IP_Flow 19-234] Refreshing IP repositories
INFO: [IP_Flow 19-1704] No user IP repositories specified
INFO: [IP_Flow 19-2313] Loaded Vivado IP repository '/tools/Xilinx/Vivado/2022.2/data/ip'.
WARNING: [IP_Flow 19-4832] The IP name 'crazyFunction_fsqrt_32ns_32ns_32_16_no_dsp_1_ip' you have specified is long. The Windows operating system has path length limitations. It is recommended you use shorter names to reduce the likelihood of issues.
create_ip: Time (s): cpu = 00:00:05 ; elapsed = 00:00:06 . Memory (MB): peak = 1338.051 ; gain = 84.648 ; free physical = 119 ; free virtual = 3675
INFO: [IP_Flow 19-1686] Generating 'Synthesis' target for IP 'crazyFunction_fsqrt_32ns_32ns_32_16_no_dsp_1_ip'...
INFO: [IP_Flow 19-1686] Generating 'Simulation' target for IP 'crazyFunction_fsqrt_32ns_32ns_32_16_no_dsp_1_ip'...
WARNING: [IP_Flow 19-4832] The IP name 'crazyFunction_fexp_32ns_32ns_32_10_full_dsp_1_ip' you have specified is long. The Windows operating system has path length limitations. It is recommended you use shorter names to reduce the likelihood of issues.
INFO: [IP_Flow 19-1686] Generating 'Synthesis' target for IP 'crazyFunction_fexp_32ns_32ns_32_10_full_dsp_1_ip'...
INFO: [IP_Flow 19-1686] Generating 'Simulation' target for IP 'crazyFunction_fexp_32ns_32ns_32_10_full_dsp_1_ip'...
WARNING: [IP_Flow 19-4832] The IP name 'crazyFunction_fadd_32ns_32ns_32_5_full_dsp_1_ip' you have specified is long. The Windows operating system has path length limitations. It is recommended you use shorter names to reduce the likelihood of issues.
INFO: [IP_Flow 19-1686] Generating 'Synthesis' target for IP 'crazyFunction_fadd_32ns_32ns_32_5_full_dsp_1_ip'...
INFO: [IP_Flow 19-1686] Generating 'Simulation' target for IP 'crazyFunction_fadd_32ns_32ns_32_5_full_dsp_1_ip'...
WARNING: [IP_Flow 19-4832] The IP name 'crazyFunction_fmul_32ns_32ns_32_4_max_dsp_1_ip' you have specified is long. The Windows operating system has path length limitations. It is recommended you use shorter names to reduce the likelihood of issues.
INFO: [IP_Flow 19-1686] Generating 'Synthesis' target for IP 'crazyFunction_fmul_32ns_32ns_32_4_max_dsp_1_ip'...
INFO: [IP_Flow 19-1686] Generating 'Simulation' target for IP 'crazyFunction_fmul_32ns_32ns_32_4_max_dsp_1_ip'...
INFO: [Common 17-206] Exiting Vivado at Tue Nov 29 16:30:05 2022...
