remark: E:/Pedro/Programs/Xilinx/Vitis_HLS/2022.2/common/technology/autopilot\ap_int_base.h:214:67: Inlining function 'ssdm_int<32, true>::ssdm_int(int)' into 'ap_int_base<32, true>::ap_int_base(int)'
remark: E:/Pedro/Programs/Xilinx/Vitis_HLS/2022.2/common/technology/autopilot\ap_int_base.h:1788:1853: Inlining function 'ap_int_base<32, true>::ap_int_base(int)' into 'bool operator==<1, false>(ap_int_base<1, false> const&, int)'
remark: E:/Pedro/Programs/Xilinx/Vitis_HLS/2022.2/common/technology/autopilot\ap_int_base.h:1788:1850: Inlining function 'bool ap_int_base<1, false>::operator==<32, true>(ap_int_base<32, true> const&) const' into 'bool operator==<1, false>(ap_int_base<1, false> const&, int)'
remark: E:/Pedro/Programs/Xilinx/Vitis_HLS/2022.2/common/technology/autopilot\ap_int_base.h:185:106: Inlining function '_ZN8ssdm_intILi18ELb0EEC2EDq18_j' into 'ap_int_base<18, false>::ap_int_base<17, false>(ap_int_base<17, false> const&)'
remark: E:/Pedro/Programs/Xilinx/Vitis_HLS/2022.2/common/technology/autopilot\ap_int_base.h:214:67: Inlining function '_ZN8ssdm_intILi18ELb0EEC2EDq18_j' into 'ap_int_base<18, false>::ap_int_base(int)'
remark: E:/Pedro/Programs/Xilinx/Vitis_HLS/2022.2/common/technology/autopilot\ap_int_base.h:1495:339: Inlining function 'ap_int_base<18, false>::ap_int_base<17, false>(ap_int_base<17, false> const&)' into 'ap_int_base<17, false>::RType<17, false>::plus operator+<17, false, 17, false>(ap_int_base<17, false> const&, ap_int_base<17, false> const&)'
remark: E:/Pedro/Programs/Xilinx/Vitis_HLS/2022.2/common/technology/autopilot\ap_int_base.h:1495:516: Inlining function 'ap_int_base<18, false>::ap_int_base(int)' into 'ap_int_base<17, false>::RType<17, false>::plus operator+<17, false, 17, false>(ap_int_base<17, false> const&, ap_int_base<17, false> const&)'
remark: E:/Pedro/Programs/Xilinx/Vitis_HLS/2022.2/common/technology/autopilot\ap_int_base.h:1495:427: Inlining function 'ap_int_base<18, false>::ap_int_base<17, false>(ap_int_base<17, false> const&)' into 'ap_int_base<17, false>::RType<17, false>::plus operator+<17, false, 17, false>(ap_int_base<17, false> const&, ap_int_base<17, false> const&)'
remark: E:/Pedro/Programs/Xilinx/Vitis_HLS/2022.2/common/technology/autopilot\ap_int_base.h:185:106: Inlining function '_ZN8ssdm_intILi17ELb0EEC2EDq17_j' into 'ap_int_base<17, false>::ap_int_base<18, false>(ap_int_base<18, false> const&)'
remark: <unknown>:0:0: Inlining function 'ap_int_base<17, false>::ap_int_base<18, false>(ap_int_base<18, false> const&)' into 'ap_uint<17>::ap_uint<18>(ap_uint<18> const&)'
remark: E:/Pedro/Programs/Xilinx/Vitis_HLS/2022.2/common/technology/autopilot\ap_int_base.h:185:106: Inlining function '_ZN8ssdm_intILi18ELb1EEC2EDq18_i' into 'ap_int_base<18, true>::ap_int_base<17, false>(ap_int_base<17, false> const&)'
remark: E:/Pedro/Programs/Xilinx/Vitis_HLS/2022.2/common/technology/autopilot\ap_int_base.h:214:67: Inlining function '_ZN8ssdm_intILi18ELb1EEC2EDq18_i' into 'ap_int_base<18, true>::ap_int_base(int)'
remark: E:/Pedro/Programs/Xilinx/Vitis_HLS/2022.2/common/technology/autopilot\ap_int_base.h:1496:341: Inlining function 'ap_int_base<18, true>::ap_int_base<17, false>(ap_int_base<17, false> const&)' into 'ap_int_base<17, false>::RType<17, false>::minus operator-<17, false, 17, false>(ap_int_base<17, false> const&, ap_int_base<17, false> const&)'
remark: E:/Pedro/Programs/Xilinx/Vitis_HLS/2022.2/common/technology/autopilot\ap_int_base.h:1496:520: Inlining function 'ap_int_base<18, true>::ap_int_base(int)' into 'ap_int_base<17, false>::RType<17, false>::minus operator-<17, false, 17, false>(ap_int_base<17, false> const&, ap_int_base<17, false> const&)'
remark: E:/Pedro/Programs/Xilinx/Vitis_HLS/2022.2/common/technology/autopilot\ap_int_base.h:1496:430: Inlining function 'ap_int_base<18, true>::ap_int_base<17, false>(ap_int_base<17, false> const&)' into 'ap_int_base<17, false>::RType<17, false>::minus operator-<17, false, 17, false>(ap_int_base<17, false> const&, ap_int_base<17, false> const&)'
remark: E:/Pedro/Programs/Xilinx/Vitis_HLS/2022.2/common/technology/autopilot\ap_int_base.h:185:106: Inlining function '_ZN8ssdm_intILi17ELb0EEC2EDq17_j' into 'ap_int_base<17, false>::ap_int_base<18, true>(ap_int_base<18, true> const&)'
remark: <unknown>:0:0: Inlining function 'ap_int_base<17, false>::ap_int_base<18, true>(ap_int_base<18, true> const&)' into 'ap_uint<17>::ap_uint<18>(ap_int<18> const&)'
remark: lab_03_hls/alu_core.cpp:4:9: Inlining function 'bool operator==<1, false>(ap_int_base<1, false> const&, int)' into 'simpleALU(ap_uint<17>, ap_uint<17>, ap_uint<1>)'
remark: lab_03_hls/alu_core.cpp:5:13: Inlining function 'ap_int_base<17, false>::RType<17, false>::minus operator-<17, false, 17, false>(ap_int_base<17, false> const&, ap_int_base<17, false> const&)' into 'simpleALU(ap_uint<17>, ap_uint<17>, ap_uint<1>)'
remark: lab_03_hls/alu_core.cpp:4:26: Inlining function 'ap_int_base<17, false>::RType<17, false>::plus operator+<17, false, 17, false>(ap_int_base<17, false> const&, ap_int_base<17, false> const&)' into 'simpleALU(ap_uint<17>, ap_uint<17>, ap_uint<1>)'
