C:\Users\pcost\Documents\github\Dissertation\training\leonardo_tutorials_hls\lab_03_hls\solution1\.autopilot\db\alu_core.pp.0.cpp:1320:7: warning: Added loop label VITIS_LOOP_1211_1:   [xilinx-label-all-loops]
      for (i = 0; i < __N - 1; ++i) {
      ^~~
      VITIS_LOOP_1211_1: 
C:\Users\pcost\Documents\github\Dissertation\training\leonardo_tutorials_hls\lab_03_hls\solution1\.autopilot\db\alu_core.pp.0.cpp:1320:7: note: FIX-IT applied suggested code changes
C:\Users\pcost\Documents\github\Dissertation\training\leonardo_tutorials_hls\lab_03_hls\solution1\.autopilot\db\alu_core.pp.0.cpp:2294:5: warning: Added loop label VITIS_LOOP_676_1:   [xilinx-label-all-loops]
    for (unsigned i = low; i != high; ++i) {
    ^~~
    VITIS_LOOP_676_1: 
C:\Users\pcost\Documents\github\Dissertation\training\leonardo_tutorials_hls\lab_03_hls\solution1\.autopilot\db\alu_core.pp.0.cpp:2294:5: note: FIX-IT applied suggested code changes
C:\Users\pcost\Documents\github\Dissertation\training\leonardo_tutorials_hls\lab_03_hls\solution1\.autopilot\db\alu_core.pp.0.cpp:2308:5: warning: Added loop label VITIS_LOOP_690_1:   [xilinx-label-all-loops]
    for (unsigned i = low; i != high; ++i) {
    ^~~
    VITIS_LOOP_690_1: 
C:\Users\pcost\Documents\github\Dissertation\training\leonardo_tutorials_hls\lab_03_hls\solution1\.autopilot\db\alu_core.pp.0.cpp:2308:5: note: FIX-IT applied suggested code changes
C:\Users\pcost\Documents\github\Dissertation\training\leonardo_tutorials_hls\lab_03_hls\solution1\.autopilot\db\alu_core.pp.0.cpp:2322:5: warning: Added loop label VITIS_LOOP_704_1:   [xilinx-label-all-loops]
    for (unsigned i = low; i != high; ++i) {
    ^~~
    VITIS_LOOP_704_1: 
C:\Users\pcost\Documents\github\Dissertation\training\leonardo_tutorials_hls\lab_03_hls\solution1\.autopilot\db\alu_core.pp.0.cpp:2322:5: note: FIX-IT applied suggested code changes
C:\Users\pcost\Documents\github\Dissertation\training\leonardo_tutorials_hls\lab_03_hls\solution1\.autopilot\db\alu_core.pp.0.cpp:3933:7: warning: Added loop label VITIS_LOOP_1245_1:   [xilinx-label-all-loops]
      for (i = 0; i < __N - 1; ++i) {
      ^~~
      VITIS_LOOP_1245_1: 
C:\Users\pcost\Documents\github\Dissertation\training\leonardo_tutorials_hls\lab_03_hls\solution1\.autopilot\db\alu_core.pp.0.cpp:3933:7: note: FIX-IT applied suggested code changes
