INFO-FLOW: Workspace C:/Users/pcost/Documents/github/Dissertation/training/leonardo_tutorials_hls/lab_03_hls/solution1 opened at Sat Nov 26 13:02:45 +0000 2022
Execute     ap_set_clock -name default -period 10 -default=false 
INFO: [SYN 201-201] Setting up clock 'default' with a period of 10ns.
Execute     set_part xc7z020-clg400-1 
Execute       create_platform xc7z020-clg400-1 -board  
DBG:HLSDevice: Trying to load device library: E:/Pedro/Programs/Xilinx/Vitis_HLS/2022.2\lib\win64.o\xv_hlsvwrap.dll
DBG:HLSDevice: first parts/arch.xml in RDI_DATADIR: E:/Pedro/Programs/Xilinx/Vivado/2022.2/data/parts/arch.xml
DBG:HLSDevice: init success
INFO: [HLS 200-1611] Setting target device to 'xc7z020-clg400-1'
Command       create_platform done; 10.504 sec.
Execute       source E:/Pedro/Programs/Xilinx/Vitis_HLS/2022.2/common/technology/xilinx/common/xilinx.gen 
Execute         source E:/Pedro/Programs/Xilinx/Vitis_HLS/2022.2/common/technology/xilinx/interface/plb46.gen 
Execute         source E:/Pedro/Programs/Xilinx/Vitis_HLS/2022.2/common/technology/xilinx/interface/axi4.gen 
Execute         source E:/Pedro/Programs/Xilinx/Vitis_HLS/2022.2/common/technology/xilinx/interface/nativeAXI4.gen 
Execute           source E:/Pedro/Programs/Xilinx/Vitis_HLS/2022.2/common/technology/xilinx/interface/saxilite.gen 
Execute         source E:/Pedro/Programs/Xilinx/Vitis_HLS/2022.2/common/technology/xilinx/scripts/xilinxcoregen.gen 
Execute         source E:/Pedro/Programs/Xilinx/Vitis_HLS/2022.2/common/technology/xilinx/interface/XilEDKCoreGen.gen 
Execute         source E:/Pedro/Programs/Xilinx/Vitis_HLS/2022.2/common/technology/xilinx/ip/dds_compiler.gen 
Execute         source E:/Pedro/Programs/Xilinx/Vitis_HLS/2022.2/common/technology/xilinx/ip/util.gen 
Execute         source E:/Pedro/Programs/Xilinx/Vitis_HLS/2022.2/common/technology/xilinx/ip/xfft.gen 
Command         ap_source done; 0.188 sec.
Execute         source E:/Pedro/Programs/Xilinx/Vitis_HLS/2022.2/common/technology/xilinx/ip/xfir.gen 
Execute         source E:/Pedro/Programs/Xilinx/Vitis_HLS/2022.2/common/technology/xilinx/DSP48/dsp48.gen 
Command       ap_source done; 0.33 sec.
Execute       ap_part_info -name xc7z020-clg400-1 -data info 
Execute       config_compile -quiet -complex-mul-dsp=0 
Command     set_part done; 10.937 sec.
Execute     send_msg_by_id INFO @200-1505@%s%s  vivado 
INFO: [HLS 200-1505] Using flow_target 'vivado'
Command   open_solution done; 11.157 sec.
Execute   set_part xc7z020clg400-1 
INFO: [HLS 200-1510] Running: set_part xc7z020clg400-1 
Execute     create_platform xc7z020clg400-1 -board  
Command     create_platform done; 0.107 sec.
Execute     source E:/Pedro/Programs/Xilinx/Vitis_HLS/2022.2/common/technology/xilinx/common/xilinx.gen 
Execute       source E:/Pedro/Programs/Xilinx/Vitis_HLS/2022.2/common/technology/xilinx/interface/plb46.gen 
Execute       source E:/Pedro/Programs/Xilinx/Vitis_HLS/2022.2/common/technology/xilinx/interface/axi4.gen 
Execute       source E:/Pedro/Programs/Xilinx/Vitis_HLS/2022.2/common/technology/xilinx/interface/nativeAXI4.gen 
Execute         source E:/Pedro/Programs/Xilinx/Vitis_HLS/2022.2/common/technology/xilinx/interface/saxilite.gen 
Execute       source E:/Pedro/Programs/Xilinx/Vitis_HLS/2022.2/common/technology/xilinx/scripts/xilinxcoregen.gen 
Execute       source E:/Pedro/Programs/Xilinx/Vitis_HLS/2022.2/common/technology/xilinx/interface/XilEDKCoreGen.gen 
Execute       source E:/Pedro/Programs/Xilinx/Vitis_HLS/2022.2/common/technology/xilinx/ip/dds_compiler.gen 
Execute       source E:/Pedro/Programs/Xilinx/Vitis_HLS/2022.2/common/technology/xilinx/ip/util.gen 
Execute       source E:/Pedro/Programs/Xilinx/Vitis_HLS/2022.2/common/technology/xilinx/ip/xfft.gen 
Command       ap_source done; 0.16 sec.
Execute       source E:/Pedro/Programs/Xilinx/Vitis_HLS/2022.2/common/technology/xilinx/ip/xfir.gen 
Execute       source E:/Pedro/Programs/Xilinx/Vitis_HLS/2022.2/common/technology/xilinx/DSP48/dsp48.gen 
Command     ap_source done; 0.204 sec.
Execute     ap_part_info -name xc7z020-clg400-1 -data info 
Execute     config_compile -quiet -complex-mul-dsp=0 
Command   set_part done; 0.417 sec.
Execute   create_clock -period 10 -name default 
INFO: [HLS 200-1510] Running: create_clock -period 10 -name default 
Execute   csynth_design 
INFO: [HLS 200-1510] Running: csynth_design 
Execute     elaborate -effort=medium -skip_syncheck=0 -keep_printf=0 -skip_cdt=0 -skip_transform=0 -ng=0 -g=0 -opt_fp=0 -from_csynth_design=1 
INFO: [HLS 200-111] Finished File checks and directory preparation: CPU user time: 0 seconds. CPU system time: 0 seconds. Elapsed time: 10.077 seconds; current allocated memory: 1.034 GB.
INFO: [HLS 200-10] Analyzing design file 'lab_03_hls/alu_core.cpp' ... 
INFO-FLOW: Compiling one TU...
INFO-FLOW: Handling lab_03_hls/alu_core.cpp as C++
Execute       ap_part_info -name xc7z020-clg400-1 -data info 
INFO-FLOW: Running: GCC PP 39
INFO-FLOW: Source preprocessing
Execute       ap_eval exec -ignorestderr E:/Pedro/Programs/Xilinx/Vitis_HLS/2022.2/win64/tools/clang-3.9-csynth/bin/clang lab_03_hls/alu_core.cpp -foptimization-record-file=C:/Users/pcost/Documents/github/Dissertation/training/leonardo_tutorials_hls/lab_03_hls/solution1/.autopilot/db/alu_core.cpp.clang.diag.yml -mllvm -pass-remarks-missed=reflow|pasta|unroll -mllvm -pass-remarks=reflow|pasta|unroll|inline -fno-limit-debug-info --sysroot E:/Pedro/Programs/Xilinx/Vitis_HLS/2022.2/tps/mingw/8.3.0/win64.o/nt -fhls -fno-exceptions -E -fno-math-errno -c -emit-llvm -mllvm -disable-llvm-optzns -Werror=implicit-function-declaration -Werror=implicit-hls-streams -Werror=return-type -Wpragmas -Wunused-parameter -Wdump-hls-pragmas -Wno-error=dump-hls-pragmas -fno-threadsafe-statics -fno-use-cxa-atexit -std=gnu++14 -target fpga64-xilinx-mingw32 -fno-threadsafe-statics -fno-use-cxa-atexit -D__VITIS_HLS__ -DAESL_SYN -D__SYNTHESIS__ -D__HLS_SYN__ -I E:/Pedro/Programs/Xilinx/Vitis_HLS/2022.2/common/technology/autopilot -I E:/Pedro/Programs/Xilinx/Vitis_HLS/2022.2/common/technology/autopilot/ap_sysc -include etc/autopilot_ssdm_op.h -D__DSP48E1__ -I /usr/include/x86_64-linux-gnu -o C:/Users/pcost/Documents/github/Dissertation/training/leonardo_tutorials_hls/lab_03_hls/solution1/.autopilot/db/alu_core.pp.0.cpp {-hls-platform-db-name=E:/Pedro/Programs/Xilinx/Vitis_HLS/2022.2/common/technology\xilinx/common/platform.db} -hls-platform-name=zynq_slow -device-resource-info=BRAM_280.000000_DSP_220.000000_FF_106400.000000_LUT_53200.000000_SLICE_13300.000000_URAM_0.000000 -device-name-info=xc7z020clg400-1 > C:/Users/pcost/Documents/github/Dissertation/training/leonardo_tutorials_hls/lab_03_hls/solution1/.autopilot/db/alu_core.cpp.clang.out.log 2> C:/Users/pcost/Documents/github/Dissertation/training/leonardo_tutorials_hls/lab_03_hls/solution1/.autopilot/db/alu_core.cpp.clang.err.log 
Command       ap_eval done; 0.796 sec.
INFO-FLOW: Done: GCC PP 39 time: 0.8 seconds per iteration
Execute       set_directive_top simpleALU -name=simpleALU 
Execute       source E:/Pedro/Programs/Xilinx/Vitis_HLS/2022.2/tps/tcl/tcllib1.11.1/yaml/huddle.tcl 
Execute       source E:/Pedro/Programs/Xilinx/Vitis_HLS/2022.2/tps/tcl/tcllib1.11.1/yaml/json2huddle.tcl 
INFO-FLOW: Source syntax check for synthesis
Execute       ap_eval exec -ignorestderr E:/Pedro/Programs/Xilinx/Vitis_HLS/2022.2/win64/tools/clang-3.9-csynth/bin/clang -foptimization-record-file=C:/Users/pcost/Documents/github/Dissertation/training/leonardo_tutorials_hls/lab_03_hls/solution1/.autopilot/db/clang.diag.yml -mllvm -pass-remarks-missed=reflow|pasta|unroll -mllvm -pass-remarks=reflow|pasta|unroll|inline -fsyntax-only -fhls -target fpga64-xilinx-linux-gnu C:/Users/pcost/Documents/github/Dissertation/training/leonardo_tutorials_hls/lab_03_hls/solution1/.autopilot/db/alu_core.pp.0.cpp {-hls-platform-db-name=E:/Pedro/Programs/Xilinx/Vitis_HLS/2022.2/common/technology\xilinx/common/platform.db} -hls-platform-name=zynq_slow -device-resource-info=BRAM_280.000000_DSP_220.000000_FF_106400.000000_LUT_53200.000000_SLICE_13300.000000_URAM_0.000000 -device-name-info=xc7z020clg400-1 > C:/Users/pcost/Documents/github/Dissertation/training/leonardo_tutorials_hls/lab_03_hls/solution1/.autopilot/db/clang.out.log 2> C:/Users/pcost/Documents/github/Dissertation/training/leonardo_tutorials_hls/lab_03_hls/solution1/.autopilot/db/clang.err.log 
Command       ap_eval done; 1.169 sec.
Execute       clang_tidy xilinx-systemc-detector -desc systemc-detector C:/Users/pcost/Documents/github/Dissertation/training/leonardo_tutorials_hls/lab_03_hls/solution1/.autopilot/db/alu_core.pp.0.cpp std=gnu++14 -target fpga  -directive=C:/Users/pcost/Documents/github/Dissertation/training/leonardo_tutorials_hls/lab_03_hls/solution1/.autopilot/db/.systemc_flag 
INFO-FLOW: exec E:/Pedro/Programs/Xilinx/Vitis_HLS/2022.2/win64/tools/clang-3.9-csynth/bin/clang-tidy -header-filter=.* --checks=-*,xilinx-systemc-detector -import-directive=C:/Users/pcost/Documents/github/Dissertation/training/leonardo_tutorials_hls/lab_03_hls/solution1/.autopilot/db/.systemc_flag -fix-errors C:/Users/pcost/Documents/github/Dissertation/training/leonardo_tutorials_hls/lab_03_hls/solution1/.autopilot/db/alu_core.pp.0.cpp -- -std=gnu++14 -target fpga -fhls -ferror-limit=0
Command       clang_tidy done; 1.13 sec.
INFO-FLOW: Running: clang-tidy CDT preprocess 39
Execute       clang_tidy xilinx-directive2pragma -desc directive2pragma C:/Users/pcost/Documents/github/Dissertation/training/leonardo_tutorials_hls/lab_03_hls/solution1/.autopilot/db/alu_core.pp.0.cpp std=gnu++14 -target fpga  -directive=C:/Users/pcost/Documents/github/Dissertation/training/leonardo_tutorials_hls/lab_03_hls/solution1/.autopilot/db/all.directive.json 
INFO-FLOW: exec E:/Pedro/Programs/Xilinx/Vitis_HLS/2022.2/win64/tools/clang-3.9-csynth/bin/clang-tidy -header-filter=.* --checks=-*,xilinx-directive2pragma -import-directive=C:/Users/pcost/Documents/github/Dissertation/training/leonardo_tutorials_hls/lab_03_hls/solution1/.autopilot/db/all.directive.json -fix-errors C:/Users/pcost/Documents/github/Dissertation/training/leonardo_tutorials_hls/lab_03_hls/solution1/.autopilot/db/alu_core.pp.0.cpp -- -std=gnu++14 -target fpga -fhls -ferror-limit=0
Command       clang_tidy done; 1.266 sec.
Execute       clang_tidy xilinx-remove-assert -desc remove-assert C:/Users/pcost/Documents/github/Dissertation/training/leonardo_tutorials_hls/lab_03_hls/solution1/.autopilot/db/alu_core.pp.0.cpp std=gnu++14 -target fpga  
INFO-FLOW: exec E:/Pedro/Programs/Xilinx/Vitis_HLS/2022.2/win64/tools/clang-3.9-csynth/bin/clang-tidy -header-filter=.* --checks=-*,xilinx-remove-assert -fix-errors C:/Users/pcost/Documents/github/Dissertation/training/leonardo_tutorials_hls/lab_03_hls/solution1/.autopilot/db/alu_core.pp.0.cpp -- -std=gnu++14 -target fpga -fhls -ferror-limit=0
Command       clang_tidy done; 0.84 sec.
INFO-FLOW: Done: clang-tidy CDT preprocess 39 time: 2.1 seconds per iteration
INFO-FLOW: Calling xilinx-label-all-loops ... 
INFO-FLOW: Calling xilinx-aggregate-on-hls-vector ... 
Execute       clang_tidy -errorcheck -desc loop-label xilinx-label-all-loops,xilinx-aggregate-on-hls-vector,,xilinx-warn-mayneed-no-ctor-attribute C:/Users/pcost/Documents/github/Dissertation/training/leonardo_tutorials_hls/lab_03_hls/solution1/.autopilot/db/alu_core.pp.0.cpp std=gnu++14 -target fpga  
Execute         ap_eval exec -ignorestderr E:/Pedro/Programs/Xilinx/Vitis_HLS/2022.2/win64/tools/clang-3.9-csynth/bin/clang-tidy -export-fixes=C:/Users/pcost/Documents/github/Dissertation/training/leonardo_tutorials_hls/lab_03_hls/solution1/.autopilot/db/alu_core.pp.0.cpp.clang-tidy.loop-label.diag.yml -header-filter=.* --checks=-*,xilinx-label-all-loops,xilinx-aggregate-on-hls-vector,,xilinx-warn-mayneed-no-ctor-attribute -fix-errors C:/Users/pcost/Documents/github/Dissertation/training/leonardo_tutorials_hls/lab_03_hls/solution1/.autopilot/db/alu_core.pp.0.cpp -- -std=gnu++14 -target fpga -fhls -ferror-limit=0 > C:/Users/pcost/Documents/github/Dissertation/training/leonardo_tutorials_hls/lab_03_hls/solution1/.autopilot/db/alu_core.pp.0.cpp.clang-tidy.loop-label.out.log 2> C:/Users/pcost/Documents/github/Dissertation/training/leonardo_tutorials_hls/lab_03_hls/solution1/.autopilot/db/alu_core.pp.0.cpp.clang-tidy.loop-label.err.log 
Command         ap_eval done; 1.508 sec.
Execute         source E:/Pedro/Programs/Xilinx/Vitis_HLS/2022.2/tps/tcl/tcllib1.11.1/yaml/yaml.tcl 
Command       clang_tidy done; 1.574 sec.
Execute       ap_eval exec -ignorestderr E:/Pedro/Programs/Xilinx/Vitis_HLS/2022.2/win64/tools/clang-3.9-csynth/bin/xilinx-dataflow-lawyer -export-fixes=C:/Users/pcost/Documents/github/Dissertation/training/leonardo_tutorials_hls/lab_03_hls/solution1/.autopilot/db/alu_core.pp.0.cpp.xilinx-dataflow-lawyer.diag.yml C:/Users/pcost/Documents/github/Dissertation/training/leonardo_tutorials_hls/lab_03_hls/solution1/.autopilot/db/alu_core.pp.0.cpp -- -std=gnu++14 -target fpga -fhls -ferror-limit=0 -fstrict-dataflow > C:/Users/pcost/Documents/github/Dissertation/training/leonardo_tutorials_hls/lab_03_hls/solution1/.autopilot/db/alu_core.pp.0.cpp.xilinx-dataflow-lawyer.out.log 2> C:/Users/pcost/Documents/github/Dissertation/training/leonardo_tutorials_hls/lab_03_hls/solution1/.autopilot/db/alu_core.pp.0.cpp.xilinx-dataflow-lawyer.err.log 
Command       ap_eval done; 1.009 sec.
Execute       ap_part_info -name xc7z020-clg400-1 -data info 
INFO-FLOW: compiling source code to llvm bc
Execute       ap_eval exec -ignorestderr E:/Pedro/Programs/Xilinx/Vitis_HLS/2022.2/win64/tools/clang-3.9-csynth/bin/clang -foptimization-record-file=C:/Users/pcost/Documents/github/Dissertation/training/leonardo_tutorials_hls/lab_03_hls/solution1/.autopilot/db/alu_core.pp.0.cpp.clang.diag.yml -mllvm -pass-remarks-missed=reflow|pasta|unroll -mllvm -pass-remarks=reflow|pasta|unroll|inline -fno-limit-debug-info -fhls -flto -fno-exceptions -Wno-error=c++11-narrowing C:/Users/pcost/Documents/github/Dissertation/training/leonardo_tutorials_hls/lab_03_hls/solution1/.autopilot/db/alu_core.pp.0.cpp -fno-math-errno -c -emit-llvm -mllvm -disable-llvm-optzns -Werror=implicit-function-declaration -Werror=implicit-hls-streams -Werror=return-type -Wpragmas -Wunused-parameter -Wdump-hls-pragmas -Wno-error=dump-hls-pragmas -fno-threadsafe-statics -fno-use-cxa-atexit -std=gnu++14 -target fpga64-xilinx-linux-gnu -D__VITIS_HLS__ -DAESL_SYN -D__SYNTHESIS__ -D__HLS_SYN__ -I E:/Pedro/Programs/Xilinx/Vitis_HLS/2022.2/common/technology/autopilot -I E:/Pedro/Programs/Xilinx/Vitis_HLS/2022.2/common/technology/autopilot/ap_sysc -include etc/autopilot_ssdm_op.h -D__DSP48E1__ -g -o C:/Users/pcost/Documents/github/Dissertation/training/leonardo_tutorials_hls/lab_03_hls/solution1/.autopilot/db/alu_core.bc {-hls-platform-db-name=E:/Pedro/Programs/Xilinx/Vitis_HLS/2022.2/common/technology\xilinx/common/platform.db} -hls-platform-name=zynq_slow -device-resource-info=BRAM_280.000000_DSP_220.000000_FF_106400.000000_LUT_53200.000000_SLICE_13300.000000_URAM_0.000000 -device-name-info=xc7z020clg400-1 > C:/Users/pcost/Documents/github/Dissertation/training/leonardo_tutorials_hls/lab_03_hls/solution1/.autopilot/db/alu_core.pp.0.cpp.clang.out.log 2> C:/Users/pcost/Documents/github/Dissertation/training/leonardo_tutorials_hls/lab_03_hls/solution1/.autopilot/db/alu_core.pp.0.cpp.clang.err.log 
Command       ap_eval done; 1.245 sec.
INFO: [HLS 200-111] Finished Source Code Analysis and Preprocessing: CPU user time: 1 seconds. CPU system time: 0 seconds. Elapsed time: 9.379 seconds; current allocated memory: 1.034 GB.
INFO-FLOW: Linking Debug ...
INFO-FLOW: Linking dut bc code.
Execute       run_link_or_opt -out C:/Users/pcost/Documents/github/Dissertation/training/leonardo_tutorials_hls/lab_03_hls/solution1/.autopilot/db/a.g.ld.0.bc -args  "C:/Users/pcost/Documents/github/Dissertation/training/leonardo_tutorials_hls/lab_03_hls/solution1/.autopilot/db/alu_core.g.bc"  
Execute         ap_eval exec -ignorestderr E:/Pedro/Programs/Xilinx/Vitis_HLS/2022.2/win64/tools/clang-3.9-csynth/bin/llvm-link C:/Users/pcost/Documents/github/Dissertation/training/leonardo_tutorials_hls/lab_03_hls/solution1/.autopilot/db/alu_core.g.bc -o C:/Users/pcost/Documents/github/Dissertation/training/leonardo_tutorials_hls/lab_03_hls/solution1/.autopilot/db/a.g.ld.0.bc > C:/Users/pcost/Documents/github/Dissertation/training/leonardo_tutorials_hls/lab_03_hls/solution1/.autopilot/db/a.g.ld.0.bc.llvm-link.out.log 2> C:/Users/pcost/Documents/github/Dissertation/training/leonardo_tutorials_hls/lab_03_hls/solution1/.autopilot/db/a.g.ld.0.bc.llvm-link.err.log 
Command         ap_eval done; 0.15 sec.
INFO-FLOW: 
Command       run_link_or_opt done; 0.154 sec.
Execute       run_link_or_opt -opt -out C:/Users/pcost/Documents/github/Dissertation/training/leonardo_tutorials_hls/lab_03_hls/solution1/.autopilot/db/a.g.ld.1.lower.bc -args C:/Users/pcost/Documents/github/Dissertation/training/leonardo_tutorials_hls/lab_03_hls/solution1/.autopilot/db/a.g.ld.0.bc -reflow-lower-math-intrinsics 
Execute         ap_eval exec -ignorestderr E:/Pedro/Programs/Xilinx/Vitis_HLS/2022.2/win64/tools/clang-3.9-csynth/bin/opt -pass-remarks-missed=reflow|pasta|unroll -pass-remarks=reflow|pasta|unroll|inline -pass-remarks-output=C:/Users/pcost/Documents/github/Dissertation/training/leonardo_tutorials_hls/lab_03_hls/solution1/.autopilot/db/a.g.ld.1.lower.bc.opt.diag.yml C:/Users/pcost/Documents/github/Dissertation/training/leonardo_tutorials_hls/lab_03_hls/solution1/.autopilot/db/a.g.ld.0.bc -reflow-lower-math-intrinsics -o C:/Users/pcost/Documents/github/Dissertation/training/leonardo_tutorials_hls/lab_03_hls/solution1/.autopilot/db/a.g.ld.1.lower.bc > C:/Users/pcost/Documents/github/Dissertation/training/leonardo_tutorials_hls/lab_03_hls/solution1/.autopilot/db/a.g.ld.1.lower.bc.opt.out.log 2> C:/Users/pcost/Documents/github/Dissertation/training/leonardo_tutorials_hls/lab_03_hls/solution1/.autopilot/db/a.g.ld.1.lower.bc.opt.err.log 
Command         ap_eval done; 0.353 sec.
INFO-FLOW: 
Command       run_link_or_opt done; 0.358 sec.
INFO-FLOW: Linking math bc lib
Execute       run_link_or_opt -out C:/Users/pcost/Documents/github/Dissertation/training/leonardo_tutorials_hls/lab_03_hls/solution1/.autopilot/db/a.g.ld.2.m1.bc -args C:/Users/pcost/Documents/github/Dissertation/training/leonardo_tutorials_hls/lab_03_hls/solution1/.autopilot/db/a.g.ld.1.lower.bc -only-needed E:/Pedro/Programs/Xilinx/Vitis_HLS/2022.2/win64/lib/libhlsm_39.bc E:/Pedro/Programs/Xilinx/Vitis_HLS/2022.2/win64/lib/libhlsmc++_39.bc 
Execute         ap_eval exec -ignorestderr E:/Pedro/Programs/Xilinx/Vitis_HLS/2022.2/win64/tools/clang-3.9-csynth/bin/llvm-link C:/Users/pcost/Documents/github/Dissertation/training/leonardo_tutorials_hls/lab_03_hls/solution1/.autopilot/db/a.g.ld.1.lower.bc -only-needed E:/Pedro/Programs/Xilinx/Vitis_HLS/2022.2/win64/lib/libhlsm_39.bc E:/Pedro/Programs/Xilinx/Vitis_HLS/2022.2/win64/lib/libhlsmc++_39.bc -o C:/Users/pcost/Documents/github/Dissertation/training/leonardo_tutorials_hls/lab_03_hls/solution1/.autopilot/db/a.g.ld.2.m1.bc > C:/Users/pcost/Documents/github/Dissertation/training/leonardo_tutorials_hls/lab_03_hls/solution1/.autopilot/db/a.g.ld.2.m1.bc.llvm-link.out.log 2> C:/Users/pcost/Documents/github/Dissertation/training/leonardo_tutorials_hls/lab_03_hls/solution1/.autopilot/db/a.g.ld.2.m1.bc.llvm-link.err.log 
Command         ap_eval done; 5.005 sec.
INFO-FLOW: 
Command       run_link_or_opt done; 5.009 sec.
Execute       run_link_or_opt -opt -out C:/Users/pcost/Documents/github/Dissertation/training/leonardo_tutorials_hls/lab_03_hls/solution1/.autopilot/db/a.g.ld.3.fpc.bc -args C:/Users/pcost/Documents/github/Dissertation/training/leonardo_tutorials_hls/lab_03_hls/solution1/.autopilot/db/a.g.ld.2.m1.bc -reflow-globaldce -hls-top-function-name=simpleALU -reflow-float-conversion 
Execute         ap_eval exec -ignorestderr E:/Pedro/Programs/Xilinx/Vitis_HLS/2022.2/win64/tools/clang-3.9-csynth/bin/opt -pass-remarks-missed=reflow|pasta|unroll -pass-remarks=reflow|pasta|unroll|inline -pass-remarks-output=C:/Users/pcost/Documents/github/Dissertation/training/leonardo_tutorials_hls/lab_03_hls/solution1/.autopilot/db/a.g.ld.3.fpc.bc.opt.diag.yml C:/Users/pcost/Documents/github/Dissertation/training/leonardo_tutorials_hls/lab_03_hls/solution1/.autopilot/db/a.g.ld.2.m1.bc -reflow-globaldce -hls-top-function-name=simpleALU -reflow-float-conversion -o C:/Users/pcost/Documents/github/Dissertation/training/leonardo_tutorials_hls/lab_03_hls/solution1/.autopilot/db/a.g.ld.3.fpc.bc > C:/Users/pcost/Documents/github/Dissertation/training/leonardo_tutorials_hls/lab_03_hls/solution1/.autopilot/db/a.g.ld.3.fpc.bc.opt.out.log 2> C:/Users/pcost/Documents/github/Dissertation/training/leonardo_tutorials_hls/lab_03_hls/solution1/.autopilot/db/a.g.ld.3.fpc.bc.opt.err.log 
Command         ap_eval done; 2.025 sec.
INFO-FLOW: 
Command       run_link_or_opt done; 2.03 sec.
Execute       run_link_or_opt -out C:/Users/pcost/Documents/github/Dissertation/training/leonardo_tutorials_hls/lab_03_hls/solution1/.autopilot/db/a.g.ld.4.m2.bc -args C:/Users/pcost/Documents/github/Dissertation/training/leonardo_tutorials_hls/lab_03_hls/solution1/.autopilot/db/a.g.ld.3.fpc.bc -only-needed E:/Pedro/Programs/Xilinx/Vitis_HLS/2022.2/win64/lib/libfloatconversion_39.bc 
Execute         ap_eval exec -ignorestderr E:/Pedro/Programs/Xilinx/Vitis_HLS/2022.2/win64/tools/clang-3.9-csynth/bin/llvm-link C:/Users/pcost/Documents/github/Dissertation/training/leonardo_tutorials_hls/lab_03_hls/solution1/.autopilot/db/a.g.ld.3.fpc.bc -only-needed E:/Pedro/Programs/Xilinx/Vitis_HLS/2022.2/win64/lib/libfloatconversion_39.bc -o C:/Users/pcost/Documents/github/Dissertation/training/leonardo_tutorials_hls/lab_03_hls/solution1/.autopilot/db/a.g.ld.4.m2.bc > C:/Users/pcost/Documents/github/Dissertation/training/leonardo_tutorials_hls/lab_03_hls/solution1/.autopilot/db/a.g.ld.4.m2.bc.llvm-link.out.log 2> C:/Users/pcost/Documents/github/Dissertation/training/leonardo_tutorials_hls/lab_03_hls/solution1/.autopilot/db/a.g.ld.4.m2.bc.llvm-link.err.log 
Command         ap_eval done; 0.209 sec.
INFO-FLOW: 
Command       run_link_or_opt done; 0.214 sec.
Execute       run_link_or_opt -opt -out C:/Users/pcost/Documents/github/Dissertation/training/leonardo_tutorials_hls/lab_03_hls/solution1/.autopilot/db/a.g.ld.5.gdce.bc -args C:/Users/pcost/Documents/github/Dissertation/training/leonardo_tutorials_hls/lab_03_hls/solution1/.autopilot/db/a.g.ld.4.m2.bc -reflow-globaldce -hls-top-function-name=simpleALU 
Execute         ap_eval exec -ignorestderr E:/Pedro/Programs/Xilinx/Vitis_HLS/2022.2/win64/tools/clang-3.9-csynth/bin/opt -pass-remarks-missed=reflow|pasta|unroll -pass-remarks=reflow|pasta|unroll|inline -pass-remarks-output=C:/Users/pcost/Documents/github/Dissertation/training/leonardo_tutorials_hls/lab_03_hls/solution1/.autopilot/db/a.g.ld.5.gdce.bc.opt.diag.yml C:/Users/pcost/Documents/github/Dissertation/training/leonardo_tutorials_hls/lab_03_hls/solution1/.autopilot/db/a.g.ld.4.m2.bc -reflow-globaldce -hls-top-function-name=simpleALU -o C:/Users/pcost/Documents/github/Dissertation/training/leonardo_tutorials_hls/lab_03_hls/solution1/.autopilot/db/a.g.ld.5.gdce.bc > C:/Users/pcost/Documents/github/Dissertation/training/leonardo_tutorials_hls/lab_03_hls/solution1/.autopilot/db/a.g.ld.5.gdce.bc.opt.out.log 2> C:/Users/pcost/Documents/github/Dissertation/training/leonardo_tutorials_hls/lab_03_hls/solution1/.autopilot/db/a.g.ld.5.gdce.bc.opt.err.log 
Command         ap_eval done; 0.123 sec.
INFO-FLOW: 
Command       run_link_or_opt done; 0.128 sec.
Execute       send_msg_by_id INFO @200-777@%s Vivado 
INFO: [HLS 200-777] Using interface defaults for 'Vivado' flow target.
Execute       is_m_axi_addr64 
INFO-FLOW: Doing LTO.
Execute       ap_eval exec -ignorestderr E:/Pedro/Programs/Xilinx/Vitis_HLS/2022.2/win64/tools/clang-3.9-csynth/bin/clang -foptimization-record-file=C:/Users/pcost/Documents/github/Dissertation/training/leonardo_tutorials_hls/lab_03_hls/solution1/.autopilot/db/a.g.ld.0.bc.clang.diag.yml -mllvm -pass-remarks-missed=reflow|pasta|unroll -mllvm -pass-remarks=reflow|pasta|unroll|inline -fhls -mllvm -hls-top-function-name=simpleALU -mllvm -hls-db-dir -mllvm C:/Users/pcost/Documents/github/Dissertation/training/leonardo_tutorials_hls/lab_03_hls/solution1/.autopilot/db -emit-llvm -c -target fpga64-xilinx-none -mllvm -xcl-xmlinfo=C:/Users/pcost/Documents/github/Dissertation/training/leonardo_tutorials_hls/lab_03_hls/solution1/.autopilot/db/kernel.internal.xml -mllvm -top-io-mapping-info=C:/Users/pcost/Documents/github/Dissertation/training/leonardo_tutorials_hls/lab_03_hls/solution1/.autopilot/db/top-io-fe.xml -mllvm -hls-bitcode-version=3.1 -mllvm -reflow-enable-slave-interface-default-setting=true -mllvm -gen-kernel-xml=false -mllvm -default-maxi-offset=slave -mllvm -maxi-latency=0 -mllvm -hls-maxi-data-size-in-bits=8 -mllvm -hls-maxi-max-data-size-in-bits=1024 -mllvm -hls-max-widen-size-in-bits=0 -mllvm -xcl-kernel-max-mem-ports=0 -mllvm -maxi-read-trans=16 -mllvm -maxi-write-trans=16 -mllvm -maxi-read-burst-len=16 -mllvm -maxi-write-burst-len=16 -mllvm -reflow-enable-saxi-64bits=0 -mllvm -reflow-basic-block-instr-threshold=200000 -mllvm -reflow-auto-pipeline-threshold=64 -mllvm -reflow-enable-maxi-auto-id-channel=0 -mllvm -assume-maxi-align=1 -mllvm -reflow-pipeline-style-llvm-setting=2 -mllvm -reflow-enable-dataflow-strict-mode-checking=1 -mllvm -reflow-auto-array-partition-mode=default -mllvm -reflow-enable-auto-array-partition=true -mllvm -reflow-enable-auto-parallel-performance-driven=true -mllvm -reflow-enable-partition-for-automation=true -mllvm -reflow-aggregate-bitwidth-threshold=4096 -mllvm -reflow-assume-no-address-wrap=true -mllvm -hls -mllvm -disable-inlined-alloca-merging=true -mllvm -default-clock-period=10 -x ir C:/Users/pcost/Documents/github/Dissertation/training/leonardo_tutorials_hls/lab_03_hls/solution1/.autopilot/db/a.g.ld.5.gdce.bc -o C:/Users/pcost/Documents/github/Dissertation/training/leonardo_tutorials_hls/lab_03_hls/solution1/.autopilot/db/a.g.lto.bc {-hls-platform-db-name=E:/Pedro/Programs/Xilinx/Vitis_HLS/2022.2/common/technology\xilinx/common/platform.db} -hls-platform-name=zynq_slow -device-resource-info=BRAM_280.000000_DSP_220.000000_FF_106400.000000_LUT_53200.000000_SLICE_13300.000000_URAM_0.000000 -device-name-info=xc7z020clg400-1 > C:/Users/pcost/Documents/github/Dissertation/training/leonardo_tutorials_hls/lab_03_hls/solution1/.autopilot/db/a.g.ld.0.bc.clang.out.log 2> C:/Users/pcost/Documents/github/Dissertation/training/leonardo_tutorials_hls/lab_03_hls/solution1/.autopilot/db/a.g.ld.0.bc.clang.err.log 
Command       ap_eval done; 0.618 sec.
INFO: [HLS 214-131] Inlining function 'ssdm_int<32, true>::ssdm_int(int)' into 'ap_int_base<32, true>::ap_int_base(int)' (E:/Pedro/Programs/Xilinx/Vitis_HLS/2022.2/common/technology/autopilot\ap_int_base.h:214:67)
INFO: [HLS 214-131] Inlining function 'ap_int_base<32, true>::ap_int_base(int)' into 'bool operator==<1, false>(ap_int_base<1, false> const&, int)' (E:/Pedro/Programs/Xilinx/Vitis_HLS/2022.2/common/technology/autopilot\ap_int_base.h:1788:1853)
INFO: [HLS 214-131] Inlining function 'bool ap_int_base<1, false>::operator==<32, true>(ap_int_base<32, true> const&) const' into 'bool operator==<1, false>(ap_int_base<1, false> const&, int)' (E:/Pedro/Programs/Xilinx/Vitis_HLS/2022.2/common/technology/autopilot\ap_int_base.h:1788:1850)
INFO: [HLS 214-131] Inlining function '_ZN8ssdm_intILi18ELb0EEC2EDq18_j' into 'ap_int_base<18, false>::ap_int_base<17, false>(ap_int_base<17, false> const&)' (E:/Pedro/Programs/Xilinx/Vitis_HLS/2022.2/common/technology/autopilot\ap_int_base.h:185:106)
INFO: [HLS 214-131] Inlining function '_ZN8ssdm_intILi18ELb0EEC2EDq18_j' into 'ap_int_base<18, false>::ap_int_base(int)' (E:/Pedro/Programs/Xilinx/Vitis_HLS/2022.2/common/technology/autopilot\ap_int_base.h:214:67)
INFO: [HLS 214-131] Inlining function 'ap_int_base<18, false>::ap_int_base<17, false>(ap_int_base<17, false> const&)' into 'ap_int_base<17, false>::RType<17, false>::plus operator+<17, false, 17, false>(ap_int_base<17, false> const&, ap_int_base<17, false> const&)' (E:/Pedro/Programs/Xilinx/Vitis_HLS/2022.2/common/technology/autopilot\ap_int_base.h:1495:339)
INFO: [HLS 214-131] Inlining function 'ap_int_base<18, false>::ap_int_base(int)' into 'ap_int_base<17, false>::RType<17, false>::plus operator+<17, false, 17, false>(ap_int_base<17, false> const&, ap_int_base<17, false> const&)' (E:/Pedro/Programs/Xilinx/Vitis_HLS/2022.2/common/technology/autopilot\ap_int_base.h:1495:516)
INFO: [HLS 214-131] Inlining function 'ap_int_base<18, false>::ap_int_base<17, false>(ap_int_base<17, false> const&)' into 'ap_int_base<17, false>::RType<17, false>::plus operator+<17, false, 17, false>(ap_int_base<17, false> const&, ap_int_base<17, false> const&)' (E:/Pedro/Programs/Xilinx/Vitis_HLS/2022.2/common/technology/autopilot\ap_int_base.h:1495:427)
INFO: [HLS 214-131] Inlining function '_ZN8ssdm_intILi17ELb0EEC2EDq17_j' into 'ap_int_base<17, false>::ap_int_base<18, false>(ap_int_base<18, false> const&)' (E:/Pedro/Programs/Xilinx/Vitis_HLS/2022.2/common/technology/autopilot\ap_int_base.h:185:106)
INFO: [HLS 214-131] Inlining function 'ap_int_base<17, false>::ap_int_base<18, false>(ap_int_base<18, false> const&)' into 'ap_uint<17>::ap_uint<18>(ap_uint<18> const&)'
INFO: [HLS 214-131] Inlining function '_ZN8ssdm_intILi18ELb1EEC2EDq18_i' into 'ap_int_base<18, true>::ap_int_base<17, false>(ap_int_base<17, false> const&)' (E:/Pedro/Programs/Xilinx/Vitis_HLS/2022.2/common/technology/autopilot\ap_int_base.h:185:106)
INFO: [HLS 214-131] Inlining function '_ZN8ssdm_intILi18ELb1EEC2EDq18_i' into 'ap_int_base<18, true>::ap_int_base(int)' (E:/Pedro/Programs/Xilinx/Vitis_HLS/2022.2/common/technology/autopilot\ap_int_base.h:214:67)
INFO: [HLS 214-131] Inlining function 'ap_int_base<18, true>::ap_int_base<17, false>(ap_int_base<17, false> const&)' into 'ap_int_base<17, false>::RType<17, false>::minus operator-<17, false, 17, false>(ap_int_base<17, false> const&, ap_int_base<17, false> const&)' (E:/Pedro/Programs/Xilinx/Vitis_HLS/2022.2/common/technology/autopilot\ap_int_base.h:1496:341)
INFO: [HLS 214-131] Inlining function 'ap_int_base<18, true>::ap_int_base(int)' into 'ap_int_base<17, false>::RType<17, false>::minus operator-<17, false, 17, false>(ap_int_base<17, false> const&, ap_int_base<17, false> const&)' (E:/Pedro/Programs/Xilinx/Vitis_HLS/2022.2/common/technology/autopilot\ap_int_base.h:1496:520)
INFO: [HLS 214-131] Inlining function 'ap_int_base<18, true>::ap_int_base<17, false>(ap_int_base<17, false> const&)' into 'ap_int_base<17, false>::RType<17, false>::minus operator-<17, false, 17, false>(ap_int_base<17, false> const&, ap_int_base<17, false> const&)' (E:/Pedro/Programs/Xilinx/Vitis_HLS/2022.2/common/technology/autopilot\ap_int_base.h:1496:430)
INFO: [HLS 214-131] Inlining function '_ZN8ssdm_intILi17ELb0EEC2EDq17_j' into 'ap_int_base<17, false>::ap_int_base<18, true>(ap_int_base<18, true> const&)' (E:/Pedro/Programs/Xilinx/Vitis_HLS/2022.2/common/technology/autopilot\ap_int_base.h:185:106)
INFO: [HLS 214-131] Inlining function 'ap_int_base<17, false>::ap_int_base<18, true>(ap_int_base<18, true> const&)' into 'ap_uint<17>::ap_uint<18>(ap_int<18> const&)'
INFO: [HLS 214-131] Inlining function 'bool operator==<1, false>(ap_int_base<1, false> const&, int)' into 'simpleALU(ap_uint<17>, ap_uint<17>, ap_uint<1>)' (lab_03_hls/alu_core.cpp:4:9)
INFO: [HLS 214-131] Inlining function 'ap_int_base<17, false>::RType<17, false>::minus operator-<17, false, 17, false>(ap_int_base<17, false> const&, ap_int_base<17, false> const&)' into 'simpleALU(ap_uint<17>, ap_uint<17>, ap_uint<1>)' (lab_03_hls/alu_core.cpp:5:13)
INFO: [HLS 214-131] Inlining function 'ap_int_base<17, false>::RType<17, false>::plus operator+<17, false, 17, false>(ap_int_base<17, false> const&, ap_int_base<17, false> const&)' into 'simpleALU(ap_uint<17>, ap_uint<17>, ap_uint<1>)' (lab_03_hls/alu_core.cpp:4:26)
INFO-FLOW: DBG:PUTS: copy_raw_kernel_xml ap_link_39: kernel.xml not generated: C:/Users/pcost/Documents/github/Dissertation/training/leonardo_tutorials_hls/lab_03_hls/solution1/.autopilot/db/kernel.internal.xml
INFO: [HLS 200-111] Finished Compiling Optimization and Transform: CPU user time: 0 seconds. CPU system time: 0 seconds. Elapsed time: 9.128 seconds; current allocated memory: 1.035 GB.
INFO: [HLS 200-111] Finished Checking Pragmas: CPU user time: 0 seconds. CPU system time: 0 seconds. Elapsed time: 0.004 seconds; current allocated memory: 1.035 GB.
Execute       opt_and_import_c a -opt_level=2 -skip_syncheck=0 -ng=0 -keep_printf=0 
Execute         cleanup_all_models 
INFO: [HLS 200-10] Starting code transformations ...
INFO-FLOW: Running Standard Transforms...
Execute         transform -hls -share-std-xform -demangle-name -inline-byval-memcpy -always-inline -promote-dbg-pointer -interface-preproc -mem2reg -scalarrepl -mem2reg -keep-read-access -instcombine -dce -promote-dbg-pointer -bitop-raise -loop-simplify -indvarspre -indvars -loop-simplify -xunroll -constprop -instcombine -simplifycfg -indvars -simplifycfg -dce -globaldce -basicaa -simplifycfg -mem2reg -globalopt -global-constprop -deadargelim -instcombine -simplifycfg -scalarrepl -instcombine -reassociate -licm -simplifycfg -loop-simplify -indvars -instcombine -simplifycfg -mem2reg -loop-simplify -indvars -instcombine -gvn -gvn -instcombine -adce -break-crit-edges -simplifycfg -loop-delete -global-array-opt -dce -dse -adce -find-syn-modules -top simpleALU -deadargelim -mem2reg -instcombine -dce -presyn-prepare -auto-rom-infer -interface-preproc -syn-check -check-rec-only -find-region -simplifycfg -func-extr -function-inline -globaldce -mem2reg -instcombine -dce -gvn -globaldce -adce -adse -constprop -instcombine -bit-constprop -instcombine -dce -simplifycfg -bitop-raise -simplifycfg -dce -loop-delete -reassociate -globalopt -global-privatize -mem2reg -dce -global-constprop -pointer-simplify -constprop -dce -auto-shift-reg-idiom -promote-dbg-pointer -norm-name C:/Users/pcost/Documents/github/Dissertation/training/leonardo_tutorials_hls/lab_03_hls/solution1/.autopilot/db/a.g.0.bc -o C:/Users/pcost/Documents/github/Dissertation/training/leonardo_tutorials_hls/lab_03_hls/solution1/.autopilot/db/a.g.1.bc -f -phase std-opt 
Command         transform done; 0.3 sec.
INFO: [HLS 200-111] Finished Standard Transforms: CPU user time: 0 seconds. CPU system time: 0 seconds. Elapsed time: 0.345 seconds; current allocated memory: 1.046 GB.
INFO: [HLS 200-10] Checking synthesizability ...
INFO-FLOW: Checking Synthesizability 1/2..
Execute         transform -hls -syn-check -check-rec-only -scalarrepl -norm-name -dce -mem2reg -instcombine -directive-preproc -mem2reg -dse -dce -auto-rom-infer -dce -pag -array-normalize -instcombine -dce -array-seg-normalize -instcombine -dce -data-pack -instcombine -dce -inst-simplify -array-flatten -instcombine -dce -array-burst -dce -deadargelim -promote-global-argument -simplifycfg -mem2reg -globaldce -dce -deadargelim -dce -instcombine -function-inline -globaldce -dce -doublePtrSimplify -doublePtrElim -dce -doublePtrSimplify -promote-dbg-pointer -dce -scalarrepl -dse -adse -instcombine -ptrLegalization -simplifycfg -dce -instcombine -pointer-simplify -ptrArgReplace -dce -instcombine -resolve-double-ptr -scalarrepl -norm-name -dce -mem2reg -instcombine -ptrLegalization -simplifycfg -deadargelim -instcombine -dce -inst-simplify -directive-preproc -mem2reg -dse -dce -globaldce C:/Users/pcost/Documents/github/Dissertation/training/leonardo_tutorials_hls/lab_03_hls/solution1/.autopilot/db/a.g.1.bc -o C:/Users/pcost/Documents/github/Dissertation/training/leonardo_tutorials_hls/lab_03_hls/solution1/.autopilot/db/a.g.2.prechk.bc -f 
INFO-FLOW: Checking Synthesizability 2/2..
Execute         transform -syn-check C:/Users/pcost/Documents/github/Dissertation/training/leonardo_tutorials_hls/lab_03_hls/solution1/.autopilot/db/a.g.2.prechk.bc -o C:/Users/pcost/Documents/github/Dissertation/training/leonardo_tutorials_hls/lab_03_hls/solution1/.autopilot/db/a.g.2.bc -f -phase syn-check 
INFO: [HLS 200-111] Finished Checking Synthesizability: CPU user time: 0 seconds. CPU system time: 0 seconds. Elapsed time: 0.183 seconds; current allocated memory: 1.056 GB.
INFO-FLOW: Compiler optimizing ...
INFO-FLOW: Share syncheck's 1.bc for syn flow: copy C:/Users/pcost/Documents/github/Dissertation/training/leonardo_tutorials_hls/lab_03_hls/solution1/.autopilot/db/a.g.1.bc to C:/Users/pcost/Documents/github/Dissertation/training/leonardo_tutorials_hls/lab_03_hls/solution1/.autopilot/db/a.o.1.bc
INFO-FLOW: Presyn 1...
Execute         transform -hls -tmp C:/Users/pcost/Documents/github/Dissertation/training/leonardo_tutorials_hls/lab_03_hls/solution1/.autopilot/db -interface-port-rename -directive-preproc -mem2reg -dse -dce -scalarrepl -norm-name -deadargelim -mem2reg -instcombine -dce -simplifycfg -auto-rom-infer -dce -resource-proc -clib-intrinsic-prepare -dce -func-buffer -dce -pag -array-normalize -func-legal -instcombine -gvn -constprop -dce -simplifycfg -mem2reg -globaldce -resolve-double-ptr -dce -deadargelim -dce -instcombine -ptrArgReplace -mem2reg -dce -array-seg-normalize -deadargelim -instcombine -dce -directive-preproc -mem2reg -dse -dce -pointer-simplify -dce -port-alignment -dce -interface-preproc -data-pack -instcombine -dce -basicaa -aggr-aa -aggrmodref-aa -aggr-aa -gvn -gvn -basicaa -aggr-aa -aggrmodref-aa -aggr-aa -dse -adse -adce -loop-simplify -indvars -instcombine -gvn -loop-simplify -mem2reg -dce -find-region -instcombine -auto-loop-pipeline -inst-simplify -interface-preproc -cfgopt -instcombine -indvars -auto-loop-unroll -loop-simplify -loop-bound -xunroll -constprop -instcombine -simplifycfg -indvars -simplifycfg -dce -globaldce -clean-region -attach-range -gvn -inst-simplify -constprop -simplifycfg -dce -pointer-simplify -dce -globalopt -constprop -dce -array-promote -scalar-auto-dep-elim -constprop -dce -ptrArgReplace -mem2reg -simplifycfg -dce -instcombine -dce -array-transform-check -array-reshape -instcombine -simplifycfg -dce -ptrArgReplace -deadargelim -mem2reg -instcombine -simplifycfg -dce -indvars -loop-simplify -loop-bound -xunroll -constprop -instcombine -simplifycfg -indvars -simplifycfg -dce -globaldce -basicaa -aggr-aa -aggrmodref-aa -aggr-aa -dse -duplicate-dataflow-processes -globaldce -instcombine -array-partition -prepare-dynamic-array-partition -instcombine -simplifycfg -dce -ptrArgReplace -global-constprop -deadargelim -mem2reg -func-legal -dce -global-constprop -deadargelim -mem2reg -simplifycfg -dce -merge-param -deadargelim -globalopt -constprop -dce -array-promote -scalar-auto-dep-elim -constprop -dce -ptrArgReplace -mem2reg -simplifycfg -dce -mem-intrinsic-preproc -dce -global-internalize -global-privatize -mem2reg -globaldce -promote-global-argument -ptrArgReplace -mem2reg -dce -globalopt -mergereturn -simplify-global-access -mem2reg -dce -pointer-simplify -dce -functionattrs -basicaa -aggr-aa -aggrmodref-aa -aggr-aa -gvn -gvn -basicaa -aggr-aa -aggrmodref-aa -aggr-aa -dse -adse -adce -dce -norm-name -basicaa -aggr-aa -aggrmodref-aa -aggr-aa -accesses-merge -function-inline -complex-op-raise -inst-simplify -globaldce -func-legal -dce -loop-bound -arraycheck -bitwidthmin2 -bitwidthmin2 -on-by-dataflow -loop-delete -instcombine -simplifycfg -globaldce -dce -gvn -deadargelim -dce -loop-simplify -clean-region -simplifycfg -propagate-stable-arguments -loop-stream -instcombine -simplifycfg -dce -globaldce -duplicate-dataflow-processes -stream-intrinsic-preproc -dce -check-ap-stream -loop-simplify -eliminate-keepreads -extract-dataflow-in-loop -loop-simplify -dce -gvn -deadargelim -dse -duplicate-dataflow-processes -check-dataflow-syntax -legalize-stream-variable -globaldce -legalize-global -extract-subproc -dce -dead-channel-elimination -canonicalize-gep -globaldce -dce -gvn -hls-dead-arg-elim -deadargelim -directive-preproc -canonicalize-dataflow -dce -globaldce -scalar-preprocessing -scalar-propagation2 -deadargelim -globaldce -mem2reg -check-dataflow-channels -function-stream -dce -globaldce -prop-fifo-spec -internal-stream-gen -canonicalize-gep -globaldce -dce -gvn -deadargelim -mergereturn -indvars -loop-simplify -instcombine -array-stream -array-seg-normalize -array-partition -func-legal -instcombine -simplifycfg -dce -bundle-memfifo-ops -deadargelim -directive-preproc -mem2reg -dse -dce -group-axi-access -licm -simplifycfg -dce -loop-delete -hls-display -norm-name C:/Users/pcost/Documents/github/Dissertation/training/leonardo_tutorials_hls/lab_03_hls/solution1/.autopilot/db/a.o.1.bc -o C:/Users/pcost/Documents/github/Dissertation/training/leonardo_tutorials_hls/lab_03_hls/solution1/.autopilot/db/a.o.1.tmp.bc -f 
Command         transform done; 0.131 sec.
INFO-FLOW: Presyn 2...
Execute         transform -hls -keep-callgraph -scalarrepl -mem2reg -port-alignment -attach-range -dce -pipe-mux-gen -indvars -loop-bound -inst-simplify -instcombine -dce -merge-array-access -mem2reg -dce -clean-region -mergereturn -if-conv -instcombine -dce -constprop -basicaa -aggr-aa -aggrmodref-aa -aggr-aa -gvn -gvn -basicaa -aggr-aa -aggrmodref-aa -aggr-aa -dse -adse -adce -scalarrepl -mem2reg -global-constprop -deadargelim -deadargelim -instcombine -dce -simplifycfg -ptrArgReplace -mem2reg -function-inline -globaldce -mem2reg -instcombine -dce -expr-balance -instcombine -dce -bitwidthmin2 -bitwidthmin2 -interface-preproc -directive-preproc -inst-rectify -instcombine -dce -functionattrs -constprop -instcombine -bit-constprop -simplify-global-access -globalopt -globaldce -inst-simplify -instcombine -elimdeaddata -dce -loop-delete -simplifycfg -loop-simplify -barrier -norm-name C:/Users/pcost/Documents/github/Dissertation/training/leonardo_tutorials_hls/lab_03_hls/solution1/.autopilot/db/a.o.1.tmp.bc -o C:/Users/pcost/Documents/github/Dissertation/training/leonardo_tutorials_hls/lab_03_hls/solution1/.autopilot/db/a.o.2.bc -f -phase presyn 
Command         transform done; 0.112 sec.
INFO: [HLS 200-111] Finished Loop, function and other optimizations: CPU user time: 0 seconds. CPU system time: 1 seconds. Elapsed time: 0.254 seconds; current allocated memory: 1.084 GB.
INFO-FLOW: Building ssdm...
Execute         transform -hls -auto-function-inline -globaldce -ptrArgReplace -mem2reg -dce -reset-lda -loop-simplify -indvars -aggr-aa -licm -loop-dep -loop-bound -licm -loop-simplify -loop-sink-hoist -flattenloopnest -array-flatten -gvn -instcombine -dce -array-map -dce -func-legal -gvn -adce -instcombine -cfgopt -simplifycfg -loop-simplify -array-burst -promote-global-argument -dce -array-seg-normalize -basicaa -aggrmodref-aa -globalsmodref-aa -aggr-aa -gvn -gvn -basicaa -aggrmodref-aa -globalsmodref-aa -aggr-aa -dse -adse -adce -licm -inst-simplify -dce -globaldce -instcombine -array-stream -eliminate-keepreads -instcombine -dce -deadargelim -doublePtrSimplify -doublePtrElim -dce -doublePtrSimplify -promote-dbg-pointer -dce -scalarrepl -mem2reg -norm-name -mem2reg -instcombine -dse -adse -adce -ptrLegalization -dce -auto-rom-infer -array-flatten -dce -instcombine -check-doubleptr -loop-rot -constprop -cfgopt -simplifycfg -loop-simplify -indvars -pointer-simplify -dce -loop-bound -loop-simplify -loop-preproc -constprop -global-constprop -gvn -mem2reg -instcombine -dce -loop-bound -loop-merge -dce -deadargelim -dce -canonicalize-dataflow -dce -deadargelim -globaldce -mem2reg -bram-byte-enable -load-elim -read-loop-dep -loop-simplify -loop-extract-inner -directive-preproc -bitwidthmin2 -bitwidthmin2 -read-loop-dep -interface-preproc -directive-preproc -interface-gen -bram-byte-enable-spec-prop -deadargelim -inst-simplify -dce -gvn -mem2reg -instcombine -dce -adse -loop-bound -instcombine -cfgopt -simplifycfg -loop-simplify -clean-region -io-protocol -find-region -mem2reg -bitop-raise -complex-op-raise -inst-simplify -inst-rectify -instcombine -adce -deadargelim -float-op-raise -loop-simplify -phi-opt -bitop-raise -cfgopt -simplifycfg -strip-dead-prototypes -interface-lower -bitop-lower -intrinsic-lower -auto-function-inline -basicaa -aggrmodref-aa -globalsmodref-aa -aggr-aa -inst-simplify -simplifycfg -loop-simplify -mergereturn -inst-simplify -inst-rectify -dce -load-elim -bitop-lower -float-op-raise -fma-raise -loop-rewind -pointer-simplify -dce -cfgopt -dce -loop-bound -loop-dep -read-loop-dep -dce -dyn-mem-reuse -dce -recurrence-min -dce -share-scalar-alloca -deadargelim -dce -check-stream -norm-name -legalize -validate-dataflow -inst-clarity -bitwidth -dump-loop-dep-to-ir -check-all-ssdm -cdfg-build C:/Users/pcost/Documents/github/Dissertation/training/leonardo_tutorials_hls/lab_03_hls/solution1/.autopilot/db/a.o.2.bc -o C:/Users/pcost/Documents/github/Dissertation/training/leonardo_tutorials_hls/lab_03_hls/solution1/.autopilot/db/a.o.3.bc -f -phase build-ssdm 
Command         transform done; 0.114 sec.
INFO: [HLS 200-111] Finished Architecture Synthesis: CPU user time: 0 seconds. CPU system time: 0 seconds. Elapsed time: 0.12 seconds; current allocated memory: 1.088 GB.
INFO-FLOW: Finish building internal data model.
Command       opt_and_import_c done; 0.929 sec.
Command     elaborate done; 19.479 sec.
Execute     ap_eval exec zip -j C:/Users/pcost/Documents/github/Dissertation/training/leonardo_tutorials_hls/lab_03_hls/solution1/.autopilot/db/dut.hcp $dbDir/a.o.3.bc $dbDir/${topname}.rtl_wrap.cfg.tcl $dbDir/apatb_${topname}.cpp $dbDir/apatb_${topname}_util.cpp $dbDir/apatb_${topname}_ir.ll $dbDir/mapper_${topname}.cpp $dbDir/top-io-fe.xml $dbDir/kernel.internal.xml $workdir/../hls.app 
Command     ap_eval done; 0.183 sec.
Execute     autosyn -from_csynth_design=1 
INFO: [HLS 200-10] Starting hardware synthesis ...
INFO-FLOW: Synthesizing C/C++ design ...
INFO: [HLS 200-10] Synthesizing 'simpleALU' ...
Execute       ap_set_top_model simpleALU 
Execute       get_model_list simpleALU -filter all-wo-channel -topdown 
Execute       preproc_iomode -model simpleALU 
Execute       get_model_list simpleALU -filter all-wo-channel 
INFO-FLOW: Model list for configure: simpleALU
INFO-FLOW: Configuring Module : simpleALU ...
Execute       set_default_model simpleALU 
Execute       apply_spec_resource_limit simpleALU 
INFO-FLOW: Model list for preprocess: simpleALU
INFO-FLOW: Preprocessing Module: simpleALU ...
Execute       set_default_model simpleALU 
Execute       cdfg_preprocess -model simpleALU 
Execute       rtl_gen_preprocess simpleALU 
INFO-FLOW: Model list for synthesis: simpleALU
INFO: [HLS 200-10] ----------------------------------------------------------------
INFO: [HLS 200-42] -- Implementing module 'simpleALU' 
INFO: [HLS 200-10] ----------------------------------------------------------------
Execute       set_default_model simpleALU 
Execute       schedule -model simpleALU 
INFO: [SCHED 204-11] Starting scheduling ...
INFO: [SCHED 204-11] Finished scheduling.
Command       schedule done; 0.124 sec.
INFO: [HLS 200-111] Finished Scheduling: CPU user time: 0 seconds. CPU system time: 0 seconds. Elapsed time: 0.414 seconds; current allocated memory: 1.088 GB.
Execute       syn_report -verbosereport -o C:/Users/pcost/Documents/github/Dissertation/training/leonardo_tutorials_hls/lab_03_hls/solution1/.autopilot/db/simpleALU.verbose.sched.rpt 
Execute         AP::get_flow_target_display_name
Execute       db_write -o C:/Users/pcost/Documents/github/Dissertation/training/leonardo_tutorials_hls/lab_03_hls/solution1/.autopilot/db/simpleALU.sched.adb -f 
INFO-FLOW: Finish scheduling simpleALU.
Execute       set_default_model simpleALU 
Execute       bind -model simpleALU 
INFO: [BIND 205-100] Starting micro-architecture generation ...
INFO: [BIND 205-101] Performing variable lifetime analysis.
INFO: [BIND 205-101] Exploring resource sharing.
INFO: [BIND 205-101] Binding ...
INFO: [BIND 205-100] Finished micro-architecture generation.
INFO: [HLS 200-111] Finished Binding: CPU user time: 0 seconds. CPU system time: 0 seconds. Elapsed time: 0.13 seconds; current allocated memory: 1.088 GB.
Execute       syn_report -verbosereport -o C:/Users/pcost/Documents/github/Dissertation/training/leonardo_tutorials_hls/lab_03_hls/solution1/.autopilot/db/simpleALU.verbose.bind.rpt 
Execute         AP::get_flow_target_display_name
Execute       db_write -o C:/Users/pcost/Documents/github/Dissertation/training/leonardo_tutorials_hls/lab_03_hls/solution1/.autopilot/db/simpleALU.bind.adb -f 
INFO-FLOW: Finish binding simpleALU.
Execute       get_model_list simpleALU -filter all-wo-channel 
INFO-FLOW: Preprocessing for RTLGen ...
Execute       rtl_gen_preprocess simpleALU 
INFO-FLOW: Model list for RTL generation: simpleALU
INFO: [HLS 200-10] ----------------------------------------------------------------
INFO: [HLS 200-10] -- Generating RTL for module 'simpleALU' 
INFO: [HLS 200-10] ----------------------------------------------------------------
Execute       create_rtl_model simpleALU -top_prefix  -sub_prefix simpleALU_ -mg_file C:/Users/pcost/Documents/github/Dissertation/training/leonardo_tutorials_hls/lab_03_hls/solution1/.autopilot/db/simpleALU.compgen.tcl 
INFO: [RTGEN 206-500] Setting interface mode on port 'simpleALU/inA' to 'ap_none'.
INFO: [RTGEN 206-500] Setting interface mode on port 'simpleALU/inB' to 'ap_none'.
INFO: [RTGEN 206-500] Setting interface mode on port 'simpleALU/op' to 'ap_none'.
INFO: [RTGEN 206-500] Setting interface mode on function 'simpleALU' to 'ap_ctrl_hs'.
INFO: [RTGEN 206-100] Finished creating RTL model for 'simpleALU'.
Command       create_rtl_model done; 0.107 sec.
INFO: [HLS 200-111] Finished Creating RTL model: CPU user time: 1 seconds. CPU system time: 0 seconds. Elapsed time: 0.21 seconds; current allocated memory: 1.088 GB.
Execute       source C:/Users/pcost/Documents/github/Dissertation/training/leonardo_tutorials_hls/lab_03_hls/solution1/.autopilot/db/simpleALU.rtl_wrap.cfg.tcl 
Execute       gen_rtl simpleALU -istop -style xilinx -f -lang vhdl -o C:/Users/pcost/Documents/github/Dissertation/training/leonardo_tutorials_hls/lab_03_hls/solution1/syn/vhdl/simpleALU 
Execute       gen_rtl simpleALU -istop -style xilinx -f -lang vlog -o C:/Users/pcost/Documents/github/Dissertation/training/leonardo_tutorials_hls/lab_03_hls/solution1/syn/verilog/simpleALU 
Execute       syn_report -csynth -model simpleALU -o C:/Users/pcost/Documents/github/Dissertation/training/leonardo_tutorials_hls/lab_03_hls/solution1/syn/report/simpleALU_csynth.rpt 
Execute         AP::get_flow_target_display_name
Execute       syn_report -rtlxml -model simpleALU -o C:/Users/pcost/Documents/github/Dissertation/training/leonardo_tutorials_hls/lab_03_hls/solution1/syn/report/simpleALU_csynth.xml 
Execute       syn_report -verbosereport -model simpleALU -o C:/Users/pcost/Documents/github/Dissertation/training/leonardo_tutorials_hls/lab_03_hls/solution1/.autopilot/db/simpleALU.verbose.rpt 
Execute         AP::get_flow_target_display_name
Execute       db_write -model simpleALU -f -o C:/Users/pcost/Documents/github/Dissertation/training/leonardo_tutorials_hls/lab_03_hls/solution1/.autopilot/db/simpleALU.adb 
Execute       db_write -model simpleALU -bindview -o C:/Users/pcost/Documents/github/Dissertation/training/leonardo_tutorials_hls/lab_03_hls/solution1/.autopilot/db/design.bindinfo.xml 
Execute       gen_tb_info simpleALU -p C:/Users/pcost/Documents/github/Dissertation/training/leonardo_tutorials_hls/lab_03_hls/solution1/.autopilot/db -o C:/Users/pcost/Documents/github/Dissertation/training/leonardo_tutorials_hls/lab_03_hls/solution1/.autopilot/db/simpleALU 
Execute       export_constraint_db -f -tool general -o C:/Users/pcost/Documents/github/Dissertation/training/leonardo_tutorials_hls/lab_03_hls/solution1/.autopilot/db/simpleALU.constraint.tcl 
Execute       syn_report -designview -model simpleALU -o C:/Users/pcost/Documents/github/Dissertation/training/leonardo_tutorials_hls/lab_03_hls/solution1/.autopilot/db/simpleALU.design.xml 
Execute       syn_report -csynthDesign -model simpleALU -o C:/Users/pcost/Documents/github/Dissertation/training/leonardo_tutorials_hls/lab_03_hls/solution1/syn/report/csynth.rpt 
Execute         AP::get_flow_target_display_name
Execute       syn_report -wcfg -model simpleALU -o C:/Users/pcost/Documents/github/Dissertation/training/leonardo_tutorials_hls/lab_03_hls/solution1/.autopilot/db/simpleALU_dataflow_ana.wcfg 
Execute       syn_report -protoinst -model simpleALU -o C:/Users/pcost/Documents/github/Dissertation/training/leonardo_tutorials_hls/lab_03_hls/solution1/.autopilot/db/simpleALU.protoinst 
Execute       sc_get_clocks simpleALU 
Execute       sc_get_portdomain simpleALU 
INFO-FLOW: Model list for RTL component generation: simpleALU
INFO-FLOW: Handling components in module [simpleALU] ... 
Execute       source C:/Users/pcost/Documents/github/Dissertation/training/leonardo_tutorials_hls/lab_03_hls/solution1/.autopilot/db/simpleALU.compgen.tcl 
INFO-FLOW: Append model simpleALU
INFO-FLOW: Generating RTL model list ...
INFO-FLOW: All models in this session: simpleALU
INFO-FLOW: Generating C:/Users/pcost/Documents/github/Dissertation/training/leonardo_tutorials_hls/lab_03_hls/solution1/.autopilot/db/autopilot.rtl.models.txt file...
INFO-FLOW: To file: write model simpleALU
INFO-FLOW: Generating C:/Users/pcost/Documents/github/Dissertation/training/leonardo_tutorials_hls/lab_03_hls/solution1/.autopilot/db/autopilot.rtl.models.tcl file...
INFO-FLOW: Finished generating RTL model list.


INFO-FLOW: RTL Generation done.
INFO-FLOW: CAS Generation done.
INFO-FLOW: CBC Generation done.
INFO-FLOW: DBG:PROC: ::AESL_AUTOMG::auto_generate_csynth_design
INFO-FLOW: DBG:PUTS: read_platform_lib C:/Users/pcost/Documents/github/Dissertation/training/leonardo_tutorials_hls/lab_03_hls/solution1/.autopilot/db/global.setting.tcl
Execute       source E:/Pedro/Programs/Xilinx/Vitis_HLS/2022.2/common/technology/generic/autopilot/common.gen 
Execute         source E:/Pedro/Programs/Xilinx/Vitis_HLS/2022.2/common/technology/generic/autopilot/APCoreGen.gen 
Execute       source E:/Pedro/Programs/Xilinx/Vitis_HLS/2022.2/common/technology/generic/autopilot/op.gen 
Execute       source E:/Pedro/Programs/Xilinx/Vitis_HLS/2022.2/common/technology/generic/autopilot/op_simcore.gen 
Execute       source E:/Pedro/Programs/Xilinx/Vitis_HLS/2022.2/common/technology/generic/autopilot/interface.gen 
Execute       source C:/Users/pcost/Documents/github/Dissertation/training/leonardo_tutorials_hls/lab_03_hls/solution1/.autopilot/db/global.setting.tcl 
Execute       source E:/Pedro/Programs/Xilinx/Vitis_HLS/2022.2/common/technology/xilinx/common/xilinx.gen 
Execute         source E:/Pedro/Programs/Xilinx/Vitis_HLS/2022.2/common/technology/xilinx/interface/plb46.gen 
Execute         source E:/Pedro/Programs/Xilinx/Vitis_HLS/2022.2/common/technology/xilinx/interface/axi4.gen 
Execute         source E:/Pedro/Programs/Xilinx/Vitis_HLS/2022.2/common/technology/xilinx/interface/nativeAXI4.gen 
Execute           source E:/Pedro/Programs/Xilinx/Vitis_HLS/2022.2/common/technology/xilinx/interface/saxilite.gen 
Execute         source E:/Pedro/Programs/Xilinx/Vitis_HLS/2022.2/common/technology/xilinx/scripts/xilinxcoregen.gen 
Execute         source E:/Pedro/Programs/Xilinx/Vitis_HLS/2022.2/common/technology/xilinx/interface/XilEDKCoreGen.gen 
Execute         source E:/Pedro/Programs/Xilinx/Vitis_HLS/2022.2/common/technology/xilinx/ip/dds_compiler.gen 
Execute         source E:/Pedro/Programs/Xilinx/Vitis_HLS/2022.2/common/technology/xilinx/ip/util.gen 
Execute         source E:/Pedro/Programs/Xilinx/Vitis_HLS/2022.2/common/technology/xilinx/ip/xfft.gen 
Command         ap_source done; 0.152 sec.
Execute         source E:/Pedro/Programs/Xilinx/Vitis_HLS/2022.2/common/technology/xilinx/ip/xfir.gen 
Execute         source E:/Pedro/Programs/Xilinx/Vitis_HLS/2022.2/common/technology/xilinx/DSP48/dsp48.gen 
Command       ap_source done; 0.203 sec.
INFO-FLOW: DBG:PUTS:   using AESL_AUTOCG::g_clock_period=10.000 (was NA)
INFO-FLOW: DBG:PROC: ::AESL_AUTOMG::generate_ip_cores gen_sim_model='1' gen_fp_models='0' gen_for_export='0' dstSCDir='' dstVhdlDir='C:/Users/pcost/Documents/github/Dissertation/training/leonardo_tutorials_hls/lab_03_hls/solution1/.autopilot/db/vhdl' dstVlogDir='C:/Users/pcost/Documents/github/Dissertation/training/leonardo_tutorials_hls/lab_03_hls/solution1/.autopilot/db/vlog' tclDir='C:/Users/pcost/Documents/github/Dissertation/training/leonardo_tutorials_hls/lab_03_hls/solution1/.autopilot/db' modelList='simpleALU
' expOnly='0'
Execute       source C:/Users/pcost/Documents/github/Dissertation/training/leonardo_tutorials_hls/lab_03_hls/solution1/.autopilot/db/global.setting.tcl 
Execute       ap_part_info -name xc7z020-clg400-1 -data names -quiet 
Execute       ap_part_info -name xc7z020-clg400-1 -data info -quiet 
Command       ap_part_info done; 0.103 sec.
Execute       source C:/Users/pcost/Documents/github/Dissertation/training/leonardo_tutorials_hls/lab_03_hls/solution1/.autopilot/db/global.setting.tcl 
Execute       source C:/Users/pcost/Documents/github/Dissertation/training/leonardo_tutorials_hls/lab_03_hls/solution1/.autopilot/db/global.setting.tcl 
Execute       source C:/Users/pcost/Documents/github/Dissertation/training/leonardo_tutorials_hls/lab_03_hls/solution1/.autopilot/db/simpleALU.compgen.tcl 
INFO: [HLS 200-111] Finished Generating all RTL models: CPU user time: 0 seconds. CPU system time: 0 seconds. Elapsed time: 0.732 seconds; current allocated memory: 1.091 GB.
INFO-FLOW: DBG:PROC: ::HLSREPORTS::create_csynth_xml bind_info_var='bind_info' RtlSubPrefix='simpleALU_' outfile=''
INFO-FLOW: Running: create_csynth_xml read xml data
INFO-FLOW: Done: create_csynth_xml read xml data time: 0 seconds per iteration
INFO-FLOW: Running: create_csynth_xml bind info
INFO-FLOW: Done: create_csynth_xml bind info time: 0 seconds per iteration
INFO-FLOW: Running: create_csynth_xml config info
INFO-FLOW: Done: create_csynth_xml config info time: 0.3 seconds per iteration
INFO-FLOW: Running: create_csynth_xml write xml
INFO-FLOW: Done: create_csynth_xml write xml time: 0 seconds per iteration
INFO-FLOW: DBG:PUTS:      create_csynth_xml wrote csynth_xml=C:/Users/pcost/Documents/github/Dissertation/training/leonardo_tutorials_hls/lab_03_hls/solution1/syn/report/csynth.xml
INFO-FLOW: DBG:PROC: ::AP::DESIGN_DATA::generate_json generate_bd_files='0' generate_xo_files='0' modelList='simpleALU
' rtl_lang='both' bootstrap_tcl='false' outdir='' outfilename=''
Execute       source C:/Users/pcost/Documents/github/Dissertation/training/leonardo_tutorials_hls/lab_03_hls/solution1/.autopilot/db/global.setting.tcl 
Execute       source C:/Users/pcost/Documents/github/Dissertation/training/leonardo_tutorials_hls/lab_03_hls/solution1/.autopilot/db/global.setting.tcl 
Execute       source C:/Users/pcost/Documents/github/Dissertation/training/leonardo_tutorials_hls/lab_03_hls/solution1/.autopilot/db/top-io-be.tcl 
Execute       source C:/Users/pcost/Documents/github/Dissertation/training/leonardo_tutorials_hls/lab_03_hls/solution1/.autopilot/db/simpleALU.tbgen.tcl 
Execute       source C:/Users/pcost/Documents/github/Dissertation/training/leonardo_tutorials_hls/lab_03_hls/solution1/.autopilot/db/simpleALU.rtl_wrap.cfg.tcl 
Execute       source C:/Users/pcost/Documents/github/Dissertation/training/leonardo_tutorials_hls/lab_03_hls/solution1/.autopilot/db/simpleALU.compgen.dataonly.tcl 
Execute       source C:/Users/pcost/Documents/github/Dissertation/training/leonardo_tutorials_hls/lab_03_hls/solution1/.autopilot/db/simpleALU.tbgen.tcl 
Execute       source C:/Users/pcost/Documents/github/Dissertation/training/leonardo_tutorials_hls/lab_03_hls/solution1/.autopilot/db/global.setting.tcl 
Execute       ap_part_info -name xc7z020-clg400-1 -data names -quiet 
Execute       ap_part_info -name xc7z020-clg400-1 -data info -quiet 
Command       ap_part_info done; 0.112 sec.
Execute       source C:/Users/pcost/Documents/github/Dissertation/training/leonardo_tutorials_hls/lab_03_hls/solution1/.autopilot/db/simpleALU.constraint.tcl 
Execute       source C:/Users/pcost/Documents/github/Dissertation/training/leonardo_tutorials_hls/lab_03_hls/solution1/.autopilot/db/global.setting.tcl 
INFO-FLOW: DBG:PROC: ::HLSREPORTS::add_csynth_report_sections bind_info_dict='adapter_nodes {} report_dict {TOPINST simpleALU MODULE2INSTS {simpleALU simpleALU} INST2MODULE {simpleALU simpleALU} INSTDATA {simpleALU {DEPTH 1 CHILDREN {}}} MODULEDATA {simpleALU {BINDINFO {{BINDTYPE op ID {} IMPL fabric LATENCY 0 OPTYPE add PRAGMA {} RTLNAME add_ln186_fu_46_p2 SOURCE {E:/Pedro/Programs/Xilinx/Vitis_HLS/2022.2/common/technology/autopilot\ap_int_base.h:186} VARIABLE add_ln186 LOOP {} BUNDLEDNAME {} DSP 0 BRAM 0 URAM 0 DISPNAME {bind_op add}} {BINDTYPE op ID {} IMPL fabric LATENCY 0 OPTYPE sub PRAGMA {} RTLNAME sub_ln186_fu_52_p2 SOURCE {E:/Pedro/Programs/Xilinx/Vitis_HLS/2022.2/common/technology/autopilot\ap_int_base.h:186} VARIABLE sub_ln186 LOOP {} BUNDLEDNAME {} DSP 0 BRAM 0 URAM 0 DISPNAME {bind_op sub}}} AREA {DSP 0 BRAM 0 URAM 0}}}}'
INFO-FLOW: DBG:PUTS:      update_csynth_reports json2rpt_hw_sw_interfaces
INFO-FLOW: Running: gen_csynth_sec_pragma
INFO-FLOW: Done: gen_csynth_sec_pragma time: 0 seconds per iteration
INFO-FLOW: DBG:PUTS:      update_csynth_reports wrote xml
INFO-FLOW: DBG:PUTS:      update_csynth_reports appended to csynth rpt file
INFO: [HLS 200-111] Finished Updating report files: CPU user time: 0 seconds. CPU system time: 0 seconds. Elapsed time: 0.715 seconds; current allocated memory: 1.094 GB.
INFO: [VHDL 208-304] Generating VHDL RTL for simpleALU.
INFO: [VLOG 209-307] Generating Verilog RTL for simpleALU.
Execute       syn_report -model simpleALU -printsummary 
INFO: [HLS 200-789] **** Estimated Fmax: 346.33 MHz
Command     autosyn done; 2.114 sec.
Command   csynth_design done; 21.794 sec.
INFO: [HLS 200-111] Finished Command csynth_design CPU user time: 2 seconds. CPU system time: 1 seconds. Elapsed time: 21.794 seconds; current allocated memory: 61.820 MB.
Command ap_source done; 43.47 sec.
Execute cleanup_all 
INFO-FLOW: Workspace C:/Users/pcost/Documents/github/Dissertation/training/leonardo_tutorials_hls/lab_03_hls/solution1 opened at Sat Nov 26 13:06:38 +0000 2022
Execute     ap_set_clock -name default -period 10 -default=false 
INFO: [SYN 201-201] Setting up clock 'default' with a period of 10ns.
Execute     set_part xc7z020clg400-1 
Execute       create_platform xc7z020clg400-1 -board  
DBG:HLSDevice: Trying to load device library: E:/Pedro/Programs/Xilinx/Vitis_HLS/2022.2\lib\win64.o\xv_hlsvwrap.dll
DBG:HLSDevice: first parts/arch.xml in RDI_DATADIR: E:/Pedro/Programs/Xilinx/Vivado/2022.2/data/parts/arch.xml
DBG:HLSDevice: init success
INFO: [HLS 200-1611] Setting target device to 'xc7z020-clg400-1'
Command       create_platform done; 8.299 sec.
Execute       source E:/Pedro/Programs/Xilinx/Vitis_HLS/2022.2/common/technology/xilinx/common/xilinx.gen 
Execute         source E:/Pedro/Programs/Xilinx/Vitis_HLS/2022.2/common/technology/xilinx/interface/plb46.gen 
Execute         source E:/Pedro/Programs/Xilinx/Vitis_HLS/2022.2/common/technology/xilinx/interface/axi4.gen 
Execute         source E:/Pedro/Programs/Xilinx/Vitis_HLS/2022.2/common/technology/xilinx/interface/nativeAXI4.gen 
Execute           source E:/Pedro/Programs/Xilinx/Vitis_HLS/2022.2/common/technology/xilinx/interface/saxilite.gen 
Execute         source E:/Pedro/Programs/Xilinx/Vitis_HLS/2022.2/common/technology/xilinx/scripts/xilinxcoregen.gen 
Execute         source E:/Pedro/Programs/Xilinx/Vitis_HLS/2022.2/common/technology/xilinx/interface/XilEDKCoreGen.gen 
Execute         source E:/Pedro/Programs/Xilinx/Vitis_HLS/2022.2/common/technology/xilinx/ip/dds_compiler.gen 
Execute         source E:/Pedro/Programs/Xilinx/Vitis_HLS/2022.2/common/technology/xilinx/ip/util.gen 
Execute         source E:/Pedro/Programs/Xilinx/Vitis_HLS/2022.2/common/technology/xilinx/ip/xfft.gen 
Command         ap_source done; 0.136 sec.
Execute         source E:/Pedro/Programs/Xilinx/Vitis_HLS/2022.2/common/technology/xilinx/ip/xfir.gen 
Execute         source E:/Pedro/Programs/Xilinx/Vitis_HLS/2022.2/common/technology/xilinx/DSP48/dsp48.gen 
Command       ap_source done; 0.176 sec.
Execute       ap_part_info -name xc7z020-clg400-1 -data info 
Command       ap_part_info done; 0.13 sec.
Execute       config_compile -quiet -complex-mul-dsp=0 
Command     set_part done; 8.622 sec.
Execute     send_msg_by_id INFO @200-1505@%s%s  vivado 
INFO: [HLS 200-1505] Using flow_target 'vivado'
Command   open_solution done; 8.829 sec.
Execute   set_part xc7z020clg400-1 
INFO: [HLS 200-1510] Running: set_part xc7z020clg400-1 
Execute     create_platform xc7z020clg400-1 -board  
Execute     source E:/Pedro/Programs/Xilinx/Vitis_HLS/2022.2/common/technology/xilinx/common/xilinx.gen 
Execute       source E:/Pedro/Programs/Xilinx/Vitis_HLS/2022.2/common/technology/xilinx/interface/plb46.gen 
Execute       source E:/Pedro/Programs/Xilinx/Vitis_HLS/2022.2/common/technology/xilinx/interface/axi4.gen 
Execute       source E:/Pedro/Programs/Xilinx/Vitis_HLS/2022.2/common/technology/xilinx/interface/nativeAXI4.gen 
Execute         source E:/Pedro/Programs/Xilinx/Vitis_HLS/2022.2/common/technology/xilinx/interface/saxilite.gen 
Execute       source E:/Pedro/Programs/Xilinx/Vitis_HLS/2022.2/common/technology/xilinx/scripts/xilinxcoregen.gen 
Execute       source E:/Pedro/Programs/Xilinx/Vitis_HLS/2022.2/common/technology/xilinx/interface/XilEDKCoreGen.gen 
Execute       source E:/Pedro/Programs/Xilinx/Vitis_HLS/2022.2/common/technology/xilinx/ip/dds_compiler.gen 
Execute       source E:/Pedro/Programs/Xilinx/Vitis_HLS/2022.2/common/technology/xilinx/ip/util.gen 
Execute       source E:/Pedro/Programs/Xilinx/Vitis_HLS/2022.2/common/technology/xilinx/ip/xfft.gen 
Command       ap_source done; 0.119 sec.
Execute       source E:/Pedro/Programs/Xilinx/Vitis_HLS/2022.2/common/technology/xilinx/ip/xfir.gen 
Execute       source E:/Pedro/Programs/Xilinx/Vitis_HLS/2022.2/common/technology/xilinx/DSP48/dsp48.gen 
Command     ap_source done; 0.156 sec.
Execute     ap_part_info -name xc7z020-clg400-1 -data info 
Execute     config_compile -quiet -complex-mul-dsp=0 
Command   set_part done; 0.328 sec.
Execute   create_clock -period 10 -name default 
INFO: [HLS 200-1510] Running: create_clock -period 10 -name default 
Execute     ap_set_clock -name default -period 10 -default=false 
INFO: [SYN 201-201] Setting up clock 'default' with a period of 10ns.
Execute   cosim_design 
INFO: [HLS 200-1510] Running: cosim_design 
Execute     source C:/Users/pcost/Documents/github/Dissertation/training/leonardo_tutorials_hls/lab_03_hls/solution1/.autopilot/db/global.setting.tcl 
Execute     source C:/Users/pcost/Documents/github/Dissertation/training/leonardo_tutorials_hls/lab_03_hls/solution1/.autopilot/db/global.setting.tcl 
Execute     source C:/Users/pcost/Documents/github/Dissertation/training/leonardo_tutorials_hls/lab_03_hls/solution1/.autopilot/db/global.setting.tcl 
INFO-FLOW: DBG:PUTS: read_platform_lib C:/Users/pcost/Documents/github/Dissertation/training/leonardo_tutorials_hls/lab_03_hls/solution1/.autopilot/db/global.setting.tcl
Execute     source E:/Pedro/Programs/Xilinx/Vitis_HLS/2022.2/common/technology/generic/autopilot/common.gen 
Execute       source E:/Pedro/Programs/Xilinx/Vitis_HLS/2022.2/common/technology/generic/autopilot/APCoreGen.gen 
Execute     source E:/Pedro/Programs/Xilinx/Vitis_HLS/2022.2/common/technology/generic/autopilot/op.gen 
Execute     source E:/Pedro/Programs/Xilinx/Vitis_HLS/2022.2/common/technology/generic/autopilot/op_simcore.gen 
Execute     source E:/Pedro/Programs/Xilinx/Vitis_HLS/2022.2/common/technology/generic/autopilot/interface.gen 
Execute     source C:/Users/pcost/Documents/github/Dissertation/training/leonardo_tutorials_hls/lab_03_hls/solution1/.autopilot/db/global.setting.tcl 
Execute     source E:/Pedro/Programs/Xilinx/Vitis_HLS/2022.2/common/technology/xilinx/common/xilinx.gen 
Execute       source E:/Pedro/Programs/Xilinx/Vitis_HLS/2022.2/common/technology/xilinx/interface/plb46.gen 
Execute       source E:/Pedro/Programs/Xilinx/Vitis_HLS/2022.2/common/technology/xilinx/interface/axi4.gen 
Execute       source E:/Pedro/Programs/Xilinx/Vitis_HLS/2022.2/common/technology/xilinx/interface/nativeAXI4.gen 
Execute         source E:/Pedro/Programs/Xilinx/Vitis_HLS/2022.2/common/technology/xilinx/interface/saxilite.gen 
Execute       source E:/Pedro/Programs/Xilinx/Vitis_HLS/2022.2/common/technology/xilinx/scripts/xilinxcoregen.gen 
Execute       source E:/Pedro/Programs/Xilinx/Vitis_HLS/2022.2/common/technology/xilinx/interface/XilEDKCoreGen.gen 
Execute       source E:/Pedro/Programs/Xilinx/Vitis_HLS/2022.2/common/technology/xilinx/ip/dds_compiler.gen 
Execute       source E:/Pedro/Programs/Xilinx/Vitis_HLS/2022.2/common/technology/xilinx/ip/util.gen 
Execute       source E:/Pedro/Programs/Xilinx/Vitis_HLS/2022.2/common/technology/xilinx/ip/xfft.gen 
Command       ap_source done; 0.172 sec.
Execute       source E:/Pedro/Programs/Xilinx/Vitis_HLS/2022.2/common/technology/xilinx/ip/xfir.gen 
Execute       source E:/Pedro/Programs/Xilinx/Vitis_HLS/2022.2/common/technology/xilinx/DSP48/dsp48.gen 
Command     ap_source done; 0.234 sec.
INFO-FLOW: DBG:PUTS:   using AESL_AUTOCG::g_clock_period=10.000 (was NA)
Execute     ap_part_info -name xc7z020-clg400-1 -data names -quiet 
Execute     ap_part_info -name xc7z020-clg400-1 -data info -quiet 
Command     ap_part_info done; 0.105 sec.
Execute     source C:/Users/pcost/Documents/github/Dissertation/training/leonardo_tutorials_hls/lab_03_hls/solution1/.autopilot/db/global.setting.tcl 
Execute     source C:/Users/pcost/Documents/github/Dissertation/training/leonardo_tutorials_hls/lab_03_hls/solution1/.autopilot/db/simpleALU.rtl_wrap.cfg.tcl 
Execute     source C:/Users/pcost/Documents/github/Dissertation/training/leonardo_tutorials_hls/lab_03_hls/solution1/.autopilot/db/simpleALU.tbgen.tcl 
Execute     source C:/Users/pcost/Documents/github/Dissertation/training/leonardo_tutorials_hls/lab_03_hls/solution1/.autopilot/db/simpleALU.tbgen.tcl 
Execute     source C:/Users/pcost/Documents/github/Dissertation/training/leonardo_tutorials_hls/lab_03_hls/solution1/.autopilot/db/simpleALU.tbgen.tcl 
Execute     source C:/Users/pcost/Documents/github/Dissertation/training/leonardo_tutorials_hls/lab_03_hls/solution1/.autopilot/db/simpleALU.tbgen.tcl 
INFO: [COSIM 212-47] Using XSIM for RTL simulation.
INFO: [COSIM 212-14] Instrumenting C test bench ...
Execute     ap_part_info -name xc7z020-clg400-1 -data info 
Command     ap_part_info done; 0.104 sec.
INFO-FLOW: TB processing: C:/Users/pcost/Documents/github/Dissertation/training/leonardo_tutorials_hls/lab_03_hls/alu_core_test.cpp C:/Users/pcost/Documents/github/Dissertation/training/leonardo_tutorials_hls/lab_03_hls/solution1/./sim/autowrap/testbench/alu_core_test.cpp_pre.cpp
Execute     clang_tidy xilinx-tb-process -desc tb-process C:/Users/pcost/Documents/github/Dissertation/training/leonardo_tutorials_hls/lab_03_hls/solution1/./sim/autowrap/testbench/alu_core_test.cpp_pre.cpp.tb.cpp std=c++14 
INFO-FLOW: exec E:/Pedro/Programs/Xilinx/Vitis_HLS/2022.2/win64/tools/clang-3.9-csynth/bin/clang-tidy -header-filter=.* --checks=-*,xilinx-tb-process -fix-errors C:/Users/pcost/Documents/github/Dissertation/training/leonardo_tutorials_hls/lab_03_hls/solution1/./sim/autowrap/testbench/alu_core_test.cpp_pre.cpp.tb.cpp -- -std=c++14 -fhls -ferror-limit=0
Command     clang_tidy done; 2.637 sec.
Execute     ap_part_info -name xc7z020-clg400-1 -data info 
INFO-FLOW: TB processing: C:/Users/pcost/Documents/github/Dissertation/training/leonardo_tutorials_hls/lab_03_hls/alu_core.cpp C:/Users/pcost/Documents/github/Dissertation/training/leonardo_tutorials_hls/lab_03_hls/solution1/./sim/autowrap/testbench/alu_core.cpp_pre.cpp
Execute     clang_tidy xilinx-tb-process -desc tb-process C:/Users/pcost/Documents/github/Dissertation/training/leonardo_tutorials_hls/lab_03_hls/solution1/./sim/autowrap/testbench/alu_core.cpp_pre.cpp.tb.cpp std=c++14 
INFO-FLOW: exec E:/Pedro/Programs/Xilinx/Vitis_HLS/2022.2/win64/tools/clang-3.9-csynth/bin/clang-tidy -header-filter=.* --checks=-*,xilinx-tb-process -fix-errors C:/Users/pcost/Documents/github/Dissertation/training/leonardo_tutorials_hls/lab_03_hls/solution1/./sim/autowrap/testbench/alu_core.cpp_pre.cpp.tb.cpp -- -std=c++14 -fhls -ferror-limit=0
Command     clang_tidy done; 2.44 sec.
Execute     source C:/Users/pcost/Documents/github/Dissertation/training/leonardo_tutorials_hls/lab_03_hls/solution1/.autopilot/db/global.setting.tcl 
Execute     source C:/Users/pcost/Documents/github/Dissertation/training/leonardo_tutorials_hls/lab_03_hls/solution1/.autopilot/db/simpleALU.rtl_wrap.cfg.tcl 
Execute     source C:/Users/pcost/Documents/github/Dissertation/training/leonardo_tutorials_hls/lab_03_hls/solution1/.autopilot/db/simpleALU.rtl_wrap.cfg.tcl 
Execute     source C:/Users/pcost/Documents/github/Dissertation/training/leonardo_tutorials_hls/lab_03_hls/solution1/.autopilot/db/simpleALU.rtl_wrap.cfg.tcl 
Execute     source C:/Users/pcost/Documents/github/Dissertation/training/leonardo_tutorials_hls/lab_03_hls/solution1/.autopilot/db/simpleALU.tbgen.tcl 
Execute     source C:/Users/pcost/Documents/github/Dissertation/training/leonardo_tutorials_hls/lab_03_hls/solution1/.autopilot/db/simpleALU.tbgen.tcl 
Execute     ap_part_info -name xc7z020-clg400-1 -data info 
Execute     source .run_sim.tcl 
INFO: [COSIM 212-302] Starting C TB testing ... 
Command     ap_source done; 0.386 sec.
INFO: [COSIM 212-333] Generating C post check test bench ...
INFO: [COSIM 212-12] Generating RTL test bench ...
Execute     source ../tv/cdatafile/ref.tcl 
Execute     source C:/Users/pcost/Documents/github/Dissertation/training/leonardo_tutorials_hls/lab_03_hls/solution1/.autopilot/db/simpleALU.tbgen.tcl 
Execute     source C:/Users/pcost/Documents/github/Dissertation/training/leonardo_tutorials_hls/lab_03_hls/solution1/.autopilot/db/simpleALU.tbgen.tcl 
Execute     source C:/Users/pcost/Documents/github/Dissertation/training/leonardo_tutorials_hls/lab_03_hls/solution1/.autopilot/db/simpleALU.tbgen.tcl 
Execute     source C:/Users/pcost/Documents/github/Dissertation/training/leonardo_tutorials_hls/lab_03_hls/solution1/.autopilot/db/simpleALU.tbgen.tcl 
Execute     source ../tv/cdatafile/ref.tcl 
Execute     source C:/Users/pcost/Documents/github/Dissertation/training/leonardo_tutorials_hls/lab_03_hls/solution1/.autopilot/db/simpleALU.tbgen.tcl 
Execute     source C:/Users/pcost/Documents/github/Dissertation/training/leonardo_tutorials_hls/lab_03_hls/solution1/.autopilot/db/simpleALU.tbgen.tcl 
Execute     source C:/Users/pcost/Documents/github/Dissertation/training/leonardo_tutorials_hls/lab_03_hls/solution1/.autopilot/db/simpleALU.tbgen.tcl 
Execute     source C:/Users/pcost/Documents/github/Dissertation/training/leonardo_tutorials_hls/lab_03_hls/solution1/.autopilot/db/simpleALU.tbgen.tcl 
Execute     source C:/Users/pcost/Documents/github/Dissertation/training/leonardo_tutorials_hls/lab_03_hls/solution1/.autopilot/db/simpleALU.tbgen.tcl 
Execute     source C:/Users/pcost/Documents/github/Dissertation/training/leonardo_tutorials_hls/lab_03_hls/solution1/.autopilot/db/simpleALU.tbgen.tcl 
Execute     source C:/Users/pcost/Documents/github/Dissertation/training/leonardo_tutorials_hls/lab_03_hls/solution1/.autopilot/db/simpleALU.tbgen.tcl 
Execute     source C:/Users/pcost/Documents/github/Dissertation/training/leonardo_tutorials_hls/lab_03_hls/solution1/.autopilot/db/simpleALU.tbgen.tcl 
Execute     source C:/Users/pcost/Documents/github/Dissertation/training/leonardo_tutorials_hls/lab_03_hls/solution1/.autopilot/db/simpleALU.tbgen.tcl 
Execute     source C:/Users/pcost/Documents/github/Dissertation/training/leonardo_tutorials_hls/lab_03_hls/solution1/.autopilot/db/simpleALU.tbgen.tcl 
Execute     source C:/Users/pcost/Documents/github/Dissertation/training/leonardo_tutorials_hls/lab_03_hls/solution1/.autopilot/db/simpleALU.tbgen.tcl 
Execute     source C:/Users/pcost/Documents/github/Dissertation/training/leonardo_tutorials_hls/lab_03_hls/solution1/.autopilot/db/simpleALU.tbgen.tcl 
INFO: [COSIM 212-1] *** C/RTL co-simulation file generation completed. ***
Execute     source .run_sim.tcl 
Execute       source check_sim.tcl 
Execute       source dataflow_monitor_API.tcl 
Execute       source .sim.status.tcl 
INFO: [COSIM 212-323] Starting verilog simulation. 
INFO: [COSIM 212-15] Starting XSIM ...
INFO: [COSIM 212-316] Starting C post checking ...
Command     ap_source done; 20.707 sec.
INFO: [COSIM 212-1000] *** C/RTL co-simulation finished: PASS ***
INFO: [COSIM 212-210] Design is translated to an combinational logic. II and Latency will be marked as all 0.
Command   cosim_design done; 46.174 sec.
INFO: [HLS 200-111] Finished Command cosim_design CPU user time: 2 seconds. CPU system time: 1 seconds. Elapsed time: 46.174 seconds; current allocated memory: 9.668 MB.
Command ap_source done; 65.471 sec.
Execute cleanup_all 
