

================================================================
== Vitis HLS Report for 'simpleALU'
================================================================
* Date:           Sat Nov 26 13:03:27 2022

* Version:        2022.2 (Build 3670227 on Oct 13 2022)
* Project:        lab_03_hls
* Solution:       solution1 (Vivado IP Flow Target)
* Product family: zynq
* Target device:  xc7z020-clg400-1


================================================================
== Performance Estimates
================================================================
+ Timing: 
    * Summary: 
    +--------+----------+----------+------------+
    |  Clock |  Target  | Estimated| Uncertainty|
    +--------+----------+----------+------------+
    |ap_clk  |  10.00 ns|  2.887 ns|     2.70 ns|
    +--------+----------+----------+------------+

+ Latency: 
    * Summary: 
    +---------+---------+----------+----------+-----+-----+---------+
    |  Latency (cycles) |  Latency (absolute) |  Interval | Pipeline|
    |   min   |   max   |    min   |    max   | min | max |   Type  |
    +---------+---------+----------+----------+-----+-----+---------+
    |        0|        0|      0 ns|      0 ns|    1|    1|       no|
    +---------+---------+----------+----------+-----+-----+---------+

    + Detail: 
        * Instance: 
        N/A

        * Loop: 
        N/A



================================================================
== Utilization Estimates
================================================================
* Summary: 
+-----------------+---------+-----+--------+-------+-----+
|       Name      | BRAM_18K| DSP |   FF   |  LUT  | URAM|
+-----------------+---------+-----+--------+-------+-----+
|DSP              |        -|    -|       -|      -|    -|
|Expression       |        -|    -|       0|     65|    -|
|FIFO             |        -|    -|       -|      -|    -|
|Instance         |        -|    -|       -|      -|    -|
|Memory           |        -|    -|       -|      -|    -|
|Multiplexer      |        -|    -|       -|      -|    -|
|Register         |        -|    -|       -|      -|    -|
+-----------------+---------+-----+--------+-------+-----+
|Total            |        0|    0|       0|     65|    0|
+-----------------+---------+-----+--------+-------+-----+
|Available        |      280|  220|  106400|  53200|    0|
+-----------------+---------+-----+--------+-------+-----+
|Utilization (%)  |        0|    0|       0|     ~0|    0|
+-----------------+---------+-----+--------+-------+-----+

+ Detail: 
    * Instance: 
    N/A

    * DSP: 
    N/A

    * Memory: 
    N/A

    * FIFO: 
    N/A

    * Expression: 
    +--------------------+----------+----+---+----+------------+------------+
    |    Variable Name   | Operation| DSP| FF| LUT| Bitwidth P0| Bitwidth P1|
    +--------------------+----------+----+---+----+------------+------------+
    |add_ln186_fu_46_p2  |         +|   0|  0|  24|          17|          17|
    |sub_ln186_fu_52_p2  |         -|   0|  0|  24|          17|          17|
    |ap_return           |    select|   0|  0|  17|           1|          17|
    +--------------------+----------+----+---+----+------------+------------+
    |Total               |          |   0|  0|  65|          35|          51|
    +--------------------+----------+----+---+----+------------+------------+

    * Multiplexer: 
    N/A

    * Register: 
    N/A



================================================================
== Interface
================================================================
* Summary: 
+-----------+-----+-----+------------+--------------+--------------+
| RTL Ports | Dir | Bits|  Protocol  | Source Object|    C Type    |
+-----------+-----+-----+------------+--------------+--------------+
|ap_start   |   in|    1|  ap_ctrl_hs|     simpleALU|  return value|
|ap_done    |  out|    1|  ap_ctrl_hs|     simpleALU|  return value|
|ap_idle    |  out|    1|  ap_ctrl_hs|     simpleALU|  return value|
|ap_ready   |  out|    1|  ap_ctrl_hs|     simpleALU|  return value|
|ap_return  |  out|   17|  ap_ctrl_hs|     simpleALU|  return value|
|inA        |   in|   17|     ap_none|           inA|        scalar|
|inB        |   in|   17|     ap_none|           inB|        scalar|
|op         |   in|    1|     ap_none|            op|        scalar|
+-----------+-----+-----+------------+--------------+--------------+

============================================================
+ Verbose Summary: Synthesis Manager
============================================================
InlineROM: 1
ExposeGlobal: 0
============================================================
+ Verbose Summary: CDFG Model
============================================================
IsTopModel: 1
ResetActiveHigh: 1
IsCombinational: 1
IsDatapathOnly: 2
HasWiredReturn: 1
HasMFsm: 0
HasVarLatency: 0
IsPipeline: 0
IsRtlPipelined: 0
IsInstanceOverlapped: 0
IsDontTouch: 0
HasImplIP: 0
IsGatedGlobalClock: 0


============================================================
+ Verbose Summary: Schedule
============================================================
* Number of FSM states : 1
* Pipeline : 0
* Dataflow Pipeline: 0

* FSM state transitions: 
1 --> 

* FSM state operations: 

State 1 <SV = 0> <Delay = 2.88>
ST_1 : Operation 2 [1/1] (0.00ns)   --->   "%specbitsmap_ln0 = specbitsmap void @_ssdm_op_SpecBitsMap, i17 0"   --->   Operation 2 'specbitsmap' 'specbitsmap_ln0' <Predicate = true> <Delay = 0.00>
ST_1 : Operation 3 [1/1] (0.00ns)   --->   "%spectopmodule_ln3 = spectopmodule void @_ssdm_op_SpecTopModule, void @empty_1" [lab_03_hls/alu_core.cpp:3]   --->   Operation 3 'spectopmodule' 'spectopmodule_ln3' <Predicate = true> <Delay = 0.00>
ST_1 : Operation 4 [1/1] (0.00ns)   --->   "%specbitsmap_ln0 = specbitsmap void @_ssdm_op_SpecBitsMap, i17 %inA"   --->   Operation 4 'specbitsmap' 'specbitsmap_ln0' <Predicate = true> <Delay = 0.00>
ST_1 : Operation 5 [1/1] (0.00ns)   --->   "%specinterface_ln0 = specinterface void @_ssdm_op_SpecInterface, i17 %inA, void @empty, i32 0, i32 0, void @empty_0, i32 0, i32 0, void @empty_0, void @empty_0, void @empty_0, i32 0, i32 0, i32 0, i32 0, void @empty_0, void @empty_0, i32 4294967295, i32 0"   --->   Operation 5 'specinterface' 'specinterface_ln0' <Predicate = true> <Delay = 0.00>
ST_1 : Operation 6 [1/1] (0.00ns)   --->   "%specbitsmap_ln0 = specbitsmap void @_ssdm_op_SpecBitsMap, i17 %inB"   --->   Operation 6 'specbitsmap' 'specbitsmap_ln0' <Predicate = true> <Delay = 0.00>
ST_1 : Operation 7 [1/1] (0.00ns)   --->   "%specinterface_ln0 = specinterface void @_ssdm_op_SpecInterface, i17 %inB, void @empty, i32 0, i32 0, void @empty_0, i32 0, i32 0, void @empty_0, void @empty_0, void @empty_0, i32 0, i32 0, i32 0, i32 0, void @empty_0, void @empty_0, i32 4294967295, i32 0"   --->   Operation 7 'specinterface' 'specinterface_ln0' <Predicate = true> <Delay = 0.00>
ST_1 : Operation 8 [1/1] (0.00ns)   --->   "%specbitsmap_ln0 = specbitsmap void @_ssdm_op_SpecBitsMap, i1 %op"   --->   Operation 8 'specbitsmap' 'specbitsmap_ln0' <Predicate = true> <Delay = 0.00>
ST_1 : Operation 9 [1/1] (0.00ns)   --->   "%specinterface_ln0 = specinterface void @_ssdm_op_SpecInterface, i1 %op, void @empty, i32 0, i32 0, void @empty_0, i32 0, i32 0, void @empty_0, void @empty_0, void @empty_0, i32 0, i32 0, i32 0, i32 0, void @empty_0, void @empty_0, i32 4294967295, i32 0"   --->   Operation 9 'specinterface' 'specinterface_ln0' <Predicate = true> <Delay = 0.00>
ST_1 : Operation 10 [1/1] (0.00ns)   --->   "%op_read = read i1 @_ssdm_op_Read.ap_auto.i1, i1 %op" [lab_03_hls/alu_core.cpp:3]   --->   Operation 10 'read' 'op_read' <Predicate = true> <Delay = 0.00>
ST_1 : Operation 11 [1/1] (0.00ns)   --->   "%inB_read = read i17 @_ssdm_op_Read.ap_auto.i17, i17 %inB" [lab_03_hls/alu_core.cpp:3]   --->   Operation 11 'read' 'inB_read' <Predicate = true> <Delay = 0.00>
ST_1 : Operation 12 [1/1] (0.00ns)   --->   "%inA_read = read i17 @_ssdm_op_Read.ap_auto.i17, i17 %inA" [lab_03_hls/alu_core.cpp:3]   --->   Operation 12 'read' 'inA_read' <Predicate = true> <Delay = 0.00>
ST_1 : Operation 13 [1/1] (2.10ns)   --->   "%add_ln186 = add i17 %inB_read, i17 %inA_read"   --->   Operation 13 'add' 'add_ln186' <Predicate = (op_read)> <Delay = 2.10> <CoreInst = "Adder">   --->   Core 1 'Adder' <Latency = 0> <II = 1> <Delay = 2.10> <FuncUnit> <Opcode : 'add' 'sub'> <InPorts = 2> <OutPorts = 1>
ST_1 : Operation 14 [1/1] (2.10ns)   --->   "%sub_ln186 = sub i17 %inA_read, i17 %inB_read"   --->   Operation 14 'sub' 'sub_ln186' <Predicate = (!op_read)> <Delay = 2.10> <CoreInst = "Adder">   --->   Core 1 'Adder' <Latency = 0> <II = 1> <Delay = 2.10> <FuncUnit> <Opcode : 'add' 'sub'> <InPorts = 2> <OutPorts = 1>
ST_1 : Operation 15 [1/1] (0.78ns)   --->   "%select_ln4 = select i1 %op_read, i17 %add_ln186, i17 %sub_ln186" [lab_03_hls/alu_core.cpp:4]   --->   Operation 15 'select' 'select_ln4' <Predicate = true> <Delay = 0.78> <CoreInst = "Sel">   --->   Core 73 'Sel' <Latency = 0> <II = 1> <Delay = 0.78> <FuncUnit> <Opcode : 'select'> <InPorts = 3> <OutPorts = 1>
ST_1 : Operation 16 [1/1] (0.00ns)   --->   "%ret_ln6 = ret i17 %select_ln4" [lab_03_hls/alu_core.cpp:6]   --->   Operation 16 'ret' 'ret_ln6' <Predicate = true> <Delay = 0.00>


============================================================
+ Verbose Summary: Binding
============================================================
STG Binding: 
---------------- STG Properties BEGIN ----------------
- Is combinational: 1
- Is one-state seq: 0
- Is datapath-only: 0
- Is pipelined: 0
- Is top level: 1
Port [ Return ] is wired: 1; IO mode=ap_ctrl_hs:ce=0
Port [ inA]:  wired=1; compound=0; hidden=0; nouse=0; global=0; static=0; extern=0; dir=0; type=0; pingpong=0; private_global=0; IO mode=ap_none:ce=0
Port [ inB]:  wired=1; compound=0; hidden=0; nouse=0; global=0; static=0; extern=0; dir=0; type=0; pingpong=0; private_global=0; IO mode=ap_none:ce=0
Port [ op]:  wired=1; compound=0; hidden=0; nouse=0; global=0; static=0; extern=0; dir=0; type=0; pingpong=0; private_global=0; IO mode=ap_none:ce=0
---------------- STG Properties END ------------------

---------------- Datapath Model BEGIN ----------------

<LifeTime>
<method=bitvector/>
specbitsmap_ln0   (specbitsmap  ) [ 00]
spectopmodule_ln3 (spectopmodule) [ 00]
specbitsmap_ln0   (specbitsmap  ) [ 00]
specinterface_ln0 (specinterface) [ 00]
specbitsmap_ln0   (specbitsmap  ) [ 00]
specinterface_ln0 (specinterface) [ 00]
specbitsmap_ln0   (specbitsmap  ) [ 00]
specinterface_ln0 (specinterface) [ 00]
op_read           (read         ) [ 01]
inB_read          (read         ) [ 00]
inA_read          (read         ) [ 00]
add_ln186         (add          ) [ 00]
sub_ln186         (sub          ) [ 00]
select_ln4        (select       ) [ 00]
ret_ln6           (ret          ) [ 00]
</LifeTime>

<model>

<comp_list>
<comp id="0" class="1000" name="inA">
<pin_list>
<pin id="1" dir="1" index="0" bw="1" slack="0"/>
</pin_list>
<bind>
<StgValue><ssdm name="inA"/></StgValue>
</bind>
</comp>

<comp id="2" class="1000" name="inB">
<pin_list>
<pin id="3" dir="1" index="0" bw="1" slack="0"/>
</pin_list>
<bind>
<StgValue><ssdm name="inB"/></StgValue>
</bind>
</comp>

<comp id="4" class="1000" name="op">
<pin_list>
<pin id="5" dir="1" index="0" bw="1" slack="0"/>
</pin_list>
<bind>
<StgValue><ssdm name="op"/></StgValue>
</bind>
</comp>

<comp id="6" class="1001" name="const_6">
<pin_list>
<pin id="7" dir="1" index="0" bw="1" slack="2147483647"/>
</pin_list>
<bind>
<StgValue><ssdm name="_ssdm_op_SpecBitsMap"/></StgValue>
</bind>
</comp>

<comp id="8" class="1001" name="const_8">
<pin_list>
<pin id="9" dir="1" index="0" bw="1" slack="2147483647"/>
</pin_list>
<bind>
<StgValue><ssdm name=""/></StgValue>
</bind>
</comp>

<comp id="10" class="1001" name="const_10">
<pin_list>
<pin id="11" dir="1" index="0" bw="1" slack="2147483647"/>
</pin_list>
<bind>
<StgValue><ssdm name="_ssdm_op_SpecTopModule"/></StgValue>
</bind>
</comp>

<comp id="12" class="1001" name="const_12">
<pin_list>
<pin id="13" dir="1" index="0" bw="1" slack="2147483647"/>
</pin_list>
<bind>
<StgValue><ssdm name="empty_1"/></StgValue>
</bind>
</comp>

<comp id="14" class="1001" name="const_14">
<pin_list>
<pin id="15" dir="1" index="0" bw="1" slack="2147483647"/>
</pin_list>
<bind>
<StgValue><ssdm name="_ssdm_op_SpecInterface"/></StgValue>
</bind>
</comp>

<comp id="16" class="1001" name="const_16">
<pin_list>
<pin id="17" dir="1" index="0" bw="1" slack="2147483647"/>
</pin_list>
<bind>
<StgValue><ssdm name="empty"/></StgValue>
</bind>
</comp>

<comp id="18" class="1001" name="const_18">
<pin_list>
<pin id="19" dir="1" index="0" bw="1" slack="2147483647"/>
</pin_list>
<bind>
<StgValue><ssdm name=""/></StgValue>
</bind>
</comp>

<comp id="20" class="1001" name="const_20">
<pin_list>
<pin id="21" dir="1" index="0" bw="1" slack="2147483647"/>
</pin_list>
<bind>
<StgValue><ssdm name="empty_0"/></StgValue>
</bind>
</comp>

<comp id="22" class="1001" name="const_22">
<pin_list>
<pin id="23" dir="1" index="0" bw="1" slack="2147483647"/>
</pin_list>
<bind>
<StgValue><ssdm name=""/></StgValue>
</bind>
</comp>

<comp id="24" class="1001" name="const_24">
<pin_list>
<pin id="25" dir="1" index="0" bw="1" slack="0"/>
</pin_list>
<bind>
<StgValue><ssdm name="_ssdm_op_Read.ap_auto.i1"/></StgValue>
</bind>
</comp>

<comp id="26" class="1001" name="const_26">
<pin_list>
<pin id="27" dir="1" index="0" bw="1" slack="0"/>
</pin_list>
<bind>
<StgValue><ssdm name="_ssdm_op_Read.ap_auto.i17"/></StgValue>
</bind>
</comp>

<comp id="28" class="1004" name="op_read_read_fu_28">
<pin_list>
<pin id="29" dir="0" index="0" bw="1" slack="0"/>
<pin id="30" dir="0" index="1" bw="1" slack="0"/>
<pin id="31" dir="1" index="2" bw="1" slack="0"/>
</pin_list>
<bind>
<opcode="read(1150) " fcode="read"/>
<opset="op_read/1 "/>
</bind>
</comp>

<comp id="34" class="1004" name="inB_read_read_fu_34">
<pin_list>
<pin id="35" dir="0" index="0" bw="17" slack="0"/>
<pin id="36" dir="0" index="1" bw="17" slack="0"/>
<pin id="37" dir="1" index="2" bw="17" slack="0"/>
</pin_list>
<bind>
<opcode="read(1150) " fcode="read"/>
<opset="inB_read/1 "/>
</bind>
</comp>

<comp id="40" class="1004" name="inA_read_read_fu_40">
<pin_list>
<pin id="41" dir="0" index="0" bw="17" slack="0"/>
<pin id="42" dir="0" index="1" bw="17" slack="0"/>
<pin id="43" dir="1" index="2" bw="17" slack="0"/>
</pin_list>
<bind>
<opcode="read(1150) " fcode="read"/>
<opset="inA_read/1 "/>
</bind>
</comp>

<comp id="46" class="1004" name="add_ln186_fu_46">
<pin_list>
<pin id="47" dir="0" index="0" bw="17" slack="0"/>
<pin id="48" dir="0" index="1" bw="17" slack="0"/>
<pin id="49" dir="1" index="2" bw="17" slack="0"/>
</pin_list>
<bind>
<opcode="add(8) " fcode="add"/>
<opset="add_ln186/1 "/>
</bind>
</comp>

<comp id="52" class="1004" name="sub_ln186_fu_52">
<pin_list>
<pin id="53" dir="0" index="0" bw="17" slack="0"/>
<pin id="54" dir="0" index="1" bw="17" slack="0"/>
<pin id="55" dir="1" index="2" bw="17" slack="0"/>
</pin_list>
<bind>
<opcode="sub(10) " fcode="sub"/>
<opset="sub_ln186/1 "/>
</bind>
</comp>

<comp id="58" class="1004" name="select_ln4_fu_58">
<pin_list>
<pin id="59" dir="0" index="0" bw="1" slack="0"/>
<pin id="60" dir="0" index="1" bw="17" slack="0"/>
<pin id="61" dir="0" index="2" bw="17" slack="0"/>
<pin id="62" dir="1" index="3" bw="17" slack="2147483647"/>
</pin_list>
<bind>
<opcode="select(49) " fcode="select"/>
<opset="select_ln4/1 "/>
</bind>
</comp>

</comp_list>

<net_list>
<net id="32"><net_src comp="24" pin="0"/><net_sink comp="28" pin=0"/></net>

<net id="33"><net_src comp="4" pin="0"/><net_sink comp="28" pin=1"/></net>

<net id="38"><net_src comp="26" pin="0"/><net_sink comp="34" pin=0"/></net>

<net id="39"><net_src comp="2" pin="0"/><net_sink comp="34" pin=1"/></net>

<net id="44"><net_src comp="26" pin="0"/><net_sink comp="40" pin=0"/></net>

<net id="45"><net_src comp="0" pin="0"/><net_sink comp="40" pin=1"/></net>

<net id="50"><net_src comp="34" pin="2"/><net_sink comp="46" pin=0"/></net>

<net id="51"><net_src comp="40" pin="2"/><net_sink comp="46" pin=1"/></net>

<net id="56"><net_src comp="40" pin="2"/><net_sink comp="52" pin=0"/></net>

<net id="57"><net_src comp="34" pin="2"/><net_sink comp="52" pin=1"/></net>

<net id="63"><net_src comp="28" pin="2"/><net_sink comp="58" pin=0"/></net>

<net id="64"><net_src comp="46" pin="2"/><net_sink comp="58" pin=1"/></net>

<net id="65"><net_src comp="52" pin="2"/><net_sink comp="58" pin=2"/></net>

</net_list>

</model> 
---------------- Datapath Model END ------------------

* FSMD analyzer results:
  - Output states:
 - Input state : 
	Port: simpleALU : inA | {1 }
	Port: simpleALU : inB | {1 }
	Port: simpleALU : op | {1 }
  - Chain level:
	State 1
		select_ln4 : 1
		ret_ln6 : 2


============================================================
+ Verbose Summary: Datapath Resource usage 
============================================================

* Functional unit list:
|----------|---------------------|---------|---------|
| Operation|   Functional Unit   |    FF   |   LUT   |
|----------|---------------------|---------|---------|
|    add   |   add_ln186_fu_46   |    0    |    24   |
|----------|---------------------|---------|---------|
|    sub   |   sub_ln186_fu_52   |    0    |    24   |
|----------|---------------------|---------|---------|
|  select  |   select_ln4_fu_58  |    0    |    17   |
|----------|---------------------|---------|---------|
|          |  op_read_read_fu_28 |    0    |    0    |
|   read   | inB_read_read_fu_34 |    0    |    0    |
|          | inA_read_read_fu_40 |    0    |    0    |
|----------|---------------------|---------|---------|
|   Total  |                     |    0    |    65   |
|----------|---------------------|---------|---------|

Memories:
N/A

* Register list:
N/A

* Multiplexer (MUX) list: 
|--------|------|------|------|--------|
|  Comp  |  Pin | Size |  BW  | S x BW |
|--------|------|------|------|--------|
|  Total |      |      |      |    0   |
|--------|------|------|------|--------|



* Summary:
+-----------+--------+--------+
|           |   FF   |   LUT  |
+-----------+--------+--------+
|  Function |    0   |   65   |
|   Memory  |    -   |    -   |
|Multiplexer|    -   |    -   |
|  Register |    -   |    -   |
+-----------+--------+--------+
|   Total   |    0   |   65   |
+-----------+--------+--------+
