
*** Running vivado
    with args -log design_1_axi_bram_ctrl_0_1.vds -m64 -product Vivado -mode batch -messageDb vivado.pb -notrace -source design_1_axi_bram_ctrl_0_1.tcl



****** Vivado v2022.2 (64-bit)
  **** SW Build 3671981 on Fri Oct 14 05:00:03 MDT 2022
  **** IP Build 3669848 on Fri Oct 14 08:30:02 MDT 2022
    ** Copyright 1986-2022 Xilinx, Inc. All Rights Reserved.

source design_1_axi_bram_ctrl_0_1.tcl -notrace
create_project: Time (s): cpu = 00:00:07 ; elapsed = 00:00:11 . Memory (MB): peak = 1393.020 ; gain = 118.043
INFO: [IP_Flow 19-234] Refreshing IP repositories
INFO: [IP_Flow 19-1700] Loaded user IP repository 'c:/Users/pcost/Documents/github/Dissertation/training/leonardo_tutorials_hls/lab_06_hls/solution1'.
INFO: [IP_Flow 19-2313] Loaded Vivado IP repository 'E:/Pedro/Programs/Xilinx/Vivado/2022.2/data/ip'.
WARNING: [IP_Flow 19-4995] The host OS only allows 260 characters in a normal path. The IP cache path is more than 80 characters. If you experience issues with IP caching, please consider changing the IP cache to a location with a shorter path. Alternately consider using the OS subst command to map part of the path to a drive letter. 
Current IP cache path is c:/Users/pcost/Documents/github/Dissertation/training/leonardo_tutorials/lab_06/lab_06.cache/ip 
INFO: [IP_Flow 19-6924] IPCACHE: Running cache check for IP inst: design_1_axi_bram_ctrl_0_1
INFO: [IP_Flow 19-6922] IPCACHE: Exporting cached entry 80097c93827c65db to dir: C:/Users/pcost/Documents/github/Dissertation/training/leonardo_tutorials/lab_06/lab_06.runs/design_1_axi_bram_ctrl_0_1_synth_1
INFO: [IP_Flow 19-6928] IPCACHE: copied cached file c:/Users/pcost/Documents/github/Dissertation/training/leonardo_tutorials/lab_06/lab_06.cache/ip/2022.2/8/0/80097c93827c65db/design_1_axi_bram_ctrl_1_1.dcp to C:/Users/pcost/Documents/github/Dissertation/training/leonardo_tutorials/lab_06/lab_06.runs/design_1_axi_bram_ctrl_0_1_synth_1/design_1_axi_bram_ctrl_0_1.dcp.
INFO: [IP_Flow 19-6928] IPCACHE: copied cached file c:/Users/pcost/Documents/github/Dissertation/training/leonardo_tutorials/lab_06/lab_06.cache/ip/2022.2/8/0/80097c93827c65db/design_1_axi_bram_ctrl_1_1_sim_netlist.v to C:/Users/pcost/Documents/github/Dissertation/training/leonardo_tutorials/lab_06/lab_06.runs/design_1_axi_bram_ctrl_0_1_synth_1/design_1_axi_bram_ctrl_0_1_sim_netlist.v.
INFO: [IP_Flow 19-6928] IPCACHE: copied cached file c:/Users/pcost/Documents/github/Dissertation/training/leonardo_tutorials/lab_06/lab_06.cache/ip/2022.2/8/0/80097c93827c65db/design_1_axi_bram_ctrl_1_1_sim_netlist.vhdl to C:/Users/pcost/Documents/github/Dissertation/training/leonardo_tutorials/lab_06/lab_06.runs/design_1_axi_bram_ctrl_0_1_synth_1/design_1_axi_bram_ctrl_0_1_sim_netlist.vhdl.
INFO: [IP_Flow 19-6928] IPCACHE: copied cached file c:/Users/pcost/Documents/github/Dissertation/training/leonardo_tutorials/lab_06/lab_06.cache/ip/2022.2/8/0/80097c93827c65db/design_1_axi_bram_ctrl_1_1_stub.v to C:/Users/pcost/Documents/github/Dissertation/training/leonardo_tutorials/lab_06/lab_06.runs/design_1_axi_bram_ctrl_0_1_synth_1/design_1_axi_bram_ctrl_0_1_stub.v.
INFO: [IP_Flow 19-6928] IPCACHE: copied cached file c:/Users/pcost/Documents/github/Dissertation/training/leonardo_tutorials/lab_06/lab_06.cache/ip/2022.2/8/0/80097c93827c65db/design_1_axi_bram_ctrl_1_1_stub.vhdl to C:/Users/pcost/Documents/github/Dissertation/training/leonardo_tutorials/lab_06/lab_06.runs/design_1_axi_bram_ctrl_0_1_synth_1/design_1_axi_bram_ctrl_0_1_stub.vhdl.
INFO: [IP_Flow 19-4838] Using cached IP synthesis design for IP design_1_axi_bram_ctrl_0_1, cache-ID = 80097c93827c65db.
INFO: [Common 17-206] Exiting Vivado at Sat Dec  3 09:36:34 2022...
