Tue Nov 29 16:23:26 2022: Running xcd server. This server was built by gradle.
Tue Nov 29 16:23:26 2022: Server was asked to start on port: '37063'
Tue Nov 29 16:23:26 2022: Server is using token UUID: 'fcaa72cd-efe4-4a3f-b34f-9d91cac257ac'
Tue Nov 29 16:23:26 2022: SESSION_MGR: creating session with session uuid: '6d04a3e9-ade5-4ab9-8d63-1f78fcd2ec76' and name 'default'
Tue Nov 29 16:23:26 2022: Attempting to start server on port '37063'
Tue Nov 29 16:23:26 2022: XCD main fifo: created main fifo '/tmp/xcdmainfcaa72cd-efe4-4a3f-b34f-9d91cac257ac', fd read = 13
Tue Nov 29 16:23:26 2022: Running Dispatch Server
Tue Nov 29 16:23:26 2022: Version 2.2.0
Tue Nov 29 16:23:34 2022: Dispatch Server: Accepted socket connection from client
Tue Nov 29 16:23:34 2022: Starting Socket connection
Tue Nov 29 16:23:34 2022: EXCHANGE_TOKEN received, server token: fcaa72cd-efe4-4a3f-b34f-9d91cac257ac, passed token: fcaa72cd-efe4-4a3f-b34f-9d91cac257ac
Tue Nov 29 16:23:34 2022: SESSION_MGR: creating session with session uuid: '33f72706-6d60-45aa-9ed9-370b0228a034' and name 'vitis_hls'
Tue Nov 29 16:23:34 2022: KERNEL_SVC: creating session with uuid: '33f72706-6d60-45aa-9ed9-370b0228a034' and name 'vitis_hls'
Tue Nov 29 16:23:34 2022: GUIDANCE_SMGR: creating guidance session with uuid: '33f72706-6d60-45aa-9ed9-370b0228a034' and name 'vitis_hls'
Tue Nov 29 16:24:51 2022: STOP_SERVER received, server token: fcaa72cd-efe4-4a3f-b34f-9d91cac257ac, passed token: fcaa72cd-efe4-4a3f-b34f-9d91cac257ac
Tue Nov 29 16:24:51 2022: Socket received request to stop server.
Tue Nov 29 16:24:51 2022: Dispatch Server: do_await_stop
Tue Nov 29 16:24:51 2022: Dispatch Server: stopping mainFifo_
Tue Nov 29 16:24:51 2022: XCD main fifo: Stopping
Tue Nov 29 16:24:51 2022: XCD main fifo: do_read error code: Operation canceled
Tue Nov 29 16:24:51 2022: XCD main fifo: bytes_transferred: 0
Tue Nov 29 16:24:51 2022: SERVER: destructor for server bound to port 37063
Tue Nov 29 16:24:51 2022: XCD main fifo: Good unlink of /tmp/xcdmainfcaa72cd-efe4-4a3f-b34f-9d91cac257ac
Tue Nov 29 16:24:51 2022: Server exiting with status 0.
Tue Nov 29 16:24:51 2022: Closing log file.
Tue Nov 29 16:28:35 2022: Running xcd server. This server was built by gradle.
Tue Nov 29 16:28:35 2022: Server was asked to start on port: '43097'
Tue Nov 29 16:28:35 2022: Server is using token UUID: 'd1b07467-a22c-4dfc-8086-8a8da3014a0f'
Tue Nov 29 16:28:35 2022: SESSION_MGR: creating session with session uuid: '6d04a3e9-ade5-4ab9-8d63-1f78fcd2ec76' and name 'default'
Tue Nov 29 16:28:35 2022: Attempting to start server on port '43097'
Tue Nov 29 16:28:35 2022: XCD main fifo: created main fifo '/tmp/xcdmaind1b07467-a22c-4dfc-8086-8a8da3014a0f', fd read = 13
Tue Nov 29 16:28:35 2022: Running Dispatch Server
Tue Nov 29 16:28:35 2022: Version 2.2.0
Tue Nov 29 16:28:43 2022: Dispatch Server: Accepted socket connection from client
Tue Nov 29 16:28:43 2022: Starting Socket connection
Tue Nov 29 16:28:43 2022: EXCHANGE_TOKEN received, server token: d1b07467-a22c-4dfc-8086-8a8da3014a0f, passed token: d1b07467-a22c-4dfc-8086-8a8da3014a0f
Tue Nov 29 16:28:43 2022: SESSION_MGR: creating session with session uuid: 'c49ce855-f6ea-42c0-9be4-1df3f6fc5534' and name 'vitis_hls'
Tue Nov 29 16:28:43 2022: KERNEL_SVC: creating session with uuid: 'c49ce855-f6ea-42c0-9be4-1df3f6fc5534' and name 'vitis_hls'
Tue Nov 29 16:28:43 2022: GUIDANCE_SMGR: creating guidance session with uuid: 'c49ce855-f6ea-42c0-9be4-1df3f6fc5534' and name 'vitis_hls'
Tue Nov 29 16:31:11 2022: STOP_SERVER received, server token: d1b07467-a22c-4dfc-8086-8a8da3014a0f, passed token: d1b07467-a22c-4dfc-8086-8a8da3014a0f
Tue Nov 29 16:31:11 2022: Socket received request to stop server.
Tue Nov 29 16:31:11 2022: Dispatch Server: do_await_stop
Tue Nov 29 16:31:11 2022: Dispatch Server: stopping mainFifo_
Tue Nov 29 16:31:11 2022: XCD main fifo: Stopping
Tue Nov 29 16:31:11 2022: XCD main fifo: do_read error code: Operation canceled
Tue Nov 29 16:31:11 2022: XCD main fifo: bytes_transferred: 0
Tue Nov 29 16:31:11 2022: SERVER: destructor for server bound to port 43097
Tue Nov 29 16:31:11 2022: XCD main fifo: Good unlink of /tmp/xcdmaind1b07467-a22c-4dfc-8086-8a8da3014a0f
Tue Nov 29 16:31:11 2022: Server exiting with status 0.
Tue Nov 29 16:31:11 2022: Closing log file.
Tue Nov 29 16:35:40 2022: Running xcd server. This server was built by gradle.
Tue Nov 29 16:35:40 2022: Server was asked to start on port: '34919'
Tue Nov 29 16:35:40 2022: Server is using token UUID: 'a49609d5-75c7-4af5-b863-50a449b52298'
Tue Nov 29 16:35:40 2022: SESSION_MGR: creating session with session uuid: '6d04a3e9-ade5-4ab9-8d63-1f78fcd2ec76' and name 'default'
Tue Nov 29 16:35:40 2022: Attempting to start server on port '34919'
Tue Nov 29 16:35:40 2022: XCD main fifo: created main fifo '/tmp/xcdmaina49609d5-75c7-4af5-b863-50a449b52298', fd read = 13
Tue Nov 29 16:35:40 2022: Running Dispatch Server
Tue Nov 29 16:35:40 2022: Version 2.2.0
Tue Nov 29 16:35:46 2022: Dispatch Server: Accepted socket connection from client
Tue Nov 29 16:35:46 2022: Starting Socket connection
Tue Nov 29 16:35:46 2022: EXCHANGE_TOKEN received, server token: a49609d5-75c7-4af5-b863-50a449b52298, passed token: a49609d5-75c7-4af5-b863-50a449b52298
Tue Nov 29 16:35:46 2022: SESSION_MGR: creating session with session uuid: '42e66ef8-5308-46e6-96f5-81c73a72a93b' and name 'vitis_hls'
Tue Nov 29 16:35:46 2022: KERNEL_SVC: creating session with uuid: '42e66ef8-5308-46e6-96f5-81c73a72a93b' and name 'vitis_hls'
Tue Nov 29 16:35:46 2022: GUIDANCE_SMGR: creating guidance session with uuid: '42e66ef8-5308-46e6-96f5-81c73a72a93b' and name 'vitis_hls'
Tue Nov 29 16:36:57 2022: STOP_SERVER received, server token: a49609d5-75c7-4af5-b863-50a449b52298, passed token: a49609d5-75c7-4af5-b863-50a449b52298
Tue Nov 29 16:36:57 2022: Socket received request to stop server.
Tue Nov 29 16:36:57 2022: Dispatch Server: do_await_stop
Tue Nov 29 16:36:57 2022: Dispatch Server: stopping mainFifo_
Tue Nov 29 16:36:57 2022: XCD main fifo: Stopping
Tue Nov 29 16:36:57 2022: XCD main fifo: do_read error code: Operation canceled
Tue Nov 29 16:36:57 2022: XCD main fifo: bytes_transferred: 0
Tue Nov 29 16:36:57 2022: SERVER: destructor for server bound to port 34919
Tue Nov 29 16:36:57 2022: XCD main fifo: Good unlink of /tmp/xcdmaina49609d5-75c7-4af5-b863-50a449b52298
Tue Nov 29 16:36:57 2022: Server exiting with status 0.
Tue Nov 29 16:36:57 2022: Closing log file.
