Sun Jan  1 12:03:46 2023: Running xcd server. This server was built by gradle.
Sun Jan  1 12:03:46 2023: Server was asked to start on port: '42615'
Sun Jan  1 12:03:46 2023: Server is using token UUID: '51a430f0-a46d-406f-a17b-9c1f69328ff9'
Sun Jan  1 12:03:46 2023: SESSION_MGR: creating session with session uuid: '6d04a3e9-ade5-4ab9-8d63-1f78fcd2ec76' and name 'default'
Sun Jan  1 12:03:46 2023: Attempting to start server on port '42615'
Sun Jan  1 12:03:46 2023: XCD main fifo: created main fifo '/tmp/xcdmain51a430f0-a46d-406f-a17b-9c1f69328ff9', fd read = 13
Sun Jan  1 12:03:46 2023: Running Dispatch Server
Sun Jan  1 12:03:46 2023: Version 2.2.0
Sun Jan  1 12:03:53 2023: Dispatch Server: Accepted socket connection from client
Sun Jan  1 12:03:53 2023: Starting Socket connection
Sun Jan  1 12:03:53 2023: EXCHANGE_TOKEN received, server token: 51a430f0-a46d-406f-a17b-9c1f69328ff9, passed token: 51a430f0-a46d-406f-a17b-9c1f69328ff9
Sun Jan  1 12:03:53 2023: SESSION_MGR: creating session with session uuid: '7893863e-58c9-4cfe-9adc-6a91052853b3' and name 'vitis_hls'
Sun Jan  1 12:03:53 2023: KERNEL_SVC: creating session with uuid: '7893863e-58c9-4cfe-9adc-6a91052853b3' and name 'vitis_hls'
Sun Jan  1 12:03:53 2023: GUIDANCE_SMGR: creating guidance session with uuid: '7893863e-58c9-4cfe-9adc-6a91052853b3' and name 'vitis_hls'
Sun Jan  1 12:04:15 2023: STOP_SERVER received, server token: 51a430f0-a46d-406f-a17b-9c1f69328ff9, passed token: 51a430f0-a46d-406f-a17b-9c1f69328ff9
Sun Jan  1 12:04:15 2023: Socket received request to stop server.
Sun Jan  1 12:04:15 2023: Dispatch Server: do_await_stop
Sun Jan  1 12:04:15 2023: Dispatch Server: stopping mainFifo_
Sun Jan  1 12:04:15 2023: XCD main fifo: Stopping
Sun Jan  1 12:04:15 2023: XCD main fifo: do_read error code: Operation canceled
Sun Jan  1 12:04:15 2023: XCD main fifo: bytes_transferred: 0
Sun Jan  1 12:04:15 2023: SERVER: destructor for server bound to port 42615
Sun Jan  1 12:04:15 2023: XCD main fifo: Good unlink of /tmp/xcdmain51a430f0-a46d-406f-a17b-9c1f69328ff9
Sun Jan  1 12:04:15 2023: Server exiting with status 0.
Sun Jan  1 12:04:15 2023: Closing log file.
Sun Jan  1 12:05:52 2023: Running xcd server. This server was built by gradle.
Sun Jan  1 12:05:52 2023: Server was asked to start on port: '33817'
Sun Jan  1 12:05:52 2023: Server is using token UUID: 'e6513086-25c8-492a-ae2b-4671751ec0df'
Sun Jan  1 12:05:52 2023: SESSION_MGR: creating session with session uuid: '6d04a3e9-ade5-4ab9-8d63-1f78fcd2ec76' and name 'default'
Sun Jan  1 12:05:52 2023: Attempting to start server on port '33817'
Sun Jan  1 12:05:52 2023: XCD main fifo: created main fifo '/tmp/xcdmaine6513086-25c8-492a-ae2b-4671751ec0df', fd read = 13
Sun Jan  1 12:05:52 2023: Running Dispatch Server
Sun Jan  1 12:05:52 2023: Version 2.2.0
Sun Jan  1 12:05:59 2023: Dispatch Server: Accepted socket connection from client
Sun Jan  1 12:05:59 2023: Starting Socket connection
Sun Jan  1 12:05:59 2023: EXCHANGE_TOKEN received, server token: e6513086-25c8-492a-ae2b-4671751ec0df, passed token: e6513086-25c8-492a-ae2b-4671751ec0df
Sun Jan  1 12:05:59 2023: SESSION_MGR: creating session with session uuid: '7dd3d6c8-922d-48b1-b914-93463a75db59' and name 'vitis_hls'
Sun Jan  1 12:05:59 2023: KERNEL_SVC: creating session with uuid: '7dd3d6c8-922d-48b1-b914-93463a75db59' and name 'vitis_hls'
Sun Jan  1 12:05:59 2023: GUIDANCE_SMGR: creating guidance session with uuid: '7dd3d6c8-922d-48b1-b914-93463a75db59' and name 'vitis_hls'
Sun Jan  1 12:06:52 2023: STOP_SERVER received, server token: e6513086-25c8-492a-ae2b-4671751ec0df, passed token: e6513086-25c8-492a-ae2b-4671751ec0df
Sun Jan  1 12:06:52 2023: Socket received request to stop server.
Sun Jan  1 12:06:52 2023: Dispatch Server: do_await_stop
Sun Jan  1 12:06:52 2023: Dispatch Server: stopping mainFifo_
Sun Jan  1 12:06:52 2023: XCD main fifo: Stopping
Sun Jan  1 12:06:52 2023: XCD main fifo: do_read error code: Operation canceled
Sun Jan  1 12:06:52 2023: XCD main fifo: bytes_transferred: 0
Sun Jan  1 12:06:52 2023: SERVER: destructor for server bound to port 33817
Sun Jan  1 12:06:52 2023: XCD main fifo: Good unlink of /tmp/xcdmaine6513086-25c8-492a-ae2b-4671751ec0df
Sun Jan  1 12:06:52 2023: Server exiting with status 0.
Sun Jan  1 12:06:52 2023: Closing log file.
Sun Jan  1 12:10:00 2023: Running xcd server. This server was built by gradle.
Sun Jan  1 12:10:00 2023: Server was asked to start on port: '46015'
Sun Jan  1 12:10:00 2023: Server is using token UUID: '32d1cd35-e766-485d-9712-7c56204f7d03'
Sun Jan  1 12:10:00 2023: SESSION_MGR: creating session with session uuid: '6d04a3e9-ade5-4ab9-8d63-1f78fcd2ec76' and name 'default'
Sun Jan  1 12:10:00 2023: Attempting to start server on port '46015'
Sun Jan  1 12:10:00 2023: XCD main fifo: created main fifo '/tmp/xcdmain32d1cd35-e766-485d-9712-7c56204f7d03', fd read = 13
Sun Jan  1 12:10:00 2023: Running Dispatch Server
Sun Jan  1 12:10:00 2023: Version 2.2.0
Sun Jan  1 12:10:08 2023: Dispatch Server: Accepted socket connection from client
Sun Jan  1 12:10:08 2023: Starting Socket connection
Sun Jan  1 12:10:08 2023: EXCHANGE_TOKEN received, server token: 32d1cd35-e766-485d-9712-7c56204f7d03, passed token: 32d1cd35-e766-485d-9712-7c56204f7d03
Sun Jan  1 12:10:08 2023: SESSION_MGR: creating session with session uuid: 'a8d0f2e8-fcaf-43ab-9000-e650da4929bb' and name 'vitis_hls'
Sun Jan  1 12:10:08 2023: KERNEL_SVC: creating session with uuid: 'a8d0f2e8-fcaf-43ab-9000-e650da4929bb' and name 'vitis_hls'
Sun Jan  1 12:10:08 2023: GUIDANCE_SMGR: creating guidance session with uuid: 'a8d0f2e8-fcaf-43ab-9000-e650da4929bb' and name 'vitis_hls'
Sun Jan  1 12:10:35 2023: STOP_SERVER received, server token: 32d1cd35-e766-485d-9712-7c56204f7d03, passed token: 32d1cd35-e766-485d-9712-7c56204f7d03
Sun Jan  1 12:10:35 2023: Socket received request to stop server.
Sun Jan  1 12:10:35 2023: Dispatch Server: do_await_stop
Sun Jan  1 12:10:35 2023: Dispatch Server: stopping mainFifo_
Sun Jan  1 12:10:35 2023: XCD main fifo: Stopping
Sun Jan  1 12:10:35 2023: XCD main fifo: do_read error code: Operation canceled
Sun Jan  1 12:10:35 2023: XCD main fifo: bytes_transferred: 0
Sun Jan  1 12:10:35 2023: SERVER: destructor for server bound to port 46015
Sun Jan  1 12:10:35 2023: XCD main fifo: Good unlink of /tmp/xcdmain32d1cd35-e766-485d-9712-7c56204f7d03
Sun Jan  1 12:10:35 2023: Server exiting with status 0.
Sun Jan  1 12:10:35 2023: Closing log file.
