INFO: [COSIM-47] Using XSIM for RTL simulation.
INFO: [COSIM-14] Instrumenting C test bench ...
   Build using "E:/Pedro/Programs/Xilinx/Vitis_HLS/2022.2/tps/win64/msys64/mingw64/bin/g++"
   Compiling apatb_find.cpp
   Compiling (apcc) find_core.c_pre.c.tb.c
INFO: [HLS 200-10] Running 'E:/Pedro/Programs/Xilinx/Vitis_HLS/2022.2/bin/unwrapped/win64.o/apcc.exe'
INFO: [HLS 200-10] For user 'pcost' on host 'desktop-482l3je' (Windows NT_amd64 version 6.2) on Wed Nov 23 20:31:32 +0000 2022
INFO: [HLS 200-10] In directory 'C:/Users/pcost/Documents/github/Dissertation/training/leonardo_tutorials_hls/lab_02_hls/solution1/sim/wrapc'
clang: warning: argument unused during compilation: '-fno-builtin-isinf'
clang: warning: argument unused during compilation: '-fno-builtin-isnan'
INFO: [APCC 202-3] Tmp directory is apcc_db
INFO: [APCC 202-1] APCC is done.
INFO: [HLS 200-112] Total CPU user time: 0 seconds. Total CPU system time: 0 seconds. Total elapsed time: 1.019 seconds; peak allocated memory: 5.457 MB.
   Compiling (apcc) find_core_test.c_pre.c.tb.c
INFO: [HLS 200-10] Running 'E:/Pedro/Programs/Xilinx/Vitis_HLS/2022.2/bin/unwrapped/win64.o/apcc.exe'
INFO: [HLS 200-10] For user 'pcost' on host 'desktop-482l3je' (Windows NT_amd64 version 6.2) on Wed Nov 23 20:31:35 +0000 2022
INFO: [HLS 200-10] In directory 'C:/Users/pcost/Documents/github/Dissertation/training/leonardo_tutorials_hls/lab_02_hls/solution1/sim/wrapc'
clang: warning: argument unused during compilation: '-fno-builtin-isinf'
clang: warning: argument unused during compilation: '-fno-builtin-isnan'
INFO: [APCC 202-3] Tmp directory is apcc_db
INFO: [APCC 202-1] APCC is done.
INFO: [HLS 200-112] Total CPU user time: 0 seconds. Total CPU system time: 0 seconds. Total elapsed time: 0.975 seconds; peak allocated memory: 0.000 MB.
   Compiling apatb_find_ir.ll
   Generating cosim.tv.exe
INFO: [COSIM-302] Starting C TB testing ... 
INFO: [COSIM-333] Generating C post check test bench ...
INFO: [COSIM-12] Generating RTL test bench ...
INFO: [COSIM-1] *** C/RTL co-simulation file generation completed. ***
INFO: [COSIM-323] Starting verilog simulation. 
INFO: [COSIM-15] Starting XSIM ...
INFO: [COSIM-316] Starting C post checking ...
out=[1, 0, 0, 0, 0, 0, 0, 0, 0, 1]

C:\Users\pcost\Documents\github\Dissertation\training\leonardo_tutorials_hls\lab_02_hls\solution1\sim\verilog>set PATH= 

C:\Users\pcost\Documents\github\Dissertation\training\leonardo_tutorials_hls\lab_02_hls\solution1\sim\verilog>call E:/Pedro/Programs/Xilinx/Vivado/2022.2/bin/xelab xil_defaultlib.apatb_find_top glbl -Oenable_linking_all_libraries  -prj find.prj -L smartconnect_v1_0 -L axi_protocol_checker_v1_1_12 -L axi_protocol_checker_v1_1_13 -L axis_protocol_checker_v1_1_11 -L axis_protocol_checker_v1_1_12 -L xil_defaultlib -L unisims_ver -L xpm  -L floating_point_v7_0_20 -L floating_point_v7_1_15 --lib "ieee_proposed=./ieee_proposed" -s find  
Vivado Simulator v2022.2
Copyright 1986-1999, 2001-2022 Xilinx, Inc. All Rights Reserved.
Running: E:/Pedro/Programs/Xilinx/Vivado/2022.2/bin/unwrapped/win64.o/xelab.exe xil_defaultlib.apatb_find_top glbl -Oenable_linking_all_libraries -prj find.prj -L smartconnect_v1_0 -L axi_protocol_checker_v1_1_12 -L axi_protocol_checker_v1_1_13 -L axis_protocol_checker_v1_1_11 -L axis_protocol_checker_v1_1_12 -L xil_defaultlib -L unisims_ver -L xpm -L floating_point_v7_0_20 -L floating_point_v7_1_15 --lib ieee_proposed=./ieee_proposed -s find 
Multi-threading is on. Using 6 slave threads.
INFO: [VRFC 10-2263] Analyzing SystemVerilog file "C:/Users/pcost/Documents/github/Dissertation/training/leonardo_tutorials_hls/lab_02_hls/solution1/sim/verilog/glbl.v" into library work
INFO: [VRFC 10-311] analyzing module glbl
INFO: [VRFC 10-2263] Analyzing SystemVerilog file "C:/Users/pcost/Documents/github/Dissertation/training/leonardo_tutorials_hls/lab_02_hls/solution1/sim/verilog/AESL_autofifo_in_vec.v" into library xil_defaultlib
INFO: [VRFC 10-311] analyzing module AESL_autofifo_in_vec
INFO: [VRFC 10-2263] Analyzing SystemVerilog file "C:/Users/pcost/Documents/github/Dissertation/training/leonardo_tutorials_hls/lab_02_hls/solution1/sim/verilog/AESL_autofifo_out_vec.v" into library xil_defaultlib
INFO: [VRFC 10-311] analyzing module AESL_autofifo_out_vec
INFO: [VRFC 10-2263] Analyzing SystemVerilog file "C:/Users/pcost/Documents/github/Dissertation/training/leonardo_tutorials_hls/lab_02_hls/solution1/sim/verilog/find.autotb.v" into library xil_defaultlib
INFO: [VRFC 10-311] analyzing module apatb_find_top
INFO: [VRFC 10-2263] Analyzing SystemVerilog file "C:/Users/pcost/Documents/github/Dissertation/training/leonardo_tutorials_hls/lab_02_hls/solution1/sim/verilog/find.v" into library xil_defaultlib
INFO: [VRFC 10-311] analyzing module find
INFO: [VRFC 10-2263] Analyzing SystemVerilog file "C:/Users/pcost/Documents/github/Dissertation/training/leonardo_tutorials_hls/lab_02_hls/solution1/sim/verilog/find_flow_control_loop_pipe.v" into library xil_defaultlib
INFO: [VRFC 10-311] analyzing module find_flow_control_loop_pipe
INFO: [VRFC 10-2263] Analyzing SystemVerilog file "C:/Users/pcost/Documents/github/Dissertation/training/leonardo_tutorials_hls/lab_02_hls/solution1/sim/verilog/dataflow_monitor.sv" into library xil_defaultlib
INFO: [VRFC 10-311] analyzing module dataflow_monitor
Starting static elaboration
Pass Through NonSizing Optimizer
Completed static elaboration
Starting simulation data flow analysis
Completed simulation data flow analysis
Time Resolution for simulation is 1ps
Compiling package xil_defaultlib.$unit_dataflow_monitor_sv
Compiling module xil_defaultlib.find_flow_control_loop_pipe
Compiling module xil_defaultlib.find
Compiling module xil_defaultlib.AESL_autofifo_in_vec
Compiling module xil_defaultlib.AESL_autofifo_out_vec
Compiling module xil_defaultlib.nodf_module_intf
Compiling module xil_defaultlib.upc_loop_intf(FSM_WIDTH=1)
Compiling module xil_defaultlib.dataflow_monitor_1
Compiling module xil_defaultlib.apatb_find_top
Compiling module work.glbl
Built simulation snapshot find

****** xsim v2022.2 (64-bit)
  **** SW Build 3671981 on Fri Oct 14 05:00:03 MDT 2022
  **** IP Build 3669848 on Fri Oct 14 08:30:02 MDT 2022
    ** Copyright 1986-2022 Xilinx, Inc. All Rights Reserved.

source xsim.dir/find/xsim_script.tcl
# xsim {find} -autoloadwcfg -tclbatch {find.tcl}
Time resolution is 1 ps
source find.tcl
## run all
////////////////////////////////////////////////////////////////////////////////////
// Inter-Transaction Progress: Completed Transaction / Total Transaction
// Intra-Transaction Progress: Measured Latency / Latency Estimation * 100%
//
// RTL Simulation : "Inter-Transaction Progress" ["Intra-Transaction Progress"] @ "Simulation Time"
////////////////////////////////////////////////////////////////////////////////////
// RTL Simulation : 0 / 1 [0.00%] @ "125000"
// RTL Simulation : 1 / 1 [100.00%] @ "255000"
////////////////////////////////////////////////////////////////////////////////////
$finish called at time : 315 ns : File "C:/Users/pcost/Documents/github/Dissertation/training/leonardo_tutorials_hls/lab_02_hls/solution1/sim/verilog/find.autotb.v" Line 329
## quit
INFO: [Common 17-206] Exiting xsim at Wed Nov 23 20:31:57 2022...
out=[1, 0, 0, 0, 0, 0, 0, 0, 0, 1]
INFO: [COSIM-1000] *** C/RTL co-simulation finished: PASS ***
INFO: [COSIM-211] II is measurable only when transaction number is greater than 1 in RTL simulation. Otherwise, they will be marked as all NA. If user wants to calculate them, please make sure there are at least 2 transactions in RTL simulation.
