

================================================================
== Synthesis Summary Report of 'gravity'
================================================================
+ General Information: 
    * Date:           Sun Nov 27 19:11:13 2022
    * Version:        2022.2 (Build 3670227 on Oct 13 2022)
    * Project:        lab_05_hls
    * Solution:       solution1 (Vivado IP Flow Target)
    * Product family: zynq
    * Target device:  xc7z020-clg400-1
    

+ Performance & Resource Estimates: 
    
    PS: '+' for module; 'o' for loop; '*' for dataflow
    +-----------+------+------+---------+---------+----------+---------+------+----------+------+--------+-----------+-----------+-----+
    |  Modules  | Issue|      | Latency | Latency | Iteration|         | Trip |          |      |        |           |           |     |
    |  & Loops  | Type | Slack| (cycles)|   (ns)  |  Latency | Interval| Count| Pipelined| BRAM |   DSP  |     FF    |    LUT    | URAM|
    +-----------+------+------+---------+---------+----------+---------+------+----------+------+--------+-----------+-----------+-----+
    |+ gravity  |     -|  0.60|       23|  230.000|         -|       24|     -|        no|     -|  6 (2%)|  588 (~0%)|  1079 (2%)|    -|
    +-----------+------+------+---------+---------+----------+---------+------+----------+------+--------+-----------+-----------+-----+


================================================================
== HW Interfaces
================================================================
* S_AXILITE Interfaces
+-------------+------------+---------------+--------+----------+
| Interface   | Data Width | Address Width | Offset | Register |
+-------------+------------+---------------+--------+----------+
| s_axi_CRTLS | 32         | 6             | 24     | 0        |
+-------------+------------+---------------+--------+----------+

* S_AXILITE Registers
+-------------+-----------+--------+-------+--------+----------------------------------+----------------------------------------------------------------------+
| Interface   | Register  | Offset | Width | Access | Description                      | Bit Fields                                                           |
+-------------+-----------+--------+-------+--------+----------------------------------+----------------------------------------------------------------------+
| s_axi_CRTLS | CTRL      | 0x00   | 32    | RW     | Control signals                  | 0=AP_START 1=AP_DONE 2=AP_IDLE 3=AP_READY 7=AUTO_RESTART 9=INTERRUPT |
| s_axi_CRTLS | GIER      | 0x04   | 32    | RW     | Global Interrupt Enable Register | 0=Enable                                                             |
| s_axi_CRTLS | IP_IER    | 0x08   | 32    | RW     | IP Interrupt Enable Register     | 0=CHAN0_INT_EN 1=CHAN1_INT_EN                                        |
| s_axi_CRTLS | IP_ISR    | 0x0c   | 32    | RW     | IP Interrupt Status Register     | 0=CHAN0_INT_ST 1=CHAN1_INT_ST                                        |
| s_axi_CRTLS | ap_return | 0x10   | 32    | R      | Data signal of ap_return         |                                                                      |
| s_axi_CRTLS | m1        | 0x18   | 32    | W      | Data signal of m1                |                                                                      |
| s_axi_CRTLS | m2        | 0x20   | 32    | W      | Data signal of m2                |                                                                      |
| s_axi_CRTLS | d         | 0x28   | 32    | W      | Data signal of d                 |                                                                      |
+-------------+-----------+--------+-------+--------+----------------------------------+----------------------------------------------------------------------+

* TOP LEVEL CONTROL
+-----------+------------+-----------+
| Interface | Type       | Ports     |
+-----------+------------+-----------+
| ap_clk    | clock      | ap_clk    |
| ap_rst_n  | reset      | ap_rst_n  |
| interrupt | interrupt  | interrupt |
| ap_ctrl   | ap_ctrl_hs |           |
+-----------+------------+-----------+


================================================================
== SW I/O Information
================================================================
* Top Function Arguments
+----------+-----------+----------+
| Argument | Direction | Datatype |
+----------+-----------+----------+
| m1       | in        | float    |
| m2       | in        | float    |
| d        | in        | float    |
| return   | out       | float    |
+----------+-----------+----------+

* SW-to-HW Mapping
+----------+--------------+----------+-------------------------------------+
| Argument | HW Interface | HW Type  | HW Info                             |
+----------+--------------+----------+-------------------------------------+
| m1       | s_axi_CRTLS  | register | name=m1 offset=0x18 range=32        |
| m2       | s_axi_CRTLS  | register | name=m2 offset=0x20 range=32        |
| d        | s_axi_CRTLS  | register | name=d offset=0x28 range=32         |
| return   | s_axi_CRTLS  | register | name=ap_return offset=0x10 range=32 |
+----------+--------------+----------+-------------------------------------+


================================================================
== Bind Op Report
================================================================
+------------------------------------+-----+--------+----------+------+--------+---------+
| Name                               | DSP | Pragma | Variable | Op   | Impl   | Latency |
+------------------------------------+-----+--------+----------+------+--------+---------+
| + gravity                          | 6   |        |          |      |        |         |
|   fmul_32ns_32ns_32_4_max_dsp_1_U1 | 3   |        | mul      | fmul | maxdsp | 3       |
|   fmul_32ns_32ns_32_4_max_dsp_1_U1 | 3   |        | mul1     | fmul | maxdsp | 3       |
|   fmul_32ns_32ns_32_4_max_dsp_1_U2 | 3   |        | mul2     | fmul | maxdsp | 3       |
|   fdiv_32ns_32ns_32_16_no_dsp_1_U3 | -   |        | div      | fdiv | fabric | 15      |
+------------------------------------+-----+--------+----------+------+--------+---------+


================================================================
== Bind Storage Report
================================================================
  No bind storage info in design

================================================================
== Pragma Report
================================================================
* Valid Pragma Syntax
+-----------+-----------------------------------------+--------------------------------------------------+
| Type      | Options                                 | Location                                         |
+-----------+-----------------------------------------+--------------------------------------------------+
| interface | mode=s_axilite bundle=CRTLS port=return | lab_05_hls/gravity_core.cpp:2 in gravity, return |
| interface | mode=s_axilite bundle=CRTLS port=d      | lab_05_hls/gravity_core.cpp:3 in gravity, d      |
| interface | mode=s_axilite bundle=CRTLS port=m1     | lab_05_hls/gravity_core.cpp:4 in gravity, m1     |
| interface | mode=s_axilite bundle=CRTLS port=m2     | lab_05_hls/gravity_core.cpp:5 in gravity, m2     |
+-----------+-----------------------------------------+--------------------------------------------------+


