#-----------------------------------------------------------
# Vivado v2022.2 (64-bit)
# SW Build 3671981 on Fri Oct 14 05:00:03 MDT 2022
# IP Build 3669848 on Fri Oct 14 08:30:02 MDT 2022
# Start of session at: Sun Nov 27 12:38:08 2022
# Process ID: 10072
# Current directory: C:/Users/pcost/Documents/github/Dissertation/training/leonardo_tutorials_hls/lab_04_hls/solution1/.autopilot/db/ip_tmp
# Command line: vivado.exe -notrace -log vivado.log -mode batch -source run_vivado_gen_ip.tcl
# Log file: C:/Users/pcost/Documents/github/Dissertation/training/leonardo_tutorials_hls/lab_04_hls/solution1/.autopilot/db/ip_tmp/vivado.log
# Journal file: C:/Users/pcost/Documents/github/Dissertation/training/leonardo_tutorials_hls/lab_04_hls/solution1/.autopilot/db/ip_tmp\vivado.jou
# Running On: DESKTOP-482L3JE, OS: Windows, CPU Frequency: 3500 MHz, CPU Physical cores: 4, Host memory: 8531 MB
#-----------------------------------------------------------
source run_vivado_gen_ip.tcl -notrace
create_project: Time (s): cpu = 00:00:06 ; elapsed = 00:00:09 . Memory (MB): peak = 1393.301 ; gain = 116.637
INFO: [IP_Flow 19-234] Refreshing IP repositories
INFO: [IP_Flow 19-1704] No user IP repositories specified
INFO: [IP_Flow 19-2313] Loaded Vivado IP repository 'E:/Pedro/Programs/Xilinx/Vivado/2022.2/data/ip'.
WARNING: [IP_Flow 19-4832] The IP name 'distPoints_float_dadd_64ns_64ns_64_7_full_dsp_1_ip' you have specified is long. The Windows operating system has path length limitations. It is recommended you use shorter names to reduce the likelihood of issues.
create_ip: Time (s): cpu = 00:00:03 ; elapsed = 00:00:06 . Memory (MB): peak = 1436.230 ; gain = 42.930
INFO: [IP_Flow 19-1686] Generating 'Synthesis' target for IP 'distPoints_float_dadd_64ns_64ns_64_7_full_dsp_1_ip'...
INFO: [IP_Flow 19-1686] Generating 'Simulation' target for IP 'distPoints_float_dadd_64ns_64ns_64_7_full_dsp_1_ip'...
WARNING: [IP_Flow 19-4832] The IP name 'distPoints_float_fpext_32ns_64_2_no_dsp_1_ip' you have specified is long. The Windows operating system has path length limitations. It is recommended you use shorter names to reduce the likelihood of issues.
INFO: [IP_Flow 19-1686] Generating 'Synthesis' target for IP 'distPoints_float_fpext_32ns_64_2_no_dsp_1_ip'...
INFO: [IP_Flow 19-1686] Generating 'Simulation' target for IP 'distPoints_float_fpext_32ns_64_2_no_dsp_1_ip'...
WARNING: [IP_Flow 19-4832] The IP name 'distPoints_float_fptrunc_64ns_32_2_no_dsp_1_ip' you have specified is long. The Windows operating system has path length limitations. It is recommended you use shorter names to reduce the likelihood of issues.
INFO: [IP_Flow 19-1686] Generating 'Synthesis' target for IP 'distPoints_float_fptrunc_64ns_32_2_no_dsp_1_ip'...
INFO: [IP_Flow 19-1686] Generating 'Simulation' target for IP 'distPoints_float_fptrunc_64ns_32_2_no_dsp_1_ip'...
WARNING: [IP_Flow 19-4832] The IP name 'distPoints_float_fsqrt_32ns_32ns_32_16_no_dsp_1_ip' you have specified is long. The Windows operating system has path length limitations. It is recommended you use shorter names to reduce the likelihood of issues.
INFO: [IP_Flow 19-1686] Generating 'Synthesis' target for IP 'distPoints_float_fsqrt_32ns_32ns_32_16_no_dsp_1_ip'...
INFO: [IP_Flow 19-1686] Generating 'Simulation' target for IP 'distPoints_float_fsqrt_32ns_32ns_32_16_no_dsp_1_ip'...
WARNING: [IP_Flow 19-4832] The IP name 'distPoints_float_fsub_32ns_32ns_32_5_full_dsp_1_ip' you have specified is long. The Windows operating system has path length limitations. It is recommended you use shorter names to reduce the likelihood of issues.
INFO: [IP_Flow 19-1686] Generating 'Synthesis' target for IP 'distPoints_float_fsub_32ns_32ns_32_5_full_dsp_1_ip'...
INFO: [IP_Flow 19-1686] Generating 'Simulation' target for IP 'distPoints_float_fsub_32ns_32ns_32_5_full_dsp_1_ip'...
INFO: [Common 17-206] Exiting Vivado at Sun Nov 27 12:38:55 2022...
