INFO: [SIM 2] *************** CSIM start ***************
INFO: [SIM 4] CSIM will launch GCC as the compiler.
   Compiling(apcc) ../../../divide_core_test.c in debug mode
INFO: [HLS 200-10] Running '/tools/Xilinx/Vitis_HLS/2022.2/bin/unwrapped/lnx64.o/apcc'
INFO: [HLS 200-10] For user 'pedro' on host 'pedro-ThinkPad-T410s' (Linux_x86_64 version 5.4.0-149-generic) on Fri Jun 02 10:11:35 WEST 2023
INFO: [HLS 200-10] On os Ubuntu 20.04.6 LTS
INFO: [HLS 200-10] In directory '/home/pedro/Documents/github/Dissertation-Training/leonardo_tutorials_hls/lab_01_hls/solution1/csim/build'
INFO: [APCC 202-3] Tmp directory is /tmp/apcc_db_pedro/460741685697095918863
INFO: [APCC 202-1] APCC is done.
INFO: [HLS 200-112] Total CPU user time: 4.62 seconds. Total CPU system time: 0.49 seconds. Total elapsed time: 5.09 seconds; peak allocated memory: 99.008 MB.
   Compiling(apcc) ../../../divide_core.c in debug mode
INFO: [HLS 200-10] Running '/tools/Xilinx/Vitis_HLS/2022.2/bin/unwrapped/lnx64.o/apcc'
INFO: [HLS 200-10] For user 'pedro' on host 'pedro-ThinkPad-T410s' (Linux_x86_64 version 5.4.0-149-generic) on Fri Jun 02 10:11:47 WEST 2023
INFO: [HLS 200-10] On os Ubuntu 20.04.6 LTS
INFO: [HLS 200-10] In directory '/home/pedro/Documents/github/Dissertation-Training/leonardo_tutorials_hls/lab_01_hls/solution1/csim/build'
INFO: [APCC 202-3] Tmp directory is /tmp/apcc_db_pedro/461341685697107626051
INFO: [APCC 202-1] APCC is done.
INFO: [HLS 200-112] Total CPU user time: 7.67 seconds. Total CPU system time: 0.64 seconds. Total elapsed time: 7.74 seconds; peak allocated memory: 99.012 MB.
   Generating csim.exe
8/3 = <Q:2 R:2>
4/2 = <Q:2 R:0>
INFO: [SIM 1] CSim done with 0 errors.
INFO: [SIM 3] *************** CSIM finish ***************
