#-----------------------------------------------------------
# Vivado v2022.2 (64-bit)
# SW Build 3671981 on Fri Oct 14 05:00:03 MDT 2022
# IP Build 3669848 on Fri Oct 14 08:30:02 MDT 2022
# Start of session at: Sun Nov 27 19:14:31 2022
# Process ID: 9668
# Current directory: C:/Users/pcost/Documents/github/Dissertation/training/leonardo_tutorials_hls/lab_05_hls/solution1/.autopilot/db/ip_tmp
# Command line: vivado.exe -notrace -log vivado.log -mode batch -source run_vivado_gen_ip.tcl
# Log file: C:/Users/pcost/Documents/github/Dissertation/training/leonardo_tutorials_hls/lab_05_hls/solution1/.autopilot/db/ip_tmp/vivado.log
# Journal file: C:/Users/pcost/Documents/github/Dissertation/training/leonardo_tutorials_hls/lab_05_hls/solution1/.autopilot/db/ip_tmp\vivado.jou
# Running On: DESKTOP-482L3JE, OS: Windows, CPU Frequency: 3500 MHz, CPU Physical cores: 4, Host memory: 8531 MB
#-----------------------------------------------------------
source run_vivado_gen_ip.tcl -notrace
create_project: Time (s): cpu = 00:00:05 ; elapsed = 00:00:08 . Memory (MB): peak = 1394.637 ; gain = 118.012
INFO: [IP_Flow 19-234] Refreshing IP repositories
INFO: [IP_Flow 19-1704] No user IP repositories specified
INFO: [IP_Flow 19-2313] Loaded Vivado IP repository 'E:/Pedro/Programs/Xilinx/Vivado/2022.2/data/ip'.
WARNING: [IP_Flow 19-4832] The IP name 'gravity_fdiv_32ns_32ns_32_16_no_dsp_1_ip' you have specified is long. The Windows operating system has path length limitations. It is recommended you use shorter names to reduce the likelihood of issues.
create_ip: Time (s): cpu = 00:00:04 ; elapsed = 00:00:05 . Memory (MB): peak = 1438.570 ; gain = 43.934
INFO: [IP_Flow 19-1686] Generating 'Synthesis' target for IP 'gravity_fdiv_32ns_32ns_32_16_no_dsp_1_ip'...
INFO: [IP_Flow 19-1686] Generating 'Simulation' target for IP 'gravity_fdiv_32ns_32ns_32_16_no_dsp_1_ip'...
WARNING: [IP_Flow 19-4832] The IP name 'gravity_fmul_32ns_32ns_32_4_max_dsp_1_ip' you have specified is long. The Windows operating system has path length limitations. It is recommended you use shorter names to reduce the likelihood of issues.
INFO: [IP_Flow 19-1686] Generating 'Synthesis' target for IP 'gravity_fmul_32ns_32ns_32_4_max_dsp_1_ip'...
INFO: [IP_Flow 19-1686] Generating 'Simulation' target for IP 'gravity_fmul_32ns_32ns_32_4_max_dsp_1_ip'...
INFO: [Common 17-206] Exiting Vivado at Sun Nov 27 19:14:58 2022...
