INFO-FLOW: Workspace C:/Users/pcost/Documents/github/Dissertation/training/leonardo_tutorials_hls/lab_01_hls/solution1 opened at Wed Nov 23 11:00:49 +0000 2022
Execute     ap_set_clock -name default -period 10 -default=false 
INFO: [SYN 201-201] Setting up clock 'default' with a period of 10ns.
Execute     set_part xc7z020-clg400-1 
Execute       create_platform xc7z020-clg400-1 -board  
DBG:HLSDevice: Trying to load device library: E:/Pedro/Programs/Xilinx/Vitis_HLS/2022.2\lib\win64.o\xv_hlsvwrap.dll
DBG:HLSDevice: first parts/arch.xml in RDI_DATADIR: E:/Pedro/Programs/Xilinx/Vivado/2022.2/data/parts/arch.xml
DBG:HLSDevice: init success
INFO: [HLS 200-1611] Setting target device to 'xc7z020-clg400-1'
Command       create_platform done; 6.952 sec.
Execute       source E:/Pedro/Programs/Xilinx/Vitis_HLS/2022.2/common/technology/xilinx/common/xilinx.gen 
Execute         source E:/Pedro/Programs/Xilinx/Vitis_HLS/2022.2/common/technology/xilinx/interface/plb46.gen 
Execute         source E:/Pedro/Programs/Xilinx/Vitis_HLS/2022.2/common/technology/xilinx/interface/axi4.gen 
Execute         source E:/Pedro/Programs/Xilinx/Vitis_HLS/2022.2/common/technology/xilinx/interface/nativeAXI4.gen 
Execute           source E:/Pedro/Programs/Xilinx/Vitis_HLS/2022.2/common/technology/xilinx/interface/saxilite.gen 
Execute         source E:/Pedro/Programs/Xilinx/Vitis_HLS/2022.2/common/technology/xilinx/scripts/xilinxcoregen.gen 
Execute         source E:/Pedro/Programs/Xilinx/Vitis_HLS/2022.2/common/technology/xilinx/interface/XilEDKCoreGen.gen 
Execute         source E:/Pedro/Programs/Xilinx/Vitis_HLS/2022.2/common/technology/xilinx/ip/dds_compiler.gen 
Execute         source E:/Pedro/Programs/Xilinx/Vitis_HLS/2022.2/common/technology/xilinx/ip/util.gen 
Execute         source E:/Pedro/Programs/Xilinx/Vitis_HLS/2022.2/common/technology/xilinx/ip/xfft.gen 
Execute         source E:/Pedro/Programs/Xilinx/Vitis_HLS/2022.2/common/technology/xilinx/ip/xfir.gen 
Execute         source E:/Pedro/Programs/Xilinx/Vitis_HLS/2022.2/common/technology/xilinx/DSP48/dsp48.gen 
Command       ap_source done; 0.199 sec.
Execute       ap_part_info -name xc7z020-clg400-1 -data info 
Execute       config_compile -quiet -complex-mul-dsp=0 
Command     set_part done; 7.221 sec.
Execute     send_msg_by_id INFO @200-1505@%s%s  vivado 
INFO: [HLS 200-1505] Using flow_target 'vivado'
Command   open_solution done; 7.373 sec.
Execute   set_part xc7z020clg400-1 
INFO: [HLS 200-1510] Running: set_part xc7z020clg400-1 
Execute     create_platform xc7z020clg400-1 -board  
Execute     source E:/Pedro/Programs/Xilinx/Vitis_HLS/2022.2/common/technology/xilinx/common/xilinx.gen 
Execute       source E:/Pedro/Programs/Xilinx/Vitis_HLS/2022.2/common/technology/xilinx/interface/plb46.gen 
Execute       source E:/Pedro/Programs/Xilinx/Vitis_HLS/2022.2/common/technology/xilinx/interface/axi4.gen 
Execute       source E:/Pedro/Programs/Xilinx/Vitis_HLS/2022.2/common/technology/xilinx/interface/nativeAXI4.gen 
Execute         source E:/Pedro/Programs/Xilinx/Vitis_HLS/2022.2/common/technology/xilinx/interface/saxilite.gen 
Execute       source E:/Pedro/Programs/Xilinx/Vitis_HLS/2022.2/common/technology/xilinx/scripts/xilinxcoregen.gen 
Execute       source E:/Pedro/Programs/Xilinx/Vitis_HLS/2022.2/common/technology/xilinx/interface/XilEDKCoreGen.gen 
Execute       source E:/Pedro/Programs/Xilinx/Vitis_HLS/2022.2/common/technology/xilinx/ip/dds_compiler.gen 
Execute       source E:/Pedro/Programs/Xilinx/Vitis_HLS/2022.2/common/technology/xilinx/ip/util.gen 
Execute       source E:/Pedro/Programs/Xilinx/Vitis_HLS/2022.2/common/technology/xilinx/ip/xfft.gen 
Execute       source E:/Pedro/Programs/Xilinx/Vitis_HLS/2022.2/common/technology/xilinx/ip/xfir.gen 
Execute       source E:/Pedro/Programs/Xilinx/Vitis_HLS/2022.2/common/technology/xilinx/DSP48/dsp48.gen 
Command     ap_source done; 0.114 sec.
Execute     ap_part_info -name xc7z020-clg400-1 -data info 
Execute     config_compile -quiet -complex-mul-dsp=0 
Command   set_part done; 0.227 sec.
Execute   create_clock -period 10 -name default 
INFO: [HLS 200-1510] Running: create_clock -period 10 -name default 
Execute   csynth_design 
INFO: [HLS 200-1510] Running: csynth_design 
Execute     elaborate -effort=medium -skip_syncheck=0 -keep_printf=0 -skip_cdt=0 -skip_transform=0 -ng=0 -g=0 -opt_fp=0 -from_csynth_design=1 
INFO: [HLS 200-111] Finished File checks and directory preparation: CPU user time: 0 seconds. CPU system time: 0 seconds. Elapsed time: 10.133 seconds; current allocated memory: 1.030 GB.
INFO: [HLS 200-10] Analyzing design file 'lab_01_hls/divide_core.c' ... 
INFO-FLOW: Compiling one TU...
INFO-FLOW: Handling lab_01_hls/divide_core.c as C
Execute       ap_part_info -name xc7z020-clg400-1 -data info 
INFO-FLOW: Running: GCC PP 39
INFO-FLOW: Source preprocessing
Execute       ap_eval exec -ignorestderr E:/Pedro/Programs/Xilinx/Vitis_HLS/2022.2/win64/tools/clang-3.9-csynth/bin/clang lab_01_hls/divide_core.c -foptimization-record-file=C:/Users/pcost/Documents/github/Dissertation/training/leonardo_tutorials_hls/lab_01_hls/solution1/.autopilot/db/divide_core.c.clang.diag.yml -mllvm -pass-remarks-missed=reflow|pasta|unroll -mllvm -pass-remarks=reflow|pasta|unroll|inline -fno-limit-debug-info --sysroot E:/Pedro/Programs/Xilinx/Vitis_HLS/2022.2/tps/mingw/8.3.0/win64.o/nt -fhls -fno-exceptions -E -fno-math-errno -c -emit-llvm -mllvm -disable-llvm-optzns -Werror=implicit-function-declaration -Werror=implicit-hls-streams -Werror=return-type -Wpragmas -Wunused-parameter -Wdump-hls-pragmas -Wno-error=dump-hls-pragmas -std=gnu99 -fgnu89-inline -target fpga64-xilinx-mingw32 -D__VITIS_HLS__ -DAESL_SYN -D__SYNTHESIS__ -D__HLS_SYN__ -I E:/Pedro/Programs/Xilinx/Vitis_HLS/2022.2/common/technology/autopilot -I E:/Pedro/Programs/Xilinx/Vitis_HLS/2022.2/common/technology/autopilot/ap_sysc -include etc/autopilot_ssdm_op.h -D__DSP48E1__ -I /usr/include/x86_64-linux-gnu -o C:/Users/pcost/Documents/github/Dissertation/training/leonardo_tutorials_hls/lab_01_hls/solution1/.autopilot/db/divide_core.pp.0.c {-hls-platform-db-name=E:/Pedro/Programs/Xilinx/Vitis_HLS/2022.2/common/technology\xilinx/common/platform.db} -hls-platform-name=zynq_slow -device-resource-info=BRAM_280.000000_DSP_220.000000_FF_106400.000000_LUT_53200.000000_SLICE_13300.000000_URAM_0.000000 -device-name-info=xc7z020clg400-1 > C:/Users/pcost/Documents/github/Dissertation/training/leonardo_tutorials_hls/lab_01_hls/solution1/.autopilot/db/divide_core.c.clang.out.log 2> C:/Users/pcost/Documents/github/Dissertation/training/leonardo_tutorials_hls/lab_01_hls/solution1/.autopilot/db/divide_core.c.clang.err.log 
Command       ap_eval done; 0.527 sec.
INFO-FLOW: Done: GCC PP 39 time: 0.5 seconds per iteration
Execute       set_directive_top divide -name=divide 
Execute       source E:/Pedro/Programs/Xilinx/Vitis_HLS/2022.2/tps/tcl/tcllib1.11.1/yaml/huddle.tcl 
Execute       source E:/Pedro/Programs/Xilinx/Vitis_HLS/2022.2/tps/tcl/tcllib1.11.1/yaml/json2huddle.tcl 
INFO-FLOW: Source syntax check for synthesis
Execute       ap_eval exec -ignorestderr E:/Pedro/Programs/Xilinx/Vitis_HLS/2022.2/win64/tools/clang-3.9-csynth/bin/clang -foptimization-record-file=C:/Users/pcost/Documents/github/Dissertation/training/leonardo_tutorials_hls/lab_01_hls/solution1/.autopilot/db/clang.diag.yml -mllvm -pass-remarks-missed=reflow|pasta|unroll -mllvm -pass-remarks=reflow|pasta|unroll|inline -fsyntax-only -fhls -target fpga64-xilinx-linux-gnu C:/Users/pcost/Documents/github/Dissertation/training/leonardo_tutorials_hls/lab_01_hls/solution1/.autopilot/db/divide_core.pp.0.c {-hls-platform-db-name=E:/Pedro/Programs/Xilinx/Vitis_HLS/2022.2/common/technology\xilinx/common/platform.db} -hls-platform-name=zynq_slow -device-resource-info=BRAM_280.000000_DSP_220.000000_FF_106400.000000_LUT_53200.000000_SLICE_13300.000000_URAM_0.000000 -device-name-info=xc7z020clg400-1 > C:/Users/pcost/Documents/github/Dissertation/training/leonardo_tutorials_hls/lab_01_hls/solution1/.autopilot/db/clang.out.log 2> C:/Users/pcost/Documents/github/Dissertation/training/leonardo_tutorials_hls/lab_01_hls/solution1/.autopilot/db/clang.err.log 
Command       ap_eval done; 0.289 sec.
Execute       clang_tidy xilinx-systemc-detector -desc systemc-detector C:/Users/pcost/Documents/github/Dissertation/training/leonardo_tutorials_hls/lab_01_hls/solution1/.autopilot/db/divide_core.pp.0.c std=gnu99 -target fpga  -directive=C:/Users/pcost/Documents/github/Dissertation/training/leonardo_tutorials_hls/lab_01_hls/solution1/.autopilot/db/.systemc_flag 
INFO-FLOW: exec E:/Pedro/Programs/Xilinx/Vitis_HLS/2022.2/win64/tools/clang-3.9-csynth/bin/clang-tidy -header-filter=.* --checks=-*,xilinx-systemc-detector -import-directive=C:/Users/pcost/Documents/github/Dissertation/training/leonardo_tutorials_hls/lab_01_hls/solution1/.autopilot/db/.systemc_flag -fix-errors C:/Users/pcost/Documents/github/Dissertation/training/leonardo_tutorials_hls/lab_01_hls/solution1/.autopilot/db/divide_core.pp.0.c -- -std=gnu99 -target fpga -fhls -ferror-limit=0
Command       clang_tidy done; 0.358 sec.
INFO-FLOW: Running: clang-tidy CDT preprocess 39
Execute       clang_tidy xilinx-directive2pragma -desc directive2pragma C:/Users/pcost/Documents/github/Dissertation/training/leonardo_tutorials_hls/lab_01_hls/solution1/.autopilot/db/divide_core.pp.0.c std=gnu99 -target fpga  -directive=C:/Users/pcost/Documents/github/Dissertation/training/leonardo_tutorials_hls/lab_01_hls/solution1/.autopilot/db/all.directive.json 
INFO-FLOW: exec E:/Pedro/Programs/Xilinx/Vitis_HLS/2022.2/win64/tools/clang-3.9-csynth/bin/clang-tidy -header-filter=.* --checks=-*,xilinx-directive2pragma -import-directive=C:/Users/pcost/Documents/github/Dissertation/training/leonardo_tutorials_hls/lab_01_hls/solution1/.autopilot/db/all.directive.json -fix-errors C:/Users/pcost/Documents/github/Dissertation/training/leonardo_tutorials_hls/lab_01_hls/solution1/.autopilot/db/divide_core.pp.0.c -- -std=gnu99 -target fpga -fhls -ferror-limit=0
Command       clang_tidy done; 0.136 sec.
Execute       clang_tidy xilinx-remove-assert -desc remove-assert C:/Users/pcost/Documents/github/Dissertation/training/leonardo_tutorials_hls/lab_01_hls/solution1/.autopilot/db/divide_core.pp.0.c std=gnu99 -target fpga  
INFO-FLOW: exec E:/Pedro/Programs/Xilinx/Vitis_HLS/2022.2/win64/tools/clang-3.9-csynth/bin/clang-tidy -header-filter=.* --checks=-*,xilinx-remove-assert -fix-errors C:/Users/pcost/Documents/github/Dissertation/training/leonardo_tutorials_hls/lab_01_hls/solution1/.autopilot/db/divide_core.pp.0.c -- -std=gnu99 -target fpga -fhls -ferror-limit=0
INFO-FLOW: Done: clang-tidy CDT preprocess 39 time: 0.2 seconds per iteration
INFO-FLOW: Calling xilinx-label-all-loops ... 
INFO-FLOW: Calling xilinx-aggregate-on-hls-vector ... 
Execute       clang_tidy -errorcheck -desc loop-label xilinx-label-all-loops,xilinx-aggregate-on-hls-vector,,xilinx-warn-mayneed-no-ctor-attribute C:/Users/pcost/Documents/github/Dissertation/training/leonardo_tutorials_hls/lab_01_hls/solution1/.autopilot/db/divide_core.pp.0.c std=gnu99 -target fpga  
Execute         ap_eval exec -ignorestderr E:/Pedro/Programs/Xilinx/Vitis_HLS/2022.2/win64/tools/clang-3.9-csynth/bin/clang-tidy -export-fixes=C:/Users/pcost/Documents/github/Dissertation/training/leonardo_tutorials_hls/lab_01_hls/solution1/.autopilot/db/divide_core.pp.0.c.clang-tidy.loop-label.diag.yml -header-filter=.* --checks=-*,xilinx-label-all-loops,xilinx-aggregate-on-hls-vector,,xilinx-warn-mayneed-no-ctor-attribute -fix-errors C:/Users/pcost/Documents/github/Dissertation/training/leonardo_tutorials_hls/lab_01_hls/solution1/.autopilot/db/divide_core.pp.0.c -- -std=gnu99 -target fpga -fhls -ferror-limit=0 > C:/Users/pcost/Documents/github/Dissertation/training/leonardo_tutorials_hls/lab_01_hls/solution1/.autopilot/db/divide_core.pp.0.c.clang-tidy.loop-label.out.log 2> C:/Users/pcost/Documents/github/Dissertation/training/leonardo_tutorials_hls/lab_01_hls/solution1/.autopilot/db/divide_core.pp.0.c.clang-tidy.loop-label.err.log 
Execute         source E:/Pedro/Programs/Xilinx/Vitis_HLS/2022.2/tps/tcl/tcllib1.11.1/yaml/yaml.tcl 
Command       clang_tidy done; 0.109 sec.
Execute       ap_eval exec -ignorestderr E:/Pedro/Programs/Xilinx/Vitis_HLS/2022.2/win64/tools/clang-3.9-csynth/bin/xilinx-dataflow-lawyer -export-fixes=C:/Users/pcost/Documents/github/Dissertation/training/leonardo_tutorials_hls/lab_01_hls/solution1/.autopilot/db/divide_core.pp.0.c.xilinx-dataflow-lawyer.diag.yml C:/Users/pcost/Documents/github/Dissertation/training/leonardo_tutorials_hls/lab_01_hls/solution1/.autopilot/db/divide_core.pp.0.c -- -std=gnu99 -target fpga -fhls -ferror-limit=0 -fstrict-dataflow > C:/Users/pcost/Documents/github/Dissertation/training/leonardo_tutorials_hls/lab_01_hls/solution1/.autopilot/db/divide_core.pp.0.c.xilinx-dataflow-lawyer.out.log 2> C:/Users/pcost/Documents/github/Dissertation/training/leonardo_tutorials_hls/lab_01_hls/solution1/.autopilot/db/divide_core.pp.0.c.xilinx-dataflow-lawyer.err.log 
Command       ap_eval done; 0.25 sec.
Execute       ap_part_info -name xc7z020-clg400-1 -data info 
INFO-FLOW: compiling source code to llvm bc
Execute       ap_eval exec -ignorestderr E:/Pedro/Programs/Xilinx/Vitis_HLS/2022.2/win64/tools/clang-3.9-csynth/bin/clang -foptimization-record-file=C:/Users/pcost/Documents/github/Dissertation/training/leonardo_tutorials_hls/lab_01_hls/solution1/.autopilot/db/divide_core.pp.0.c.clang.diag.yml -mllvm -pass-remarks-missed=reflow|pasta|unroll -mllvm -pass-remarks=reflow|pasta|unroll|inline -fno-limit-debug-info -fhls -flto -fno-exceptions -Wno-error=c++11-narrowing C:/Users/pcost/Documents/github/Dissertation/training/leonardo_tutorials_hls/lab_01_hls/solution1/.autopilot/db/divide_core.pp.0.c -fno-math-errno -c -emit-llvm -mllvm -disable-llvm-optzns -Werror=implicit-function-declaration -Werror=implicit-hls-streams -Werror=return-type -Wpragmas -Wunused-parameter -Wdump-hls-pragmas -Wno-error=dump-hls-pragmas -std=gnu99 -fgnu89-inline -target fpga64-xilinx-linux-gnu -D__VITIS_HLS__ -DAESL_SYN -D__SYNTHESIS__ -D__HLS_SYN__ -I E:/Pedro/Programs/Xilinx/Vitis_HLS/2022.2/common/technology/autopilot -I E:/Pedro/Programs/Xilinx/Vitis_HLS/2022.2/common/technology/autopilot/ap_sysc -include etc/autopilot_ssdm_op.h -D__DSP48E1__ -g -o C:/Users/pcost/Documents/github/Dissertation/training/leonardo_tutorials_hls/lab_01_hls/solution1/.autopilot/db/divide_core.bc {-hls-platform-db-name=E:/Pedro/Programs/Xilinx/Vitis_HLS/2022.2/common/technology\xilinx/common/platform.db} -hls-platform-name=zynq_slow -device-resource-info=BRAM_280.000000_DSP_220.000000_FF_106400.000000_LUT_53200.000000_SLICE_13300.000000_URAM_0.000000 -device-name-info=xc7z020clg400-1 > C:/Users/pcost/Documents/github/Dissertation/training/leonardo_tutorials_hls/lab_01_hls/solution1/.autopilot/db/divide_core.pp.0.c.clang.out.log 2> C:/Users/pcost/Documents/github/Dissertation/training/leonardo_tutorials_hls/lab_01_hls/solution1/.autopilot/db/divide_core.pp.0.c.clang.err.log 
Command       ap_eval done; 0.254 sec.
INFO: [HLS 200-111] Finished Source Code Analysis and Preprocessing: CPU user time: 0 seconds. CPU system time: 0 seconds. Elapsed time: 2.241 seconds; current allocated memory: 1.031 GB.
INFO-FLOW: Linking Debug ...
INFO-FLOW: Linking dut bc code.
Execute       run_link_or_opt -out C:/Users/pcost/Documents/github/Dissertation/training/leonardo_tutorials_hls/lab_01_hls/solution1/.autopilot/db/a.g.ld.0.bc -args  "C:/Users/pcost/Documents/github/Dissertation/training/leonardo_tutorials_hls/lab_01_hls/solution1/.autopilot/db/divide_core.g.bc"  
Execute         ap_eval exec -ignorestderr E:/Pedro/Programs/Xilinx/Vitis_HLS/2022.2/win64/tools/clang-3.9-csynth/bin/llvm-link C:/Users/pcost/Documents/github/Dissertation/training/leonardo_tutorials_hls/lab_01_hls/solution1/.autopilot/db/divide_core.g.bc -o C:/Users/pcost/Documents/github/Dissertation/training/leonardo_tutorials_hls/lab_01_hls/solution1/.autopilot/db/a.g.ld.0.bc > C:/Users/pcost/Documents/github/Dissertation/training/leonardo_tutorials_hls/lab_01_hls/solution1/.autopilot/db/a.g.ld.0.bc.llvm-link.out.log 2> C:/Users/pcost/Documents/github/Dissertation/training/leonardo_tutorials_hls/lab_01_hls/solution1/.autopilot/db/a.g.ld.0.bc.llvm-link.err.log 
INFO-FLOW: 
Execute       run_link_or_opt -opt -out C:/Users/pcost/Documents/github/Dissertation/training/leonardo_tutorials_hls/lab_01_hls/solution1/.autopilot/db/a.g.ld.1.lower.bc -args C:/Users/pcost/Documents/github/Dissertation/training/leonardo_tutorials_hls/lab_01_hls/solution1/.autopilot/db/a.g.ld.0.bc -reflow-lower-math-intrinsics 
Execute         ap_eval exec -ignorestderr E:/Pedro/Programs/Xilinx/Vitis_HLS/2022.2/win64/tools/clang-3.9-csynth/bin/opt -pass-remarks-missed=reflow|pasta|unroll -pass-remarks=reflow|pasta|unroll|inline -pass-remarks-output=C:/Users/pcost/Documents/github/Dissertation/training/leonardo_tutorials_hls/lab_01_hls/solution1/.autopilot/db/a.g.ld.1.lower.bc.opt.diag.yml C:/Users/pcost/Documents/github/Dissertation/training/leonardo_tutorials_hls/lab_01_hls/solution1/.autopilot/db/a.g.ld.0.bc -reflow-lower-math-intrinsics -o C:/Users/pcost/Documents/github/Dissertation/training/leonardo_tutorials_hls/lab_01_hls/solution1/.autopilot/db/a.g.ld.1.lower.bc > C:/Users/pcost/Documents/github/Dissertation/training/leonardo_tutorials_hls/lab_01_hls/solution1/.autopilot/db/a.g.ld.1.lower.bc.opt.out.log 2> C:/Users/pcost/Documents/github/Dissertation/training/leonardo_tutorials_hls/lab_01_hls/solution1/.autopilot/db/a.g.ld.1.lower.bc.opt.err.log 
Command         ap_eval done; 0.291 sec.
INFO-FLOW: 
Command       run_link_or_opt done; 0.297 sec.
INFO-FLOW: Linking math bc lib
Execute       run_link_or_opt -out C:/Users/pcost/Documents/github/Dissertation/training/leonardo_tutorials_hls/lab_01_hls/solution1/.autopilot/db/a.g.ld.2.m1.bc -args C:/Users/pcost/Documents/github/Dissertation/training/leonardo_tutorials_hls/lab_01_hls/solution1/.autopilot/db/a.g.ld.1.lower.bc -only-needed E:/Pedro/Programs/Xilinx/Vitis_HLS/2022.2/win64/lib/libhlsm_39.bc E:/Pedro/Programs/Xilinx/Vitis_HLS/2022.2/win64/lib/libhlsmc++_39.bc 
Execute         ap_eval exec -ignorestderr E:/Pedro/Programs/Xilinx/Vitis_HLS/2022.2/win64/tools/clang-3.9-csynth/bin/llvm-link C:/Users/pcost/Documents/github/Dissertation/training/leonardo_tutorials_hls/lab_01_hls/solution1/.autopilot/db/a.g.ld.1.lower.bc -only-needed E:/Pedro/Programs/Xilinx/Vitis_HLS/2022.2/win64/lib/libhlsm_39.bc E:/Pedro/Programs/Xilinx/Vitis_HLS/2022.2/win64/lib/libhlsmc++_39.bc -o C:/Users/pcost/Documents/github/Dissertation/training/leonardo_tutorials_hls/lab_01_hls/solution1/.autopilot/db/a.g.ld.2.m1.bc > C:/Users/pcost/Documents/github/Dissertation/training/leonardo_tutorials_hls/lab_01_hls/solution1/.autopilot/db/a.g.ld.2.m1.bc.llvm-link.out.log 2> C:/Users/pcost/Documents/github/Dissertation/training/leonardo_tutorials_hls/lab_01_hls/solution1/.autopilot/db/a.g.ld.2.m1.bc.llvm-link.err.log 
Command         ap_eval done; 3.332 sec.
INFO-FLOW: 
Command       run_link_or_opt done; 3.336 sec.
Execute       run_link_or_opt -opt -out C:/Users/pcost/Documents/github/Dissertation/training/leonardo_tutorials_hls/lab_01_hls/solution1/.autopilot/db/a.g.ld.3.fpc.bc -args C:/Users/pcost/Documents/github/Dissertation/training/leonardo_tutorials_hls/lab_01_hls/solution1/.autopilot/db/a.g.ld.2.m1.bc -reflow-globaldce -hls-top-function-name=divide -reflow-float-conversion 
Execute         ap_eval exec -ignorestderr E:/Pedro/Programs/Xilinx/Vitis_HLS/2022.2/win64/tools/clang-3.9-csynth/bin/opt -pass-remarks-missed=reflow|pasta|unroll -pass-remarks=reflow|pasta|unroll|inline -pass-remarks-output=C:/Users/pcost/Documents/github/Dissertation/training/leonardo_tutorials_hls/lab_01_hls/solution1/.autopilot/db/a.g.ld.3.fpc.bc.opt.diag.yml C:/Users/pcost/Documents/github/Dissertation/training/leonardo_tutorials_hls/lab_01_hls/solution1/.autopilot/db/a.g.ld.2.m1.bc -reflow-globaldce -hls-top-function-name=divide -reflow-float-conversion -o C:/Users/pcost/Documents/github/Dissertation/training/leonardo_tutorials_hls/lab_01_hls/solution1/.autopilot/db/a.g.ld.3.fpc.bc > C:/Users/pcost/Documents/github/Dissertation/training/leonardo_tutorials_hls/lab_01_hls/solution1/.autopilot/db/a.g.ld.3.fpc.bc.opt.out.log 2> C:/Users/pcost/Documents/github/Dissertation/training/leonardo_tutorials_hls/lab_01_hls/solution1/.autopilot/db/a.g.ld.3.fpc.bc.opt.err.log 
Command         ap_eval done; 1.154 sec.
INFO-FLOW: 
Command       run_link_or_opt done; 1.157 sec.
Execute       run_link_or_opt -out C:/Users/pcost/Documents/github/Dissertation/training/leonardo_tutorials_hls/lab_01_hls/solution1/.autopilot/db/a.g.ld.4.m2.bc -args C:/Users/pcost/Documents/github/Dissertation/training/leonardo_tutorials_hls/lab_01_hls/solution1/.autopilot/db/a.g.ld.3.fpc.bc -only-needed E:/Pedro/Programs/Xilinx/Vitis_HLS/2022.2/win64/lib/libfloatconversion_39.bc 
Execute         ap_eval exec -ignorestderr E:/Pedro/Programs/Xilinx/Vitis_HLS/2022.2/win64/tools/clang-3.9-csynth/bin/llvm-link C:/Users/pcost/Documents/github/Dissertation/training/leonardo_tutorials_hls/lab_01_hls/solution1/.autopilot/db/a.g.ld.3.fpc.bc -only-needed E:/Pedro/Programs/Xilinx/Vitis_HLS/2022.2/win64/lib/libfloatconversion_39.bc -o C:/Users/pcost/Documents/github/Dissertation/training/leonardo_tutorials_hls/lab_01_hls/solution1/.autopilot/db/a.g.ld.4.m2.bc > C:/Users/pcost/Documents/github/Dissertation/training/leonardo_tutorials_hls/lab_01_hls/solution1/.autopilot/db/a.g.ld.4.m2.bc.llvm-link.out.log 2> C:/Users/pcost/Documents/github/Dissertation/training/leonardo_tutorials_hls/lab_01_hls/solution1/.autopilot/db/a.g.ld.4.m2.bc.llvm-link.err.log 
INFO-FLOW: 
Execute       run_link_or_opt -opt -out C:/Users/pcost/Documents/github/Dissertation/training/leonardo_tutorials_hls/lab_01_hls/solution1/.autopilot/db/a.g.ld.5.gdce.bc -args C:/Users/pcost/Documents/github/Dissertation/training/leonardo_tutorials_hls/lab_01_hls/solution1/.autopilot/db/a.g.ld.4.m2.bc -reflow-globaldce -hls-top-function-name=divide 
Execute         ap_eval exec -ignorestderr E:/Pedro/Programs/Xilinx/Vitis_HLS/2022.2/win64/tools/clang-3.9-csynth/bin/opt -pass-remarks-missed=reflow|pasta|unroll -pass-remarks=reflow|pasta|unroll|inline -pass-remarks-output=C:/Users/pcost/Documents/github/Dissertation/training/leonardo_tutorials_hls/lab_01_hls/solution1/.autopilot/db/a.g.ld.5.gdce.bc.opt.diag.yml C:/Users/pcost/Documents/github/Dissertation/training/leonardo_tutorials_hls/lab_01_hls/solution1/.autopilot/db/a.g.ld.4.m2.bc -reflow-globaldce -hls-top-function-name=divide -o C:/Users/pcost/Documents/github/Dissertation/training/leonardo_tutorials_hls/lab_01_hls/solution1/.autopilot/db/a.g.ld.5.gdce.bc > C:/Users/pcost/Documents/github/Dissertation/training/leonardo_tutorials_hls/lab_01_hls/solution1/.autopilot/db/a.g.ld.5.gdce.bc.opt.out.log 2> C:/Users/pcost/Documents/github/Dissertation/training/leonardo_tutorials_hls/lab_01_hls/solution1/.autopilot/db/a.g.ld.5.gdce.bc.opt.err.log 
INFO-FLOW: 
Execute       send_msg_by_id INFO @200-777@%s Vivado 
INFO: [HLS 200-777] Using interface defaults for 'Vivado' flow target.
Execute       is_m_axi_addr64 
INFO-FLOW: Doing LTO.
Execute       ap_eval exec -ignorestderr E:/Pedro/Programs/Xilinx/Vitis_HLS/2022.2/win64/tools/clang-3.9-csynth/bin/clang -foptimization-record-file=C:/Users/pcost/Documents/github/Dissertation/training/leonardo_tutorials_hls/lab_01_hls/solution1/.autopilot/db/a.g.ld.0.bc.clang.diag.yml -mllvm -pass-remarks-missed=reflow|pasta|unroll -mllvm -pass-remarks=reflow|pasta|unroll|inline -fhls -mllvm -hls-top-function-name=divide -mllvm -hls-db-dir -mllvm C:/Users/pcost/Documents/github/Dissertation/training/leonardo_tutorials_hls/lab_01_hls/solution1/.autopilot/db -emit-llvm -c -target fpga64-xilinx-none -mllvm -xcl-xmlinfo=C:/Users/pcost/Documents/github/Dissertation/training/leonardo_tutorials_hls/lab_01_hls/solution1/.autopilot/db/kernel.internal.xml -mllvm -top-io-mapping-info=C:/Users/pcost/Documents/github/Dissertation/training/leonardo_tutorials_hls/lab_01_hls/solution1/.autopilot/db/top-io-fe.xml -mllvm -hls-bitcode-version=3.1 -mllvm -reflow-enable-slave-interface-default-setting=true -mllvm -gen-kernel-xml=false -mllvm -default-maxi-offset=slave -mllvm -maxi-latency=0 -mllvm -hls-maxi-data-size-in-bits=8 -mllvm -hls-maxi-max-data-size-in-bits=1024 -mllvm -hls-max-widen-size-in-bits=0 -mllvm -xcl-kernel-max-mem-ports=0 -mllvm -maxi-read-trans=16 -mllvm -maxi-write-trans=16 -mllvm -maxi-read-burst-len=16 -mllvm -maxi-write-burst-len=16 -mllvm -reflow-enable-saxi-64bits=0 -mllvm -reflow-basic-block-instr-threshold=200000 -mllvm -reflow-auto-pipeline-threshold=64 -mllvm -reflow-enable-maxi-auto-id-channel=0 -mllvm -assume-maxi-align=1 -mllvm -reflow-pipeline-style-llvm-setting=2 -mllvm -reflow-enable-dataflow-strict-mode-checking=1 -mllvm -reflow-auto-array-partition-mode=default -mllvm -reflow-enable-auto-array-partition=true -mllvm -reflow-enable-auto-parallel-performance-driven=true -mllvm -reflow-enable-partition-for-automation=true -mllvm -reflow-aggregate-bitwidth-threshold=4096 -mllvm -reflow-assume-no-address-wrap=true -mllvm -hls -mllvm -disable-inlined-alloca-merging=true -mllvm -default-clock-period=10 -x ir C:/Users/pcost/Documents/github/Dissertation/training/leonardo_tutorials_hls/lab_01_hls/solution1/.autopilot/db/a.g.ld.5.gdce.bc -o C:/Users/pcost/Documents/github/Dissertation/training/leonardo_tutorials_hls/lab_01_hls/solution1/.autopilot/db/a.g.lto.bc {-hls-platform-db-name=E:/Pedro/Programs/Xilinx/Vitis_HLS/2022.2/common/technology\xilinx/common/platform.db} -hls-platform-name=zynq_slow -device-resource-info=BRAM_280.000000_DSP_220.000000_FF_106400.000000_LUT_53200.000000_SLICE_13300.000000_URAM_0.000000 -device-name-info=xc7z020clg400-1 > C:/Users/pcost/Documents/github/Dissertation/training/leonardo_tutorials_hls/lab_01_hls/solution1/.autopilot/db/a.g.ld.0.bc.clang.out.log 2> C:/Users/pcost/Documents/github/Dissertation/training/leonardo_tutorials_hls/lab_01_hls/solution1/.autopilot/db/a.g.ld.0.bc.clang.err.log 
Command       ap_eval done; 0.361 sec.
INFO-FLOW: DBG:PUTS: copy_raw_kernel_xml ap_link_39: kernel.xml not generated: C:/Users/pcost/Documents/github/Dissertation/training/leonardo_tutorials_hls/lab_01_hls/solution1/.autopilot/db/kernel.internal.xml
INFO: [HLS 200-111] Finished Compiling Optimization and Transform: CPU user time: 0 seconds. CPU system time: 0 seconds. Elapsed time: 5.456 seconds; current allocated memory: 1.032 GB.
INFO: [HLS 200-111] Finished Checking Pragmas: CPU user time: 0 seconds. CPU system time: 0 seconds. Elapsed time: 0.003 seconds; current allocated memory: 1.032 GB.
Execute       opt_and_import_c a -opt_level=2 -skip_syncheck=0 -ng=0 -keep_printf=0 
Execute         cleanup_all_models 
INFO: [HLS 200-10] Starting code transformations ...
INFO-FLOW: Running Standard Transforms...
Execute         transform -hls -share-std-xform -demangle-name -inline-byval-memcpy -always-inline -promote-dbg-pointer -interface-preproc -mem2reg -scalarrepl -mem2reg -keep-read-access -instcombine -dce -promote-dbg-pointer -bitop-raise -loop-simplify -indvarspre -indvars -loop-simplify -xunroll -constprop -instcombine -simplifycfg -indvars -simplifycfg -dce -globaldce -basicaa -simplifycfg -mem2reg -globalopt -global-constprop -deadargelim -instcombine -simplifycfg -scalarrepl -instcombine -reassociate -licm -simplifycfg -loop-simplify -indvars -instcombine -simplifycfg -mem2reg -loop-simplify -indvars -instcombine -gvn -gvn -instcombine -adce -break-crit-edges -simplifycfg -loop-delete -global-array-opt -dce -dse -adce -find-syn-modules -top divide -deadargelim -mem2reg -instcombine -dce -presyn-prepare -auto-rom-infer -interface-preproc -syn-check -check-rec-only -find-region -simplifycfg -func-extr -function-inline -globaldce -mem2reg -instcombine -dce -gvn -globaldce -adce -adse -constprop -instcombine -bit-constprop -instcombine -dce -simplifycfg -bitop-raise -simplifycfg -dce -loop-delete -reassociate -globalopt -global-privatize -mem2reg -dce -global-constprop -pointer-simplify -constprop -dce -auto-shift-reg-idiom -promote-dbg-pointer -norm-name C:/Users/pcost/Documents/github/Dissertation/training/leonardo_tutorials_hls/lab_01_hls/solution1/.autopilot/db/a.g.0.bc -o C:/Users/pcost/Documents/github/Dissertation/training/leonardo_tutorials_hls/lab_01_hls/solution1/.autopilot/db/a.g.1.bc -f -phase std-opt 
Command         transform done; 0.166 sec.
INFO: [HLS 200-111] Finished Standard Transforms: CPU user time: 0 seconds. CPU system time: 0 seconds. Elapsed time: 0.182 seconds; current allocated memory: 1.037 GB.
INFO: [HLS 200-10] Checking synthesizability ...
INFO-FLOW: Checking Synthesizability 1/2..
Execute         transform -hls -syn-check -check-rec-only -scalarrepl -norm-name -dce -mem2reg -instcombine -directive-preproc -mem2reg -dse -dce -auto-rom-infer -dce -pag -array-normalize -instcombine -dce -array-seg-normalize -instcombine -dce -data-pack -instcombine -dce -inst-simplify -array-flatten -instcombine -dce -array-burst -dce -deadargelim -promote-global-argument -simplifycfg -mem2reg -globaldce -dce -deadargelim -dce -instcombine -function-inline -globaldce -dce -doublePtrSimplify -doublePtrElim -dce -doublePtrSimplify -promote-dbg-pointer -dce -scalarrepl -dse -adse -instcombine -ptrLegalization -simplifycfg -dce -instcombine -pointer-simplify -ptrArgReplace -dce -instcombine -resolve-double-ptr -scalarrepl -norm-name -dce -mem2reg -instcombine -ptrLegalization -simplifycfg -deadargelim -instcombine -dce -inst-simplify -directive-preproc -mem2reg -dse -dce -globaldce C:/Users/pcost/Documents/github/Dissertation/training/leonardo_tutorials_hls/lab_01_hls/solution1/.autopilot/db/a.g.1.bc -o C:/Users/pcost/Documents/github/Dissertation/training/leonardo_tutorials_hls/lab_01_hls/solution1/.autopilot/db/a.g.2.prechk.bc -f 
INFO-FLOW: Checking Synthesizability 2/2..
Execute         transform -syn-check C:/Users/pcost/Documents/github/Dissertation/training/leonardo_tutorials_hls/lab_01_hls/solution1/.autopilot/db/a.g.2.prechk.bc -o C:/Users/pcost/Documents/github/Dissertation/training/leonardo_tutorials_hls/lab_01_hls/solution1/.autopilot/db/a.g.2.bc -f -phase syn-check 
INFO: [HLS 200-111] Finished Checking Synthesizability: CPU user time: 0 seconds. CPU system time: 0 seconds. Elapsed time: 0.035 seconds; current allocated memory: 1.038 GB.
INFO-FLOW: Compiler optimizing ...
INFO-FLOW: Share syncheck's 1.bc for syn flow: copy C:/Users/pcost/Documents/github/Dissertation/training/leonardo_tutorials_hls/lab_01_hls/solution1/.autopilot/db/a.g.1.bc to C:/Users/pcost/Documents/github/Dissertation/training/leonardo_tutorials_hls/lab_01_hls/solution1/.autopilot/db/a.o.1.bc
INFO-FLOW: Presyn 1...
Execute         transform -hls -tmp C:/Users/pcost/Documents/github/Dissertation/training/leonardo_tutorials_hls/lab_01_hls/solution1/.autopilot/db -interface-port-rename -directive-preproc -mem2reg -dse -dce -scalarrepl -norm-name -deadargelim -mem2reg -instcombine -dce -simplifycfg -auto-rom-infer -dce -resource-proc -clib-intrinsic-prepare -dce -func-buffer -dce -pag -array-normalize -func-legal -instcombine -gvn -constprop -dce -simplifycfg -mem2reg -globaldce -resolve-double-ptr -dce -deadargelim -dce -instcombine -ptrArgReplace -mem2reg -dce -array-seg-normalize -deadargelim -instcombine -dce -directive-preproc -mem2reg -dse -dce -pointer-simplify -dce -port-alignment -dce -interface-preproc -data-pack -instcombine -dce -basicaa -aggr-aa -aggrmodref-aa -aggr-aa -gvn -gvn -basicaa -aggr-aa -aggrmodref-aa -aggr-aa -dse -adse -adce -loop-simplify -indvars -instcombine -gvn -loop-simplify -mem2reg -dce -find-region -instcombine -auto-loop-pipeline -inst-simplify -interface-preproc -cfgopt -instcombine -indvars -auto-loop-unroll -loop-simplify -loop-bound -xunroll -constprop -instcombine -simplifycfg -indvars -simplifycfg -dce -globaldce -clean-region -attach-range -gvn -inst-simplify -constprop -simplifycfg -dce -pointer-simplify -dce -globalopt -constprop -dce -array-promote -scalar-auto-dep-elim -constprop -dce -ptrArgReplace -mem2reg -simplifycfg -dce -instcombine -dce -array-transform-check -array-reshape -instcombine -simplifycfg -dce -ptrArgReplace -deadargelim -mem2reg -instcombine -simplifycfg -dce -indvars -loop-simplify -loop-bound -xunroll -constprop -instcombine -simplifycfg -indvars -simplifycfg -dce -globaldce -basicaa -aggr-aa -aggrmodref-aa -aggr-aa -dse -duplicate-dataflow-processes -globaldce -instcombine -array-partition -prepare-dynamic-array-partition -instcombine -simplifycfg -dce -ptrArgReplace -global-constprop -deadargelim -mem2reg -func-legal -dce -global-constprop -deadargelim -mem2reg -simplifycfg -dce -merge-param -deadargelim -globalopt -constprop -dce -array-promote -scalar-auto-dep-elim -constprop -dce -ptrArgReplace -mem2reg -simplifycfg -dce -mem-intrinsic-preproc -dce -global-internalize -global-privatize -mem2reg -globaldce -promote-global-argument -ptrArgReplace -mem2reg -dce -globalopt -mergereturn -simplify-global-access -mem2reg -dce -pointer-simplify -dce -functionattrs -basicaa -aggr-aa -aggrmodref-aa -aggr-aa -gvn -gvn -basicaa -aggr-aa -aggrmodref-aa -aggr-aa -dse -adse -adce -dce -norm-name -basicaa -aggr-aa -aggrmodref-aa -aggr-aa -accesses-merge -function-inline -complex-op-raise -inst-simplify -globaldce -func-legal -dce -loop-bound -arraycheck -bitwidthmin2 -bitwidthmin2 -on-by-dataflow -loop-delete -instcombine -simplifycfg -globaldce -dce -gvn -deadargelim -dce -loop-simplify -clean-region -simplifycfg -propagate-stable-arguments -loop-stream -instcombine -simplifycfg -dce -globaldce -duplicate-dataflow-processes -stream-intrinsic-preproc -dce -check-ap-stream -loop-simplify -eliminate-keepreads -extract-dataflow-in-loop -loop-simplify -dce -gvn -deadargelim -dse -duplicate-dataflow-processes -check-dataflow-syntax -legalize-stream-variable -globaldce -legalize-global -extract-subproc -dce -dead-channel-elimination -canonicalize-gep -globaldce -dce -gvn -hls-dead-arg-elim -deadargelim -directive-preproc -canonicalize-dataflow -dce -globaldce -scalar-preprocessing -scalar-propagation2 -deadargelim -globaldce -mem2reg -check-dataflow-channels -function-stream -dce -globaldce -prop-fifo-spec -internal-stream-gen -canonicalize-gep -globaldce -dce -gvn -deadargelim -mergereturn -indvars -loop-simplify -instcombine -array-stream -array-seg-normalize -array-partition -func-legal -instcombine -simplifycfg -dce -bundle-memfifo-ops -deadargelim -directive-preproc -mem2reg -dse -dce -group-axi-access -licm -simplifycfg -dce -loop-delete -hls-display -norm-name C:/Users/pcost/Documents/github/Dissertation/training/leonardo_tutorials_hls/lab_01_hls/solution1/.autopilot/db/a.o.1.bc -o C:/Users/pcost/Documents/github/Dissertation/training/leonardo_tutorials_hls/lab_01_hls/solution1/.autopilot/db/a.o.1.tmp.bc -f 
INFO: [XFORM 203-510] Pipelining loop 'VITIS_LOOP_4_1' (lab_01_hls/divide_core.c:5) in function 'divide' automatically.
INFO-FLOW: Presyn 2...
Execute         transform -hls -keep-callgraph -scalarrepl -mem2reg -port-alignment -attach-range -dce -pipe-mux-gen -indvars -loop-bound -inst-simplify -instcombine -dce -merge-array-access -mem2reg -dce -clean-region -mergereturn -if-conv -instcombine -dce -constprop -basicaa -aggr-aa -aggrmodref-aa -aggr-aa -gvn -gvn -basicaa -aggr-aa -aggrmodref-aa -aggr-aa -dse -adse -adce -scalarrepl -mem2reg -global-constprop -deadargelim -deadargelim -instcombine -dce -simplifycfg -ptrArgReplace -mem2reg -function-inline -globaldce -mem2reg -instcombine -dce -expr-balance -instcombine -dce -bitwidthmin2 -bitwidthmin2 -interface-preproc -directive-preproc -inst-rectify -instcombine -dce -functionattrs -constprop -instcombine -bit-constprop -simplify-global-access -globalopt -globaldce -inst-simplify -instcombine -elimdeaddata -dce -loop-delete -simplifycfg -loop-simplify -barrier -norm-name C:/Users/pcost/Documents/github/Dissertation/training/leonardo_tutorials_hls/lab_01_hls/solution1/.autopilot/db/a.o.1.tmp.bc -o C:/Users/pcost/Documents/github/Dissertation/training/leonardo_tutorials_hls/lab_01_hls/solution1/.autopilot/db/a.o.2.bc -f -phase presyn 
INFO: [HLS 200-111] Finished Loop, function and other optimizations: CPU user time: 0 seconds. CPU system time: 0 seconds. Elapsed time: 0.078 seconds; current allocated memory: 1.058 GB.
INFO-FLOW: Building ssdm...
Execute         transform -hls -auto-function-inline -globaldce -ptrArgReplace -mem2reg -dce -reset-lda -loop-simplify -indvars -aggr-aa -licm -loop-dep -loop-bound -licm -loop-simplify -loop-sink-hoist -flattenloopnest -array-flatten -gvn -instcombine -dce -array-map -dce -func-legal -gvn -adce -instcombine -cfgopt -simplifycfg -loop-simplify -array-burst -promote-global-argument -dce -array-seg-normalize -basicaa -aggrmodref-aa -globalsmodref-aa -aggr-aa -gvn -gvn -basicaa -aggrmodref-aa -globalsmodref-aa -aggr-aa -dse -adse -adce -licm -inst-simplify -dce -globaldce -instcombine -array-stream -eliminate-keepreads -instcombine -dce -deadargelim -doublePtrSimplify -doublePtrElim -dce -doublePtrSimplify -promote-dbg-pointer -dce -scalarrepl -mem2reg -norm-name -mem2reg -instcombine -dse -adse -adce -ptrLegalization -dce -auto-rom-infer -array-flatten -dce -instcombine -check-doubleptr -loop-rot -constprop -cfgopt -simplifycfg -loop-simplify -indvars -pointer-simplify -dce -loop-bound -loop-simplify -loop-preproc -constprop -global-constprop -gvn -mem2reg -instcombine -dce -loop-bound -loop-merge -dce -deadargelim -dce -canonicalize-dataflow -dce -deadargelim -globaldce -mem2reg -bram-byte-enable -load-elim -read-loop-dep -loop-simplify -loop-extract-inner -directive-preproc -bitwidthmin2 -bitwidthmin2 -read-loop-dep -interface-preproc -directive-preproc -interface-gen -bram-byte-enable-spec-prop -deadargelim -inst-simplify -dce -gvn -mem2reg -instcombine -dce -adse -loop-bound -instcombine -cfgopt -simplifycfg -loop-simplify -clean-region -io-protocol -find-region -mem2reg -bitop-raise -complex-op-raise -inst-simplify -inst-rectify -instcombine -adce -deadargelim -float-op-raise -loop-simplify -phi-opt -bitop-raise -cfgopt -simplifycfg -strip-dead-prototypes -interface-lower -bitop-lower -intrinsic-lower -auto-function-inline -basicaa -aggrmodref-aa -globalsmodref-aa -aggr-aa -inst-simplify -simplifycfg -loop-simplify -mergereturn -inst-simplify -inst-rectify -dce -load-elim -bitop-lower -float-op-raise -fma-raise -loop-rewind -pointer-simplify -dce -cfgopt -dce -loop-bound -loop-dep -read-loop-dep -dce -dyn-mem-reuse -dce -recurrence-min -dce -share-scalar-alloca -deadargelim -dce -check-stream -norm-name -legalize -validate-dataflow -inst-clarity -bitwidth -dump-loop-dep-to-ir -check-all-ssdm -cdfg-build C:/Users/pcost/Documents/github/Dissertation/training/leonardo_tutorials_hls/lab_01_hls/solution1/.autopilot/db/a.o.2.bc -o C:/Users/pcost/Documents/github/Dissertation/training/leonardo_tutorials_hls/lab_01_hls/solution1/.autopilot/db/a.o.3.bc -f -phase build-ssdm 
INFO: [HLS 200-111] Finished Architecture Synthesis: CPU user time: 0 seconds. CPU system time: 0 seconds. Elapsed time: 0.068 seconds; current allocated memory: 1.058 GB.
INFO-FLOW: Finish building internal data model.
Command       opt_and_import_c done; 0.374 sec.
Command     elaborate done; 8.098 sec.
Execute     ap_eval exec zip -j C:/Users/pcost/Documents/github/Dissertation/training/leonardo_tutorials_hls/lab_01_hls/solution1/.autopilot/db/dut.hcp $dbDir/a.o.3.bc $dbDir/${topname}.rtl_wrap.cfg.tcl $dbDir/apatb_${topname}.cpp $dbDir/apatb_${topname}_util.cpp $dbDir/apatb_${topname}_ir.ll $dbDir/mapper_${topname}.cpp $dbDir/top-io-fe.xml $dbDir/kernel.internal.xml $workdir/../hls.app 
Command     ap_eval done; 0.141 sec.
Execute     autosyn -from_csynth_design=1 
INFO: [HLS 200-10] Starting hardware synthesis ...
INFO-FLOW: Synthesizing C/C++ design ...
INFO: [HLS 200-10] Synthesizing 'divide' ...
Execute       ap_set_top_model divide 
Execute       get_model_list divide -filter all-wo-channel -topdown 
Execute       preproc_iomode -model divide 
Execute       get_model_list divide -filter all-wo-channel 
INFO-FLOW: Model list for configure: divide
INFO-FLOW: Configuring Module : divide ...
Execute       set_default_model divide 
Execute       apply_spec_resource_limit divide 
INFO-FLOW: Model list for preprocess: divide
INFO-FLOW: Preprocessing Module: divide ...
Execute       set_default_model divide 
Execute       cdfg_preprocess -model divide 
Execute       rtl_gen_preprocess divide 
INFO-FLOW: Model list for synthesis: divide
INFO: [HLS 200-10] ----------------------------------------------------------------
INFO: [HLS 200-42] -- Implementing module 'divide' 
INFO: [HLS 200-10] ----------------------------------------------------------------
Execute       set_default_model divide 
Execute       schedule -model divide 
INFO: [SCHED 204-11] Starting scheduling ...
INFO: [SCHED 204-61] Pipelining loop 'VITIS_LOOP_4_1'.
INFO: [HLS 200-1470] Pipelining result : Target II = NA, Final II = 1, Depth = 1, loop 'VITIS_LOOP_4_1'
INFO: [SCHED 204-11] Finished scheduling.
Command       schedule done; 0.12 sec.
INFO: [HLS 200-111] Finished Scheduling: CPU user time: 0 seconds. CPU system time: 0 seconds. Elapsed time: 0.307 seconds; current allocated memory: 1.058 GB.
Execute       syn_report -verbosereport -o C:/Users/pcost/Documents/github/Dissertation/training/leonardo_tutorials_hls/lab_01_hls/solution1/.autopilot/db/divide.verbose.sched.rpt 
Execute         AP::get_flow_target_display_name
Execute       db_write -o C:/Users/pcost/Documents/github/Dissertation/training/leonardo_tutorials_hls/lab_01_hls/solution1/.autopilot/db/divide.sched.adb -f 
INFO-FLOW: Finish scheduling divide.
Execute       set_default_model divide 
Execute       bind -model divide 
INFO: [BIND 205-100] Starting micro-architecture generation ...
INFO: [BIND 205-101] Performing variable lifetime analysis.
INFO: [BIND 205-101] Exploring resource sharing.
INFO: [BIND 205-101] Binding ...
INFO: [BIND 205-100] Finished micro-architecture generation.
INFO: [HLS 200-111] Finished Binding: CPU user time: 0 seconds. CPU system time: 0 seconds. Elapsed time: 0.085 seconds; current allocated memory: 1.058 GB.
Execute       syn_report -verbosereport -o C:/Users/pcost/Documents/github/Dissertation/training/leonardo_tutorials_hls/lab_01_hls/solution1/.autopilot/db/divide.verbose.bind.rpt 
Execute         AP::get_flow_target_display_name
Execute       db_write -o C:/Users/pcost/Documents/github/Dissertation/training/leonardo_tutorials_hls/lab_01_hls/solution1/.autopilot/db/divide.bind.adb -f 
INFO-FLOW: Finish binding divide.
Execute       get_model_list divide -filter all-wo-channel 
INFO-FLOW: Preprocessing for RTLGen ...
Execute       rtl_gen_preprocess divide 
INFO-FLOW: Model list for RTL generation: divide
INFO: [HLS 200-10] ----------------------------------------------------------------
INFO: [HLS 200-10] -- Generating RTL for module 'divide' 
INFO: [HLS 200-10] ----------------------------------------------------------------
Execute       create_rtl_model divide -top_prefix  -sub_prefix divide_ -mg_file C:/Users/pcost/Documents/github/Dissertation/training/leonardo_tutorials_hls/lab_01_hls/solution1/.autopilot/db/divide.compgen.tcl 
INFO: [RTGEN 206-500] Setting interface mode on port 'divide/N' to 'ap_none'.
INFO: [RTGEN 206-500] Setting interface mode on port 'divide/D' to 'ap_none'.
INFO: [RTGEN 206-500] Setting interface mode on port 'divide/Q' to 'ap_vld'.
INFO: [RTGEN 206-500] Setting interface mode on port 'divide/R' to 'ap_vld'.
INFO: [RTGEN 206-500] Setting interface mode on function 'divide' to 'ap_ctrl_hs'.
INFO: [RTGEN 206-100] Finished creating RTL model for 'divide'.
INFO: [HLS 200-111] Finished Creating RTL model: CPU user time: 0 seconds. CPU system time: 0 seconds. Elapsed time: 0.125 seconds; current allocated memory: 1.058 GB.
Execute       source C:/Users/pcost/Documents/github/Dissertation/training/leonardo_tutorials_hls/lab_01_hls/solution1/.autopilot/db/divide.rtl_wrap.cfg.tcl 
Execute       gen_rtl divide -istop -style xilinx -f -lang vhdl -o C:/Users/pcost/Documents/github/Dissertation/training/leonardo_tutorials_hls/lab_01_hls/solution1/syn/vhdl/divide 
Execute       gen_rtl divide -istop -style xilinx -f -lang vlog -o C:/Users/pcost/Documents/github/Dissertation/training/leonardo_tutorials_hls/lab_01_hls/solution1/syn/verilog/divide 
Execute       syn_report -csynth -model divide -o C:/Users/pcost/Documents/github/Dissertation/training/leonardo_tutorials_hls/lab_01_hls/solution1/syn/report/divide_csynth.rpt 
Execute         AP::get_flow_target_display_name
Execute       syn_report -rtlxml -model divide -o C:/Users/pcost/Documents/github/Dissertation/training/leonardo_tutorials_hls/lab_01_hls/solution1/syn/report/divide_csynth.xml 
Execute       syn_report -verbosereport -model divide -o C:/Users/pcost/Documents/github/Dissertation/training/leonardo_tutorials_hls/lab_01_hls/solution1/.autopilot/db/divide.verbose.rpt 
Execute         AP::get_flow_target_display_name
Execute       db_write -model divide -f -o C:/Users/pcost/Documents/github/Dissertation/training/leonardo_tutorials_hls/lab_01_hls/solution1/.autopilot/db/divide.adb 
Execute       db_write -model divide -bindview -o C:/Users/pcost/Documents/github/Dissertation/training/leonardo_tutorials_hls/lab_01_hls/solution1/.autopilot/db/design.bindinfo.xml 
Execute       gen_tb_info divide -p C:/Users/pcost/Documents/github/Dissertation/training/leonardo_tutorials_hls/lab_01_hls/solution1/.autopilot/db -o C:/Users/pcost/Documents/github/Dissertation/training/leonardo_tutorials_hls/lab_01_hls/solution1/.autopilot/db/divide 
Execute       export_constraint_db -f -tool general -o C:/Users/pcost/Documents/github/Dissertation/training/leonardo_tutorials_hls/lab_01_hls/solution1/.autopilot/db/divide.constraint.tcl 
Execute       syn_report -designview -model divide -o C:/Users/pcost/Documents/github/Dissertation/training/leonardo_tutorials_hls/lab_01_hls/solution1/.autopilot/db/divide.design.xml 
Execute       syn_report -csynthDesign -model divide -o C:/Users/pcost/Documents/github/Dissertation/training/leonardo_tutorials_hls/lab_01_hls/solution1/syn/report/csynth.rpt 
Execute         AP::get_flow_target_display_name
Execute       syn_report -wcfg -model divide -o C:/Users/pcost/Documents/github/Dissertation/training/leonardo_tutorials_hls/lab_01_hls/solution1/.autopilot/db/divide_dataflow_ana.wcfg 
Execute       syn_report -protoinst -model divide -o C:/Users/pcost/Documents/github/Dissertation/training/leonardo_tutorials_hls/lab_01_hls/solution1/.autopilot/db/divide.protoinst 
Execute       sc_get_clocks divide 
Execute       sc_get_portdomain divide 
INFO-FLOW: Model list for RTL component generation: divide
INFO-FLOW: Handling components in module [divide] ... 
Execute       source C:/Users/pcost/Documents/github/Dissertation/training/leonardo_tutorials_hls/lab_01_hls/solution1/.autopilot/db/divide.compgen.tcl 
INFO-FLOW: Found component divide_flow_control_loop_pipe.
INFO-FLOW: Append model divide_flow_control_loop_pipe
INFO-FLOW: Append model divide
INFO-FLOW: Generating RTL model list ...
INFO-FLOW: All models in this session: divide_flow_control_loop_pipe divide
INFO-FLOW: Generating C:/Users/pcost/Documents/github/Dissertation/training/leonardo_tutorials_hls/lab_01_hls/solution1/.autopilot/db/autopilot.rtl.models.txt file...
INFO-FLOW: To file: write model divide_flow_control_loop_pipe
INFO-FLOW: To file: write model divide
INFO-FLOW: Generating C:/Users/pcost/Documents/github/Dissertation/training/leonardo_tutorials_hls/lab_01_hls/solution1/.autopilot/db/autopilot.rtl.models.tcl file...
INFO-FLOW: Finished generating RTL model list.


INFO-FLOW: RTL Generation done.
INFO-FLOW: CAS Generation done.
INFO-FLOW: CBC Generation done.
INFO-FLOW: DBG:PROC: ::AESL_AUTOMG::auto_generate_csynth_design
INFO-FLOW: DBG:PUTS: read_platform_lib C:/Users/pcost/Documents/github/Dissertation/training/leonardo_tutorials_hls/lab_01_hls/solution1/.autopilot/db/global.setting.tcl
Execute       source E:/Pedro/Programs/Xilinx/Vitis_HLS/2022.2/common/technology/generic/autopilot/common.gen 
Execute         source E:/Pedro/Programs/Xilinx/Vitis_HLS/2022.2/common/technology/generic/autopilot/APCoreGen.gen 
Execute       source E:/Pedro/Programs/Xilinx/Vitis_HLS/2022.2/common/technology/generic/autopilot/op.gen 
Execute       source E:/Pedro/Programs/Xilinx/Vitis_HLS/2022.2/common/technology/generic/autopilot/op_simcore.gen 
Execute       source E:/Pedro/Programs/Xilinx/Vitis_HLS/2022.2/common/technology/generic/autopilot/interface.gen 
Execute       source C:/Users/pcost/Documents/github/Dissertation/training/leonardo_tutorials_hls/lab_01_hls/solution1/.autopilot/db/global.setting.tcl 
Execute       source E:/Pedro/Programs/Xilinx/Vitis_HLS/2022.2/common/technology/xilinx/common/xilinx.gen 
Execute         source E:/Pedro/Programs/Xilinx/Vitis_HLS/2022.2/common/technology/xilinx/interface/plb46.gen 
Execute         source E:/Pedro/Programs/Xilinx/Vitis_HLS/2022.2/common/technology/xilinx/interface/axi4.gen 
Execute         source E:/Pedro/Programs/Xilinx/Vitis_HLS/2022.2/common/technology/xilinx/interface/nativeAXI4.gen 
Execute           source E:/Pedro/Programs/Xilinx/Vitis_HLS/2022.2/common/technology/xilinx/interface/saxilite.gen 
Execute         source E:/Pedro/Programs/Xilinx/Vitis_HLS/2022.2/common/technology/xilinx/scripts/xilinxcoregen.gen 
Execute         source E:/Pedro/Programs/Xilinx/Vitis_HLS/2022.2/common/technology/xilinx/interface/XilEDKCoreGen.gen 
Execute         source E:/Pedro/Programs/Xilinx/Vitis_HLS/2022.2/common/technology/xilinx/ip/dds_compiler.gen 
Execute         source E:/Pedro/Programs/Xilinx/Vitis_HLS/2022.2/common/technology/xilinx/ip/util.gen 
Execute         source E:/Pedro/Programs/Xilinx/Vitis_HLS/2022.2/common/technology/xilinx/ip/xfft.gen 
Execute         source E:/Pedro/Programs/Xilinx/Vitis_HLS/2022.2/common/technology/xilinx/ip/xfir.gen 
Execute         source E:/Pedro/Programs/Xilinx/Vitis_HLS/2022.2/common/technology/xilinx/DSP48/dsp48.gen 
Command       ap_source done; 0.151 sec.
INFO-FLOW: DBG:PUTS:   using AESL_AUTOCG::g_clock_period=10.000 (was NA)
INFO-FLOW: DBG:PROC: ::AESL_AUTOMG::generate_ip_cores gen_sim_model='1' gen_fp_models='0' gen_for_export='0' dstSCDir='' dstVhdlDir='C:/Users/pcost/Documents/github/Dissertation/training/leonardo_tutorials_hls/lab_01_hls/solution1/.autopilot/db/vhdl' dstVlogDir='C:/Users/pcost/Documents/github/Dissertation/training/leonardo_tutorials_hls/lab_01_hls/solution1/.autopilot/db/vlog' tclDir='C:/Users/pcost/Documents/github/Dissertation/training/leonardo_tutorials_hls/lab_01_hls/solution1/.autopilot/db' modelList='divide_flow_control_loop_pipe
divide
' expOnly='0'
Execute       source C:/Users/pcost/Documents/github/Dissertation/training/leonardo_tutorials_hls/lab_01_hls/solution1/.autopilot/db/global.setting.tcl 
Execute       ap_part_info -name xc7z020-clg400-1 -data names -quiet 
Execute       ap_part_info -name xc7z020-clg400-1 -data info -quiet 
Execute       source C:/Users/pcost/Documents/github/Dissertation/training/leonardo_tutorials_hls/lab_01_hls/solution1/.autopilot/db/global.setting.tcl 
Execute       source C:/Users/pcost/Documents/github/Dissertation/training/leonardo_tutorials_hls/lab_01_hls/solution1/.autopilot/db/global.setting.tcl 
Execute       source C:/Users/pcost/Documents/github/Dissertation/training/leonardo_tutorials_hls/lab_01_hls/solution1/.autopilot/db/divide.compgen.tcl 
INFO: [HLS 200-111] Finished Generating all RTL models: CPU user time: 0 seconds. CPU system time: 0 seconds. Elapsed time: 0.496 seconds; current allocated memory: 1.063 GB.
INFO-FLOW: DBG:PROC: ::HLSREPORTS::create_csynth_xml bind_info_var='bind_info' RtlSubPrefix='divide_' outfile=''
INFO-FLOW: Running: create_csynth_xml read xml data
INFO-FLOW: Done: create_csynth_xml read xml data time: 0 seconds per iteration
INFO-FLOW: Running: create_csynth_xml bind info
INFO-FLOW: Done: create_csynth_xml bind info time: 0 seconds per iteration
INFO-FLOW: Running: create_csynth_xml config info
INFO-FLOW: Done: create_csynth_xml config info time: 0.2 seconds per iteration
INFO-FLOW: Running: create_csynth_xml write xml
INFO-FLOW: Done: create_csynth_xml write xml time: 0 seconds per iteration
INFO-FLOW: DBG:PUTS:      create_csynth_xml wrote csynth_xml=C:/Users/pcost/Documents/github/Dissertation/training/leonardo_tutorials_hls/lab_01_hls/solution1/syn/report/csynth.xml
INFO-FLOW: DBG:PROC: ::AP::DESIGN_DATA::generate_json generate_bd_files='0' generate_xo_files='0' modelList='divide_flow_control_loop_pipe
divide
' rtl_lang='both' bootstrap_tcl='false' outdir='' outfilename=''
Execute       source C:/Users/pcost/Documents/github/Dissertation/training/leonardo_tutorials_hls/lab_01_hls/solution1/.autopilot/db/global.setting.tcl 
Execute       source C:/Users/pcost/Documents/github/Dissertation/training/leonardo_tutorials_hls/lab_01_hls/solution1/.autopilot/db/global.setting.tcl 
Execute       source C:/Users/pcost/Documents/github/Dissertation/training/leonardo_tutorials_hls/lab_01_hls/solution1/.autopilot/db/top-io-be.tcl 
Execute       source C:/Users/pcost/Documents/github/Dissertation/training/leonardo_tutorials_hls/lab_01_hls/solution1/.autopilot/db/divide.tbgen.tcl 
Execute       source C:/Users/pcost/Documents/github/Dissertation/training/leonardo_tutorials_hls/lab_01_hls/solution1/.autopilot/db/divide.rtl_wrap.cfg.tcl 
Execute       source C:/Users/pcost/Documents/github/Dissertation/training/leonardo_tutorials_hls/lab_01_hls/solution1/.autopilot/db/divide.compgen.dataonly.tcl 
Execute       source C:/Users/pcost/Documents/github/Dissertation/training/leonardo_tutorials_hls/lab_01_hls/solution1/.autopilot/db/divide.tbgen.tcl 
Execute       source C:/Users/pcost/Documents/github/Dissertation/training/leonardo_tutorials_hls/lab_01_hls/solution1/.autopilot/db/global.setting.tcl 
Execute       ap_part_info -name xc7z020-clg400-1 -data names -quiet 
Execute       ap_part_info -name xc7z020-clg400-1 -data info -quiet 
Execute       source C:/Users/pcost/Documents/github/Dissertation/training/leonardo_tutorials_hls/lab_01_hls/solution1/.autopilot/db/divide.constraint.tcl 
Execute       sc_get_clocks divide 
Execute       source C:/Users/pcost/Documents/github/Dissertation/training/leonardo_tutorials_hls/lab_01_hls/solution1/.autopilot/db/global.setting.tcl 
INFO-FLOW: DBG:PROC: ::HLSREPORTS::add_csynth_report_sections bind_info_dict='adapter_nodes {} report_dict {TOPINST divide MODULE2INSTS {divide divide} INST2MODULE {divide divide} INSTDATA {divide {DEPTH 1 CHILDREN {}}} MODULEDATA {divide {BINDINFO {{BINDTYPE op ID {} IMPL fabric LATENCY 0 OPTYPE add PRAGMA {} RTLNAME add_ln5_fu_100_p2 SOURCE lab_01_hls/divide_core.c:5 VARIABLE add_ln5 LOOP VITIS_LOOP_4_1 BUNDLEDNAME {} DSP 0 BRAM 0 URAM 0 DISPNAME {bind_op add}} {BINDTYPE op ID {} IMPL fabric LATENCY 0 OPTYPE sub PRAGMA {} RTLNAME sub_ln6_fu_106_p2 SOURCE lab_01_hls/divide_core.c:6 VARIABLE sub_ln6 LOOP VITIS_LOOP_4_1 BUNDLEDNAME {} DSP 0 BRAM 0 URAM 0 DISPNAME {bind_op sub}}} AREA {DSP 0 BRAM 0 URAM 0}}}}'
INFO-FLOW: DBG:PUTS:      update_csynth_reports json2rpt_hw_sw_interfaces
INFO-FLOW: Running: gen_csynth_sec_pragma
INFO-FLOW: Done: gen_csynth_sec_pragma time: 0 seconds per iteration
INFO-FLOW: DBG:PUTS:      update_csynth_reports wrote xml
INFO-FLOW: DBG:PUTS:      update_csynth_reports appended to csynth rpt file
INFO: [HLS 200-111] Finished Updating report files: CPU user time: 1 seconds. CPU system time: 0 seconds. Elapsed time: 0.484 seconds; current allocated memory: 1.066 GB.
INFO: [VHDL 208-304] Generating VHDL RTL for divide.
INFO: [VLOG 209-307] Generating Verilog RTL for divide.
Execute       syn_report -model divide -printsummary 
INFO: [HLS 200-790] **** Loop Constraint Status: All loop constraints were satisfied.
INFO: [HLS 200-789] **** Estimated Fmax: 285.47 MHz
Command     autosyn done; 1.401 sec.
Command   csynth_design done; 9.657 sec.
INFO: [HLS 200-111] Finished Command csynth_design CPU user time: 1 seconds. CPU system time: 0 seconds. Elapsed time: 9.657 seconds; current allocated memory: 36.316 MB.
Command ap_source done; 27.405 sec.
Execute cleanup_all 
INFO-FLOW: Workspace C:/Users/pcost/Documents/github/Dissertation/training/leonardo_tutorials_hls/lab_01_hls/solution1 opened at Wed Nov 23 11:10:11 +0000 2022
Execute     ap_set_clock -name default -period 10 -default=false 
INFO: [SYN 201-201] Setting up clock 'default' with a period of 10ns.
Execute     set_part xc7z020clg400-1 
Execute       create_platform xc7z020clg400-1 -board  
DBG:HLSDevice: Trying to load device library: E:/Pedro/Programs/Xilinx/Vitis_HLS/2022.2\lib\win64.o\xv_hlsvwrap.dll
DBG:HLSDevice: first parts/arch.xml in RDI_DATADIR: E:/Pedro/Programs/Xilinx/Vivado/2022.2/data/parts/arch.xml
DBG:HLSDevice: init success
INFO: [HLS 200-1611] Setting target device to 'xc7z020-clg400-1'
Command       create_platform done; 6.926 sec.
Execute       source E:/Pedro/Programs/Xilinx/Vitis_HLS/2022.2/common/technology/xilinx/common/xilinx.gen 
Execute         source E:/Pedro/Programs/Xilinx/Vitis_HLS/2022.2/common/technology/xilinx/interface/plb46.gen 
Execute         source E:/Pedro/Programs/Xilinx/Vitis_HLS/2022.2/common/technology/xilinx/interface/axi4.gen 
Execute         source E:/Pedro/Programs/Xilinx/Vitis_HLS/2022.2/common/technology/xilinx/interface/nativeAXI4.gen 
Execute           source E:/Pedro/Programs/Xilinx/Vitis_HLS/2022.2/common/technology/xilinx/interface/saxilite.gen 
Execute         source E:/Pedro/Programs/Xilinx/Vitis_HLS/2022.2/common/technology/xilinx/scripts/xilinxcoregen.gen 
Execute         source E:/Pedro/Programs/Xilinx/Vitis_HLS/2022.2/common/technology/xilinx/interface/XilEDKCoreGen.gen 
Execute         source E:/Pedro/Programs/Xilinx/Vitis_HLS/2022.2/common/technology/xilinx/ip/dds_compiler.gen 
Execute         source E:/Pedro/Programs/Xilinx/Vitis_HLS/2022.2/common/technology/xilinx/ip/util.gen 
Execute         source E:/Pedro/Programs/Xilinx/Vitis_HLS/2022.2/common/technology/xilinx/ip/xfft.gen 
Execute         source E:/Pedro/Programs/Xilinx/Vitis_HLS/2022.2/common/technology/xilinx/ip/xfir.gen 
Execute         source E:/Pedro/Programs/Xilinx/Vitis_HLS/2022.2/common/technology/xilinx/DSP48/dsp48.gen 
Command       ap_source done; 0.198 sec.
Execute       ap_part_info -name xc7z020-clg400-1 -data info 
Execute       config_compile -quiet -complex-mul-dsp=0 
Command     set_part done; 7.189 sec.
Execute     send_msg_by_id INFO @200-1505@%s%s  vivado 
INFO: [HLS 200-1505] Using flow_target 'vivado'
Command   open_solution done; 7.348 sec.
Execute   set_part xc7z020clg400-1 
INFO: [HLS 200-1510] Running: set_part xc7z020clg400-1 
Execute     create_platform xc7z020clg400-1 -board  
Execute     source E:/Pedro/Programs/Xilinx/Vitis_HLS/2022.2/common/technology/xilinx/common/xilinx.gen 
Execute       source E:/Pedro/Programs/Xilinx/Vitis_HLS/2022.2/common/technology/xilinx/interface/plb46.gen 
Execute       source E:/Pedro/Programs/Xilinx/Vitis_HLS/2022.2/common/technology/xilinx/interface/axi4.gen 
Execute       source E:/Pedro/Programs/Xilinx/Vitis_HLS/2022.2/common/technology/xilinx/interface/nativeAXI4.gen 
Execute         source E:/Pedro/Programs/Xilinx/Vitis_HLS/2022.2/common/technology/xilinx/interface/saxilite.gen 
Execute       source E:/Pedro/Programs/Xilinx/Vitis_HLS/2022.2/common/technology/xilinx/scripts/xilinxcoregen.gen 
Execute       source E:/Pedro/Programs/Xilinx/Vitis_HLS/2022.2/common/technology/xilinx/interface/XilEDKCoreGen.gen 
Execute       source E:/Pedro/Programs/Xilinx/Vitis_HLS/2022.2/common/technology/xilinx/ip/dds_compiler.gen 
Execute       source E:/Pedro/Programs/Xilinx/Vitis_HLS/2022.2/common/technology/xilinx/ip/util.gen 
Execute       source E:/Pedro/Programs/Xilinx/Vitis_HLS/2022.2/common/technology/xilinx/ip/xfft.gen 
Execute       source E:/Pedro/Programs/Xilinx/Vitis_HLS/2022.2/common/technology/xilinx/ip/xfir.gen 
Execute       source E:/Pedro/Programs/Xilinx/Vitis_HLS/2022.2/common/technology/xilinx/DSP48/dsp48.gen 
Command     ap_source done; 0.114 sec.
Execute     ap_part_info -name xc7z020-clg400-1 -data info 
Execute     config_compile -quiet -complex-mul-dsp=0 
Command   set_part done; 0.226 sec.
Execute   create_clock -period 10 -name default 
INFO: [HLS 200-1510] Running: create_clock -period 10 -name default 
Execute     ap_set_clock -name default -period 10 -default=false 
INFO: [SYN 201-201] Setting up clock 'default' with a period of 10ns.
Execute   cosim_design 
INFO: [HLS 200-1510] Running: cosim_design 
Execute     source C:/Users/pcost/Documents/github/Dissertation/training/leonardo_tutorials_hls/lab_01_hls/solution1/.autopilot/db/global.setting.tcl 
Execute     source C:/Users/pcost/Documents/github/Dissertation/training/leonardo_tutorials_hls/lab_01_hls/solution1/.autopilot/db/global.setting.tcl 
Execute     source C:/Users/pcost/Documents/github/Dissertation/training/leonardo_tutorials_hls/lab_01_hls/solution1/.autopilot/db/global.setting.tcl 
Execute     send_msg_by_id WARNING @200-626@ 
WARNING: [HLS 200-626] This design is unable to schedule all read ports in the first II cycle. The RTL testbench may treat the design as non-pipelined
INFO-FLOW: DBG:PUTS: read_platform_lib C:/Users/pcost/Documents/github/Dissertation/training/leonardo_tutorials_hls/lab_01_hls/solution1/.autopilot/db/global.setting.tcl
Execute     source E:/Pedro/Programs/Xilinx/Vitis_HLS/2022.2/common/technology/generic/autopilot/common.gen 
Execute       source E:/Pedro/Programs/Xilinx/Vitis_HLS/2022.2/common/technology/generic/autopilot/APCoreGen.gen 
Execute     source E:/Pedro/Programs/Xilinx/Vitis_HLS/2022.2/common/technology/generic/autopilot/op.gen 
Execute     source E:/Pedro/Programs/Xilinx/Vitis_HLS/2022.2/common/technology/generic/autopilot/op_simcore.gen 
Execute     source E:/Pedro/Programs/Xilinx/Vitis_HLS/2022.2/common/technology/generic/autopilot/interface.gen 
Execute     source C:/Users/pcost/Documents/github/Dissertation/training/leonardo_tutorials_hls/lab_01_hls/solution1/.autopilot/db/global.setting.tcl 
Execute     source E:/Pedro/Programs/Xilinx/Vitis_HLS/2022.2/common/technology/xilinx/common/xilinx.gen 
Execute       source E:/Pedro/Programs/Xilinx/Vitis_HLS/2022.2/common/technology/xilinx/interface/plb46.gen 
Execute       source E:/Pedro/Programs/Xilinx/Vitis_HLS/2022.2/common/technology/xilinx/interface/axi4.gen 
Execute       source E:/Pedro/Programs/Xilinx/Vitis_HLS/2022.2/common/technology/xilinx/interface/nativeAXI4.gen 
Execute         source E:/Pedro/Programs/Xilinx/Vitis_HLS/2022.2/common/technology/xilinx/interface/saxilite.gen 
Execute       source E:/Pedro/Programs/Xilinx/Vitis_HLS/2022.2/common/technology/xilinx/scripts/xilinxcoregen.gen 
Execute       source E:/Pedro/Programs/Xilinx/Vitis_HLS/2022.2/common/technology/xilinx/interface/XilEDKCoreGen.gen 
Execute       source E:/Pedro/Programs/Xilinx/Vitis_HLS/2022.2/common/technology/xilinx/ip/dds_compiler.gen 
Execute       source E:/Pedro/Programs/Xilinx/Vitis_HLS/2022.2/common/technology/xilinx/ip/util.gen 
Execute       source E:/Pedro/Programs/Xilinx/Vitis_HLS/2022.2/common/technology/xilinx/ip/xfft.gen 
Execute       source E:/Pedro/Programs/Xilinx/Vitis_HLS/2022.2/common/technology/xilinx/ip/xfir.gen 
Execute       source E:/Pedro/Programs/Xilinx/Vitis_HLS/2022.2/common/technology/xilinx/DSP48/dsp48.gen 
Command     ap_source done; 0.114 sec.
INFO-FLOW: DBG:PUTS:   using AESL_AUTOCG::g_clock_period=10.000 (was NA)
Execute     ap_part_info -name xc7z020-clg400-1 -data names -quiet 
Execute     ap_part_info -name xc7z020-clg400-1 -data info -quiet 
Execute     source C:/Users/pcost/Documents/github/Dissertation/training/leonardo_tutorials_hls/lab_01_hls/solution1/.autopilot/db/global.setting.tcl 
Execute     source C:/Users/pcost/Documents/github/Dissertation/training/leonardo_tutorials_hls/lab_01_hls/solution1/.autopilot/db/divide.rtl_wrap.cfg.tcl 
Execute     source C:/Users/pcost/Documents/github/Dissertation/training/leonardo_tutorials_hls/lab_01_hls/solution1/.autopilot/db/divide.tbgen.tcl 
Execute     source C:/Users/pcost/Documents/github/Dissertation/training/leonardo_tutorials_hls/lab_01_hls/solution1/.autopilot/db/divide.tbgen.tcl 
Execute     source C:/Users/pcost/Documents/github/Dissertation/training/leonardo_tutorials_hls/lab_01_hls/solution1/.autopilot/db/divide.tbgen.tcl 
Execute     source C:/Users/pcost/Documents/github/Dissertation/training/leonardo_tutorials_hls/lab_01_hls/solution1/.autopilot/db/divide.tbgen.tcl 
INFO: [COSIM 212-47] Using XSIM for RTL simulation.
INFO: [COSIM 212-14] Instrumenting C test bench ...
Execute     ap_part_info -name xc7z020-clg400-1 -data info 
INFO-FLOW: TB processing: C:/Users/pcost/Documents/github/Dissertation/training/leonardo_tutorials_hls/lab_01_hls/divide_core_test.c C:/Users/pcost/Documents/github/Dissertation/training/leonardo_tutorials_hls/lab_01_hls/solution1/./sim/autowrap/testbench/divide_core_test.c_pre.c
Execute     clang_tidy xilinx-tb-process -desc tb-process C:/Users/pcost/Documents/github/Dissertation/training/leonardo_tutorials_hls/lab_01_hls/solution1/./sim/autowrap/testbench/divide_core_test.c_pre.c.tb.c std=gnu89 
INFO-FLOW: exec E:/Pedro/Programs/Xilinx/Vitis_HLS/2022.2/win64/tools/clang-3.9-csynth/bin/clang-tidy -header-filter=.* --checks=-*,xilinx-tb-process -fix-errors C:/Users/pcost/Documents/github/Dissertation/training/leonardo_tutorials_hls/lab_01_hls/solution1/./sim/autowrap/testbench/divide_core_test.c_pre.c.tb.c -- -std=gnu89 -fhls -ferror-limit=0
Command     clang_tidy done; 0.41 sec.
Execute     ap_part_info -name xc7z020-clg400-1 -data info 
INFO-FLOW: TB processing: C:/Users/pcost/Documents/github/Dissertation/training/leonardo_tutorials_hls/lab_01_hls/divide_core.c C:/Users/pcost/Documents/github/Dissertation/training/leonardo_tutorials_hls/lab_01_hls/solution1/./sim/autowrap/testbench/divide_core.c_pre.c
Execute     clang_tidy xilinx-tb-process -desc tb-process C:/Users/pcost/Documents/github/Dissertation/training/leonardo_tutorials_hls/lab_01_hls/solution1/./sim/autowrap/testbench/divide_core.c_pre.c.tb.c std=gnu89 
INFO-FLOW: exec E:/Pedro/Programs/Xilinx/Vitis_HLS/2022.2/win64/tools/clang-3.9-csynth/bin/clang-tidy -header-filter=.* --checks=-*,xilinx-tb-process -fix-errors C:/Users/pcost/Documents/github/Dissertation/training/leonardo_tutorials_hls/lab_01_hls/solution1/./sim/autowrap/testbench/divide_core.c_pre.c.tb.c -- -std=gnu89 -fhls -ferror-limit=0
Execute     source C:/Users/pcost/Documents/github/Dissertation/training/leonardo_tutorials_hls/lab_01_hls/solution1/.autopilot/db/global.setting.tcl 
Execute     source C:/Users/pcost/Documents/github/Dissertation/training/leonardo_tutorials_hls/lab_01_hls/solution1/.autopilot/db/divide.rtl_wrap.cfg.tcl 
Execute     source C:/Users/pcost/Documents/github/Dissertation/training/leonardo_tutorials_hls/lab_01_hls/solution1/.autopilot/db/divide.rtl_wrap.cfg.tcl 
Execute     source C:/Users/pcost/Documents/github/Dissertation/training/leonardo_tutorials_hls/lab_01_hls/solution1/.autopilot/db/divide.rtl_wrap.cfg.tcl 
Execute     source C:/Users/pcost/Documents/github/Dissertation/training/leonardo_tutorials_hls/lab_01_hls/solution1/.autopilot/db/divide.tbgen.tcl 
Execute     source C:/Users/pcost/Documents/github/Dissertation/training/leonardo_tutorials_hls/lab_01_hls/solution1/.autopilot/db/divide.tbgen.tcl 
Execute     ap_part_info -name xc7z020-clg400-1 -data info 
Execute     source C:/Users/pcost/Documents/github/Dissertation/training/leonardo_tutorials_hls/lab_01_hls/solution1/.autopilot/db/divide.rtl_wrap.cfg.tcl 
Execute     source .run_sim.tcl 
INFO: [COSIM 212-302] Starting C TB testing ... 
Command     ap_source done; 0.262 sec.
INFO: [COSIM 212-333] Generating C post check test bench ...
INFO: [COSIM 212-12] Generating RTL test bench ...
Execute     source ../tv/cdatafile/ref.tcl 
Execute     source C:/Users/pcost/Documents/github/Dissertation/training/leonardo_tutorials_hls/lab_01_hls/solution1/.autopilot/db/divide.tbgen.tcl 
Execute     source C:/Users/pcost/Documents/github/Dissertation/training/leonardo_tutorials_hls/lab_01_hls/solution1/.autopilot/db/divide.tbgen.tcl 
Execute     source C:/Users/pcost/Documents/github/Dissertation/training/leonardo_tutorials_hls/lab_01_hls/solution1/.autopilot/db/divide.tbgen.tcl 
Execute     source C:/Users/pcost/Documents/github/Dissertation/training/leonardo_tutorials_hls/lab_01_hls/solution1/.autopilot/db/divide.tbgen.tcl 
Execute     source ../tv/cdatafile/ref.tcl 
Execute     source C:/Users/pcost/Documents/github/Dissertation/training/leonardo_tutorials_hls/lab_01_hls/solution1/.autopilot/db/divide.tbgen.tcl 
Execute     source C:/Users/pcost/Documents/github/Dissertation/training/leonardo_tutorials_hls/lab_01_hls/solution1/.autopilot/db/divide.tbgen.tcl 
Execute     source C:/Users/pcost/Documents/github/Dissertation/training/leonardo_tutorials_hls/lab_01_hls/solution1/.autopilot/db/divide.tbgen.tcl 
Execute     source C:/Users/pcost/Documents/github/Dissertation/training/leonardo_tutorials_hls/lab_01_hls/solution1/.autopilot/db/divide.tbgen.tcl 
Execute     source C:/Users/pcost/Documents/github/Dissertation/training/leonardo_tutorials_hls/lab_01_hls/solution1/.autopilot/db/divide.tbgen.tcl 
Execute     source C:/Users/pcost/Documents/github/Dissertation/training/leonardo_tutorials_hls/lab_01_hls/solution1/.autopilot/db/divide.tbgen.tcl 
Execute     source C:/Users/pcost/Documents/github/Dissertation/training/leonardo_tutorials_hls/lab_01_hls/solution1/.autopilot/db/divide.tbgen.tcl 
Execute     source C:/Users/pcost/Documents/github/Dissertation/training/leonardo_tutorials_hls/lab_01_hls/solution1/.autopilot/db/divide.tbgen.tcl 
Execute     source C:/Users/pcost/Documents/github/Dissertation/training/leonardo_tutorials_hls/lab_01_hls/solution1/.autopilot/db/divide.tbgen.tcl 
Execute     source C:/Users/pcost/Documents/github/Dissertation/training/leonardo_tutorials_hls/lab_01_hls/solution1/.autopilot/db/divide.tbgen.tcl 
Execute     source C:/Users/pcost/Documents/github/Dissertation/training/leonardo_tutorials_hls/lab_01_hls/solution1/.autopilot/db/divide.tbgen.tcl 
Execute     source C:/Users/pcost/Documents/github/Dissertation/training/leonardo_tutorials_hls/lab_01_hls/solution1/.autopilot/db/divide.tbgen.tcl 
INFO: [COSIM 212-1] *** C/RTL co-simulation file generation completed. ***
Execute     source .run_sim.tcl 
Execute       source check_sim.tcl 
Execute       source dataflow_monitor_API.tcl 
Execute       source .sim.status.tcl 
INFO: [COSIM 212-323] Starting verilog simulation. 
INFO: [COSIM 212-15] Starting XSIM ...
INFO: [COSIM 212-316] Starting C post checking ...
Command     ap_source done; 16.491 sec.
INFO: [COSIM 212-1000] *** C/RTL co-simulation finished: PASS ***
Command   cosim_design done; 35.421 sec.
INFO: [HLS 200-111] Finished Command cosim_design CPU user time: 1 seconds. CPU system time: 1 seconds. Elapsed time: 35.422 seconds; current allocated memory: 3.867 MB.
Command ap_source done; 53.13 sec.
Execute cleanup_all 
INFO-FLOW: Workspace /home/pedro/Documents/github/Dissertation-Training/leonardo_tutorials_hls/lab_01_hls/solution1 opened at Fri Jun 02 10:11:17 WEST 2023
Execute     ap_set_clock -name default -period 10 -default=false 
INFO: [SYN 201-201] Setting up clock 'default' with a period of 10ns.
Execute     set_part xc7z020-clg400-1 
Execute       create_platform xc7z020-clg400-1 -board  
DBG:HLSDevice: Trying to load device library: /tools/Xilinx/Vitis_HLS/2022.2/lib/lnx64.o/libxv_hlsvwrap.so
DBG:HLSDevice: first parts/arch.xml in RDI_DATADIR: /tools/Xilinx/Vivado/2022.2/data/parts/arch.xml
DBG:HLSDevice: init success
INFO: [HLS 200-1611] Setting target device to 'xc7z020-clg400-1'
Command       create_platform done; 2.27 sec.
Execute       source /tools/Xilinx/Vitis_HLS/2022.2/common/technology/xilinx/common/xilinx.gen 
Execute         source /tools/Xilinx/Vitis_HLS/2022.2/common/technology/xilinx/interface/plb46.gen 
Execute         source /tools/Xilinx/Vitis_HLS/2022.2/common/technology/xilinx/interface/axi4.gen 
Execute         source /tools/Xilinx/Vitis_HLS/2022.2/common/technology/xilinx/interface/nativeAXI4.gen 
Execute           source /tools/Xilinx/Vitis_HLS/2022.2/common/technology/xilinx/interface/saxilite.gen 
Execute         source /tools/Xilinx/Vitis_HLS/2022.2/common/technology/xilinx/scripts/xilinxcoregen.gen 
Execute         source /tools/Xilinx/Vitis_HLS/2022.2/common/technology/xilinx/interface/XilEDKCoreGen.gen 
Execute         source /tools/Xilinx/Vitis_HLS/2022.2/common/technology/xilinx/ip/xfir.gen 
Execute         source /tools/Xilinx/Vitis_HLS/2022.2/common/technology/xilinx/ip/util.gen 
Execute         source /tools/Xilinx/Vitis_HLS/2022.2/common/technology/xilinx/ip/dds_compiler.gen 
Execute         source /tools/Xilinx/Vitis_HLS/2022.2/common/technology/xilinx/ip/xfft.gen 
Command         ap_source done; 0.19 sec.
Execute         source /tools/Xilinx/Vitis_HLS/2022.2/common/technology/xilinx/DSP48/dsp48.gen 
Command       ap_source done; 0.24 sec.
Execute       ap_part_info -name xc7z020-clg400-1 -data info 
Execute       config_compile -quiet -complex-mul-dsp=0 
Command     set_part done; 2.6 sec.
Execute     send_msg_by_id INFO @200-1505@%s%s  vivado 
INFO: [HLS 200-1505] Using flow_target 'vivado'
Command   open_solution done; 2.9 sec.
Execute   set_part xc7z020-clg400-1 
INFO: [HLS 200-1510] Running: set_part xc7z020-clg400-1 
Execute     create_platform xc7z020-clg400-1 -board  
Execute     source /tools/Xilinx/Vitis_HLS/2022.2/common/technology/xilinx/common/xilinx.gen 
Execute       source /tools/Xilinx/Vitis_HLS/2022.2/common/technology/xilinx/interface/plb46.gen 
Execute       source /tools/Xilinx/Vitis_HLS/2022.2/common/technology/xilinx/interface/axi4.gen 
Execute       source /tools/Xilinx/Vitis_HLS/2022.2/common/technology/xilinx/interface/nativeAXI4.gen 
Execute         source /tools/Xilinx/Vitis_HLS/2022.2/common/technology/xilinx/interface/saxilite.gen 
Execute       source /tools/Xilinx/Vitis_HLS/2022.2/common/technology/xilinx/scripts/xilinxcoregen.gen 
Execute       source /tools/Xilinx/Vitis_HLS/2022.2/common/technology/xilinx/interface/XilEDKCoreGen.gen 
Execute       source /tools/Xilinx/Vitis_HLS/2022.2/common/technology/xilinx/ip/xfir.gen 
Execute       source /tools/Xilinx/Vitis_HLS/2022.2/common/technology/xilinx/ip/util.gen 
Execute       source /tools/Xilinx/Vitis_HLS/2022.2/common/technology/xilinx/ip/dds_compiler.gen 
Execute       source /tools/Xilinx/Vitis_HLS/2022.2/common/technology/xilinx/ip/xfft.gen 
Command       ap_source done; 0.18 sec.
Execute       source /tools/Xilinx/Vitis_HLS/2022.2/common/technology/xilinx/DSP48/dsp48.gen 
Command     ap_source done; 0.22 sec.
Execute     ap_part_info -name xc7z020-clg400-1 -data info 
Command     ap_part_info done; 0.13 sec.
Execute     config_compile -quiet -complex-mul-dsp=0 
Command   set_part done; 0.42 sec.
Execute   create_clock -period 10 -name default 
INFO: [HLS 200-1510] Running: create_clock -period 10 -name default 
Execute   source ./lab_01_hls/solution1/directives.tcl 
INFO: [HLS 200-1510] Running: source ./lab_01_hls/solution1/directives.tcl
Execute     set_directive_top -name divide divide 
INFO: [HLS 200-1510] Running: set_directive_top -name divide divide 
Execute   csim_design -quiet 
INFO: [HLS 200-1510] Running: csim_design -quiet 
Execute     source /home/pedro/Documents/github/Dissertation-Training/leonardo_tutorials_hls/lab_01_hls/solution1/.autopilot/db/global.setting.tcl 
INFO: [SIM 211-2] *************** CSIM start ***************
INFO: [SIM 211-4] CSIM will launch GCC as the compiler.
Execute     source csim/.lst_opt.tcl 
Execute     ap_part_info -name xc7z020-clg400-1 -data info 
Execute     source run_sim.tcl 
INFO: [SIM 211-1] CSim done with 0 errors.
INFO: [SIM 211-3] *************** CSIM finish ***************
Command   csim_design done; 21.57 sec.
INFO: [HLS 200-111] Finished Command csim_design CPU user time: 20.37 seconds. CPU system time: 1.65 seconds. Elapsed time: 21.57 seconds; current allocated memory: 0.000 MB.
Command ap_source done; 34.97 sec.
Execute cleanup_all 
