15:26:15 DEBUG : Logs will be stored at '/home/pedro/Documents/github/Dissertation/training/leonardo_tutorials_workspaces/lab_05_ws/IDE.log'.
15:26:18 INFO  : Launching XSCT server: xsct -n  -interactive /home/pedro/Documents/github/Dissertation/training/leonardo_tutorials_workspaces/lab_05_ws/temp_xsdb_launch_script.tcl
15:26:19 INFO  : Registering command handlers for Vitis TCF services
15:26:19 INFO  : Platform repository initialization has completed.
15:26:25 INFO  : XSCT server has started successfully.
15:26:25 INFO  : Successfully done setting XSCT server connection channel  
15:26:25 INFO  : plnx-install-location is set to ''
15:26:25 INFO  : Successfully done setting workspace for the tool. 
15:26:25 INFO  : Successfully done query RDI_DATADIR 
15:28:10 INFO  : Result from executing command 'getProjects': lab_05_platform
15:28:10 INFO  : Result from executing command 'getPlatforms': xilinx_zcu102_base_202220_1|/tools/Xilinx/Vitis/2022.2/base_platforms/xilinx_zcu102_base_202220_1/xilinx_zcu102_base_202220_1.xpfm;xilinx_zcu102_base_dfx_202220_1|/tools/Xilinx/Vitis/2022.2/base_platforms/xilinx_zcu102_base_dfx_202220_1/xilinx_zcu102_base_dfx_202220_1.xpfm;xilinx_zcu104_base_202220_1|/tools/Xilinx/Vitis/2022.2/base_platforms/xilinx_zcu104_base_202220_1/xilinx_zcu104_base_202220_1.xpfm
15:28:36 INFO  : No changes in MSS file content so sources will not be generated.
15:28:48 INFO  : No changes in MSS file content so sources will not be generated.
15:29:31 INFO  : Result from executing command 'getProjects': lab_05_platform
15:29:31 INFO  : Result from executing command 'getPlatforms': lab_05_platform|/home/pedro/Documents/github/Dissertation/training/leonardo_tutorials_workspaces/lab_05_ws/lab_05_platform/export/lab_05_platform/lab_05_platform.xpfm;xilinx_zcu102_base_202220_1|/tools/Xilinx/Vitis/2022.2/base_platforms/xilinx_zcu102_base_202220_1/xilinx_zcu102_base_202220_1.xpfm;xilinx_zcu102_base_dfx_202220_1|/tools/Xilinx/Vitis/2022.2/base_platforms/xilinx_zcu102_base_dfx_202220_1/xilinx_zcu102_base_dfx_202220_1.xpfm;xilinx_zcu104_base_202220_1|/tools/Xilinx/Vitis/2022.2/base_platforms/xilinx_zcu104_base_202220_1/xilinx_zcu104_base_202220_1.xpfm
12:38:05 DEBUG : Logs will be stored at '/home/pedro/Documents/github/Dissertation/training/leonardo_tutorials_workspaces/lab_05_ws/IDE.log'.
12:38:06 INFO  : Launching XSCT server: xsct -n  -interactive /home/pedro/Documents/github/Dissertation/training/leonardo_tutorials_workspaces/lab_05_ws/temp_xsdb_launch_script.tcl
12:38:12 INFO  : XSCT server has started successfully.
12:38:12 INFO  : plnx-install-location is set to ''
12:38:12 INFO  : Successfully done setting XSCT server connection channel  
12:38:12 INFO  : Successfully done setting workspace for the tool. 
12:38:14 INFO  : Platform repository initialization has completed.
12:38:14 INFO  : Successfully done query RDI_DATADIR 
12:38:15 INFO  : Registering command handlers for Vitis TCF services
14:48:26 INFO  : Checking for BSP changes to sync application flags for project 'lab_05_application'...
14:49:01 INFO  : Checking for BSP changes to sync application flags for project 'lab_05_application'...
14:49:34 INFO  : Checking for BSP changes to sync application flags for project 'lab_05_application'...
14:49:59 INFO  : Checking for BSP changes to sync application flags for project 'lab_05_application'...
14:50:07 ERROR : (XSDB Server)ERROR: [Hsi 55-1571] The design file /home/pedro/Documents/github/Dissertation/training/leonardo_tutorials_workspaces/lab_05_ws/lab_05_platform/export/lab_05_platform/hw/design_1_wrapper.xsa is already opened

11:06:00 DEBUG : Logs will be stored at 'C:/Users/pcost/Documents/github/Dissertation/training/leonardo_tutorials_workspaces/lab_05_ws/IDE.log'.
11:06:02 INFO  : Launching XSCT server: xsct.bat -n  -interactive C:\Users\pcost\Documents\github\Dissertation\training\leonardo_tutorials_workspaces\lab_05_ws\temp_xsdb_launch_script.tcl
11:06:07 INFO  : Registering command handlers for Vitis TCF services
11:06:07 INFO  : XSCT server has started successfully.
11:06:08 INFO  : Platform repository initialization has completed.
11:06:11 INFO  : plnx-install-location is set to ''
11:06:11 INFO  : Successfully done setting XSCT server connection channel  
11:06:11 INFO  : Successfully done query RDI_DATADIR 
11:06:11 INFO  : Successfully done setting workspace for the tool. 
11:07:07 INFO  : Result from executing command 'getProjects': lab_05_platform
11:07:07 INFO  : Result from executing command 'getPlatforms': lab_05_platform|C:/Users/pcost/Documents/github/Dissertation/training/leonardo_tutorials_workspaces/lab_05_ws/lab_05_platform/export/lab_05_platform/lab_05_platform.xpfm;xilinx_vck190_base_202220_1|E:/Pedro/Programs/Xilinx/Vitis/2022.2/base_platforms/xilinx_vck190_base_202220_1/xilinx_vck190_base_202220_1.xpfm;xilinx_vck190_base_dfx_202220_1|E:/Pedro/Programs/Xilinx/Vitis/2022.2/base_platforms/xilinx_vck190_base_dfx_202220_1/xilinx_vck190_base_dfx_202220_1.xpfm;xilinx_vmk180_base_202220_1|E:/Pedro/Programs/Xilinx/Vitis/2022.2/base_platforms/xilinx_vmk180_base_202220_1/xilinx_vmk180_base_202220_1.xpfm;xilinx_zcu102_base_202220_1|E:/Pedro/Programs/Xilinx/Vitis/2022.2/base_platforms/xilinx_zcu102_base_202220_1/xilinx_zcu102_base_202220_1.xpfm;xilinx_zcu102_base_dfx_202220_1|E:/Pedro/Programs/Xilinx/Vitis/2022.2/base_platforms/xilinx_zcu102_base_dfx_202220_1/xilinx_zcu102_base_dfx_202220_1.xpfm;xilinx_zcu104_base_202220_1|E:/Pedro/Programs/Xilinx/Vitis/2022.2/base_platforms/xilinx_zcu104_base_202220_1/xilinx_zcu104_base_202220_1.xpfm
11:15:19 INFO  : Checking for BSP changes to sync application flags for project 'lab_05_application'...
11:15:22 INFO  : Updating application flags with new BSP settings...
11:15:22 INFO  : Successfully updated application flags for project lab_05_application.
11:27:44 INFO  : Invoking Bootgen: bootgen -image boot_lab5.bif -arch zynq -o C:/Users/pcost/Documents/github/Dissertation/training/leonardo_bootfiles/BOOT.bin
11:27:44 INFO  : Creating new bif file C:\Users\pcost\Documents\github\Dissertation\training\leonardo_bootfiles\boot_lab5.bif
11:27:46 INFO  : Bootgen command execution is done.
11:32:03 INFO  : Connected to target on host '127.0.0.1' and port '3121'.
11:32:21 INFO  : ----------------XSDB Script----------------
connect -url tcp:127.0.0.1:3121
----------------End of Script----------------

11:32:21 ERROR : Could not find ARM device on the board for connection 'Local'.
Check if the target is in:
1. Split JTAG - No operations are possible with ARM DAP.
2. Non JTAG bootmode - Bootrom may need time to enable DAP.
Please try again.


Troubleshooting hints:
1. Check whether board is connected to system properly.
2. In case of zynq board, check whether Digilent/Xilinx cable switch settings are correct.
3. If you are using Xilinx Platform Cable USB, ensure that status LED is green.
12:05:35 INFO  : Checking for BSP changes to sync application flags for project 'lab_05_application'...
12:07:08 INFO  : Invoking Bootgen: bootgen -image boot_lab5.bif -arch zynq -o C:/Users/pcost/Documents/github/Dissertation/training/leonardo_bootfiles/BOOT.bin -w on
12:07:10 INFO  : Bootgen command execution is done.
23:16:02 DEBUG : Logs will be stored at 'C:/Users/pcost/Documents/github/Dissertation/training/leonardo_tutorials_workspaces/lab_05_ws/IDE.log'.
23:16:02 INFO  : Launching XSCT server: xsct.bat -n  -interactive C:\Users\pcost\Documents\github\Dissertation\training\leonardo_tutorials_workspaces\lab_05_ws\temp_xsdb_launch_script.tcl
23:16:05 INFO  : XSCT server has started successfully.
23:16:05 INFO  : plnx-install-location is set to ''
23:16:05 INFO  : Successfully done setting XSCT server connection channel  
23:16:05 INFO  : Successfully done setting workspace for the tool. 
23:16:06 INFO  : Registering command handlers for Vitis TCF services
23:16:06 INFO  : Successfully done query RDI_DATADIR 
23:16:07 INFO  : Platform repository initialization has completed.
